2023-02-13 21:42:41.133 7 DEBUG oslo_db.api [-] Loading backend 'sqlalchemy' from 'ironic.db.sqlalchemy.api' _load_backend /var/lib/kolla/venv/lib/python3.9/site-packages/oslo_db/api.py:259
2023-02-13 21:42:44.604 7 DEBUG oslo_concurrency.lockutils [-] Acquiring lock "singleton_lock" lock /var/lib/kolla/venv/lib/python3.9/site-packages/oslo_concurrency/lockutils.py:312
2023-02-13 21:42:44.606 7 DEBUG oslo_concurrency.lockutils [-] Acquired lock "singleton_lock" lock /var/lib/kolla/venv/lib/python3.9/site-packages/oslo_concurrency/lockutils.py:315
2023-02-13 21:42:44.606 7 DEBUG oslo_concurrency.lockutils [-] Releasing lock "singleton_lock" lock /var/lib/kolla/venv/lib/python3.9/site-packages/oslo_concurrency/lockutils.py:333
2023-02-13 21:42:44.607 7 DEBUG ironic.conductor.base_manager [None req-792f4174-944e-49a6-b52f-c8218ed7865c - - - - - -] Initializing database client for host-169-16-1-186. prepare_host /var/lib/kolla/venv/lib/python3.9/site-packages/ironic/conductor/base_manager.py:82
2023-02-13 21:42:44.618 7 DEBUG ironic.conductor.base_manager [None req-792f4174-944e-49a6-b52f-c8218ed7865c - - - - - -] Removing stale locks from the database matching this conductor's hostname: host-169-16-1-186 prepare_host /var/lib/kolla/venv/lib/python3.9/site-packages/ironic/conductor/base_manager.py:84
2023-02-13 21:42:44.725 7 DEBUG oslo_db.sqlalchemy.engines [None req-792f4174-944e-49a6-b52f-c8218ed7865c - - - - - -] MySQL server mode set to STRICT_TRANS_TABLES,STRICT_ALL_TABLES,NO_ZERO_IN_DATE,NO_ZERO_DATE,ERROR_FOR_DIVISION_BY_ZERO,TRADITIONAL,NO_AUTO_CREATE_USER,NO_ENGINE_SUBSTITUTION _check_effective_sql_mode /var/lib/kolla/venv/lib/python3.9/site-packages/oslo_db/sqlalchemy/engines.py:326
2023-02-13 21:42:45.316 7 ERROR oslo_service.service [None req-792f4174-944e-49a6-b52f-c8218ed7865c - - - - - -] Error starting thread.: ironic.common.exception.DriverLoadError: Driver, hardware type or interface ilo could not be loaded. Reason: invalid syntax (utils.py, line 1068).
2023-02-13 21:42:45.316 7 ERROR oslo_service.service Traceback (most recent call last):
2023-02-13 21:42:45.316 7 ERROR oslo_service.service   File "/var/lib/kolla/venv/lib/python3.9/site-packages/stevedore/extension.py", line 229, in _load_plugins
2023-02-13 21:42:45.316 7 ERROR oslo_service.service     ext = self._load_one_plugin(ep,
2023-02-13 21:42:45.316 7 ERROR oslo_service.service   File "/var/lib/kolla/venv/lib/python3.9/site-packages/stevedore/named.py", line 156, in _load_one_plugin
2023-02-13 21:42:45.316 7 ERROR oslo_service.service     return super(NamedExtensionManager, self)._load_one_plugin(
2023-02-13 21:42:45.316 7 ERROR oslo_service.service   File "/var/lib/kolla/venv/lib/python3.9/site-packages/stevedore/extension.py", line 263, in _load_one_plugin
2023-02-13 21:42:45.316 7 ERROR oslo_service.service     plugin = ep.load()
2023-02-13 21:42:45.316 7 ERROR oslo_service.service   File "/usr/lib64/python3.9/importlib/metadata.py", line 86, in load
2023-02-13 21:42:45.316 7 ERROR oslo_service.service     module = import_module(match.group('module'))
2023-02-13 21:42:45.316 7 ERROR oslo_service.service   File "/usr/lib64/python3.9/importlib/__init__.py", line 127, in import_module
2023-02-13 21:42:45.316 7 ERROR oslo_service.service     return _bootstrap._gcd_import(name[level:], package, level)
2023-02-13 21:42:45.316 7 ERROR oslo_service.service   File "<frozen importlib._bootstrap>", line 1030, in _gcd_import
2023-02-13 21:42:45.316 7 ERROR oslo_service.service   File "<frozen importlib._bootstrap>", line 1007, in _find_and_load
2023-02-13 21:42:45.316 7 ERROR oslo_service.service   File "<frozen importlib._bootstrap>", line 986, in _find_and_load_unlocked
2023-02-13 21:42:45.316 7 ERROR oslo_service.service   File "<frozen importlib._bootstrap>", line 680, in _load_unlocked
2023-02-13 21:42:45.316 7 ERROR oslo_service.service   File "<frozen importlib._bootstrap_external>", line 850, in exec_module
2023-02-13 21:42:45.316 7 ERROR oslo_service.service   File "<frozen importlib._bootstrap>", line 228, in _call_with_frames_removed
2023-02-13 21:42:45.316 7 ERROR oslo_service.service   File "/var/lib/kolla/venv/lib/python3.9/site-packages/ironic/drivers/ilo.py", line 19, in <module>
2023-02-13 21:42:45.316 7 ERROR oslo_service.service     from ironic.drivers import generic
2023-02-13 21:42:45.316 7 ERROR oslo_service.service   File "/var/lib/kolla/venv/lib/python3.9/site-packages/ironic/drivers/generic.py", line 26, in <module>
2023-02-13 21:42:45.316 7 ERROR oslo_service.service     from ironic.drivers.modules.network import flat as flat_net
2023-02-13 21:42:45.316 7 ERROR oslo_service.service   File "/var/lib/kolla/venv/lib/python3.9/site-packages/ironic/drivers/modules/network/flat.py", line 23, in <module>
2023-02-13 21:42:45.316 7 ERROR oslo_service.service     from ironic.common import neutron
2023-02-13 21:42:45.316 7 ERROR oslo_service.service   File "/var/lib/kolla/venv/lib/python3.9/site-packages/ironic/common/neutron.py", line 22, in <module>
2023-02-13 21:42:45.316 7 ERROR oslo_service.service     from ironic.api.controllers.v1 import utils as api_utils
2023-02-13 21:42:45.316 7 ERROR oslo_service.service   File "/var/lib/kolla/venv/lib/python3.9/site-packages/ironic/api/controllers/v1/__init__.py", line 29, in <module>
2023-02-13 21:42:45.316 7 ERROR oslo_service.service     from ironic.api.controllers.v1 import allocation
2023-02-13 21:42:45.316 7 ERROR oslo_service.service   File "/var/lib/kolla/venv/lib/python3.9/site-packages/ironic/api/controllers/v1/allocation.py", line 25, in <module>
2023-02-13 21:42:45.316 7 ERROR oslo_service.service     from ironic.api.controllers.v1 import utils as api_utils
2023-02-13 21:42:45.316 7 ERROR oslo_service.service   File "/var/lib/kolla/venv/lib/python3.9/site-packages/ironic/api/controllers/v1/utils.py", line 1068
2023-02-13 21:42:45.316 7 ERROR oslo_service.service     <<<<<<< HEAD
2023-02-13 21:42:45.316 7 ERROR oslo_service.service     ^
2023-02-13 21:42:45.316 7 ERROR oslo_service.service SyntaxError: invalid syntax
2023-02-13 21:42:45.316 7 ERROR oslo_service.service 
2023-02-13 21:42:45.316 7 ERROR oslo_service.service During handling of the above exception, another exception occurred:
2023-02-13 21:42:45.316 7 ERROR oslo_service.service 
2023-02-13 21:42:45.316 7 ERROR oslo_service.service Traceback (most recent call last):
2023-02-13 21:42:45.316 7 ERROR oslo_service.service   File "/var/lib/kolla/venv/lib/python3.9/site-packages/oslo_service/service.py", line 806, in run_service
2023-02-13 21:42:45.316 7 ERROR oslo_service.service     service.start()
2023-02-13 21:42:45.316 7 ERROR oslo_service.service   File "/var/lib/kolla/venv/lib/python3.9/site-packages/ironic/common/rpc_service.py", line 62, in start
2023-02-13 21:42:45.316 7 ERROR oslo_service.service     self._real_start()
2023-02-13 21:42:45.316 7 ERROR oslo_service.service   File "/var/lib/kolla/venv/lib/python3.9/site-packages/ironic/common/rpc_service.py", line 87, in _real_start
2023-02-13 21:42:45.316 7 ERROR oslo_service.service     self.manager.init_host(admin_context)
2023-02-13 21:42:45.316 7 ERROR oslo_service.service   File "/var/lib/kolla/venv/lib/python3.9/site-packages/ironic/conductor/base_manager.py", line 136, in init_host
2023-02-13 21:42:45.316 7 ERROR oslo_service.service     hardware_types = driver_factory.hardware_types()
2023-02-13 21:42:45.316 7 ERROR oslo_service.service   File "/var/lib/kolla/venv/lib/python3.9/site-packages/ironic/common/driver_factory.py", line 266, in hardware_types
2023-02-13 21:42:45.316 7 ERROR oslo_service.service     return _get_all_drivers(HardwareTypesFactory())
2023-02-13 21:42:45.316 7 ERROR oslo_service.service   File "/var/lib/kolla/venv/lib/python3.9/site-packages/ironic/common/driver_factory.py", line 336, in __init__
2023-02-13 21:42:45.316 7 ERROR oslo_service.service     self.__class__._init_extension_manager()
2023-02-13 21:42:45.316 7 ERROR oslo_service.service   File "/var/lib/kolla/venv/lib/python3.9/site-packages/ironic/common/driver_factory.py", line 407, in _init_extension_manager
2023-02-13 21:42:45.316 7 ERROR oslo_service.service     stevedore.NamedExtensionManager(
2023-02-13 21:42:45.316 7 ERROR oslo_service.service   File "/var/lib/kolla/venv/lib/python3.9/site-packages/stevedore/named.py", line 78, in __init__
2023-02-13 21:42:45.316 7 ERROR oslo_service.service     extensions = self._load_plugins(invoke_on_load,
2023-02-13 21:42:45.316 7 ERROR oslo_service.service   File "/var/lib/kolla/venv/lib/python3.9/site-packages/stevedore/extension.py", line 241, in _load_plugins
2023-02-13 21:42:45.316 7 ERROR oslo_service.service     self._on_load_failure_callback(self, ep, err)
2023-02-13 21:42:45.316 7 ERROR oslo_service.service   File "/var/lib/kolla/venv/lib/python3.9/site-packages/ironic/common/driver_factory.py", line 358, in _catch_driver_not_found
2023-02-13 21:42:45.316 7 ERROR oslo_service.service     raise exception.DriverLoadError(driver=ep.name, reason=exc)
2023-02-13 21:42:45.316 7 ERROR oslo_service.service ironic.common.exception.DriverLoadError: Driver, hardware type or interface ilo could not be loaded. Reason: invalid syntax (utils.py, line 1068).
2023-02-13 21:42:45.316 7 ERROR oslo_service.service 
2023-02-13 21:43:00.311 7 DEBUG oslo_db.api [-] Loading backend 'sqlalchemy' from 'ironic.db.sqlalchemy.api' _load_backend /var/lib/kolla/venv/lib/python3.9/site-packages/oslo_db/api.py:259
2023-02-13 21:43:03.081 7 DEBUG oslo_concurrency.lockutils [-] Acquiring lock "singleton_lock" lock /var/lib/kolla/venv/lib/python3.9/site-packages/oslo_concurrency/lockutils.py:312
2023-02-13 21:43:03.083 7 DEBUG oslo_concurrency.lockutils [-] Acquired lock "singleton_lock" lock /var/lib/kolla/venv/lib/python3.9/site-packages/oslo_concurrency/lockutils.py:315
2023-02-13 21:43:03.084 7 DEBUG oslo_concurrency.lockutils [-] Releasing lock "singleton_lock" lock /var/lib/kolla/venv/lib/python3.9/site-packages/oslo_concurrency/lockutils.py:333
2023-02-13 21:43:03.085 7 DEBUG ironic.conductor.base_manager [None req-c4749198-b856-43dc-ac98-dc97101b2fc0 - - - - - -] Initializing database client for host-169-16-1-186. prepare_host /var/lib/kolla/venv/lib/python3.9/site-packages/ironic/conductor/base_manager.py:82
2023-02-13 21:43:03.086 7 DEBUG ironic.conductor.base_manager [None req-c4749198-b856-43dc-ac98-dc97101b2fc0 - - - - - -] Removing stale locks from the database matching this conductor's hostname: host-169-16-1-186 prepare_host /var/lib/kolla/venv/lib/python3.9/site-packages/ironic/conductor/base_manager.py:84
2023-02-13 21:43:03.123 7 DEBUG oslo_db.sqlalchemy.engines [None req-c4749198-b856-43dc-ac98-dc97101b2fc0 - - - - - -] MySQL server mode set to STRICT_TRANS_TABLES,STRICT_ALL_TABLES,NO_ZERO_IN_DATE,NO_ZERO_DATE,ERROR_FOR_DIVISION_BY_ZERO,TRADITIONAL,NO_AUTO_CREATE_USER,NO_ENGINE_SUBSTITUTION _check_effective_sql_mode /var/lib/kolla/venv/lib/python3.9/site-packages/oslo_db/sqlalchemy/engines.py:326
2023-02-13 21:43:03.440 7 ERROR oslo_service.service [None req-c4749198-b856-43dc-ac98-dc97101b2fc0 - - - - - -] Error starting thread.: ironic.common.exception.DriverLoadError: Driver, hardware type or interface ilo could not be loaded. Reason: invalid syntax (utils.py, line 1068).
2023-02-13 21:43:03.440 7 ERROR oslo_service.service Traceback (most recent call last):
2023-02-13 21:43:03.440 7 ERROR oslo_service.service   File "/var/lib/kolla/venv/lib/python3.9/site-packages/stevedore/extension.py", line 229, in _load_plugins
2023-02-13 21:43:03.440 7 ERROR oslo_service.service     ext = self._load_one_plugin(ep,
2023-02-13 21:43:03.440 7 ERROR oslo_service.service   File "/var/lib/kolla/venv/lib/python3.9/site-packages/stevedore/named.py", line 156, in _load_one_plugin
2023-02-13 21:43:03.440 7 ERROR oslo_service.service     return super(NamedExtensionManager, self)._load_one_plugin(
2023-02-13 21:43:03.440 7 ERROR oslo_service.service   File "/var/lib/kolla/venv/lib/python3.9/site-packages/stevedore/extension.py", line 263, in _load_one_plugin
2023-02-13 21:43:03.440 7 ERROR oslo_service.service     plugin = ep.load()
2023-02-13 21:43:03.440 7 ERROR oslo_service.service   File "/usr/lib64/python3.9/importlib/metadata.py", line 86, in load
2023-02-13 21:43:03.440 7 ERROR oslo_service.service     module = import_module(match.group('module'))
2023-02-13 21:43:03.440 7 ERROR oslo_service.service   File "/usr/lib64/python3.9/importlib/__init__.py", line 127, in import_module
2023-02-13 21:43:03.440 7 ERROR oslo_service.service     return _bootstrap._gcd_import(name[level:], package, level)
2023-02-13 21:43:03.440 7 ERROR oslo_service.service   File "<frozen importlib._bootstrap>", line 1030, in _gcd_import
2023-02-13 21:43:03.440 7 ERROR oslo_service.service   File "<frozen importlib._bootstrap>", line 1007, in _find_and_load
2023-02-13 21:43:03.440 7 ERROR oslo_service.service   File "<frozen importlib._bootstrap>", line 986, in _find_and_load_unlocked
2023-02-13 21:43:03.440 7 ERROR oslo_service.service   File "<frozen importlib._bootstrap>", line 680, in _load_unlocked
2023-02-13 21:43:03.440 7 ERROR oslo_service.service   File "<frozen importlib._bootstrap_external>", line 850, in exec_module
2023-02-13 21:43:03.440 7 ERROR oslo_service.service   File "<frozen importlib._bootstrap>", line 228, in _call_with_frames_removed
2023-02-13 21:43:03.440 7 ERROR oslo_service.service   File "/var/lib/kolla/venv/lib/python3.9/site-packages/ironic/drivers/ilo.py", line 19, in <module>
2023-02-13 21:43:03.440 7 ERROR oslo_service.service     from ironic.drivers import generic
2023-02-13 21:43:03.440 7 ERROR oslo_service.service   File "/var/lib/kolla/venv/lib/python3.9/site-packages/ironic/drivers/generic.py", line 26, in <module>
2023-02-13 21:43:03.440 7 ERROR oslo_service.service     from ironic.drivers.modules.network import flat as flat_net
2023-02-13 21:43:03.440 7 ERROR oslo_service.service   File "/var/lib/kolla/venv/lib/python3.9/site-packages/ironic/drivers/modules/network/flat.py", line 23, in <module>
2023-02-13 21:43:03.440 7 ERROR oslo_service.service     from ironic.common import neutron
2023-02-13 21:43:03.440 7 ERROR oslo_service.service   File "/var/lib/kolla/venv/lib/python3.9/site-packages/ironic/common/neutron.py", line 22, in <module>
2023-02-13 21:43:03.440 7 ERROR oslo_service.service     from ironic.api.controllers.v1 import utils as api_utils
2023-02-13 21:43:03.440 7 ERROR oslo_service.service   File "/var/lib/kolla/venv/lib/python3.9/site-packages/ironic/api/controllers/v1/__init__.py", line 29, in <module>
2023-02-13 21:43:03.440 7 ERROR oslo_service.service     from ironic.api.controllers.v1 import allocation
2023-02-13 21:43:03.440 7 ERROR oslo_service.service   File "/var/lib/kolla/venv/lib/python3.9/site-packages/ironic/api/controllers/v1/allocation.py", line 25, in <module>
2023-02-13 21:43:03.440 7 ERROR oslo_service.service     from ironic.api.controllers.v1 import utils as api_utils
2023-02-13 21:43:03.440 7 ERROR oslo_service.service   File "/var/lib/kolla/venv/lib/python3.9/site-packages/ironic/api/controllers/v1/utils.py", line 1068
2023-02-13 21:43:03.440 7 ERROR oslo_service.service     <<<<<<< HEAD
2023-02-13 21:43:03.440 7 ERROR oslo_service.service     ^
2023-02-13 21:43:03.440 7 ERROR oslo_service.service SyntaxError: invalid syntax
2023-02-13 21:43:03.440 7 ERROR oslo_service.service 
2023-02-13 21:43:03.440 7 ERROR oslo_service.service During handling of the above exception, another exception occurred:
2023-02-13 21:43:03.440 7 ERROR oslo_service.service 
2023-02-13 21:43:03.440 7 ERROR oslo_service.service Traceback (most recent call last):
2023-02-13 21:43:03.440 7 ERROR oslo_service.service   File "/var/lib/kolla/venv/lib/python3.9/site-packages/oslo_service/service.py", line 806, in run_service
2023-02-13 21:43:03.440 7 ERROR oslo_service.service     service.start()
2023-02-13 21:43:03.440 7 ERROR oslo_service.service   File "/var/lib/kolla/venv/lib/python3.9/site-packages/ironic/common/rpc_service.py", line 62, in start
2023-02-13 21:43:03.440 7 ERROR oslo_service.service     self._real_start()
2023-02-13 21:43:03.440 7 ERROR oslo_service.service   File "/var/lib/kolla/venv/lib/python3.9/site-packages/ironic/common/rpc_service.py", line 87, in _real_start
2023-02-13 21:43:03.440 7 ERROR oslo_service.service     self.manager.init_host(admin_context)
2023-02-13 21:43:03.440 7 ERROR oslo_service.service   File "/var/lib/kolla/venv/lib/python3.9/site-packages/ironic/conductor/base_manager.py", line 136, in init_host
2023-02-13 21:43:03.440 7 ERROR oslo_service.service     hardware_types = driver_factory.hardware_types()
2023-02-13 21:43:03.440 7 ERROR oslo_service.service   File "/var/lib/kolla/venv/lib/python3.9/site-packages/ironic/common/driver_factory.py", line 266, in hardware_types
2023-02-13 21:43:03.440 7 ERROR oslo_service.service     return _get_all_drivers(HardwareTypesFactory())
2023-02-13 21:43:03.440 7 ERROR oslo_service.service   File "/var/lib/kolla/venv/lib/python3.9/site-packages/ironic/common/driver_factory.py", line 336, in __init__
2023-02-13 21:43:03.440 7 ERROR oslo_service.service     self.__class__._init_extension_manager()
2023-02-13 21:43:03.440 7 ERROR oslo_service.service   File "/var/lib/kolla/venv/lib/python3.9/site-packages/ironic/common/driver_factory.py", line 407, in _init_extension_manager
2023-02-13 21:43:03.440 7 ERROR oslo_service.service     stevedore.NamedExtensionManager(
2023-02-13 21:43:03.440 7 ERROR oslo_service.service   File "/var/lib/kolla/venv/lib/python3.9/site-packages/stevedore/named.py", line 78, in __init__
2023-02-13 21:43:03.440 7 ERROR oslo_service.service     extensions = self._load_plugins(invoke_on_load,
2023-02-13 21:43:03.440 7 ERROR oslo_service.service   File "/var/lib/kolla/venv/lib/python3.9/site-packages/stevedore/extension.py", line 241, in _load_plugins
2023-02-13 21:43:03.440 7 ERROR oslo_service.service     self._on_load_failure_callback(self, ep, err)
2023-02-13 21:43:03.440 7 ERROR oslo_service.service   File "/var/lib/kolla/venv/lib/python3.9/site-packages/ironic/common/driver_factory.py", line 358, in _catch_driver_not_found
2023-02-13 21:43:03.440 7 ERROR oslo_service.service     raise exception.DriverLoadError(driver=ep.name, reason=exc)
2023-02-13 21:43:03.440 7 ERROR oslo_service.service ironic.common.exception.DriverLoadError: Driver, hardware type or interface ilo could not be loaded. Reason: invalid syntax (utils.py, line 1068).
2023-02-13 21:43:03.440 7 ERROR oslo_service.service 
2023-02-13 21:43:07.906 6 DEBUG oslo_db.api [-] Loading backend 'sqlalchemy' from 'ironic.db.sqlalchemy.api' _load_backend /var/lib/kolla/venv/lib/python3.9/site-packages/oslo_db/api.py:259
2023-02-13 21:43:09.539 6 DEBUG oslo_concurrency.lockutils [-] Acquiring lock "singleton_lock" lock /var/lib/kolla/venv/lib/python3.9/site-packages/oslo_concurrency/lockutils.py:312
2023-02-13 21:43:09.541 6 DEBUG oslo_concurrency.lockutils [-] Acquired lock "singleton_lock" lock /var/lib/kolla/venv/lib/python3.9/site-packages/oslo_concurrency/lockutils.py:315
2023-02-13 21:43:09.542 6 DEBUG oslo_concurrency.lockutils [-] Releasing lock "singleton_lock" lock /var/lib/kolla/venv/lib/python3.9/site-packages/oslo_concurrency/lockutils.py:333
2023-02-13 21:43:09.543 6 DEBUG ironic.conductor.base_manager [None req-85b192fe-65f0-489b-be44-61f70263bad0 - - - - - -] Initializing database client for host-169-16-1-186. prepare_host /var/lib/kolla/venv/lib/python3.9/site-packages/ironic/conductor/base_manager.py:82
2023-02-13 21:43:09.544 6 DEBUG ironic.conductor.base_manager [None req-85b192fe-65f0-489b-be44-61f70263bad0 - - - - - -] Removing stale locks from the database matching this conductor's hostname: host-169-16-1-186 prepare_host /var/lib/kolla/venv/lib/python3.9/site-packages/ironic/conductor/base_manager.py:84
2023-02-13 21:43:09.578 6 DEBUG oslo_db.sqlalchemy.engines [None req-85b192fe-65f0-489b-be44-61f70263bad0 - - - - - -] MySQL server mode set to STRICT_TRANS_TABLES,STRICT_ALL_TABLES,NO_ZERO_IN_DATE,NO_ZERO_DATE,ERROR_FOR_DIVISION_BY_ZERO,TRADITIONAL,NO_AUTO_CREATE_USER,NO_ENGINE_SUBSTITUTION _check_effective_sql_mode /var/lib/kolla/venv/lib/python3.9/site-packages/oslo_db/sqlalchemy/engines.py:326
2023-02-13 21:43:09.845 6 ERROR oslo_service.service [None req-85b192fe-65f0-489b-be44-61f70263bad0 - - - - - -] Error starting thread.: ironic.common.exception.DriverLoadError: Driver, hardware type or interface ilo could not be loaded. Reason: invalid syntax (utils.py, line 1068).
2023-02-13 21:43:09.845 6 ERROR oslo_service.service Traceback (most recent call last):
2023-02-13 21:43:09.845 6 ERROR oslo_service.service   File "/var/lib/kolla/venv/lib/python3.9/site-packages/stevedore/extension.py", line 229, in _load_plugins
2023-02-13 21:43:09.845 6 ERROR oslo_service.service     ext = self._load_one_plugin(ep,
2023-02-13 21:43:09.845 6 ERROR oslo_service.service   File "/var/lib/kolla/venv/lib/python3.9/site-packages/stevedore/named.py", line 156, in _load_one_plugin
2023-02-13 21:43:09.845 6 ERROR oslo_service.service     return super(NamedExtensionManager, self)._load_one_plugin(
2023-02-13 21:43:09.845 6 ERROR oslo_service.service   File "/var/lib/kolla/venv/lib/python3.9/site-packages/stevedore/extension.py", line 263, in _load_one_plugin
2023-02-13 21:43:09.845 6 ERROR oslo_service.service     plugin = ep.load()
2023-02-13 21:43:09.845 6 ERROR oslo_service.service   File "/usr/lib64/python3.9/importlib/metadata.py", line 86, in load
2023-02-13 21:43:09.845 6 ERROR oslo_service.service     module = import_module(match.group('module'))
2023-02-13 21:43:09.845 6 ERROR oslo_service.service   File "/usr/lib64/python3.9/importlib/__init__.py", line 127, in import_module
2023-02-13 21:43:09.845 6 ERROR oslo_service.service     return _bootstrap._gcd_import(name[level:], package, level)
2023-02-13 21:43:09.845 6 ERROR oslo_service.service   File "<frozen importlib._bootstrap>", line 1030, in _gcd_import
2023-02-13 21:43:09.845 6 ERROR oslo_service.service   File "<frozen importlib._bootstrap>", line 1007, in _find_and_load
2023-02-13 21:43:09.845 6 ERROR oslo_service.service   File "<frozen importlib._bootstrap>", line 986, in _find_and_load_unlocked
2023-02-13 21:43:09.845 6 ERROR oslo_service.service   File "<frozen importlib._bootstrap>", line 680, in _load_unlocked
2023-02-13 21:43:09.845 6 ERROR oslo_service.service   File "<frozen importlib._bootstrap_external>", line 850, in exec_module
2023-02-13 21:43:09.845 6 ERROR oslo_service.service   File "<frozen importlib._bootstrap>", line 228, in _call_with_frames_removed
2023-02-13 21:43:09.845 6 ERROR oslo_service.service   File "/var/lib/kolla/venv/lib/python3.9/site-packages/ironic/drivers/ilo.py", line 19, in <module>
2023-02-13 21:43:09.845 6 ERROR oslo_service.service     from ironic.drivers import generic
2023-02-13 21:43:09.845 6 ERROR oslo_service.service   File "/var/lib/kolla/venv/lib/python3.9/site-packages/ironic/drivers/generic.py", line 26, in <module>
2023-02-13 21:43:09.845 6 ERROR oslo_service.service     from ironic.drivers.modules.network import flat as flat_net
2023-02-13 21:43:09.845 6 ERROR oslo_service.service   File "/var/lib/kolla/venv/lib/python3.9/site-packages/ironic/drivers/modules/network/flat.py", line 23, in <module>
2023-02-13 21:43:09.845 6 ERROR oslo_service.service     from ironic.common import neutron
2023-02-13 21:43:09.845 6 ERROR oslo_service.service   File "/var/lib/kolla/venv/lib/python3.9/site-packages/ironic/common/neutron.py", line 22, in <module>
2023-02-13 21:43:09.845 6 ERROR oslo_service.service     from ironic.api.controllers.v1 import utils as api_utils
2023-02-13 21:43:09.845 6 ERROR oslo_service.service   File "/var/lib/kolla/venv/lib/python3.9/site-packages/ironic/api/controllers/v1/__init__.py", line 29, in <module>
2023-02-13 21:43:09.845 6 ERROR oslo_service.service     from ironic.api.controllers.v1 import allocation
2023-02-13 21:43:09.845 6 ERROR oslo_service.service   File "/var/lib/kolla/venv/lib/python3.9/site-packages/ironic/api/controllers/v1/allocation.py", line 25, in <module>
2023-02-13 21:43:09.845 6 ERROR oslo_service.service     from ironic.api.controllers.v1 import utils as api_utils
2023-02-13 21:43:09.845 6 ERROR oslo_service.service   File "/var/lib/kolla/venv/lib/python3.9/site-packages/ironic/api/controllers/v1/utils.py", line 1068
2023-02-13 21:43:09.845 6 ERROR oslo_service.service     <<<<<<< HEAD
2023-02-13 21:43:09.845 6 ERROR oslo_service.service     ^
2023-02-13 21:43:09.845 6 ERROR oslo_service.service SyntaxError: invalid syntax
2023-02-13 21:43:09.845 6 ERROR oslo_service.service 
2023-02-13 21:43:09.845 6 ERROR oslo_service.service During handling of the above exception, another exception occurred:
2023-02-13 21:43:09.845 6 ERROR oslo_service.service 
2023-02-13 21:43:09.845 6 ERROR oslo_service.service Traceback (most recent call last):
2023-02-13 21:43:09.845 6 ERROR oslo_service.service   File "/var/lib/kolla/venv/lib/python3.9/site-packages/oslo_service/service.py", line 806, in run_service
2023-02-13 21:43:09.845 6 ERROR oslo_service.service     service.start()
2023-02-13 21:43:09.845 6 ERROR oslo_service.service   File "/var/lib/kolla/venv/lib/python3.9/site-packages/ironic/common/rpc_service.py", line 62, in start
2023-02-13 21:43:09.845 6 ERROR oslo_service.service     self._real_start()
2023-02-13 21:43:09.845 6 ERROR oslo_service.service   File "/var/lib/kolla/venv/lib/python3.9/site-packages/ironic/common/rpc_service.py", line 87, in _real_start
2023-02-13 21:43:09.845 6 ERROR oslo_service.service     self.manager.init_host(admin_context)
2023-02-13 21:43:09.845 6 ERROR oslo_service.service   File "/var/lib/kolla/venv/lib/python3.9/site-packages/ironic/conductor/base_manager.py", line 136, in init_host
2023-02-13 21:43:09.845 6 ERROR oslo_service.service     hardware_types = driver_factory.hardware_types()
2023-02-13 21:43:09.845 6 ERROR oslo_service.service   File "/var/lib/kolla/venv/lib/python3.9/site-packages/ironic/common/driver_factory.py", line 266, in hardware_types
2023-02-13 21:43:09.845 6 ERROR oslo_service.service     return _get_all_drivers(HardwareTypesFactory())
2023-02-13 21:43:09.845 6 ERROR oslo_service.service   File "/var/lib/kolla/venv/lib/python3.9/site-packages/ironic/common/driver_factory.py", line 336, in __init__
2023-02-13 21:43:09.845 6 ERROR oslo_service.service     self.__class__._init_extension_manager()
2023-02-13 21:43:09.845 6 ERROR oslo_service.service   File "/var/lib/kolla/venv/lib/python3.9/site-packages/ironic/common/driver_factory.py", line 407, in _init_extension_manager
2023-02-13 21:43:09.845 6 ERROR oslo_service.service     stevedore.NamedExtensionManager(
2023-02-13 21:43:09.845 6 ERROR oslo_service.service   File "/var/lib/kolla/venv/lib/python3.9/site-packages/stevedore/named.py", line 78, in __init__
2023-02-13 21:43:09.845 6 ERROR oslo_service.service     extensions = self._load_plugins(invoke_on_load,
2023-02-13 21:43:09.845 6 ERROR oslo_service.service   File "/var/lib/kolla/venv/lib/python3.9/site-packages/stevedore/extension.py", line 241, in _load_plugins
2023-02-13 21:43:09.845 6 ERROR oslo_service.service     self._on_load_failure_callback(self, ep, err)
2023-02-13 21:43:09.845 6 ERROR oslo_service.service   File "/var/lib/kolla/venv/lib/python3.9/site-packages/ironic/common/driver_factory.py", line 358, in _catch_driver_not_found
2023-02-13 21:43:09.845 6 ERROR oslo_service.service     raise exception.DriverLoadError(driver=ep.name, reason=exc)
2023-02-13 21:43:09.845 6 ERROR oslo_service.service ironic.common.exception.DriverLoadError: Driver, hardware type or interface ilo could not be loaded. Reason: invalid syntax (utils.py, line 1068).
2023-02-13 21:43:09.845 6 ERROR oslo_service.service 
2023-02-13 21:43:14.334 7 DEBUG oslo_db.api [-] Loading backend 'sqlalchemy' from 'ironic.db.sqlalchemy.api' _load_backend /var/lib/kolla/venv/lib/python3.9/site-packages/oslo_db/api.py:259
2023-02-13 21:43:16.086 7 DEBUG oslo_concurrency.lockutils [-] Acquiring lock "singleton_lock" lock /var/lib/kolla/venv/lib/python3.9/site-packages/oslo_concurrency/lockutils.py:312
2023-02-13 21:43:16.088 7 DEBUG oslo_concurrency.lockutils [-] Acquired lock "singleton_lock" lock /var/lib/kolla/venv/lib/python3.9/site-packages/oslo_concurrency/lockutils.py:315
2023-02-13 21:43:16.089 7 DEBUG oslo_concurrency.lockutils [-] Releasing lock "singleton_lock" lock /var/lib/kolla/venv/lib/python3.9/site-packages/oslo_concurrency/lockutils.py:333
2023-02-13 21:43:16.090 7 DEBUG ironic.conductor.base_manager [None req-f8965e4e-b19f-49a0-aa7d-ca3a1f664bde - - - - - -] Initializing database client for host-169-16-1-186. prepare_host /var/lib/kolla/venv/lib/python3.9/site-packages/ironic/conductor/base_manager.py:82
2023-02-13 21:43:16.091 7 DEBUG ironic.conductor.base_manager [None req-f8965e4e-b19f-49a0-aa7d-ca3a1f664bde - - - - - -] Removing stale locks from the database matching this conductor's hostname: host-169-16-1-186 prepare_host /var/lib/kolla/venv/lib/python3.9/site-packages/ironic/conductor/base_manager.py:84
2023-02-13 21:43:16.129 7 DEBUG oslo_db.sqlalchemy.engines [None req-f8965e4e-b19f-49a0-aa7d-ca3a1f664bde - - - - - -] MySQL server mode set to STRICT_TRANS_TABLES,STRICT_ALL_TABLES,NO_ZERO_IN_DATE,NO_ZERO_DATE,ERROR_FOR_DIVISION_BY_ZERO,TRADITIONAL,NO_AUTO_CREATE_USER,NO_ENGINE_SUBSTITUTION _check_effective_sql_mode /var/lib/kolla/venv/lib/python3.9/site-packages/oslo_db/sqlalchemy/engines.py:326
2023-02-13 21:43:16.412 7 ERROR oslo_service.service [None req-f8965e4e-b19f-49a0-aa7d-ca3a1f664bde - - - - - -] Error starting thread.: ironic.common.exception.DriverLoadError: Driver, hardware type or interface ilo could not be loaded. Reason: invalid syntax (utils.py, line 1068).
2023-02-13 21:43:16.412 7 ERROR oslo_service.service Traceback (most recent call last):
2023-02-13 21:43:16.412 7 ERROR oslo_service.service   File "/var/lib/kolla/venv/lib/python3.9/site-packages/stevedore/extension.py", line 229, in _load_plugins
2023-02-13 21:43:16.412 7 ERROR oslo_service.service     ext = self._load_one_plugin(ep,
2023-02-13 21:43:16.412 7 ERROR oslo_service.service   File "/var/lib/kolla/venv/lib/python3.9/site-packages/stevedore/named.py", line 156, in _load_one_plugin
2023-02-13 21:43:16.412 7 ERROR oslo_service.service     return super(NamedExtensionManager, self)._load_one_plugin(
2023-02-13 21:43:16.412 7 ERROR oslo_service.service   File "/var/lib/kolla/venv/lib/python3.9/site-packages/stevedore/extension.py", line 263, in _load_one_plugin
2023-02-13 21:43:16.412 7 ERROR oslo_service.service     plugin = ep.load()
2023-02-13 21:43:16.412 7 ERROR oslo_service.service   File "/usr/lib64/python3.9/importlib/metadata.py", line 86, in load
2023-02-13 21:43:16.412 7 ERROR oslo_service.service     module = import_module(match.group('module'))
2023-02-13 21:43:16.412 7 ERROR oslo_service.service   File "/usr/lib64/python3.9/importlib/__init__.py", line 127, in import_module
2023-02-13 21:43:16.412 7 ERROR oslo_service.service     return _bootstrap._gcd_import(name[level:], package, level)
2023-02-13 21:43:16.412 7 ERROR oslo_service.service   File "<frozen importlib._bootstrap>", line 1030, in _gcd_import
2023-02-13 21:43:16.412 7 ERROR oslo_service.service   File "<frozen importlib._bootstrap>", line 1007, in _find_and_load
2023-02-13 21:43:16.412 7 ERROR oslo_service.service   File "<frozen importlib._bootstrap>", line 986, in _find_and_load_unlocked
2023-02-13 21:43:16.412 7 ERROR oslo_service.service   File "<frozen importlib._bootstrap>", line 680, in _load_unlocked
2023-02-13 21:43:16.412 7 ERROR oslo_service.service   File "<frozen importlib._bootstrap_external>", line 850, in exec_module
2023-02-13 21:43:16.412 7 ERROR oslo_service.service   File "<frozen importlib._bootstrap>", line 228, in _call_with_frames_removed
2023-02-13 21:43:16.412 7 ERROR oslo_service.service   File "/var/lib/kolla/venv/lib/python3.9/site-packages/ironic/drivers/ilo.py", line 19, in <module>
2023-02-13 21:43:16.412 7 ERROR oslo_service.service     from ironic.drivers import generic
2023-02-13 21:43:16.412 7 ERROR oslo_service.service   File "/var/lib/kolla/venv/lib/python3.9/site-packages/ironic/drivers/generic.py", line 26, in <module>
2023-02-13 21:43:16.412 7 ERROR oslo_service.service     from ironic.drivers.modules.network import flat as flat_net
2023-02-13 21:43:16.412 7 ERROR oslo_service.service   File "/var/lib/kolla/venv/lib/python3.9/site-packages/ironic/drivers/modules/network/flat.py", line 23, in <module>
2023-02-13 21:43:16.412 7 ERROR oslo_service.service     from ironic.common import neutron
2023-02-13 21:43:16.412 7 ERROR oslo_service.service   File "/var/lib/kolla/venv/lib/python3.9/site-packages/ironic/common/neutron.py", line 22, in <module>
2023-02-13 21:43:16.412 7 ERROR oslo_service.service     from ironic.api.controllers.v1 import utils as api_utils
2023-02-13 21:43:16.412 7 ERROR oslo_service.service   File "/var/lib/kolla/venv/lib/python3.9/site-packages/ironic/api/controllers/v1/__init__.py", line 29, in <module>
2023-02-13 21:43:16.412 7 ERROR oslo_service.service     from ironic.api.controllers.v1 import allocation
2023-02-13 21:43:16.412 7 ERROR oslo_service.service   File "/var/lib/kolla/venv/lib/python3.9/site-packages/ironic/api/controllers/v1/allocation.py", line 25, in <module>
2023-02-13 21:43:16.412 7 ERROR oslo_service.service     from ironic.api.controllers.v1 import utils as api_utils
2023-02-13 21:43:16.412 7 ERROR oslo_service.service   File "/var/lib/kolla/venv/lib/python3.9/site-packages/ironic/api/controllers/v1/utils.py", line 1068
2023-02-13 21:43:16.412 7 ERROR oslo_service.service     <<<<<<< HEAD
2023-02-13 21:43:16.412 7 ERROR oslo_service.service     ^
2023-02-13 21:43:16.412 7 ERROR oslo_service.service SyntaxError: invalid syntax
2023-02-13 21:43:16.412 7 ERROR oslo_service.service 
2023-02-13 21:43:16.412 7 ERROR oslo_service.service During handling of the above exception, another exception occurred:
2023-02-13 21:43:16.412 7 ERROR oslo_service.service 
2023-02-13 21:43:16.412 7 ERROR oslo_service.service Traceback (most recent call last):
2023-02-13 21:43:16.412 7 ERROR oslo_service.service   File "/var/lib/kolla/venv/lib/python3.9/site-packages/oslo_service/service.py", line 806, in run_service
2023-02-13 21:43:16.412 7 ERROR oslo_service.service     service.start()
2023-02-13 21:43:16.412 7 ERROR oslo_service.service   File "/var/lib/kolla/venv/lib/python3.9/site-packages/ironic/common/rpc_service.py", line 62, in start
2023-02-13 21:43:16.412 7 ERROR oslo_service.service     self._real_start()
2023-02-13 21:43:16.412 7 ERROR oslo_service.service   File "/var/lib/kolla/venv/lib/python3.9/site-packages/ironic/common/rpc_service.py", line 87, in _real_start
2023-02-13 21:43:16.412 7 ERROR oslo_service.service     self.manager.init_host(admin_context)
2023-02-13 21:43:16.412 7 ERROR oslo_service.service   File "/var/lib/kolla/venv/lib/python3.9/site-packages/ironic/conductor/base_manager.py", line 136, in init_host
2023-02-13 21:43:16.412 7 ERROR oslo_service.service     hardware_types = driver_factory.hardware_types()
2023-02-13 21:43:16.412 7 ERROR oslo_service.service   File "/var/lib/kolla/venv/lib/python3.9/site-packages/ironic/common/driver_factory.py", line 266, in hardware_types
2023-02-13 21:43:16.412 7 ERROR oslo_service.service     return _get_all_drivers(HardwareTypesFactory())
2023-02-13 21:43:16.412 7 ERROR oslo_service.service   File "/var/lib/kolla/venv/lib/python3.9/site-packages/ironic/common/driver_factory.py", line 336, in __init__
2023-02-13 21:43:16.412 7 ERROR oslo_service.service     self.__class__._init_extension_manager()
2023-02-13 21:43:16.412 7 ERROR oslo_service.service   File "/var/lib/kolla/venv/lib/python3.9/site-packages/ironic/common/driver_factory.py", line 407, in _init_extension_manager
2023-02-13 21:43:16.412 7 ERROR oslo_service.service     stevedore.NamedExtensionManager(
2023-02-13 21:43:16.412 7 ERROR oslo_service.service   File "/var/lib/kolla/venv/lib/python3.9/site-packages/stevedore/named.py", line 78, in __init__
2023-02-13 21:43:16.412 7 ERROR oslo_service.service     extensions = self._load_plugins(invoke_on_load,
2023-02-13 21:43:16.412 7 ERROR oslo_service.service   File "/var/lib/kolla/venv/lib/python3.9/site-packages/stevedore/extension.py", line 241, in _load_plugins
2023-02-13 21:43:16.412 7 ERROR oslo_service.service     self._on_load_failure_callback(self, ep, err)
2023-02-13 21:43:16.412 7 ERROR oslo_service.service   File "/var/lib/kolla/venv/lib/python3.9/site-packages/ironic/common/driver_factory.py", line 358, in _catch_driver_not_found
2023-02-13 21:43:16.412 7 ERROR oslo_service.service     raise exception.DriverLoadError(driver=ep.name, reason=exc)
2023-02-13 21:43:16.412 7 ERROR oslo_service.service ironic.common.exception.DriverLoadError: Driver, hardware type or interface ilo could not be loaded. Reason: invalid syntax (utils.py, line 1068).
2023-02-13 21:43:16.412 7 ERROR oslo_service.service 
2023-02-13 21:43:21.229 7 DEBUG oslo_db.api [-] Loading backend 'sqlalchemy' from 'ironic.db.sqlalchemy.api' _load_backend /var/lib/kolla/venv/lib/python3.9/site-packages/oslo_db/api.py:259
2023-02-13 21:43:22.848 7 DEBUG oslo_concurrency.lockutils [-] Acquiring lock "singleton_lock" lock /var/lib/kolla/venv/lib/python3.9/site-packages/oslo_concurrency/lockutils.py:312
2023-02-13 21:43:22.851 7 DEBUG oslo_concurrency.lockutils [-] Acquired lock "singleton_lock" lock /var/lib/kolla/venv/lib/python3.9/site-packages/oslo_concurrency/lockutils.py:315
2023-02-13 21:43:22.851 7 DEBUG oslo_concurrency.lockutils [-] Releasing lock "singleton_lock" lock /var/lib/kolla/venv/lib/python3.9/site-packages/oslo_concurrency/lockutils.py:333
2023-02-13 21:43:22.853 7 DEBUG ironic.conductor.base_manager [None req-00f56a52-e23b-4b7a-bdfb-727b286839c3 - - - - - -] Initializing database client for host-169-16-1-186. prepare_host /var/lib/kolla/venv/lib/python3.9/site-packages/ironic/conductor/base_manager.py:82
2023-02-13 21:43:22.854 7 DEBUG ironic.conductor.base_manager [None req-00f56a52-e23b-4b7a-bdfb-727b286839c3 - - - - - -] Removing stale locks from the database matching this conductor's hostname: host-169-16-1-186 prepare_host /var/lib/kolla/venv/lib/python3.9/site-packages/ironic/conductor/base_manager.py:84
2023-02-13 21:43:22.888 7 DEBUG oslo_db.sqlalchemy.engines [None req-00f56a52-e23b-4b7a-bdfb-727b286839c3 - - - - - -] MySQL server mode set to STRICT_TRANS_TABLES,STRICT_ALL_TABLES,NO_ZERO_IN_DATE,NO_ZERO_DATE,ERROR_FOR_DIVISION_BY_ZERO,TRADITIONAL,NO_AUTO_CREATE_USER,NO_ENGINE_SUBSTITUTION _check_effective_sql_mode /var/lib/kolla/venv/lib/python3.9/site-packages/oslo_db/sqlalchemy/engines.py:326
2023-02-13 21:43:23.167 7 ERROR oslo_service.service [None req-00f56a52-e23b-4b7a-bdfb-727b286839c3 - - - - - -] Error starting thread.: ironic.common.exception.DriverLoadError: Driver, hardware type or interface ilo could not be loaded. Reason: invalid syntax (utils.py, line 1068).
2023-02-13 21:43:23.167 7 ERROR oslo_service.service Traceback (most recent call last):
2023-02-13 21:43:23.167 7 ERROR oslo_service.service   File "/var/lib/kolla/venv/lib/python3.9/site-packages/stevedore/extension.py", line 229, in _load_plugins
2023-02-13 21:43:23.167 7 ERROR oslo_service.service     ext = self._load_one_plugin(ep,
2023-02-13 21:43:23.167 7 ERROR oslo_service.service   File "/var/lib/kolla/venv/lib/python3.9/site-packages/stevedore/named.py", line 156, in _load_one_plugin
2023-02-13 21:43:23.167 7 ERROR oslo_service.service     return super(NamedExtensionManager, self)._load_one_plugin(
2023-02-13 21:43:23.167 7 ERROR oslo_service.service   File "/var/lib/kolla/venv/lib/python3.9/site-packages/stevedore/extension.py", line 263, in _load_one_plugin
2023-02-13 21:43:23.167 7 ERROR oslo_service.service     plugin = ep.load()
2023-02-13 21:43:23.167 7 ERROR oslo_service.service   File "/usr/lib64/python3.9/importlib/metadata.py", line 86, in load
2023-02-13 21:43:23.167 7 ERROR oslo_service.service     module = import_module(match.group('module'))
2023-02-13 21:43:23.167 7 ERROR oslo_service.service   File "/usr/lib64/python3.9/importlib/__init__.py", line 127, in import_module
2023-02-13 21:43:23.167 7 ERROR oslo_service.service     return _bootstrap._gcd_import(name[level:], package, level)
2023-02-13 21:43:23.167 7 ERROR oslo_service.service   File "<frozen importlib._bootstrap>", line 1030, in _gcd_import
2023-02-13 21:43:23.167 7 ERROR oslo_service.service   File "<frozen importlib._bootstrap>", line 1007, in _find_and_load
2023-02-13 21:43:23.167 7 ERROR oslo_service.service   File "<frozen importlib._bootstrap>", line 986, in _find_and_load_unlocked
2023-02-13 21:43:23.167 7 ERROR oslo_service.service   File "<frozen importlib._bootstrap>", line 680, in _load_unlocked
2023-02-13 21:43:23.167 7 ERROR oslo_service.service   File "<frozen importlib._bootstrap_external>", line 850, in exec_module
2023-02-13 21:43:23.167 7 ERROR oslo_service.service   File "<frozen importlib._bootstrap>", line 228, in _call_with_frames_removed
2023-02-13 21:43:23.167 7 ERROR oslo_service.service   File "/var/lib/kolla/venv/lib/python3.9/site-packages/ironic/drivers/ilo.py", line 19, in <module>
2023-02-13 21:43:23.167 7 ERROR oslo_service.service     from ironic.drivers import generic
2023-02-13 21:43:23.167 7 ERROR oslo_service.service   File "/var/lib/kolla/venv/lib/python3.9/site-packages/ironic/drivers/generic.py", line 26, in <module>
2023-02-13 21:43:23.167 7 ERROR oslo_service.service     from ironic.drivers.modules.network import flat as flat_net
2023-02-13 21:43:23.167 7 ERROR oslo_service.service   File "/var/lib/kolla/venv/lib/python3.9/site-packages/ironic/drivers/modules/network/flat.py", line 23, in <module>
2023-02-13 21:43:23.167 7 ERROR oslo_service.service     from ironic.common import neutron
2023-02-13 21:43:23.167 7 ERROR oslo_service.service   File "/var/lib/kolla/venv/lib/python3.9/site-packages/ironic/common/neutron.py", line 22, in <module>
2023-02-13 21:43:23.167 7 ERROR oslo_service.service     from ironic.api.controllers.v1 import utils as api_utils
2023-02-13 21:43:23.167 7 ERROR oslo_service.service   File "/var/lib/kolla/venv/lib/python3.9/site-packages/ironic/api/controllers/v1/__init__.py", line 29, in <module>
2023-02-13 21:43:23.167 7 ERROR oslo_service.service     from ironic.api.controllers.v1 import allocation
2023-02-13 21:43:23.167 7 ERROR oslo_service.service   File "/var/lib/kolla/venv/lib/python3.9/site-packages/ironic/api/controllers/v1/allocation.py", line 25, in <module>
2023-02-13 21:43:23.167 7 ERROR oslo_service.service     from ironic.api.controllers.v1 import utils as api_utils
2023-02-13 21:43:23.167 7 ERROR oslo_service.service   File "/var/lib/kolla/venv/lib/python3.9/site-packages/ironic/api/controllers/v1/utils.py", line 1068
2023-02-13 21:43:23.167 7 ERROR oslo_service.service     <<<<<<< HEAD
2023-02-13 21:43:23.167 7 ERROR oslo_service.service     ^
2023-02-13 21:43:23.167 7 ERROR oslo_service.service SyntaxError: invalid syntax
2023-02-13 21:43:23.167 7 ERROR oslo_service.service 
2023-02-13 21:43:23.167 7 ERROR oslo_service.service During handling of the above exception, another exception occurred:
2023-02-13 21:43:23.167 7 ERROR oslo_service.service 
2023-02-13 21:43:23.167 7 ERROR oslo_service.service Traceback (most recent call last):
2023-02-13 21:43:23.167 7 ERROR oslo_service.service   File "/var/lib/kolla/venv/lib/python3.9/site-packages/oslo_service/service.py", line 806, in run_service
2023-02-13 21:43:23.167 7 ERROR oslo_service.service     service.start()
2023-02-13 21:43:23.167 7 ERROR oslo_service.service   File "/var/lib/kolla/venv/lib/python3.9/site-packages/ironic/common/rpc_service.py", line 62, in start
2023-02-13 21:43:23.167 7 ERROR oslo_service.service     self._real_start()
2023-02-13 21:43:23.167 7 ERROR oslo_service.service   File "/var/lib/kolla/venv/lib/python3.9/site-packages/ironic/common/rpc_service.py", line 87, in _real_start
2023-02-13 21:43:23.167 7 ERROR oslo_service.service     self.manager.init_host(admin_context)
2023-02-13 21:43:23.167 7 ERROR oslo_service.service   File "/var/lib/kolla/venv/lib/python3.9/site-packages/ironic/conductor/base_manager.py", line 136, in init_host
2023-02-13 21:43:23.167 7 ERROR oslo_service.service     hardware_types = driver_factory.hardware_types()
2023-02-13 21:43:23.167 7 ERROR oslo_service.service   File "/var/lib/kolla/venv/lib/python3.9/site-packages/ironic/common/driver_factory.py", line 266, in hardware_types
2023-02-13 21:43:23.167 7 ERROR oslo_service.service     return _get_all_drivers(HardwareTypesFactory())
2023-02-13 21:43:23.167 7 ERROR oslo_service.service   File "/var/lib/kolla/venv/lib/python3.9/site-packages/ironic/common/driver_factory.py", line 336, in __init__
2023-02-13 21:43:23.167 7 ERROR oslo_service.service     self.__class__._init_extension_manager()
2023-02-13 21:43:23.167 7 ERROR oslo_service.service   File "/var/lib/kolla/venv/lib/python3.9/site-packages/ironic/common/driver_factory.py", line 407, in _init_extension_manager
2023-02-13 21:43:23.167 7 ERROR oslo_service.service     stevedore.NamedExtensionManager(
2023-02-13 21:43:23.167 7 ERROR oslo_service.service   File "/var/lib/kolla/venv/lib/python3.9/site-packages/stevedore/named.py", line 78, in __init__
2023-02-13 21:43:23.167 7 ERROR oslo_service.service     extensions = self._load_plugins(invoke_on_load,
2023-02-13 21:43:23.167 7 ERROR oslo_service.service   File "/var/lib/kolla/venv/lib/python3.9/site-packages/stevedore/extension.py", line 241, in _load_plugins
2023-02-13 21:43:23.167 7 ERROR oslo_service.service     self._on_load_failure_callback(self, ep, err)
2023-02-13 21:43:23.167 7 ERROR oslo_service.service   File "/var/lib/kolla/venv/lib/python3.9/site-packages/ironic/common/driver_factory.py", line 358, in _catch_driver_not_found
2023-02-13 21:43:23.167 7 ERROR oslo_service.service     raise exception.DriverLoadError(driver=ep.name, reason=exc)
2023-02-13 21:43:23.167 7 ERROR oslo_service.service ironic.common.exception.DriverLoadError: Driver, hardware type or interface ilo could not be loaded. Reason: invalid syntax (utils.py, line 1068).
2023-02-13 21:43:23.167 7 ERROR oslo_service.service 
2023-02-13 21:43:28.184 7 DEBUG oslo_db.api [-] Loading backend 'sqlalchemy' from 'ironic.db.sqlalchemy.api' _load_backend /var/lib/kolla/venv/lib/python3.9/site-packages/oslo_db/api.py:259
2023-02-13 21:43:29.820 7 DEBUG oslo_concurrency.lockutils [-] Acquiring lock "singleton_lock" lock /var/lib/kolla/venv/lib/python3.9/site-packages/oslo_concurrency/lockutils.py:312
2023-02-13 21:43:29.823 7 DEBUG oslo_concurrency.lockutils [-] Acquired lock "singleton_lock" lock /var/lib/kolla/venv/lib/python3.9/site-packages/oslo_concurrency/lockutils.py:315
2023-02-13 21:43:29.823 7 DEBUG oslo_concurrency.lockutils [-] Releasing lock "singleton_lock" lock /var/lib/kolla/venv/lib/python3.9/site-packages/oslo_concurrency/lockutils.py:333
2023-02-13 21:43:29.824 7 DEBUG ironic.conductor.base_manager [None req-e3fb7b32-5601-4ff2-9109-a34b99791bc2 - - - - - -] Initializing database client for host-169-16-1-186. prepare_host /var/lib/kolla/venv/lib/python3.9/site-packages/ironic/conductor/base_manager.py:82
2023-02-13 21:43:29.825 7 DEBUG ironic.conductor.base_manager [None req-e3fb7b32-5601-4ff2-9109-a34b99791bc2 - - - - - -] Removing stale locks from the database matching this conductor's hostname: host-169-16-1-186 prepare_host /var/lib/kolla/venv/lib/python3.9/site-packages/ironic/conductor/base_manager.py:84
2023-02-13 21:43:29.864 7 DEBUG oslo_db.sqlalchemy.engines [None req-e3fb7b32-5601-4ff2-9109-a34b99791bc2 - - - - - -] MySQL server mode set to STRICT_TRANS_TABLES,STRICT_ALL_TABLES,NO_ZERO_IN_DATE,NO_ZERO_DATE,ERROR_FOR_DIVISION_BY_ZERO,TRADITIONAL,NO_AUTO_CREATE_USER,NO_ENGINE_SUBSTITUTION _check_effective_sql_mode /var/lib/kolla/venv/lib/python3.9/site-packages/oslo_db/sqlalchemy/engines.py:326
2023-02-13 21:43:30.142 7 ERROR oslo_service.service [None req-e3fb7b32-5601-4ff2-9109-a34b99791bc2 - - - - - -] Error starting thread.: ironic.common.exception.DriverLoadError: Driver, hardware type or interface ilo could not be loaded. Reason: invalid syntax (utils.py, line 1068).
2023-02-13 21:43:30.142 7 ERROR oslo_service.service Traceback (most recent call last):
2023-02-13 21:43:30.142 7 ERROR oslo_service.service   File "/var/lib/kolla/venv/lib/python3.9/site-packages/stevedore/extension.py", line 229, in _load_plugins
2023-02-13 21:43:30.142 7 ERROR oslo_service.service     ext = self._load_one_plugin(ep,
2023-02-13 21:43:30.142 7 ERROR oslo_service.service   File "/var/lib/kolla/venv/lib/python3.9/site-packages/stevedore/named.py", line 156, in _load_one_plugin
2023-02-13 21:43:30.142 7 ERROR oslo_service.service     return super(NamedExtensionManager, self)._load_one_plugin(
2023-02-13 21:43:30.142 7 ERROR oslo_service.service   File "/var/lib/kolla/venv/lib/python3.9/site-packages/stevedore/extension.py", line 263, in _load_one_plugin
2023-02-13 21:43:30.142 7 ERROR oslo_service.service     plugin = ep.load()
2023-02-13 21:43:30.142 7 ERROR oslo_service.service   File "/usr/lib64/python3.9/importlib/metadata.py", line 86, in load
2023-02-13 21:43:30.142 7 ERROR oslo_service.service     module = import_module(match.group('module'))
2023-02-13 21:43:30.142 7 ERROR oslo_service.service   File "/usr/lib64/python3.9/importlib/__init__.py", line 127, in import_module
2023-02-13 21:43:30.142 7 ERROR oslo_service.service     return _bootstrap._gcd_import(name[level:], package, level)
2023-02-13 21:43:30.142 7 ERROR oslo_service.service   File "<frozen importlib._bootstrap>", line 1030, in _gcd_import
2023-02-13 21:43:30.142 7 ERROR oslo_service.service   File "<frozen importlib._bootstrap>", line 1007, in _find_and_load
2023-02-13 21:43:30.142 7 ERROR oslo_service.service   File "<frozen importlib._bootstrap>", line 986, in _find_and_load_unlocked
2023-02-13 21:43:30.142 7 ERROR oslo_service.service   File "<frozen importlib._bootstrap>", line 680, in _load_unlocked
2023-02-13 21:43:30.142 7 ERROR oslo_service.service   File "<frozen importlib._bootstrap_external>", line 850, in exec_module
2023-02-13 21:43:30.142 7 ERROR oslo_service.service   File "<frozen importlib._bootstrap>", line 228, in _call_with_frames_removed
2023-02-13 21:43:30.142 7 ERROR oslo_service.service   File "/var/lib/kolla/venv/lib/python3.9/site-packages/ironic/drivers/ilo.py", line 19, in <module>
2023-02-13 21:43:30.142 7 ERROR oslo_service.service     from ironic.drivers import generic
2023-02-13 21:43:30.142 7 ERROR oslo_service.service   File "/var/lib/kolla/venv/lib/python3.9/site-packages/ironic/drivers/generic.py", line 26, in <module>
2023-02-13 21:43:30.142 7 ERROR oslo_service.service     from ironic.drivers.modules.network import flat as flat_net
2023-02-13 21:43:30.142 7 ERROR oslo_service.service   File "/var/lib/kolla/venv/lib/python3.9/site-packages/ironic/drivers/modules/network/flat.py", line 23, in <module>
2023-02-13 21:43:30.142 7 ERROR oslo_service.service     from ironic.common import neutron
2023-02-13 21:43:30.142 7 ERROR oslo_service.service   File "/var/lib/kolla/venv/lib/python3.9/site-packages/ironic/common/neutron.py", line 22, in <module>
2023-02-13 21:43:30.142 7 ERROR oslo_service.service     from ironic.api.controllers.v1 import utils as api_utils
2023-02-13 21:43:30.142 7 ERROR oslo_service.service   File "/var/lib/kolla/venv/lib/python3.9/site-packages/ironic/api/controllers/v1/__init__.py", line 29, in <module>
2023-02-13 21:43:30.142 7 ERROR oslo_service.service     from ironic.api.controllers.v1 import allocation
2023-02-13 21:43:30.142 7 ERROR oslo_service.service   File "/var/lib/kolla/venv/lib/python3.9/site-packages/ironic/api/controllers/v1/allocation.py", line 25, in <module>
2023-02-13 21:43:30.142 7 ERROR oslo_service.service     from ironic.api.controllers.v1 import utils as api_utils
2023-02-13 21:43:30.142 7 ERROR oslo_service.service   File "/var/lib/kolla/venv/lib/python3.9/site-packages/ironic/api/controllers/v1/utils.py", line 1068
2023-02-13 21:43:30.142 7 ERROR oslo_service.service     <<<<<<< HEAD
2023-02-13 21:43:30.142 7 ERROR oslo_service.service     ^
2023-02-13 21:43:30.142 7 ERROR oslo_service.service SyntaxError: invalid syntax
2023-02-13 21:43:30.142 7 ERROR oslo_service.service 
2023-02-13 21:43:30.142 7 ERROR oslo_service.service During handling of the above exception, another exception occurred:
2023-02-13 21:43:30.142 7 ERROR oslo_service.service 
2023-02-13 21:43:30.142 7 ERROR oslo_service.service Traceback (most recent call last):
2023-02-13 21:43:30.142 7 ERROR oslo_service.service   File "/var/lib/kolla/venv/lib/python3.9/site-packages/oslo_service/service.py", line 806, in run_service
2023-02-13 21:43:30.142 7 ERROR oslo_service.service     service.start()
2023-02-13 21:43:30.142 7 ERROR oslo_service.service   File "/var/lib/kolla/venv/lib/python3.9/site-packages/ironic/common/rpc_service.py", line 62, in start
2023-02-13 21:43:30.142 7 ERROR oslo_service.service     self._real_start()
2023-02-13 21:43:30.142 7 ERROR oslo_service.service   File "/var/lib/kolla/venv/lib/python3.9/site-packages/ironic/common/rpc_service.py", line 87, in _real_start
2023-02-13 21:43:30.142 7 ERROR oslo_service.service     self.manager.init_host(admin_context)
2023-02-13 21:43:30.142 7 ERROR oslo_service.service   File "/var/lib/kolla/venv/lib/python3.9/site-packages/ironic/conductor/base_manager.py", line 136, in init_host
2023-02-13 21:43:30.142 7 ERROR oslo_service.service     hardware_types = driver_factory.hardware_types()
2023-02-13 21:43:30.142 7 ERROR oslo_service.service   File "/var/lib/kolla/venv/lib/python3.9/site-packages/ironic/common/driver_factory.py", line 266, in hardware_types
2023-02-13 21:43:30.142 7 ERROR oslo_service.service     return _get_all_drivers(HardwareTypesFactory())
2023-02-13 21:43:30.142 7 ERROR oslo_service.service   File "/var/lib/kolla/venv/lib/python3.9/site-packages/ironic/common/driver_factory.py", line 336, in __init__
2023-02-13 21:43:30.142 7 ERROR oslo_service.service     self.__class__._init_extension_manager()
2023-02-13 21:43:30.142 7 ERROR oslo_service.service   File "/var/lib/kolla/venv/lib/python3.9/site-packages/ironic/common/driver_factory.py", line 407, in _init_extension_manager
2023-02-13 21:43:30.142 7 ERROR oslo_service.service     stevedore.NamedExtensionManager(
2023-02-13 21:43:30.142 7 ERROR oslo_service.service   File "/var/lib/kolla/venv/lib/python3.9/site-packages/stevedore/named.py", line 78, in __init__
2023-02-13 21:43:30.142 7 ERROR oslo_service.service     extensions = self._load_plugins(invoke_on_load,
2023-02-13 21:43:30.142 7 ERROR oslo_service.service   File "/var/lib/kolla/venv/lib/python3.9/site-packages/stevedore/extension.py", line 241, in _load_plugins
2023-02-13 21:43:30.142 7 ERROR oslo_service.service     self._on_load_failure_callback(self, ep, err)
2023-02-13 21:43:30.142 7 ERROR oslo_service.service   File "/var/lib/kolla/venv/lib/python3.9/site-packages/ironic/common/driver_factory.py", line 358, in _catch_driver_not_found
2023-02-13 21:43:30.142 7 ERROR oslo_service.service     raise exception.DriverLoadError(driver=ep.name, reason=exc)
2023-02-13 21:43:30.142 7 ERROR oslo_service.service ironic.common.exception.DriverLoadError: Driver, hardware type or interface ilo could not be loaded. Reason: invalid syntax (utils.py, line 1068).
2023-02-13 21:43:30.142 7 ERROR oslo_service.service 
2023-02-13 21:43:35.846 7 DEBUG oslo_db.api [-] Loading backend 'sqlalchemy' from 'ironic.db.sqlalchemy.api' _load_backend /var/lib/kolla/venv/lib/python3.9/site-packages/oslo_db/api.py:259
2023-02-13 21:43:37.662 7 DEBUG oslo_concurrency.lockutils [-] Acquiring lock "singleton_lock" lock /var/lib/kolla/venv/lib/python3.9/site-packages/oslo_concurrency/lockutils.py:312
2023-02-13 21:43:37.664 7 DEBUG oslo_concurrency.lockutils [-] Acquired lock "singleton_lock" lock /var/lib/kolla/venv/lib/python3.9/site-packages/oslo_concurrency/lockutils.py:315
2023-02-13 21:43:37.664 7 DEBUG oslo_concurrency.lockutils [-] Releasing lock "singleton_lock" lock /var/lib/kolla/venv/lib/python3.9/site-packages/oslo_concurrency/lockutils.py:333
2023-02-13 21:43:37.665 7 DEBUG ironic.conductor.base_manager [None req-054c8336-cd40-4f84-bf30-cfeec00b7ef8 - - - - - -] Initializing database client for host-169-16-1-186. prepare_host /var/lib/kolla/venv/lib/python3.9/site-packages/ironic/conductor/base_manager.py:82
2023-02-13 21:43:37.666 7 DEBUG ironic.conductor.base_manager [None req-054c8336-cd40-4f84-bf30-cfeec00b7ef8 - - - - - -] Removing stale locks from the database matching this conductor's hostname: host-169-16-1-186 prepare_host /var/lib/kolla/venv/lib/python3.9/site-packages/ironic/conductor/base_manager.py:84
2023-02-13 21:43:37.708 7 DEBUG oslo_db.sqlalchemy.engines [None req-054c8336-cd40-4f84-bf30-cfeec00b7ef8 - - - - - -] MySQL server mode set to STRICT_TRANS_TABLES,STRICT_ALL_TABLES,NO_ZERO_IN_DATE,NO_ZERO_DATE,ERROR_FOR_DIVISION_BY_ZERO,TRADITIONAL,NO_AUTO_CREATE_USER,NO_ENGINE_SUBSTITUTION _check_effective_sql_mode /var/lib/kolla/venv/lib/python3.9/site-packages/oslo_db/sqlalchemy/engines.py:326
2023-02-13 21:43:37.968 7 ERROR oslo_service.service [None req-054c8336-cd40-4f84-bf30-cfeec00b7ef8 - - - - - -] Error starting thread.: ironic.common.exception.DriverLoadError: Driver, hardware type or interface ilo could not be loaded. Reason: invalid syntax (utils.py, line 1068).
2023-02-13 21:43:37.968 7 ERROR oslo_service.service Traceback (most recent call last):
2023-02-13 21:43:37.968 7 ERROR oslo_service.service   File "/var/lib/kolla/venv/lib/python3.9/site-packages/stevedore/extension.py", line 229, in _load_plugins
2023-02-13 21:43:37.968 7 ERROR oslo_service.service     ext = self._load_one_plugin(ep,
2023-02-13 21:43:37.968 7 ERROR oslo_service.service   File "/var/lib/kolla/venv/lib/python3.9/site-packages/stevedore/named.py", line 156, in _load_one_plugin
2023-02-13 21:43:37.968 7 ERROR oslo_service.service     return super(NamedExtensionManager, self)._load_one_plugin(
2023-02-13 21:43:37.968 7 ERROR oslo_service.service   File "/var/lib/kolla/venv/lib/python3.9/site-packages/stevedore/extension.py", line 263, in _load_one_plugin
2023-02-13 21:43:37.968 7 ERROR oslo_service.service     plugin = ep.load()
2023-02-13 21:43:37.968 7 ERROR oslo_service.service   File "/usr/lib64/python3.9/importlib/metadata.py", line 86, in load
2023-02-13 21:43:37.968 7 ERROR oslo_service.service     module = import_module(match.group('module'))
2023-02-13 21:43:37.968 7 ERROR oslo_service.service   File "/usr/lib64/python3.9/importlib/__init__.py", line 127, in import_module
2023-02-13 21:43:37.968 7 ERROR oslo_service.service     return _bootstrap._gcd_import(name[level:], package, level)
2023-02-13 21:43:37.968 7 ERROR oslo_service.service   File "<frozen importlib._bootstrap>", line 1030, in _gcd_import
2023-02-13 21:43:37.968 7 ERROR oslo_service.service   File "<frozen importlib._bootstrap>", line 1007, in _find_and_load
2023-02-13 21:43:37.968 7 ERROR oslo_service.service   File "<frozen importlib._bootstrap>", line 986, in _find_and_load_unlocked
2023-02-13 21:43:37.968 7 ERROR oslo_service.service   File "<frozen importlib._bootstrap>", line 680, in _load_unlocked
2023-02-13 21:43:37.968 7 ERROR oslo_service.service   File "<frozen importlib._bootstrap_external>", line 850, in exec_module
2023-02-13 21:43:37.968 7 ERROR oslo_service.service   File "<frozen importlib._bootstrap>", line 228, in _call_with_frames_removed
2023-02-13 21:43:37.968 7 ERROR oslo_service.service   File "/var/lib/kolla/venv/lib/python3.9/site-packages/ironic/drivers/ilo.py", line 19, in <module>
2023-02-13 21:43:37.968 7 ERROR oslo_service.service     from ironic.drivers import generic
2023-02-13 21:43:37.968 7 ERROR oslo_service.service   File "/var/lib/kolla/venv/lib/python3.9/site-packages/ironic/drivers/generic.py", line 26, in <module>
2023-02-13 21:43:37.968 7 ERROR oslo_service.service     from ironic.drivers.modules.network import flat as flat_net
2023-02-13 21:43:37.968 7 ERROR oslo_service.service   File "/var/lib/kolla/venv/lib/python3.9/site-packages/ironic/drivers/modules/network/flat.py", line 23, in <module>
2023-02-13 21:43:37.968 7 ERROR oslo_service.service     from ironic.common import neutron
2023-02-13 21:43:37.968 7 ERROR oslo_service.service   File "/var/lib/kolla/venv/lib/python3.9/site-packages/ironic/common/neutron.py", line 22, in <module>
2023-02-13 21:43:37.968 7 ERROR oslo_service.service     from ironic.api.controllers.v1 import utils as api_utils
2023-02-13 21:43:37.968 7 ERROR oslo_service.service   File "/var/lib/kolla/venv/lib/python3.9/site-packages/ironic/api/controllers/v1/__init__.py", line 29, in <module>
2023-02-13 21:43:37.968 7 ERROR oslo_service.service     from ironic.api.controllers.v1 import allocation
2023-02-13 21:43:37.968 7 ERROR oslo_service.service   File "/var/lib/kolla/venv/lib/python3.9/site-packages/ironic/api/controllers/v1/allocation.py", line 25, in <module>
2023-02-13 21:43:37.968 7 ERROR oslo_service.service     from ironic.api.controllers.v1 import utils as api_utils
2023-02-13 21:43:37.968 7 ERROR oslo_service.service   File "/var/lib/kolla/venv/lib/python3.9/site-packages/ironic/api/controllers/v1/utils.py", line 1068
2023-02-13 21:43:37.968 7 ERROR oslo_service.service     <<<<<<< HEAD
2023-02-13 21:43:37.968 7 ERROR oslo_service.service     ^
2023-02-13 21:43:37.968 7 ERROR oslo_service.service SyntaxError: invalid syntax
2023-02-13 21:43:37.968 7 ERROR oslo_service.service 
2023-02-13 21:43:37.968 7 ERROR oslo_service.service During handling of the above exception, another exception occurred:
2023-02-13 21:43:37.968 7 ERROR oslo_service.service 
2023-02-13 21:43:37.968 7 ERROR oslo_service.service Traceback (most recent call last):
2023-02-13 21:43:37.968 7 ERROR oslo_service.service   File "/var/lib/kolla/venv/lib/python3.9/site-packages/oslo_service/service.py", line 806, in run_service
2023-02-13 21:43:37.968 7 ERROR oslo_service.service     service.start()
2023-02-13 21:43:37.968 7 ERROR oslo_service.service   File "/var/lib/kolla/venv/lib/python3.9/site-packages/ironic/common/rpc_service.py", line 62, in start
2023-02-13 21:43:37.968 7 ERROR oslo_service.service     self._real_start()
2023-02-13 21:43:37.968 7 ERROR oslo_service.service   File "/var/lib/kolla/venv/lib/python3.9/site-packages/ironic/common/rpc_service.py", line 87, in _real_start
2023-02-13 21:43:37.968 7 ERROR oslo_service.service     self.manager.init_host(admin_context)
2023-02-13 21:43:37.968 7 ERROR oslo_service.service   File "/var/lib/kolla/venv/lib/python3.9/site-packages/ironic/conductor/base_manager.py", line 136, in init_host
2023-02-13 21:43:37.968 7 ERROR oslo_service.service     hardware_types = driver_factory.hardware_types()
2023-02-13 21:43:37.968 7 ERROR oslo_service.service   File "/var/lib/kolla/venv/lib/python3.9/site-packages/ironic/common/driver_factory.py", line 266, in hardware_types
2023-02-13 21:43:37.968 7 ERROR oslo_service.service     return _get_all_drivers(HardwareTypesFactory())
2023-02-13 21:43:37.968 7 ERROR oslo_service.service   File "/var/lib/kolla/venv/lib/python3.9/site-packages/ironic/common/driver_factory.py", line 336, in __init__
2023-02-13 21:43:37.968 7 ERROR oslo_service.service     self.__class__._init_extension_manager()
2023-02-13 21:43:37.968 7 ERROR oslo_service.service   File "/var/lib/kolla/venv/lib/python3.9/site-packages/ironic/common/driver_factory.py", line 407, in _init_extension_manager
2023-02-13 21:43:37.968 7 ERROR oslo_service.service     stevedore.NamedExtensionManager(
2023-02-13 21:43:37.968 7 ERROR oslo_service.service   File "/var/lib/kolla/venv/lib/python3.9/site-packages/stevedore/named.py", line 78, in __init__
2023-02-13 21:43:37.968 7 ERROR oslo_service.service     extensions = self._load_plugins(invoke_on_load,
2023-02-13 21:43:37.968 7 ERROR oslo_service.service   File "/var/lib/kolla/venv/lib/python3.9/site-packages/stevedore/extension.py", line 241, in _load_plugins
2023-02-13 21:43:37.968 7 ERROR oslo_service.service     self._on_load_failure_callback(self, ep, err)
2023-02-13 21:43:37.968 7 ERROR oslo_service.service   File "/var/lib/kolla/venv/lib/python3.9/site-packages/ironic/common/driver_factory.py", line 358, in _catch_driver_not_found
2023-02-13 21:43:37.968 7 ERROR oslo_service.service     raise exception.DriverLoadError(driver=ep.name, reason=exc)
2023-02-13 21:43:37.968 7 ERROR oslo_service.service ironic.common.exception.DriverLoadError: Driver, hardware type or interface ilo could not be loaded. Reason: invalid syntax (utils.py, line 1068).
2023-02-13 21:43:37.968 7 ERROR oslo_service.service 
2023-02-13 21:43:45.458 7 DEBUG oslo_db.api [-] Loading backend 'sqlalchemy' from 'ironic.db.sqlalchemy.api' _load_backend /var/lib/kolla/venv/lib/python3.9/site-packages/oslo_db/api.py:259
2023-02-13 21:43:47.118 7 DEBUG oslo_concurrency.lockutils [-] Acquiring lock "singleton_lock" lock /var/lib/kolla/venv/lib/python3.9/site-packages/oslo_concurrency/lockutils.py:312
2023-02-13 21:43:47.123 7 DEBUG oslo_concurrency.lockutils [-] Acquired lock "singleton_lock" lock /var/lib/kolla/venv/lib/python3.9/site-packages/oslo_concurrency/lockutils.py:315
2023-02-13 21:43:47.124 7 DEBUG oslo_concurrency.lockutils [-] Releasing lock "singleton_lock" lock /var/lib/kolla/venv/lib/python3.9/site-packages/oslo_concurrency/lockutils.py:333
2023-02-13 21:43:47.125 7 DEBUG ironic.conductor.base_manager [None req-b2b71149-2b49-461f-8894-8667229c7f9b - - - - - -] Initializing database client for host-169-16-1-186. prepare_host /var/lib/kolla/venv/lib/python3.9/site-packages/ironic/conductor/base_manager.py:82
2023-02-13 21:43:47.126 7 DEBUG ironic.conductor.base_manager [None req-b2b71149-2b49-461f-8894-8667229c7f9b - - - - - -] Removing stale locks from the database matching this conductor's hostname: host-169-16-1-186 prepare_host /var/lib/kolla/venv/lib/python3.9/site-packages/ironic/conductor/base_manager.py:84
2023-02-13 21:43:47.161 7 DEBUG oslo_db.sqlalchemy.engines [None req-b2b71149-2b49-461f-8894-8667229c7f9b - - - - - -] MySQL server mode set to STRICT_TRANS_TABLES,STRICT_ALL_TABLES,NO_ZERO_IN_DATE,NO_ZERO_DATE,ERROR_FOR_DIVISION_BY_ZERO,TRADITIONAL,NO_AUTO_CREATE_USER,NO_ENGINE_SUBSTITUTION _check_effective_sql_mode /var/lib/kolla/venv/lib/python3.9/site-packages/oslo_db/sqlalchemy/engines.py:326
2023-02-13 21:43:47.466 7 ERROR oslo_service.service [None req-b2b71149-2b49-461f-8894-8667229c7f9b - - - - - -] Error starting thread.: ironic.common.exception.DriverLoadError: Driver, hardware type or interface ilo could not be loaded. Reason: invalid syntax (utils.py, line 1068).
2023-02-13 21:43:47.466 7 ERROR oslo_service.service Traceback (most recent call last):
2023-02-13 21:43:47.466 7 ERROR oslo_service.service   File "/var/lib/kolla/venv/lib/python3.9/site-packages/stevedore/extension.py", line 229, in _load_plugins
2023-02-13 21:43:47.466 7 ERROR oslo_service.service     ext = self._load_one_plugin(ep,
2023-02-13 21:43:47.466 7 ERROR oslo_service.service   File "/var/lib/kolla/venv/lib/python3.9/site-packages/stevedore/named.py", line 156, in _load_one_plugin
2023-02-13 21:43:47.466 7 ERROR oslo_service.service     return super(NamedExtensionManager, self)._load_one_plugin(
2023-02-13 21:43:47.466 7 ERROR oslo_service.service   File "/var/lib/kolla/venv/lib/python3.9/site-packages/stevedore/extension.py", line 263, in _load_one_plugin
2023-02-13 21:43:47.466 7 ERROR oslo_service.service     plugin = ep.load()
2023-02-13 21:43:47.466 7 ERROR oslo_service.service   File "/usr/lib64/python3.9/importlib/metadata.py", line 86, in load
2023-02-13 21:43:47.466 7 ERROR oslo_service.service     module = import_module(match.group('module'))
2023-02-13 21:43:47.466 7 ERROR oslo_service.service   File "/usr/lib64/python3.9/importlib/__init__.py", line 127, in import_module
2023-02-13 21:43:47.466 7 ERROR oslo_service.service     return _bootstrap._gcd_import(name[level:], package, level)
2023-02-13 21:43:47.466 7 ERROR oslo_service.service   File "<frozen importlib._bootstrap>", line 1030, in _gcd_import
2023-02-13 21:43:47.466 7 ERROR oslo_service.service   File "<frozen importlib._bootstrap>", line 1007, in _find_and_load
2023-02-13 21:43:47.466 7 ERROR oslo_service.service   File "<frozen importlib._bootstrap>", line 986, in _find_and_load_unlocked
2023-02-13 21:43:47.466 7 ERROR oslo_service.service   File "<frozen importlib._bootstrap>", line 680, in _load_unlocked
2023-02-13 21:43:47.466 7 ERROR oslo_service.service   File "<frozen importlib._bootstrap_external>", line 850, in exec_module
2023-02-13 21:43:47.466 7 ERROR oslo_service.service   File "<frozen importlib._bootstrap>", line 228, in _call_with_frames_removed
2023-02-13 21:43:47.466 7 ERROR oslo_service.service   File "/var/lib/kolla/venv/lib/python3.9/site-packages/ironic/drivers/ilo.py", line 19, in <module>
2023-02-13 21:43:47.466 7 ERROR oslo_service.service     from ironic.drivers import generic
2023-02-13 21:43:47.466 7 ERROR oslo_service.service   File "/var/lib/kolla/venv/lib/python3.9/site-packages/ironic/drivers/generic.py", line 26, in <module>
2023-02-13 21:43:47.466 7 ERROR oslo_service.service     from ironic.drivers.modules.network import flat as flat_net
2023-02-13 21:43:47.466 7 ERROR oslo_service.service   File "/var/lib/kolla/venv/lib/python3.9/site-packages/ironic/drivers/modules/network/flat.py", line 23, in <module>
2023-02-13 21:43:47.466 7 ERROR oslo_service.service     from ironic.common import neutron
2023-02-13 21:43:47.466 7 ERROR oslo_service.service   File "/var/lib/kolla/venv/lib/python3.9/site-packages/ironic/common/neutron.py", line 22, in <module>
2023-02-13 21:43:47.466 7 ERROR oslo_service.service     from ironic.api.controllers.v1 import utils as api_utils
2023-02-13 21:43:47.466 7 ERROR oslo_service.service   File "/var/lib/kolla/venv/lib/python3.9/site-packages/ironic/api/controllers/v1/__init__.py", line 29, in <module>
2023-02-13 21:43:47.466 7 ERROR oslo_service.service     from ironic.api.controllers.v1 import allocation
2023-02-13 21:43:47.466 7 ERROR oslo_service.service   File "/var/lib/kolla/venv/lib/python3.9/site-packages/ironic/api/controllers/v1/allocation.py", line 25, in <module>
2023-02-13 21:43:47.466 7 ERROR oslo_service.service     from ironic.api.controllers.v1 import utils as api_utils
2023-02-13 21:43:47.466 7 ERROR oslo_service.service   File "/var/lib/kolla/venv/lib/python3.9/site-packages/ironic/api/controllers/v1/utils.py", line 1068
2023-02-13 21:43:47.466 7 ERROR oslo_service.service     <<<<<<< HEAD
2023-02-13 21:43:47.466 7 ERROR oslo_service.service     ^
2023-02-13 21:43:47.466 7 ERROR oslo_service.service SyntaxError: invalid syntax
2023-02-13 21:43:47.466 7 ERROR oslo_service.service 
2023-02-13 21:43:47.466 7 ERROR oslo_service.service During handling of the above exception, another exception occurred:
2023-02-13 21:43:47.466 7 ERROR oslo_service.service 
2023-02-13 21:43:47.466 7 ERROR oslo_service.service Traceback (most recent call last):
2023-02-13 21:43:47.466 7 ERROR oslo_service.service   File "/var/lib/kolla/venv/lib/python3.9/site-packages/oslo_service/service.py", line 806, in run_service
2023-02-13 21:43:47.466 7 ERROR oslo_service.service     service.start()
2023-02-13 21:43:47.466 7 ERROR oslo_service.service   File "/var/lib/kolla/venv/lib/python3.9/site-packages/ironic/common/rpc_service.py", line 62, in start
2023-02-13 21:43:47.466 7 ERROR oslo_service.service     self._real_start()
2023-02-13 21:43:47.466 7 ERROR oslo_service.service   File "/var/lib/kolla/venv/lib/python3.9/site-packages/ironic/common/rpc_service.py", line 87, in _real_start
2023-02-13 21:43:47.466 7 ERROR oslo_service.service     self.manager.init_host(admin_context)
2023-02-13 21:43:47.466 7 ERROR oslo_service.service   File "/var/lib/kolla/venv/lib/python3.9/site-packages/ironic/conductor/base_manager.py", line 136, in init_host
2023-02-13 21:43:47.466 7 ERROR oslo_service.service     hardware_types = driver_factory.hardware_types()
2023-02-13 21:43:47.466 7 ERROR oslo_service.service   File "/var/lib/kolla/venv/lib/python3.9/site-packages/ironic/common/driver_factory.py", line 266, in hardware_types
2023-02-13 21:43:47.466 7 ERROR oslo_service.service     return _get_all_drivers(HardwareTypesFactory())
2023-02-13 21:43:47.466 7 ERROR oslo_service.service   File "/var/lib/kolla/venv/lib/python3.9/site-packages/ironic/common/driver_factory.py", line 336, in __init__
2023-02-13 21:43:47.466 7 ERROR oslo_service.service     self.__class__._init_extension_manager()
2023-02-13 21:43:47.466 7 ERROR oslo_service.service   File "/var/lib/kolla/venv/lib/python3.9/site-packages/ironic/common/driver_factory.py", line 407, in _init_extension_manager
2023-02-13 21:43:47.466 7 ERROR oslo_service.service     stevedore.NamedExtensionManager(
2023-02-13 21:43:47.466 7 ERROR oslo_service.service   File "/var/lib/kolla/venv/lib/python3.9/site-packages/stevedore/named.py", line 78, in __init__
2023-02-13 21:43:47.466 7 ERROR oslo_service.service     extensions = self._load_plugins(invoke_on_load,
2023-02-13 21:43:47.466 7 ERROR oslo_service.service   File "/var/lib/kolla/venv/lib/python3.9/site-packages/stevedore/extension.py", line 241, in _load_plugins
2023-02-13 21:43:47.466 7 ERROR oslo_service.service     self._on_load_failure_callback(self, ep, err)
2023-02-13 21:43:47.466 7 ERROR oslo_service.service   File "/var/lib/kolla/venv/lib/python3.9/site-packages/ironic/common/driver_factory.py", line 358, in _catch_driver_not_found
2023-02-13 21:43:47.466 7 ERROR oslo_service.service     raise exception.DriverLoadError(driver=ep.name, reason=exc)
2023-02-13 21:43:47.466 7 ERROR oslo_service.service ironic.common.exception.DriverLoadError: Driver, hardware type or interface ilo could not be loaded. Reason: invalid syntax (utils.py, line 1068).
2023-02-13 21:43:47.466 7 ERROR oslo_service.service 
2023-02-13 21:43:58.395 7 DEBUG oslo_db.api [-] Loading backend 'sqlalchemy' from 'ironic.db.sqlalchemy.api' _load_backend /var/lib/kolla/venv/lib/python3.9/site-packages/oslo_db/api.py:259
2023-02-13 21:43:59.995 7 DEBUG oslo_concurrency.lockutils [-] Acquiring lock "singleton_lock" lock /var/lib/kolla/venv/lib/python3.9/site-packages/oslo_concurrency/lockutils.py:312
2023-02-13 21:43:59.997 7 DEBUG oslo_concurrency.lockutils [-] Acquired lock "singleton_lock" lock /var/lib/kolla/venv/lib/python3.9/site-packages/oslo_concurrency/lockutils.py:315
2023-02-13 21:43:59.997 7 DEBUG oslo_concurrency.lockutils [-] Releasing lock "singleton_lock" lock /var/lib/kolla/venv/lib/python3.9/site-packages/oslo_concurrency/lockutils.py:333
2023-02-13 21:43:59.998 7 DEBUG ironic.conductor.base_manager [None req-95c52b11-b086-4468-b13c-a2bf0dc9f309 - - - - - -] Initializing database client for host-169-16-1-186. prepare_host /var/lib/kolla/venv/lib/python3.9/site-packages/ironic/conductor/base_manager.py:82
2023-02-13 21:43:59.999 7 DEBUG ironic.conductor.base_manager [None req-95c52b11-b086-4468-b13c-a2bf0dc9f309 - - - - - -] Removing stale locks from the database matching this conductor's hostname: host-169-16-1-186 prepare_host /var/lib/kolla/venv/lib/python3.9/site-packages/ironic/conductor/base_manager.py:84
2023-02-13 21:44:00.034 7 DEBUG oslo_db.sqlalchemy.engines [None req-95c52b11-b086-4468-b13c-a2bf0dc9f309 - - - - - -] MySQL server mode set to STRICT_TRANS_TABLES,STRICT_ALL_TABLES,NO_ZERO_IN_DATE,NO_ZERO_DATE,ERROR_FOR_DIVISION_BY_ZERO,TRADITIONAL,NO_AUTO_CREATE_USER,NO_ENGINE_SUBSTITUTION _check_effective_sql_mode /var/lib/kolla/venv/lib/python3.9/site-packages/oslo_db/sqlalchemy/engines.py:326
2023-02-13 21:44:00.347 7 ERROR oslo_service.service [None req-95c52b11-b086-4468-b13c-a2bf0dc9f309 - - - - - -] Error starting thread.: ironic.common.exception.DriverLoadError: Driver, hardware type or interface ilo could not be loaded. Reason: invalid syntax (utils.py, line 1068).
2023-02-13 21:44:00.347 7 ERROR oslo_service.service Traceback (most recent call last):
2023-02-13 21:44:00.347 7 ERROR oslo_service.service   File "/var/lib/kolla/venv/lib/python3.9/site-packages/stevedore/extension.py", line 229, in _load_plugins
2023-02-13 21:44:00.347 7 ERROR oslo_service.service     ext = self._load_one_plugin(ep,
2023-02-13 21:44:00.347 7 ERROR oslo_service.service   File "/var/lib/kolla/venv/lib/python3.9/site-packages/stevedore/named.py", line 156, in _load_one_plugin
2023-02-13 21:44:00.347 7 ERROR oslo_service.service     return super(NamedExtensionManager, self)._load_one_plugin(
2023-02-13 21:44:00.347 7 ERROR oslo_service.service   File "/var/lib/kolla/venv/lib/python3.9/site-packages/stevedore/extension.py", line 263, in _load_one_plugin
2023-02-13 21:44:00.347 7 ERROR oslo_service.service     plugin = ep.load()
2023-02-13 21:44:00.347 7 ERROR oslo_service.service   File "/usr/lib64/python3.9/importlib/metadata.py", line 86, in load
2023-02-13 21:44:00.347 7 ERROR oslo_service.service     module = import_module(match.group('module'))
2023-02-13 21:44:00.347 7 ERROR oslo_service.service   File "/usr/lib64/python3.9/importlib/__init__.py", line 127, in import_module
2023-02-13 21:44:00.347 7 ERROR oslo_service.service     return _bootstrap._gcd_import(name[level:], package, level)
2023-02-13 21:44:00.347 7 ERROR oslo_service.service   File "<frozen importlib._bootstrap>", line 1030, in _gcd_import
2023-02-13 21:44:00.347 7 ERROR oslo_service.service   File "<frozen importlib._bootstrap>", line 1007, in _find_and_load
2023-02-13 21:44:00.347 7 ERROR oslo_service.service   File "<frozen importlib._bootstrap>", line 986, in _find_and_load_unlocked
2023-02-13 21:44:00.347 7 ERROR oslo_service.service   File "<frozen importlib._bootstrap>", line 680, in _load_unlocked
2023-02-13 21:44:00.347 7 ERROR oslo_service.service   File "<frozen importlib._bootstrap_external>", line 850, in exec_module
2023-02-13 21:44:00.347 7 ERROR oslo_service.service   File "<frozen importlib._bootstrap>", line 228, in _call_with_frames_removed
2023-02-13 21:44:00.347 7 ERROR oslo_service.service   File "/var/lib/kolla/venv/lib/python3.9/site-packages/ironic/drivers/ilo.py", line 19, in <module>
2023-02-13 21:44:00.347 7 ERROR oslo_service.service     from ironic.drivers import generic
2023-02-13 21:44:00.347 7 ERROR oslo_service.service   File "/var/lib/kolla/venv/lib/python3.9/site-packages/ironic/drivers/generic.py", line 26, in <module>
2023-02-13 21:44:00.347 7 ERROR oslo_service.service     from ironic.drivers.modules.network import flat as flat_net
2023-02-13 21:44:00.347 7 ERROR oslo_service.service   File "/var/lib/kolla/venv/lib/python3.9/site-packages/ironic/drivers/modules/network/flat.py", line 23, in <module>
2023-02-13 21:44:00.347 7 ERROR oslo_service.service     from ironic.common import neutron
2023-02-13 21:44:00.347 7 ERROR oslo_service.service   File "/var/lib/kolla/venv/lib/python3.9/site-packages/ironic/common/neutron.py", line 22, in <module>
2023-02-13 21:44:00.347 7 ERROR oslo_service.service     from ironic.api.controllers.v1 import utils as api_utils
2023-02-13 21:44:00.347 7 ERROR oslo_service.service   File "/var/lib/kolla/venv/lib/python3.9/site-packages/ironic/api/controllers/v1/__init__.py", line 29, in <module>
2023-02-13 21:44:00.347 7 ERROR oslo_service.service     from ironic.api.controllers.v1 import allocation
2023-02-13 21:44:00.347 7 ERROR oslo_service.service   File "/var/lib/kolla/venv/lib/python3.9/site-packages/ironic/api/controllers/v1/allocation.py", line 25, in <module>
2023-02-13 21:44:00.347 7 ERROR oslo_service.service     from ironic.api.controllers.v1 import utils as api_utils
2023-02-13 21:44:00.347 7 ERROR oslo_service.service   File "/var/lib/kolla/venv/lib/python3.9/site-packages/ironic/api/controllers/v1/utils.py", line 1068
2023-02-13 21:44:00.347 7 ERROR oslo_service.service     <<<<<<< HEAD
2023-02-13 21:44:00.347 7 ERROR oslo_service.service     ^
2023-02-13 21:44:00.347 7 ERROR oslo_service.service SyntaxError: invalid syntax
2023-02-13 21:44:00.347 7 ERROR oslo_service.service 
2023-02-13 21:44:00.347 7 ERROR oslo_service.service During handling of the above exception, another exception occurred:
2023-02-13 21:44:00.347 7 ERROR oslo_service.service 
2023-02-13 21:44:00.347 7 ERROR oslo_service.service Traceback (most recent call last):
2023-02-13 21:44:00.347 7 ERROR oslo_service.service   File "/var/lib/kolla/venv/lib/python3.9/site-packages/oslo_service/service.py", line 806, in run_service
2023-02-13 21:44:00.347 7 ERROR oslo_service.service     service.start()
2023-02-13 21:44:00.347 7 ERROR oslo_service.service   File "/var/lib/kolla/venv/lib/python3.9/site-packages/ironic/common/rpc_service.py", line 62, in start
2023-02-13 21:44:00.347 7 ERROR oslo_service.service     self._real_start()
2023-02-13 21:44:00.347 7 ERROR oslo_service.service   File "/var/lib/kolla/venv/lib/python3.9/site-packages/ironic/common/rpc_service.py", line 87, in _real_start
2023-02-13 21:44:00.347 7 ERROR oslo_service.service     self.manager.init_host(admin_context)
2023-02-13 21:44:00.347 7 ERROR oslo_service.service   File "/var/lib/kolla/venv/lib/python3.9/site-packages/ironic/conductor/base_manager.py", line 136, in init_host
2023-02-13 21:44:00.347 7 ERROR oslo_service.service     hardware_types = driver_factory.hardware_types()
2023-02-13 21:44:00.347 7 ERROR oslo_service.service   File "/var/lib/kolla/venv/lib/python3.9/site-packages/ironic/common/driver_factory.py", line 266, in hardware_types
2023-02-13 21:44:00.347 7 ERROR oslo_service.service     return _get_all_drivers(HardwareTypesFactory())
2023-02-13 21:44:00.347 7 ERROR oslo_service.service   File "/var/lib/kolla/venv/lib/python3.9/site-packages/ironic/common/driver_factory.py", line 336, in __init__
2023-02-13 21:44:00.347 7 ERROR oslo_service.service     self.__class__._init_extension_manager()
2023-02-13 21:44:00.347 7 ERROR oslo_service.service   File "/var/lib/kolla/venv/lib/python3.9/site-packages/ironic/common/driver_factory.py", line 407, in _init_extension_manager
2023-02-13 21:44:00.347 7 ERROR oslo_service.service     stevedore.NamedExtensionManager(
2023-02-13 21:44:00.347 7 ERROR oslo_service.service   File "/var/lib/kolla/venv/lib/python3.9/site-packages/stevedore/named.py", line 78, in __init__
2023-02-13 21:44:00.347 7 ERROR oslo_service.service     extensions = self._load_plugins(invoke_on_load,
2023-02-13 21:44:00.347 7 ERROR oslo_service.service   File "/var/lib/kolla/venv/lib/python3.9/site-packages/stevedore/extension.py", line 241, in _load_plugins
2023-02-13 21:44:00.347 7 ERROR oslo_service.service     self._on_load_failure_callback(self, ep, err)
2023-02-13 21:44:00.347 7 ERROR oslo_service.service   File "/var/lib/kolla/venv/lib/python3.9/site-packages/ironic/common/driver_factory.py", line 358, in _catch_driver_not_found
2023-02-13 21:44:00.347 7 ERROR oslo_service.service     raise exception.DriverLoadError(driver=ep.name, reason=exc)
2023-02-13 21:44:00.347 7 ERROR oslo_service.service ironic.common.exception.DriverLoadError: Driver, hardware type or interface ilo could not be loaded. Reason: invalid syntax (utils.py, line 1068).
2023-02-13 21:44:00.347 7 ERROR oslo_service.service 
2023-02-13 21:44:18.743 7 DEBUG oslo_db.api [-] Loading backend 'sqlalchemy' from 'ironic.db.sqlalchemy.api' _load_backend /var/lib/kolla/venv/lib/python3.9/site-packages/oslo_db/api.py:259
2023-02-13 21:44:20.530 7 DEBUG oslo_concurrency.lockutils [-] Acquiring lock "singleton_lock" lock /var/lib/kolla/venv/lib/python3.9/site-packages/oslo_concurrency/lockutils.py:312
2023-02-13 21:44:20.532 7 DEBUG oslo_concurrency.lockutils [-] Acquired lock "singleton_lock" lock /var/lib/kolla/venv/lib/python3.9/site-packages/oslo_concurrency/lockutils.py:315
2023-02-13 21:44:20.533 7 DEBUG oslo_concurrency.lockutils [-] Releasing lock "singleton_lock" lock /var/lib/kolla/venv/lib/python3.9/site-packages/oslo_concurrency/lockutils.py:333
2023-02-13 21:44:20.534 7 DEBUG ironic.conductor.base_manager [None req-6b94478c-fca2-476b-a52a-1f5da853e062 - - - - - -] Initializing database client for host-169-16-1-186. prepare_host /var/lib/kolla/venv/lib/python3.9/site-packages/ironic/conductor/base_manager.py:82
2023-02-13 21:44:20.534 7 DEBUG ironic.conductor.base_manager [None req-6b94478c-fca2-476b-a52a-1f5da853e062 - - - - - -] Removing stale locks from the database matching this conductor's hostname: host-169-16-1-186 prepare_host /var/lib/kolla/venv/lib/python3.9/site-packages/ironic/conductor/base_manager.py:84
2023-02-13 21:44:20.576 7 DEBUG oslo_db.sqlalchemy.engines [None req-6b94478c-fca2-476b-a52a-1f5da853e062 - - - - - -] MySQL server mode set to STRICT_TRANS_TABLES,STRICT_ALL_TABLES,NO_ZERO_IN_DATE,NO_ZERO_DATE,ERROR_FOR_DIVISION_BY_ZERO,TRADITIONAL,NO_AUTO_CREATE_USER,NO_ENGINE_SUBSTITUTION _check_effective_sql_mode /var/lib/kolla/venv/lib/python3.9/site-packages/oslo_db/sqlalchemy/engines.py:326
2023-02-13 21:44:20.888 7 ERROR oslo_service.service [None req-6b94478c-fca2-476b-a52a-1f5da853e062 - - - - - -] Error starting thread.: ironic.common.exception.DriverLoadError: Driver, hardware type or interface ilo could not be loaded. Reason: invalid syntax (utils.py, line 1068).
2023-02-13 21:44:20.888 7 ERROR oslo_service.service Traceback (most recent call last):
2023-02-13 21:44:20.888 7 ERROR oslo_service.service   File "/var/lib/kolla/venv/lib/python3.9/site-packages/stevedore/extension.py", line 229, in _load_plugins
2023-02-13 21:44:20.888 7 ERROR oslo_service.service     ext = self._load_one_plugin(ep,
2023-02-13 21:44:20.888 7 ERROR oslo_service.service   File "/var/lib/kolla/venv/lib/python3.9/site-packages/stevedore/named.py", line 156, in _load_one_plugin
2023-02-13 21:44:20.888 7 ERROR oslo_service.service     return super(NamedExtensionManager, self)._load_one_plugin(
2023-02-13 21:44:20.888 7 ERROR oslo_service.service   File "/var/lib/kolla/venv/lib/python3.9/site-packages/stevedore/extension.py", line 263, in _load_one_plugin
2023-02-13 21:44:20.888 7 ERROR oslo_service.service     plugin = ep.load()
2023-02-13 21:44:20.888 7 ERROR oslo_service.service   File "/usr/lib64/python3.9/importlib/metadata.py", line 86, in load
2023-02-13 21:44:20.888 7 ERROR oslo_service.service     module = import_module(match.group('module'))
2023-02-13 21:44:20.888 7 ERROR oslo_service.service   File "/usr/lib64/python3.9/importlib/__init__.py", line 127, in import_module
2023-02-13 21:44:20.888 7 ERROR oslo_service.service     return _bootstrap._gcd_import(name[level:], package, level)
2023-02-13 21:44:20.888 7 ERROR oslo_service.service   File "<frozen importlib._bootstrap>", line 1030, in _gcd_import
2023-02-13 21:44:20.888 7 ERROR oslo_service.service   File "<frozen importlib._bootstrap>", line 1007, in _find_and_load
2023-02-13 21:44:20.888 7 ERROR oslo_service.service   File "<frozen importlib._bootstrap>", line 986, in _find_and_load_unlocked
2023-02-13 21:44:20.888 7 ERROR oslo_service.service   File "<frozen importlib._bootstrap>", line 680, in _load_unlocked
2023-02-13 21:44:20.888 7 ERROR oslo_service.service   File "<frozen importlib._bootstrap_external>", line 850, in exec_module
2023-02-13 21:44:20.888 7 ERROR oslo_service.service   File "<frozen importlib._bootstrap>", line 228, in _call_with_frames_removed
2023-02-13 21:44:20.888 7 ERROR oslo_service.service   File "/var/lib/kolla/venv/lib/python3.9/site-packages/ironic/drivers/ilo.py", line 19, in <module>
2023-02-13 21:44:20.888 7 ERROR oslo_service.service     from ironic.drivers import generic
2023-02-13 21:44:20.888 7 ERROR oslo_service.service   File "/var/lib/kolla/venv/lib/python3.9/site-packages/ironic/drivers/generic.py", line 26, in <module>
2023-02-13 21:44:20.888 7 ERROR oslo_service.service     from ironic.drivers.modules.network import flat as flat_net
2023-02-13 21:44:20.888 7 ERROR oslo_service.service   File "/var/lib/kolla/venv/lib/python3.9/site-packages/ironic/drivers/modules/network/flat.py", line 23, in <module>
2023-02-13 21:44:20.888 7 ERROR oslo_service.service     from ironic.common import neutron
2023-02-13 21:44:20.888 7 ERROR oslo_service.service   File "/var/lib/kolla/venv/lib/python3.9/site-packages/ironic/common/neutron.py", line 22, in <module>
2023-02-13 21:44:20.888 7 ERROR oslo_service.service     from ironic.api.controllers.v1 import utils as api_utils
2023-02-13 21:44:20.888 7 ERROR oslo_service.service   File "/var/lib/kolla/venv/lib/python3.9/site-packages/ironic/api/controllers/v1/__init__.py", line 29, in <module>
2023-02-13 21:44:20.888 7 ERROR oslo_service.service     from ironic.api.controllers.v1 import allocation
2023-02-13 21:44:20.888 7 ERROR oslo_service.service   File "/var/lib/kolla/venv/lib/python3.9/site-packages/ironic/api/controllers/v1/allocation.py", line 25, in <module>
2023-02-13 21:44:20.888 7 ERROR oslo_service.service     from ironic.api.controllers.v1 import utils as api_utils
2023-02-13 21:44:20.888 7 ERROR oslo_service.service   File "/var/lib/kolla/venv/lib/python3.9/site-packages/ironic/api/controllers/v1/utils.py", line 1068
2023-02-13 21:44:20.888 7 ERROR oslo_service.service     <<<<<<< HEAD
2023-02-13 21:44:20.888 7 ERROR oslo_service.service     ^
2023-02-13 21:44:20.888 7 ERROR oslo_service.service SyntaxError: invalid syntax
2023-02-13 21:44:20.888 7 ERROR oslo_service.service 
2023-02-13 21:44:20.888 7 ERROR oslo_service.service During handling of the above exception, another exception occurred:
2023-02-13 21:44:20.888 7 ERROR oslo_service.service 
2023-02-13 21:44:20.888 7 ERROR oslo_service.service Traceback (most recent call last):
2023-02-13 21:44:20.888 7 ERROR oslo_service.service   File "/var/lib/kolla/venv/lib/python3.9/site-packages/oslo_service/service.py", line 806, in run_service
2023-02-13 21:44:20.888 7 ERROR oslo_service.service     service.start()
2023-02-13 21:44:20.888 7 ERROR oslo_service.service   File "/var/lib/kolla/venv/lib/python3.9/site-packages/ironic/common/rpc_service.py", line 62, in start
2023-02-13 21:44:20.888 7 ERROR oslo_service.service     self._real_start()
2023-02-13 21:44:20.888 7 ERROR oslo_service.service   File "/var/lib/kolla/venv/lib/python3.9/site-packages/ironic/common/rpc_service.py", line 87, in _real_start
2023-02-13 21:44:20.888 7 ERROR oslo_service.service     self.manager.init_host(admin_context)
2023-02-13 21:44:20.888 7 ERROR oslo_service.service   File "/var/lib/kolla/venv/lib/python3.9/site-packages/ironic/conductor/base_manager.py", line 136, in init_host
2023-02-13 21:44:20.888 7 ERROR oslo_service.service     hardware_types = driver_factory.hardware_types()
2023-02-13 21:44:20.888 7 ERROR oslo_service.service   File "/var/lib/kolla/venv/lib/python3.9/site-packages/ironic/common/driver_factory.py", line 266, in hardware_types
2023-02-13 21:44:20.888 7 ERROR oslo_service.service     return _get_all_drivers(HardwareTypesFactory())
2023-02-13 21:44:20.888 7 ERROR oslo_service.service   File "/var/lib/kolla/venv/lib/python3.9/site-packages/ironic/common/driver_factory.py", line 336, in __init__
2023-02-13 21:44:20.888 7 ERROR oslo_service.service     self.__class__._init_extension_manager()
2023-02-13 21:44:20.888 7 ERROR oslo_service.service   File "/var/lib/kolla/venv/lib/python3.9/site-packages/ironic/common/driver_factory.py", line 407, in _init_extension_manager
2023-02-13 21:44:20.888 7 ERROR oslo_service.service     stevedore.NamedExtensionManager(
2023-02-13 21:44:20.888 7 ERROR oslo_service.service   File "/var/lib/kolla/venv/lib/python3.9/site-packages/stevedore/named.py", line 78, in __init__
2023-02-13 21:44:20.888 7 ERROR oslo_service.service     extensions = self._load_plugins(invoke_on_load,
2023-02-13 21:44:20.888 7 ERROR oslo_service.service   File "/var/lib/kolla/venv/lib/python3.9/site-packages/stevedore/extension.py", line 241, in _load_plugins
2023-02-13 21:44:20.888 7 ERROR oslo_service.service     self._on_load_failure_callback(self, ep, err)
2023-02-13 21:44:20.888 7 ERROR oslo_service.service   File "/var/lib/kolla/venv/lib/python3.9/site-packages/ironic/common/driver_factory.py", line 358, in _catch_driver_not_found
2023-02-13 21:44:20.888 7 ERROR oslo_service.service     raise exception.DriverLoadError(driver=ep.name, reason=exc)
2023-02-13 21:44:20.888 7 ERROR oslo_service.service ironic.common.exception.DriverLoadError: Driver, hardware type or interface ilo could not be loaded. Reason: invalid syntax (utils.py, line 1068).
2023-02-13 21:44:20.888 7 ERROR oslo_service.service 
2023-02-13 21:44:52.817 7 DEBUG oslo_db.api [-] Loading backend 'sqlalchemy' from 'ironic.db.sqlalchemy.api' _load_backend /var/lib/kolla/venv/lib/python3.9/site-packages/oslo_db/api.py:259
2023-02-13 21:44:55.600 7 DEBUG oslo_concurrency.lockutils [-] Acquiring lock "singleton_lock" lock /var/lib/kolla/venv/lib/python3.9/site-packages/oslo_concurrency/lockutils.py:312
2023-02-13 21:44:55.602 7 DEBUG oslo_concurrency.lockutils [-] Acquired lock "singleton_lock" lock /var/lib/kolla/venv/lib/python3.9/site-packages/oslo_concurrency/lockutils.py:315
2023-02-13 21:44:55.602 7 DEBUG oslo_concurrency.lockutils [-] Releasing lock "singleton_lock" lock /var/lib/kolla/venv/lib/python3.9/site-packages/oslo_concurrency/lockutils.py:333
2023-02-13 21:44:55.612 7 DEBUG ironic.conductor.base_manager [None req-c016a40c-728e-403b-a1b9-1312cd428b3a - - - - - -] Initializing database client for host-169-16-1-186. prepare_host /var/lib/kolla/venv/lib/python3.9/site-packages/ironic/conductor/base_manager.py:82
2023-02-13 21:44:55.613 7 DEBUG ironic.conductor.base_manager [None req-c016a40c-728e-403b-a1b9-1312cd428b3a - - - - - -] Removing stale locks from the database matching this conductor's hostname: host-169-16-1-186 prepare_host /var/lib/kolla/venv/lib/python3.9/site-packages/ironic/conductor/base_manager.py:84
2023-02-13 21:44:55.654 7 DEBUG oslo_db.sqlalchemy.engines [None req-c016a40c-728e-403b-a1b9-1312cd428b3a - - - - - -] MySQL server mode set to STRICT_TRANS_TABLES,STRICT_ALL_TABLES,NO_ZERO_IN_DATE,NO_ZERO_DATE,ERROR_FOR_DIVISION_BY_ZERO,TRADITIONAL,NO_AUTO_CREATE_USER,NO_ENGINE_SUBSTITUTION _check_effective_sql_mode /var/lib/kolla/venv/lib/python3.9/site-packages/oslo_db/sqlalchemy/engines.py:326
2023-02-13 21:44:56.022 7 ERROR oslo_service.service [None req-c016a40c-728e-403b-a1b9-1312cd428b3a - - - - - -] Error starting thread.: ironic.common.exception.DriverLoadError: Driver, hardware type or interface ilo could not be loaded. Reason: invalid syntax (utils.py, line 1068).
2023-02-13 21:44:56.022 7 ERROR oslo_service.service Traceback (most recent call last):
2023-02-13 21:44:56.022 7 ERROR oslo_service.service   File "/var/lib/kolla/venv/lib/python3.9/site-packages/stevedore/extension.py", line 229, in _load_plugins
2023-02-13 21:44:56.022 7 ERROR oslo_service.service     ext = self._load_one_plugin(ep,
2023-02-13 21:44:56.022 7 ERROR oslo_service.service   File "/var/lib/kolla/venv/lib/python3.9/site-packages/stevedore/named.py", line 156, in _load_one_plugin
2023-02-13 21:44:56.022 7 ERROR oslo_service.service     return super(NamedExtensionManager, self)._load_one_plugin(
2023-02-13 21:44:56.022 7 ERROR oslo_service.service   File "/var/lib/kolla/venv/lib/python3.9/site-packages/stevedore/extension.py", line 263, in _load_one_plugin
2023-02-13 21:44:56.022 7 ERROR oslo_service.service     plugin = ep.load()
2023-02-13 21:44:56.022 7 ERROR oslo_service.service   File "/usr/lib64/python3.9/importlib/metadata.py", line 86, in load
2023-02-13 21:44:56.022 7 ERROR oslo_service.service     module = import_module(match.group('module'))
2023-02-13 21:44:56.022 7 ERROR oslo_service.service   File "/usr/lib64/python3.9/importlib/__init__.py", line 127, in import_module
2023-02-13 21:44:56.022 7 ERROR oslo_service.service     return _bootstrap._gcd_import(name[level:], package, level)
2023-02-13 21:44:56.022 7 ERROR oslo_service.service   File "<frozen importlib._bootstrap>", line 1030, in _gcd_import
2023-02-13 21:44:56.022 7 ERROR oslo_service.service   File "<frozen importlib._bootstrap>", line 1007, in _find_and_load
2023-02-13 21:44:56.022 7 ERROR oslo_service.service   File "<frozen importlib._bootstrap>", line 986, in _find_and_load_unlocked
2023-02-13 21:44:56.022 7 ERROR oslo_service.service   File "<frozen importlib._bootstrap>", line 680, in _load_unlocked
2023-02-13 21:44:56.022 7 ERROR oslo_service.service   File "<frozen importlib._bootstrap_external>", line 850, in exec_module
2023-02-13 21:44:56.022 7 ERROR oslo_service.service   File "<frozen importlib._bootstrap>", line 228, in _call_with_frames_removed
2023-02-13 21:44:56.022 7 ERROR oslo_service.service   File "/var/lib/kolla/venv/lib/python3.9/site-packages/ironic/drivers/ilo.py", line 19, in <module>
2023-02-13 21:44:56.022 7 ERROR oslo_service.service     from ironic.drivers import generic
2023-02-13 21:44:56.022 7 ERROR oslo_service.service   File "/var/lib/kolla/venv/lib/python3.9/site-packages/ironic/drivers/generic.py", line 26, in <module>
2023-02-13 21:44:56.022 7 ERROR oslo_service.service     from ironic.drivers.modules.network import flat as flat_net
2023-02-13 21:44:56.022 7 ERROR oslo_service.service   File "/var/lib/kolla/venv/lib/python3.9/site-packages/ironic/drivers/modules/network/flat.py", line 23, in <module>
2023-02-13 21:44:56.022 7 ERROR oslo_service.service     from ironic.common import neutron
2023-02-13 21:44:56.022 7 ERROR oslo_service.service   File "/var/lib/kolla/venv/lib/python3.9/site-packages/ironic/common/neutron.py", line 22, in <module>
2023-02-13 21:44:56.022 7 ERROR oslo_service.service     from ironic.api.controllers.v1 import utils as api_utils
2023-02-13 21:44:56.022 7 ERROR oslo_service.service   File "/var/lib/kolla/venv/lib/python3.9/site-packages/ironic/api/controllers/v1/__init__.py", line 29, in <module>
2023-02-13 21:44:56.022 7 ERROR oslo_service.service     from ironic.api.controllers.v1 import allocation
2023-02-13 21:44:56.022 7 ERROR oslo_service.service   File "/var/lib/kolla/venv/lib/python3.9/site-packages/ironic/api/controllers/v1/allocation.py", line 25, in <module>
2023-02-13 21:44:56.022 7 ERROR oslo_service.service     from ironic.api.controllers.v1 import utils as api_utils
2023-02-13 21:44:56.022 7 ERROR oslo_service.service   File "/var/lib/kolla/venv/lib/python3.9/site-packages/ironic/api/controllers/v1/utils.py", line 1068
2023-02-13 21:44:56.022 7 ERROR oslo_service.service     <<<<<<< HEAD
2023-02-13 21:44:56.022 7 ERROR oslo_service.service     ^
2023-02-13 21:44:56.022 7 ERROR oslo_service.service SyntaxError: invalid syntax
2023-02-13 21:44:56.022 7 ERROR oslo_service.service 
2023-02-13 21:44:56.022 7 ERROR oslo_service.service During handling of the above exception, another exception occurred:
2023-02-13 21:44:56.022 7 ERROR oslo_service.service 
2023-02-13 21:44:56.022 7 ERROR oslo_service.service Traceback (most recent call last):
2023-02-13 21:44:56.022 7 ERROR oslo_service.service   File "/var/lib/kolla/venv/lib/python3.9/site-packages/oslo_service/service.py", line 806, in run_service
2023-02-13 21:44:56.022 7 ERROR oslo_service.service     service.start()
2023-02-13 21:44:56.022 7 ERROR oslo_service.service   File "/var/lib/kolla/venv/lib/python3.9/site-packages/ironic/common/rpc_service.py", line 62, in start
2023-02-13 21:44:56.022 7 ERROR oslo_service.service     self._real_start()
2023-02-13 21:44:56.022 7 ERROR oslo_service.service   File "/var/lib/kolla/venv/lib/python3.9/site-packages/ironic/common/rpc_service.py", line 87, in _real_start
2023-02-13 21:44:56.022 7 ERROR oslo_service.service     self.manager.init_host(admin_context)
2023-02-13 21:44:56.022 7 ERROR oslo_service.service   File "/var/lib/kolla/venv/lib/python3.9/site-packages/ironic/conductor/base_manager.py", line 136, in init_host
2023-02-13 21:44:56.022 7 ERROR oslo_service.service     hardware_types = driver_factory.hardware_types()
2023-02-13 21:44:56.022 7 ERROR oslo_service.service   File "/var/lib/kolla/venv/lib/python3.9/site-packages/ironic/common/driver_factory.py", line 266, in hardware_types
2023-02-13 21:44:56.022 7 ERROR oslo_service.service     return _get_all_drivers(HardwareTypesFactory())
2023-02-13 21:44:56.022 7 ERROR oslo_service.service   File "/var/lib/kolla/venv/lib/python3.9/site-packages/ironic/common/driver_factory.py", line 336, in __init__
2023-02-13 21:44:56.022 7 ERROR oslo_service.service     self.__class__._init_extension_manager()
2023-02-13 21:44:56.022 7 ERROR oslo_service.service   File "/var/lib/kolla/venv/lib/python3.9/site-packages/ironic/common/driver_factory.py", line 407, in _init_extension_manager
2023-02-13 21:44:56.022 7 ERROR oslo_service.service     stevedore.NamedExtensionManager(
2023-02-13 21:44:56.022 7 ERROR oslo_service.service   File "/var/lib/kolla/venv/lib/python3.9/site-packages/stevedore/named.py", line 78, in __init__
2023-02-13 21:44:56.022 7 ERROR oslo_service.service     extensions = self._load_plugins(invoke_on_load,
2023-02-13 21:44:56.022 7 ERROR oslo_service.service   File "/var/lib/kolla/venv/lib/python3.9/site-packages/stevedore/extension.py", line 241, in _load_plugins
2023-02-13 21:44:56.022 7 ERROR oslo_service.service     self._on_load_failure_callback(self, ep, err)
2023-02-13 21:44:56.022 7 ERROR oslo_service.service   File "/var/lib/kolla/venv/lib/python3.9/site-packages/ironic/common/driver_factory.py", line 358, in _catch_driver_not_found
2023-02-13 21:44:56.022 7 ERROR oslo_service.service     raise exception.DriverLoadError(driver=ep.name, reason=exc)
2023-02-13 21:44:56.022 7 ERROR oslo_service.service ironic.common.exception.DriverLoadError: Driver, hardware type or interface ilo could not be loaded. Reason: invalid syntax (utils.py, line 1068).
2023-02-13 21:44:56.022 7 ERROR oslo_service.service 
2023-02-13 21:45:51.949 7 DEBUG oslo_db.api [-] Loading backend 'sqlalchemy' from 'ironic.db.sqlalchemy.api' _load_backend /var/lib/kolla/venv/lib/python3.9/site-packages/oslo_db/api.py:259
2023-02-13 21:45:53.474 7 DEBUG oslo_concurrency.lockutils [-] Acquiring lock "singleton_lock" lock /var/lib/kolla/venv/lib/python3.9/site-packages/oslo_concurrency/lockutils.py:312
2023-02-13 21:45:53.475 7 DEBUG oslo_concurrency.lockutils [-] Acquired lock "singleton_lock" lock /var/lib/kolla/venv/lib/python3.9/site-packages/oslo_concurrency/lockutils.py:315
2023-02-13 21:45:53.476 7 DEBUG oslo_concurrency.lockutils [-] Releasing lock "singleton_lock" lock /var/lib/kolla/venv/lib/python3.9/site-packages/oslo_concurrency/lockutils.py:333
2023-02-13 21:45:53.477 7 DEBUG ironic.conductor.base_manager [None req-4e833985-e3f3-4971-bfb9-d5e313dfc2ad - - - - - -] Initializing database client for host-169-16-1-186. prepare_host /var/lib/kolla/venv/lib/python3.9/site-packages/ironic/conductor/base_manager.py:82
2023-02-13 21:45:53.478 7 DEBUG ironic.conductor.base_manager [None req-4e833985-e3f3-4971-bfb9-d5e313dfc2ad - - - - - -] Removing stale locks from the database matching this conductor's hostname: host-169-16-1-186 prepare_host /var/lib/kolla/venv/lib/python3.9/site-packages/ironic/conductor/base_manager.py:84
2023-02-13 21:45:53.513 7 DEBUG oslo_db.sqlalchemy.engines [None req-4e833985-e3f3-4971-bfb9-d5e313dfc2ad - - - - - -] MySQL server mode set to STRICT_TRANS_TABLES,STRICT_ALL_TABLES,NO_ZERO_IN_DATE,NO_ZERO_DATE,ERROR_FOR_DIVISION_BY_ZERO,TRADITIONAL,NO_AUTO_CREATE_USER,NO_ENGINE_SUBSTITUTION _check_effective_sql_mode /var/lib/kolla/venv/lib/python3.9/site-packages/oslo_db/sqlalchemy/engines.py:326
2023-02-13 21:45:53.796 7 ERROR oslo_service.service [None req-4e833985-e3f3-4971-bfb9-d5e313dfc2ad - - - - - -] Error starting thread.: ironic.common.exception.DriverLoadError: Driver, hardware type or interface ilo could not be loaded. Reason: invalid syntax (utils.py, line 1068).
2023-02-13 21:45:53.796 7 ERROR oslo_service.service Traceback (most recent call last):
2023-02-13 21:45:53.796 7 ERROR oslo_service.service   File "/var/lib/kolla/venv/lib/python3.9/site-packages/stevedore/extension.py", line 229, in _load_plugins
2023-02-13 21:45:53.796 7 ERROR oslo_service.service     ext = self._load_one_plugin(ep,
2023-02-13 21:45:53.796 7 ERROR oslo_service.service   File "/var/lib/kolla/venv/lib/python3.9/site-packages/stevedore/named.py", line 156, in _load_one_plugin
2023-02-13 21:45:53.796 7 ERROR oslo_service.service     return super(NamedExtensionManager, self)._load_one_plugin(
2023-02-13 21:45:53.796 7 ERROR oslo_service.service   File "/var/lib/kolla/venv/lib/python3.9/site-packages/stevedore/extension.py", line 263, in _load_one_plugin
2023-02-13 21:45:53.796 7 ERROR oslo_service.service     plugin = ep.load()
2023-02-13 21:45:53.796 7 ERROR oslo_service.service   File "/usr/lib64/python3.9/importlib/metadata.py", line 86, in load
2023-02-13 21:45:53.796 7 ERROR oslo_service.service     module = import_module(match.group('module'))
2023-02-13 21:45:53.796 7 ERROR oslo_service.service   File "/usr/lib64/python3.9/importlib/__init__.py", line 127, in import_module
2023-02-13 21:45:53.796 7 ERROR oslo_service.service     return _bootstrap._gcd_import(name[level:], package, level)
2023-02-13 21:45:53.796 7 ERROR oslo_service.service   File "<frozen importlib._bootstrap>", line 1030, in _gcd_import
2023-02-13 21:45:53.796 7 ERROR oslo_service.service   File "<frozen importlib._bootstrap>", line 1007, in _find_and_load
2023-02-13 21:45:53.796 7 ERROR oslo_service.service   File "<frozen importlib._bootstrap>", line 986, in _find_and_load_unlocked
2023-02-13 21:45:53.796 7 ERROR oslo_service.service   File "<frozen importlib._bootstrap>", line 680, in _load_unlocked
2023-02-13 21:45:53.796 7 ERROR oslo_service.service   File "<frozen importlib._bootstrap_external>", line 850, in exec_module
2023-02-13 21:45:53.796 7 ERROR oslo_service.service   File "<frozen importlib._bootstrap>", line 228, in _call_with_frames_removed
2023-02-13 21:45:53.796 7 ERROR oslo_service.service   File "/var/lib/kolla/venv/lib/python3.9/site-packages/ironic/drivers/ilo.py", line 19, in <module>
2023-02-13 21:45:53.796 7 ERROR oslo_service.service     from ironic.drivers import generic
2023-02-13 21:45:53.796 7 ERROR oslo_service.service   File "/var/lib/kolla/venv/lib/python3.9/site-packages/ironic/drivers/generic.py", line 26, in <module>
2023-02-13 21:45:53.796 7 ERROR oslo_service.service     from ironic.drivers.modules.network import flat as flat_net
2023-02-13 21:45:53.796 7 ERROR oslo_service.service   File "/var/lib/kolla/venv/lib/python3.9/site-packages/ironic/drivers/modules/network/flat.py", line 23, in <module>
2023-02-13 21:45:53.796 7 ERROR oslo_service.service     from ironic.common import neutron
2023-02-13 21:45:53.796 7 ERROR oslo_service.service   File "/var/lib/kolla/venv/lib/python3.9/site-packages/ironic/common/neutron.py", line 22, in <module>
2023-02-13 21:45:53.796 7 ERROR oslo_service.service     from ironic.api.controllers.v1 import utils as api_utils
2023-02-13 21:45:53.796 7 ERROR oslo_service.service   File "/var/lib/kolla/venv/lib/python3.9/site-packages/ironic/api/controllers/v1/__init__.py", line 29, in <module>
2023-02-13 21:45:53.796 7 ERROR oslo_service.service     from ironic.api.controllers.v1 import allocation
2023-02-13 21:45:53.796 7 ERROR oslo_service.service   File "/var/lib/kolla/venv/lib/python3.9/site-packages/ironic/api/controllers/v1/allocation.py", line 25, in <module>
2023-02-13 21:45:53.796 7 ERROR oslo_service.service     from ironic.api.controllers.v1 import utils as api_utils
2023-02-13 21:45:53.796 7 ERROR oslo_service.service   File "/var/lib/kolla/venv/lib/python3.9/site-packages/ironic/api/controllers/v1/utils.py", line 1068
2023-02-13 21:45:53.796 7 ERROR oslo_service.service     <<<<<<< HEAD
2023-02-13 21:45:53.796 7 ERROR oslo_service.service     ^
2023-02-13 21:45:53.796 7 ERROR oslo_service.service SyntaxError: invalid syntax
2023-02-13 21:45:53.796 7 ERROR oslo_service.service 
2023-02-13 21:45:53.796 7 ERROR oslo_service.service During handling of the above exception, another exception occurred:
2023-02-13 21:45:53.796 7 ERROR oslo_service.service 
2023-02-13 21:45:53.796 7 ERROR oslo_service.service Traceback (most recent call last):
2023-02-13 21:45:53.796 7 ERROR oslo_service.service   File "/var/lib/kolla/venv/lib/python3.9/site-packages/oslo_service/service.py", line 806, in run_service
2023-02-13 21:45:53.796 7 ERROR oslo_service.service     service.start()
2023-02-13 21:45:53.796 7 ERROR oslo_service.service   File "/var/lib/kolla/venv/lib/python3.9/site-packages/ironic/common/rpc_service.py", line 62, in start
2023-02-13 21:45:53.796 7 ERROR oslo_service.service     self._real_start()
2023-02-13 21:45:53.796 7 ERROR oslo_service.service   File "/var/lib/kolla/venv/lib/python3.9/site-packages/ironic/common/rpc_service.py", line 87, in _real_start
2023-02-13 21:45:53.796 7 ERROR oslo_service.service     self.manager.init_host(admin_context)
2023-02-13 21:45:53.796 7 ERROR oslo_service.service   File "/var/lib/kolla/venv/lib/python3.9/site-packages/ironic/conductor/base_manager.py", line 136, in init_host
2023-02-13 21:45:53.796 7 ERROR oslo_service.service     hardware_types = driver_factory.hardware_types()
2023-02-13 21:45:53.796 7 ERROR oslo_service.service   File "/var/lib/kolla/venv/lib/python3.9/site-packages/ironic/common/driver_factory.py", line 266, in hardware_types
2023-02-13 21:45:53.796 7 ERROR oslo_service.service     return _get_all_drivers(HardwareTypesFactory())
2023-02-13 21:45:53.796 7 ERROR oslo_service.service   File "/var/lib/kolla/venv/lib/python3.9/site-packages/ironic/common/driver_factory.py", line 336, in __init__
2023-02-13 21:45:53.796 7 ERROR oslo_service.service     self.__class__._init_extension_manager()
2023-02-13 21:45:53.796 7 ERROR oslo_service.service   File "/var/lib/kolla/venv/lib/python3.9/site-packages/ironic/common/driver_factory.py", line 407, in _init_extension_manager
2023-02-13 21:45:53.796 7 ERROR oslo_service.service     stevedore.NamedExtensionManager(
2023-02-13 21:45:53.796 7 ERROR oslo_service.service   File "/var/lib/kolla/venv/lib/python3.9/site-packages/stevedore/named.py", line 78, in __init__
2023-02-13 21:45:53.796 7 ERROR oslo_service.service     extensions = self._load_plugins(invoke_on_load,
2023-02-13 21:45:53.796 7 ERROR oslo_service.service   File "/var/lib/kolla/venv/lib/python3.9/site-packages/stevedore/extension.py", line 241, in _load_plugins
2023-02-13 21:45:53.796 7 ERROR oslo_service.service     self._on_load_failure_callback(self, ep, err)
2023-02-13 21:45:53.796 7 ERROR oslo_service.service   File "/var/lib/kolla/venv/lib/python3.9/site-packages/ironic/common/driver_factory.py", line 358, in _catch_driver_not_found
2023-02-13 21:45:53.796 7 ERROR oslo_service.service     raise exception.DriverLoadError(driver=ep.name, reason=exc)
2023-02-13 21:45:53.796 7 ERROR oslo_service.service ironic.common.exception.DriverLoadError: Driver, hardware type or interface ilo could not be loaded. Reason: invalid syntax (utils.py, line 1068).
2023-02-13 21:45:53.796 7 ERROR oslo_service.service 
2023-02-13 21:46:06.185 7 DEBUG oslo_db.api [-] Loading backend 'sqlalchemy' from 'ironic.db.sqlalchemy.api' _load_backend /var/lib/kolla/venv/lib/python3.9/site-packages/oslo_db/api.py:259
2023-02-13 21:46:12.982 7 DEBUG oslo_db.api [-] Loading backend 'sqlalchemy' from 'ironic.db.sqlalchemy.api' _load_backend /var/lib/kolla/venv/lib/python3.9/site-packages/oslo_db/api.py:259
2023-02-13 21:46:15.879 7 DEBUG oslo_concurrency.lockutils [-] Acquiring lock "singleton_lock" lock /var/lib/kolla/venv/lib/python3.9/site-packages/oslo_concurrency/lockutils.py:312
2023-02-13 21:46:15.881 7 DEBUG oslo_concurrency.lockutils [-] Acquired lock "singleton_lock" lock /var/lib/kolla/venv/lib/python3.9/site-packages/oslo_concurrency/lockutils.py:315
2023-02-13 21:46:15.882 7 DEBUG oslo_concurrency.lockutils [-] Releasing lock "singleton_lock" lock /var/lib/kolla/venv/lib/python3.9/site-packages/oslo_concurrency/lockutils.py:333
2023-02-13 21:46:15.883 7 DEBUG ironic.conductor.base_manager [None req-7e8cd6d3-eb0c-4455-b5f3-d3b069b3757f - - - - - -] Initializing database client for host-169-16-1-186. prepare_host /var/lib/kolla/venv/lib/python3.9/site-packages/ironic/conductor/base_manager.py:82
2023-02-13 21:46:15.883 7 DEBUG ironic.conductor.base_manager [None req-7e8cd6d3-eb0c-4455-b5f3-d3b069b3757f - - - - - -] Removing stale locks from the database matching this conductor's hostname: host-169-16-1-186 prepare_host /var/lib/kolla/venv/lib/python3.9/site-packages/ironic/conductor/base_manager.py:84
2023-02-13 21:46:15.918 7 DEBUG oslo_db.sqlalchemy.engines [None req-7e8cd6d3-eb0c-4455-b5f3-d3b069b3757f - - - - - -] MySQL server mode set to STRICT_TRANS_TABLES,STRICT_ALL_TABLES,NO_ZERO_IN_DATE,NO_ZERO_DATE,ERROR_FOR_DIVISION_BY_ZERO,TRADITIONAL,NO_AUTO_CREATE_USER,NO_ENGINE_SUBSTITUTION _check_effective_sql_mode /var/lib/kolla/venv/lib/python3.9/site-packages/oslo_db/sqlalchemy/engines.py:326
2023-02-13 21:46:16.172 7 ERROR oslo_service.service [None req-7e8cd6d3-eb0c-4455-b5f3-d3b069b3757f - - - - - -] Error starting thread.: ironic.common.exception.DriverLoadError: Driver, hardware type or interface ilo could not be loaded. Reason: invalid syntax (utils.py, line 1068).
2023-02-13 21:46:16.172 7 ERROR oslo_service.service Traceback (most recent call last):
2023-02-13 21:46:16.172 7 ERROR oslo_service.service   File "/var/lib/kolla/venv/lib/python3.9/site-packages/stevedore/extension.py", line 229, in _load_plugins
2023-02-13 21:46:16.172 7 ERROR oslo_service.service     ext = self._load_one_plugin(ep,
2023-02-13 21:46:16.172 7 ERROR oslo_service.service   File "/var/lib/kolla/venv/lib/python3.9/site-packages/stevedore/named.py", line 156, in _load_one_plugin
2023-02-13 21:46:16.172 7 ERROR oslo_service.service     return super(NamedExtensionManager, self)._load_one_plugin(
2023-02-13 21:46:16.172 7 ERROR oslo_service.service   File "/var/lib/kolla/venv/lib/python3.9/site-packages/stevedore/extension.py", line 263, in _load_one_plugin
2023-02-13 21:46:16.172 7 ERROR oslo_service.service     plugin = ep.load()
2023-02-13 21:46:16.172 7 ERROR oslo_service.service   File "/usr/lib64/python3.9/importlib/metadata.py", line 86, in load
2023-02-13 21:46:16.172 7 ERROR oslo_service.service     module = import_module(match.group('module'))
2023-02-13 21:46:16.172 7 ERROR oslo_service.service   File "/usr/lib64/python3.9/importlib/__init__.py", line 127, in import_module
2023-02-13 21:46:16.172 7 ERROR oslo_service.service     return _bootstrap._gcd_import(name[level:], package, level)
2023-02-13 21:46:16.172 7 ERROR oslo_service.service   File "<frozen importlib._bootstrap>", line 1030, in _gcd_import
2023-02-13 21:46:16.172 7 ERROR oslo_service.service   File "<frozen importlib._bootstrap>", line 1007, in _find_and_load
2023-02-13 21:46:16.172 7 ERROR oslo_service.service   File "<frozen importlib._bootstrap>", line 986, in _find_and_load_unlocked
2023-02-13 21:46:16.172 7 ERROR oslo_service.service   File "<frozen importlib._bootstrap>", line 680, in _load_unlocked
2023-02-13 21:46:16.172 7 ERROR oslo_service.service   File "<frozen importlib._bootstrap_external>", line 850, in exec_module
2023-02-13 21:46:16.172 7 ERROR oslo_service.service   File "<frozen importlib._bootstrap>", line 228, in _call_with_frames_removed
2023-02-13 21:46:16.172 7 ERROR oslo_service.service   File "/var/lib/kolla/venv/lib/python3.9/site-packages/ironic/drivers/ilo.py", line 19, in <module>
2023-02-13 21:46:16.172 7 ERROR oslo_service.service     from ironic.drivers import generic
2023-02-13 21:46:16.172 7 ERROR oslo_service.service   File "/var/lib/kolla/venv/lib/python3.9/site-packages/ironic/drivers/generic.py", line 26, in <module>
2023-02-13 21:46:16.172 7 ERROR oslo_service.service     from ironic.drivers.modules.network import flat as flat_net
2023-02-13 21:46:16.172 7 ERROR oslo_service.service   File "/var/lib/kolla/venv/lib/python3.9/site-packages/ironic/drivers/modules/network/flat.py", line 23, in <module>
2023-02-13 21:46:16.172 7 ERROR oslo_service.service     from ironic.common import neutron
2023-02-13 21:46:16.172 7 ERROR oslo_service.service   File "/var/lib/kolla/venv/lib/python3.9/site-packages/ironic/common/neutron.py", line 22, in <module>
2023-02-13 21:46:16.172 7 ERROR oslo_service.service     from ironic.api.controllers.v1 import utils as api_utils
2023-02-13 21:46:16.172 7 ERROR oslo_service.service   File "/var/lib/kolla/venv/lib/python3.9/site-packages/ironic/api/controllers/v1/__init__.py", line 29, in <module>
2023-02-13 21:46:16.172 7 ERROR oslo_service.service     from ironic.api.controllers.v1 import allocation
2023-02-13 21:46:16.172 7 ERROR oslo_service.service   File "/var/lib/kolla/venv/lib/python3.9/site-packages/ironic/api/controllers/v1/allocation.py", line 25, in <module>
2023-02-13 21:46:16.172 7 ERROR oslo_service.service     from ironic.api.controllers.v1 import utils as api_utils
2023-02-13 21:46:16.172 7 ERROR oslo_service.service   File "/var/lib/kolla/venv/lib/python3.9/site-packages/ironic/api/controllers/v1/utils.py", line 1068
2023-02-13 21:46:16.172 7 ERROR oslo_service.service     <<<<<<< HEAD
2023-02-13 21:46:16.172 7 ERROR oslo_service.service     ^
2023-02-13 21:46:16.172 7 ERROR oslo_service.service SyntaxError: invalid syntax
2023-02-13 21:46:16.172 7 ERROR oslo_service.service 
2023-02-13 21:46:16.172 7 ERROR oslo_service.service During handling of the above exception, another exception occurred:
2023-02-13 21:46:16.172 7 ERROR oslo_service.service 
2023-02-13 21:46:16.172 7 ERROR oslo_service.service Traceback (most recent call last):
2023-02-13 21:46:16.172 7 ERROR oslo_service.service   File "/var/lib/kolla/venv/lib/python3.9/site-packages/oslo_service/service.py", line 806, in run_service
2023-02-13 21:46:16.172 7 ERROR oslo_service.service     service.start()
2023-02-13 21:46:16.172 7 ERROR oslo_service.service   File "/var/lib/kolla/venv/lib/python3.9/site-packages/ironic/common/rpc_service.py", line 62, in start
2023-02-13 21:46:16.172 7 ERROR oslo_service.service     self._real_start()
2023-02-13 21:46:16.172 7 ERROR oslo_service.service   File "/var/lib/kolla/venv/lib/python3.9/site-packages/ironic/common/rpc_service.py", line 87, in _real_start
2023-02-13 21:46:16.172 7 ERROR oslo_service.service     self.manager.init_host(admin_context)
2023-02-13 21:46:16.172 7 ERROR oslo_service.service   File "/var/lib/kolla/venv/lib/python3.9/site-packages/ironic/conductor/base_manager.py", line 136, in init_host
2023-02-13 21:46:16.172 7 ERROR oslo_service.service     hardware_types = driver_factory.hardware_types()
2023-02-13 21:46:16.172 7 ERROR oslo_service.service   File "/var/lib/kolla/venv/lib/python3.9/site-packages/ironic/common/driver_factory.py", line 266, in hardware_types
2023-02-13 21:46:16.172 7 ERROR oslo_service.service     return _get_all_drivers(HardwareTypesFactory())
2023-02-13 21:46:16.172 7 ERROR oslo_service.service   File "/var/lib/kolla/venv/lib/python3.9/site-packages/ironic/common/driver_factory.py", line 336, in __init__
2023-02-13 21:46:16.172 7 ERROR oslo_service.service     self.__class__._init_extension_manager()
2023-02-13 21:46:16.172 7 ERROR oslo_service.service   File "/var/lib/kolla/venv/lib/python3.9/site-packages/ironic/common/driver_factory.py", line 407, in _init_extension_manager
2023-02-13 21:46:16.172 7 ERROR oslo_service.service     stevedore.NamedExtensionManager(
2023-02-13 21:46:16.172 7 ERROR oslo_service.service   File "/var/lib/kolla/venv/lib/python3.9/site-packages/stevedore/named.py", line 78, in __init__
2023-02-13 21:46:16.172 7 ERROR oslo_service.service     extensions = self._load_plugins(invoke_on_load,
2023-02-13 21:46:16.172 7 ERROR oslo_service.service   File "/var/lib/kolla/venv/lib/python3.9/site-packages/stevedore/extension.py", line 241, in _load_plugins
2023-02-13 21:46:16.172 7 ERROR oslo_service.service     self._on_load_failure_callback(self, ep, err)
2023-02-13 21:46:16.172 7 ERROR oslo_service.service   File "/var/lib/kolla/venv/lib/python3.9/site-packages/ironic/common/driver_factory.py", line 358, in _catch_driver_not_found
2023-02-13 21:46:16.172 7 ERROR oslo_service.service     raise exception.DriverLoadError(driver=ep.name, reason=exc)
2023-02-13 21:46:16.172 7 ERROR oslo_service.service ironic.common.exception.DriverLoadError: Driver, hardware type or interface ilo could not be loaded. Reason: invalid syntax (utils.py, line 1068).
2023-02-13 21:46:16.172 7 ERROR oslo_service.service 
2023-02-13 21:46:20.276 7 DEBUG oslo_db.api [-] Loading backend 'sqlalchemy' from 'ironic.db.sqlalchemy.api' _load_backend /var/lib/kolla/venv/lib/python3.9/site-packages/oslo_db/api.py:259
2023-02-13 21:46:22.580 7 DEBUG oslo_concurrency.lockutils [-] Acquiring lock "singleton_lock" lock /var/lib/kolla/venv/lib/python3.9/site-packages/oslo_concurrency/lockutils.py:312
2023-02-13 21:46:22.582 7 DEBUG oslo_concurrency.lockutils [-] Acquired lock "singleton_lock" lock /var/lib/kolla/venv/lib/python3.9/site-packages/oslo_concurrency/lockutils.py:315
2023-02-13 21:46:22.584 7 DEBUG oslo_concurrency.lockutils [-] Releasing lock "singleton_lock" lock /var/lib/kolla/venv/lib/python3.9/site-packages/oslo_concurrency/lockutils.py:333
2023-02-13 21:46:22.585 7 DEBUG ironic.conductor.base_manager [None req-0816bb39-dfed-4f08-b9b2-174c83a544e7 - - - - - -] Initializing database client for host-169-16-1-186. prepare_host /var/lib/kolla/venv/lib/python3.9/site-packages/ironic/conductor/base_manager.py:82
2023-02-13 21:46:22.585 7 DEBUG ironic.conductor.base_manager [None req-0816bb39-dfed-4f08-b9b2-174c83a544e7 - - - - - -] Removing stale locks from the database matching this conductor's hostname: host-169-16-1-186 prepare_host /var/lib/kolla/venv/lib/python3.9/site-packages/ironic/conductor/base_manager.py:84
2023-02-13 21:46:22.623 7 DEBUG oslo_db.sqlalchemy.engines [None req-0816bb39-dfed-4f08-b9b2-174c83a544e7 - - - - - -] MySQL server mode set to STRICT_TRANS_TABLES,STRICT_ALL_TABLES,NO_ZERO_IN_DATE,NO_ZERO_DATE,ERROR_FOR_DIVISION_BY_ZERO,TRADITIONAL,NO_AUTO_CREATE_USER,NO_ENGINE_SUBSTITUTION _check_effective_sql_mode /var/lib/kolla/venv/lib/python3.9/site-packages/oslo_db/sqlalchemy/engines.py:326
2023-02-13 21:46:23.017 7 ERROR oslo_service.service [None req-0816bb39-dfed-4f08-b9b2-174c83a544e7 - - - - - -] Error starting thread.: ironic.common.exception.DriverLoadError: Driver, hardware type or interface ilo could not be loaded. Reason: invalid syntax (utils.py, line 1068).
2023-02-13 21:46:23.017 7 ERROR oslo_service.service Traceback (most recent call last):
2023-02-13 21:46:23.017 7 ERROR oslo_service.service   File "/var/lib/kolla/venv/lib/python3.9/site-packages/stevedore/extension.py", line 229, in _load_plugins
2023-02-13 21:46:23.017 7 ERROR oslo_service.service     ext = self._load_one_plugin(ep,
2023-02-13 21:46:23.017 7 ERROR oslo_service.service   File "/var/lib/kolla/venv/lib/python3.9/site-packages/stevedore/named.py", line 156, in _load_one_plugin
2023-02-13 21:46:23.017 7 ERROR oslo_service.service     return super(NamedExtensionManager, self)._load_one_plugin(
2023-02-13 21:46:23.017 7 ERROR oslo_service.service   File "/var/lib/kolla/venv/lib/python3.9/site-packages/stevedore/extension.py", line 263, in _load_one_plugin
2023-02-13 21:46:23.017 7 ERROR oslo_service.service     plugin = ep.load()
2023-02-13 21:46:23.017 7 ERROR oslo_service.service   File "/usr/lib64/python3.9/importlib/metadata.py", line 86, in load
2023-02-13 21:46:23.017 7 ERROR oslo_service.service     module = import_module(match.group('module'))
2023-02-13 21:46:23.017 7 ERROR oslo_service.service   File "/usr/lib64/python3.9/importlib/__init__.py", line 127, in import_module
2023-02-13 21:46:23.017 7 ERROR oslo_service.service     return _bootstrap._gcd_import(name[level:], package, level)
2023-02-13 21:46:23.017 7 ERROR oslo_service.service   File "<frozen importlib._bootstrap>", line 1030, in _gcd_import
2023-02-13 21:46:23.017 7 ERROR oslo_service.service   File "<frozen importlib._bootstrap>", line 1007, in _find_and_load
2023-02-13 21:46:23.017 7 ERROR oslo_service.service   File "<frozen importlib._bootstrap>", line 986, in _find_and_load_unlocked
2023-02-13 21:46:23.017 7 ERROR oslo_service.service   File "<frozen importlib._bootstrap>", line 680, in _load_unlocked
2023-02-13 21:46:23.017 7 ERROR oslo_service.service   File "<frozen importlib._bootstrap_external>", line 850, in exec_module
2023-02-13 21:46:23.017 7 ERROR oslo_service.service   File "<frozen importlib._bootstrap>", line 228, in _call_with_frames_removed
2023-02-13 21:46:23.017 7 ERROR oslo_service.service   File "/var/lib/kolla/venv/lib/python3.9/site-packages/ironic/drivers/ilo.py", line 19, in <module>
2023-02-13 21:46:23.017 7 ERROR oslo_service.service     from ironic.drivers import generic
2023-02-13 21:46:23.017 7 ERROR oslo_service.service   File "/var/lib/kolla/venv/lib/python3.9/site-packages/ironic/drivers/generic.py", line 26, in <module>
2023-02-13 21:46:23.017 7 ERROR oslo_service.service     from ironic.drivers.modules.network import flat as flat_net
2023-02-13 21:46:23.017 7 ERROR oslo_service.service   File "/var/lib/kolla/venv/lib/python3.9/site-packages/ironic/drivers/modules/network/flat.py", line 23, in <module>
2023-02-13 21:46:23.017 7 ERROR oslo_service.service     from ironic.common import neutron
2023-02-13 21:46:23.017 7 ERROR oslo_service.service   File "/var/lib/kolla/venv/lib/python3.9/site-packages/ironic/common/neutron.py", line 22, in <module>
2023-02-13 21:46:23.017 7 ERROR oslo_service.service     from ironic.api.controllers.v1 import utils as api_utils
2023-02-13 21:46:23.017 7 ERROR oslo_service.service   File "/var/lib/kolla/venv/lib/python3.9/site-packages/ironic/api/controllers/v1/__init__.py", line 29, in <module>
2023-02-13 21:46:23.017 7 ERROR oslo_service.service     from ironic.api.controllers.v1 import allocation
2023-02-13 21:46:23.017 7 ERROR oslo_service.service   File "/var/lib/kolla/venv/lib/python3.9/site-packages/ironic/api/controllers/v1/allocation.py", line 25, in <module>
2023-02-13 21:46:23.017 7 ERROR oslo_service.service     from ironic.api.controllers.v1 import utils as api_utils
2023-02-13 21:46:23.017 7 ERROR oslo_service.service   File "/var/lib/kolla/venv/lib/python3.9/site-packages/ironic/api/controllers/v1/utils.py", line 1068
2023-02-13 21:46:23.017 7 ERROR oslo_service.service     <<<<<<< HEAD
2023-02-13 21:46:23.017 7 ERROR oslo_service.service     ^
2023-02-13 21:46:23.017 7 ERROR oslo_service.service SyntaxError: invalid syntax
2023-02-13 21:46:23.017 7 ERROR oslo_service.service 
2023-02-13 21:46:23.017 7 ERROR oslo_service.service During handling of the above exception, another exception occurred:
2023-02-13 21:46:23.017 7 ERROR oslo_service.service 
2023-02-13 21:46:23.017 7 ERROR oslo_service.service Traceback (most recent call last):
2023-02-13 21:46:23.017 7 ERROR oslo_service.service   File "/var/lib/kolla/venv/lib/python3.9/site-packages/oslo_service/service.py", line 806, in run_service
2023-02-13 21:46:23.017 7 ERROR oslo_service.service     service.start()
2023-02-13 21:46:23.017 7 ERROR oslo_service.service   File "/var/lib/kolla/venv/lib/python3.9/site-packages/ironic/common/rpc_service.py", line 62, in start
2023-02-13 21:46:23.017 7 ERROR oslo_service.service     self._real_start()
2023-02-13 21:46:23.017 7 ERROR oslo_service.service   File "/var/lib/kolla/venv/lib/python3.9/site-packages/ironic/common/rpc_service.py", line 87, in _real_start
2023-02-13 21:46:23.017 7 ERROR oslo_service.service     self.manager.init_host(admin_context)
2023-02-13 21:46:23.017 7 ERROR oslo_service.service   File "/var/lib/kolla/venv/lib/python3.9/site-packages/ironic/conductor/base_manager.py", line 136, in init_host
2023-02-13 21:46:23.017 7 ERROR oslo_service.service     hardware_types = driver_factory.hardware_types()
2023-02-13 21:46:23.017 7 ERROR oslo_service.service   File "/var/lib/kolla/venv/lib/python3.9/site-packages/ironic/common/driver_factory.py", line 266, in hardware_types
2023-02-13 21:46:23.017 7 ERROR oslo_service.service     return _get_all_drivers(HardwareTypesFactory())
2023-02-13 21:46:23.017 7 ERROR oslo_service.service   File "/var/lib/kolla/venv/lib/python3.9/site-packages/ironic/common/driver_factory.py", line 336, in __init__
2023-02-13 21:46:23.017 7 ERROR oslo_service.service     self.__class__._init_extension_manager()
2023-02-13 21:46:23.017 7 ERROR oslo_service.service   File "/var/lib/kolla/venv/lib/python3.9/site-packages/ironic/common/driver_factory.py", line 407, in _init_extension_manager
2023-02-13 21:46:23.017 7 ERROR oslo_service.service     stevedore.NamedExtensionManager(
2023-02-13 21:46:23.017 7 ERROR oslo_service.service   File "/var/lib/kolla/venv/lib/python3.9/site-packages/stevedore/named.py", line 78, in __init__
2023-02-13 21:46:23.017 7 ERROR oslo_service.service     extensions = self._load_plugins(invoke_on_load,
2023-02-13 21:46:23.017 7 ERROR oslo_service.service   File "/var/lib/kolla/venv/lib/python3.9/site-packages/stevedore/extension.py", line 241, in _load_plugins
2023-02-13 21:46:23.017 7 ERROR oslo_service.service     self._on_load_failure_callback(self, ep, err)
2023-02-13 21:46:23.017 7 ERROR oslo_service.service   File "/var/lib/kolla/venv/lib/python3.9/site-packages/ironic/common/driver_factory.py", line 358, in _catch_driver_not_found
2023-02-13 21:46:23.017 7 ERROR oslo_service.service     raise exception.DriverLoadError(driver=ep.name, reason=exc)
2023-02-13 21:46:23.017 7 ERROR oslo_service.service ironic.common.exception.DriverLoadError: Driver, hardware type or interface ilo could not be loaded. Reason: invalid syntax (utils.py, line 1068).
2023-02-13 21:46:23.017 7 ERROR oslo_service.service 
2023-02-13 21:46:30.344 6 DEBUG oslo_db.api [-] Loading backend 'sqlalchemy' from 'ironic.db.sqlalchemy.api' _load_backend /var/lib/kolla/venv/lib/python3.9/site-packages/oslo_db/api.py:259
2023-02-13 21:46:32.282 6 DEBUG oslo_concurrency.lockutils [-] Acquiring lock "singleton_lock" lock /var/lib/kolla/venv/lib/python3.9/site-packages/oslo_concurrency/lockutils.py:312
2023-02-13 21:46:32.284 6 DEBUG oslo_concurrency.lockutils [-] Acquired lock "singleton_lock" lock /var/lib/kolla/venv/lib/python3.9/site-packages/oslo_concurrency/lockutils.py:315
2023-02-13 21:46:32.285 6 DEBUG oslo_concurrency.lockutils [-] Releasing lock "singleton_lock" lock /var/lib/kolla/venv/lib/python3.9/site-packages/oslo_concurrency/lockutils.py:333
2023-02-13 21:46:32.286 6 DEBUG ironic.conductor.base_manager [None req-72b63ffa-253c-48b3-8767-458acfd29149 - - - - - -] Initializing database client for host-169-16-1-186. prepare_host /var/lib/kolla/venv/lib/python3.9/site-packages/ironic/conductor/base_manager.py:82
2023-02-13 21:46:32.286 6 DEBUG ironic.conductor.base_manager [None req-72b63ffa-253c-48b3-8767-458acfd29149 - - - - - -] Removing stale locks from the database matching this conductor's hostname: host-169-16-1-186 prepare_host /var/lib/kolla/venv/lib/python3.9/site-packages/ironic/conductor/base_manager.py:84
2023-02-13 21:46:32.326 6 DEBUG oslo_db.sqlalchemy.engines [None req-72b63ffa-253c-48b3-8767-458acfd29149 - - - - - -] MySQL server mode set to STRICT_TRANS_TABLES,STRICT_ALL_TABLES,NO_ZERO_IN_DATE,NO_ZERO_DATE,ERROR_FOR_DIVISION_BY_ZERO,TRADITIONAL,NO_AUTO_CREATE_USER,NO_ENGINE_SUBSTITUTION _check_effective_sql_mode /var/lib/kolla/venv/lib/python3.9/site-packages/oslo_db/sqlalchemy/engines.py:326
2023-02-13 21:46:32.582 6 ERROR oslo_service.service [None req-72b63ffa-253c-48b3-8767-458acfd29149 - - - - - -] Error starting thread.: ironic.common.exception.DriverLoadError: Driver, hardware type or interface ilo could not be loaded. Reason: invalid syntax (utils.py, line 1068).
2023-02-13 21:46:32.582 6 ERROR oslo_service.service Traceback (most recent call last):
2023-02-13 21:46:32.582 6 ERROR oslo_service.service   File "/var/lib/kolla/venv/lib/python3.9/site-packages/stevedore/extension.py", line 229, in _load_plugins
2023-02-13 21:46:32.582 6 ERROR oslo_service.service     ext = self._load_one_plugin(ep,
2023-02-13 21:46:32.582 6 ERROR oslo_service.service   File "/var/lib/kolla/venv/lib/python3.9/site-packages/stevedore/named.py", line 156, in _load_one_plugin
2023-02-13 21:46:32.582 6 ERROR oslo_service.service     return super(NamedExtensionManager, self)._load_one_plugin(
2023-02-13 21:46:32.582 6 ERROR oslo_service.service   File "/var/lib/kolla/venv/lib/python3.9/site-packages/stevedore/extension.py", line 263, in _load_one_plugin
2023-02-13 21:46:32.582 6 ERROR oslo_service.service     plugin = ep.load()
2023-02-13 21:46:32.582 6 ERROR oslo_service.service   File "/usr/lib64/python3.9/importlib/metadata.py", line 86, in load
2023-02-13 21:46:32.582 6 ERROR oslo_service.service     module = import_module(match.group('module'))
2023-02-13 21:46:32.582 6 ERROR oslo_service.service   File "/usr/lib64/python3.9/importlib/__init__.py", line 127, in import_module
2023-02-13 21:46:32.582 6 ERROR oslo_service.service     return _bootstrap._gcd_import(name[level:], package, level)
2023-02-13 21:46:32.582 6 ERROR oslo_service.service   File "<frozen importlib._bootstrap>", line 1030, in _gcd_import
2023-02-13 21:46:32.582 6 ERROR oslo_service.service   File "<frozen importlib._bootstrap>", line 1007, in _find_and_load
2023-02-13 21:46:32.582 6 ERROR oslo_service.service   File "<frozen importlib._bootstrap>", line 986, in _find_and_load_unlocked
2023-02-13 21:46:32.582 6 ERROR oslo_service.service   File "<frozen importlib._bootstrap>", line 680, in _load_unlocked
2023-02-13 21:46:32.582 6 ERROR oslo_service.service   File "<frozen importlib._bootstrap_external>", line 850, in exec_module
2023-02-13 21:46:32.582 6 ERROR oslo_service.service   File "<frozen importlib._bootstrap>", line 228, in _call_with_frames_removed
2023-02-13 21:46:32.582 6 ERROR oslo_service.service   File "/var/lib/kolla/venv/lib/python3.9/site-packages/ironic/drivers/ilo.py", line 19, in <module>
2023-02-13 21:46:32.582 6 ERROR oslo_service.service     from ironic.drivers import generic
2023-02-13 21:46:32.582 6 ERROR oslo_service.service   File "/var/lib/kolla/venv/lib/python3.9/site-packages/ironic/drivers/generic.py", line 26, in <module>
2023-02-13 21:46:32.582 6 ERROR oslo_service.service     from ironic.drivers.modules.network import flat as flat_net
2023-02-13 21:46:32.582 6 ERROR oslo_service.service   File "/var/lib/kolla/venv/lib/python3.9/site-packages/ironic/drivers/modules/network/flat.py", line 23, in <module>
2023-02-13 21:46:32.582 6 ERROR oslo_service.service     from ironic.common import neutron
2023-02-13 21:46:32.582 6 ERROR oslo_service.service   File "/var/lib/kolla/venv/lib/python3.9/site-packages/ironic/common/neutron.py", line 22, in <module>
2023-02-13 21:46:32.582 6 ERROR oslo_service.service     from ironic.api.controllers.v1 import utils as api_utils
2023-02-13 21:46:32.582 6 ERROR oslo_service.service   File "/var/lib/kolla/venv/lib/python3.9/site-packages/ironic/api/controllers/v1/__init__.py", line 29, in <module>
2023-02-13 21:46:32.582 6 ERROR oslo_service.service     from ironic.api.controllers.v1 import allocation
2023-02-13 21:46:32.582 6 ERROR oslo_service.service   File "/var/lib/kolla/venv/lib/python3.9/site-packages/ironic/api/controllers/v1/allocation.py", line 25, in <module>
2023-02-13 21:46:32.582 6 ERROR oslo_service.service     from ironic.api.controllers.v1 import utils as api_utils
2023-02-13 21:46:32.582 6 ERROR oslo_service.service   File "/var/lib/kolla/venv/lib/python3.9/site-packages/ironic/api/controllers/v1/utils.py", line 1068
2023-02-13 21:46:32.582 6 ERROR oslo_service.service     <<<<<<< HEAD
2023-02-13 21:46:32.582 6 ERROR oslo_service.service     ^
2023-02-13 21:46:32.582 6 ERROR oslo_service.service SyntaxError: invalid syntax
2023-02-13 21:46:32.582 6 ERROR oslo_service.service 
2023-02-13 21:46:32.582 6 ERROR oslo_service.service During handling of the above exception, another exception occurred:
2023-02-13 21:46:32.582 6 ERROR oslo_service.service 
2023-02-13 21:46:32.582 6 ERROR oslo_service.service Traceback (most recent call last):
2023-02-13 21:46:32.582 6 ERROR oslo_service.service   File "/var/lib/kolla/venv/lib/python3.9/site-packages/oslo_service/service.py", line 806, in run_service
2023-02-13 21:46:32.582 6 ERROR oslo_service.service     service.start()
2023-02-13 21:46:32.582 6 ERROR oslo_service.service   File "/var/lib/kolla/venv/lib/python3.9/site-packages/ironic/common/rpc_service.py", line 62, in start
2023-02-13 21:46:32.582 6 ERROR oslo_service.service     self._real_start()
2023-02-13 21:46:32.582 6 ERROR oslo_service.service   File "/var/lib/kolla/venv/lib/python3.9/site-packages/ironic/common/rpc_service.py", line 87, in _real_start
2023-02-13 21:46:32.582 6 ERROR oslo_service.service     self.manager.init_host(admin_context)
2023-02-13 21:46:32.582 6 ERROR oslo_service.service   File "/var/lib/kolla/venv/lib/python3.9/site-packages/ironic/conductor/base_manager.py", line 136, in init_host
2023-02-13 21:46:32.582 6 ERROR oslo_service.service     hardware_types = driver_factory.hardware_types()
2023-02-13 21:46:32.582 6 ERROR oslo_service.service   File "/var/lib/kolla/venv/lib/python3.9/site-packages/ironic/common/driver_factory.py", line 266, in hardware_types
2023-02-13 21:46:32.582 6 ERROR oslo_service.service     return _get_all_drivers(HardwareTypesFactory())
2023-02-13 21:46:32.582 6 ERROR oslo_service.service   File "/var/lib/kolla/venv/lib/python3.9/site-packages/ironic/common/driver_factory.py", line 336, in __init__
2023-02-13 21:46:32.582 6 ERROR oslo_service.service     self.__class__._init_extension_manager()
2023-02-13 21:46:32.582 6 ERROR oslo_service.service   File "/var/lib/kolla/venv/lib/python3.9/site-packages/ironic/common/driver_factory.py", line 407, in _init_extension_manager
2023-02-13 21:46:32.582 6 ERROR oslo_service.service     stevedore.NamedExtensionManager(
2023-02-13 21:46:32.582 6 ERROR oslo_service.service   File "/var/lib/kolla/venv/lib/python3.9/site-packages/stevedore/named.py", line 78, in __init__
2023-02-13 21:46:32.582 6 ERROR oslo_service.service     extensions = self._load_plugins(invoke_on_load,
2023-02-13 21:46:32.582 6 ERROR oslo_service.service   File "/var/lib/kolla/venv/lib/python3.9/site-packages/stevedore/extension.py", line 241, in _load_plugins
2023-02-13 21:46:32.582 6 ERROR oslo_service.service     self._on_load_failure_callback(self, ep, err)
2023-02-13 21:46:32.582 6 ERROR oslo_service.service   File "/var/lib/kolla/venv/lib/python3.9/site-packages/ironic/common/driver_factory.py", line 358, in _catch_driver_not_found
2023-02-13 21:46:32.582 6 ERROR oslo_service.service     raise exception.DriverLoadError(driver=ep.name, reason=exc)
2023-02-13 21:46:32.582 6 ERROR oslo_service.service ironic.common.exception.DriverLoadError: Driver, hardware type or interface ilo could not be loaded. Reason: invalid syntax (utils.py, line 1068).
2023-02-13 21:46:32.582 6 ERROR oslo_service.service 
2023-02-13 21:46:37.706 7 DEBUG oslo_db.api [-] Loading backend 'sqlalchemy' from 'ironic.db.sqlalchemy.api' _load_backend /var/lib/kolla/venv/lib/python3.9/site-packages/oslo_db/api.py:259
2023-02-13 21:46:40.078 7 DEBUG oslo_concurrency.lockutils [-] Acquiring lock "singleton_lock" lock /var/lib/kolla/venv/lib/python3.9/site-packages/oslo_concurrency/lockutils.py:312
2023-02-13 21:46:40.092 7 DEBUG oslo_concurrency.lockutils [-] Acquired lock "singleton_lock" lock /var/lib/kolla/venv/lib/python3.9/site-packages/oslo_concurrency/lockutils.py:315
2023-02-13 21:46:40.093 7 DEBUG oslo_concurrency.lockutils [-] Releasing lock "singleton_lock" lock /var/lib/kolla/venv/lib/python3.9/site-packages/oslo_concurrency/lockutils.py:333
2023-02-13 21:46:40.094 7 DEBUG ironic.conductor.base_manager [None req-5b23dc9d-1dc8-4091-94da-cedc4a924272 - - - - - -] Initializing database client for host-169-16-1-186. prepare_host /var/lib/kolla/venv/lib/python3.9/site-packages/ironic/conductor/base_manager.py:82
2023-02-13 21:46:40.094 7 DEBUG ironic.conductor.base_manager [None req-5b23dc9d-1dc8-4091-94da-cedc4a924272 - - - - - -] Removing stale locks from the database matching this conductor's hostname: host-169-16-1-186 prepare_host /var/lib/kolla/venv/lib/python3.9/site-packages/ironic/conductor/base_manager.py:84
2023-02-13 21:46:40.170 7 DEBUG oslo_db.sqlalchemy.engines [None req-5b23dc9d-1dc8-4091-94da-cedc4a924272 - - - - - -] MySQL server mode set to STRICT_TRANS_TABLES,STRICT_ALL_TABLES,NO_ZERO_IN_DATE,NO_ZERO_DATE,ERROR_FOR_DIVISION_BY_ZERO,TRADITIONAL,NO_AUTO_CREATE_USER,NO_ENGINE_SUBSTITUTION _check_effective_sql_mode /var/lib/kolla/venv/lib/python3.9/site-packages/oslo_db/sqlalchemy/engines.py:326
2023-02-13 21:46:40.520 7 ERROR oslo_service.service [None req-5b23dc9d-1dc8-4091-94da-cedc4a924272 - - - - - -] Error starting thread.: ironic.common.exception.DriverLoadError: Driver, hardware type or interface ilo could not be loaded. Reason: invalid syntax (utils.py, line 1068).
2023-02-13 21:46:40.520 7 ERROR oslo_service.service Traceback (most recent call last):
2023-02-13 21:46:40.520 7 ERROR oslo_service.service   File "/var/lib/kolla/venv/lib/python3.9/site-packages/stevedore/extension.py", line 229, in _load_plugins
2023-02-13 21:46:40.520 7 ERROR oslo_service.service     ext = self._load_one_plugin(ep,
2023-02-13 21:46:40.520 7 ERROR oslo_service.service   File "/var/lib/kolla/venv/lib/python3.9/site-packages/stevedore/named.py", line 156, in _load_one_plugin
2023-02-13 21:46:40.520 7 ERROR oslo_service.service     return super(NamedExtensionManager, self)._load_one_plugin(
2023-02-13 21:46:40.520 7 ERROR oslo_service.service   File "/var/lib/kolla/venv/lib/python3.9/site-packages/stevedore/extension.py", line 263, in _load_one_plugin
2023-02-13 21:46:40.520 7 ERROR oslo_service.service     plugin = ep.load()
2023-02-13 21:46:40.520 7 ERROR oslo_service.service   File "/usr/lib64/python3.9/importlib/metadata.py", line 86, in load
2023-02-13 21:46:40.520 7 ERROR oslo_service.service     module = import_module(match.group('module'))
2023-02-13 21:46:40.520 7 ERROR oslo_service.service   File "/usr/lib64/python3.9/importlib/__init__.py", line 127, in import_module
2023-02-13 21:46:40.520 7 ERROR oslo_service.service     return _bootstrap._gcd_import(name[level:], package, level)
2023-02-13 21:46:40.520 7 ERROR oslo_service.service   File "<frozen importlib._bootstrap>", line 1030, in _gcd_import
2023-02-13 21:46:40.520 7 ERROR oslo_service.service   File "<frozen importlib._bootstrap>", line 1007, in _find_and_load
2023-02-13 21:46:40.520 7 ERROR oslo_service.service   File "<frozen importlib._bootstrap>", line 986, in _find_and_load_unlocked
2023-02-13 21:46:40.520 7 ERROR oslo_service.service   File "<frozen importlib._bootstrap>", line 680, in _load_unlocked
2023-02-13 21:46:40.520 7 ERROR oslo_service.service   File "<frozen importlib._bootstrap_external>", line 850, in exec_module
2023-02-13 21:46:40.520 7 ERROR oslo_service.service   File "<frozen importlib._bootstrap>", line 228, in _call_with_frames_removed
2023-02-13 21:46:40.520 7 ERROR oslo_service.service   File "/var/lib/kolla/venv/lib/python3.9/site-packages/ironic/drivers/ilo.py", line 19, in <module>
2023-02-13 21:46:40.520 7 ERROR oslo_service.service     from ironic.drivers import generic
2023-02-13 21:46:40.520 7 ERROR oslo_service.service   File "/var/lib/kolla/venv/lib/python3.9/site-packages/ironic/drivers/generic.py", line 26, in <module>
2023-02-13 21:46:40.520 7 ERROR oslo_service.service     from ironic.drivers.modules.network import flat as flat_net
2023-02-13 21:46:40.520 7 ERROR oslo_service.service   File "/var/lib/kolla/venv/lib/python3.9/site-packages/ironic/drivers/modules/network/flat.py", line 23, in <module>
2023-02-13 21:46:40.520 7 ERROR oslo_service.service     from ironic.common import neutron
2023-02-13 21:46:40.520 7 ERROR oslo_service.service   File "/var/lib/kolla/venv/lib/python3.9/site-packages/ironic/common/neutron.py", line 22, in <module>
2023-02-13 21:46:40.520 7 ERROR oslo_service.service     from ironic.api.controllers.v1 import utils as api_utils
2023-02-13 21:46:40.520 7 ERROR oslo_service.service   File "/var/lib/kolla/venv/lib/python3.9/site-packages/ironic/api/controllers/v1/__init__.py", line 29, in <module>
2023-02-13 21:46:40.520 7 ERROR oslo_service.service     from ironic.api.controllers.v1 import allocation
2023-02-13 21:46:40.520 7 ERROR oslo_service.service   File "/var/lib/kolla/venv/lib/python3.9/site-packages/ironic/api/controllers/v1/allocation.py", line 25, in <module>
2023-02-13 21:46:40.520 7 ERROR oslo_service.service     from ironic.api.controllers.v1 import utils as api_utils
2023-02-13 21:46:40.520 7 ERROR oslo_service.service   File "/var/lib/kolla/venv/lib/python3.9/site-packages/ironic/api/controllers/v1/utils.py", line 1068
2023-02-13 21:46:40.520 7 ERROR oslo_service.service     <<<<<<< HEAD
2023-02-13 21:46:40.520 7 ERROR oslo_service.service     ^
2023-02-13 21:46:40.520 7 ERROR oslo_service.service SyntaxError: invalid syntax
2023-02-13 21:46:40.520 7 ERROR oslo_service.service 
2023-02-13 21:46:40.520 7 ERROR oslo_service.service During handling of the above exception, another exception occurred:
2023-02-13 21:46:40.520 7 ERROR oslo_service.service 
2023-02-13 21:46:40.520 7 ERROR oslo_service.service Traceback (most recent call last):
2023-02-13 21:46:40.520 7 ERROR oslo_service.service   File "/var/lib/kolla/venv/lib/python3.9/site-packages/oslo_service/service.py", line 806, in run_service
2023-02-13 21:46:40.520 7 ERROR oslo_service.service     service.start()
2023-02-13 21:46:40.520 7 ERROR oslo_service.service   File "/var/lib/kolla/venv/lib/python3.9/site-packages/ironic/common/rpc_service.py", line 62, in start
2023-02-13 21:46:40.520 7 ERROR oslo_service.service     self._real_start()
2023-02-13 21:46:40.520 7 ERROR oslo_service.service   File "/var/lib/kolla/venv/lib/python3.9/site-packages/ironic/common/rpc_service.py", line 87, in _real_start
2023-02-13 21:46:40.520 7 ERROR oslo_service.service     self.manager.init_host(admin_context)
2023-02-13 21:46:40.520 7 ERROR oslo_service.service   File "/var/lib/kolla/venv/lib/python3.9/site-packages/ironic/conductor/base_manager.py", line 136, in init_host
2023-02-13 21:46:40.520 7 ERROR oslo_service.service     hardware_types = driver_factory.hardware_types()
2023-02-13 21:46:40.520 7 ERROR oslo_service.service   File "/var/lib/kolla/venv/lib/python3.9/site-packages/ironic/common/driver_factory.py", line 266, in hardware_types
2023-02-13 21:46:40.520 7 ERROR oslo_service.service     return _get_all_drivers(HardwareTypesFactory())
2023-02-13 21:46:40.520 7 ERROR oslo_service.service   File "/var/lib/kolla/venv/lib/python3.9/site-packages/ironic/common/driver_factory.py", line 336, in __init__
2023-02-13 21:46:40.520 7 ERROR oslo_service.service     self.__class__._init_extension_manager()
2023-02-13 21:46:40.520 7 ERROR oslo_service.service   File "/var/lib/kolla/venv/lib/python3.9/site-packages/ironic/common/driver_factory.py", line 407, in _init_extension_manager
2023-02-13 21:46:40.520 7 ERROR oslo_service.service     stevedore.NamedExtensionManager(
2023-02-13 21:46:40.520 7 ERROR oslo_service.service   File "/var/lib/kolla/venv/lib/python3.9/site-packages/stevedore/named.py", line 78, in __init__
2023-02-13 21:46:40.520 7 ERROR oslo_service.service     extensions = self._load_plugins(invoke_on_load,
2023-02-13 21:46:40.520 7 ERROR oslo_service.service   File "/var/lib/kolla/venv/lib/python3.9/site-packages/stevedore/extension.py", line 241, in _load_plugins
2023-02-13 21:46:40.520 7 ERROR oslo_service.service     self._on_load_failure_callback(self, ep, err)
2023-02-13 21:46:40.520 7 ERROR oslo_service.service   File "/var/lib/kolla/venv/lib/python3.9/site-packages/ironic/common/driver_factory.py", line 358, in _catch_driver_not_found
2023-02-13 21:46:40.520 7 ERROR oslo_service.service     raise exception.DriverLoadError(driver=ep.name, reason=exc)
2023-02-13 21:46:40.520 7 ERROR oslo_service.service ironic.common.exception.DriverLoadError: Driver, hardware type or interface ilo could not be loaded. Reason: invalid syntax (utils.py, line 1068).
2023-02-13 21:46:40.520 7 ERROR oslo_service.service 
2023-02-13 21:46:45.936 7 DEBUG oslo_db.api [-] Loading backend 'sqlalchemy' from 'ironic.db.sqlalchemy.api' _load_backend /var/lib/kolla/venv/lib/python3.9/site-packages/oslo_db/api.py:259
2023-02-13 21:46:47.471 7 DEBUG oslo_concurrency.lockutils [-] Acquiring lock "singleton_lock" lock /var/lib/kolla/venv/lib/python3.9/site-packages/oslo_concurrency/lockutils.py:312
2023-02-13 21:46:47.473 7 DEBUG oslo_concurrency.lockutils [-] Acquired lock "singleton_lock" lock /var/lib/kolla/venv/lib/python3.9/site-packages/oslo_concurrency/lockutils.py:315
2023-02-13 21:46:47.473 7 DEBUG oslo_concurrency.lockutils [-] Releasing lock "singleton_lock" lock /var/lib/kolla/venv/lib/python3.9/site-packages/oslo_concurrency/lockutils.py:333
2023-02-13 21:46:47.474 7 DEBUG ironic.conductor.base_manager [None req-b967cf1b-f493-4507-a6ca-3e4a807f1476 - - - - - -] Initializing database client for host-169-16-1-186. prepare_host /var/lib/kolla/venv/lib/python3.9/site-packages/ironic/conductor/base_manager.py:82
2023-02-13 21:46:47.475 7 DEBUG ironic.conductor.base_manager [None req-b967cf1b-f493-4507-a6ca-3e4a807f1476 - - - - - -] Removing stale locks from the database matching this conductor's hostname: host-169-16-1-186 prepare_host /var/lib/kolla/venv/lib/python3.9/site-packages/ironic/conductor/base_manager.py:84
2023-02-13 21:46:47.512 7 DEBUG oslo_db.sqlalchemy.engines [None req-b967cf1b-f493-4507-a6ca-3e4a807f1476 - - - - - -] MySQL server mode set to STRICT_TRANS_TABLES,STRICT_ALL_TABLES,NO_ZERO_IN_DATE,NO_ZERO_DATE,ERROR_FOR_DIVISION_BY_ZERO,TRADITIONAL,NO_AUTO_CREATE_USER,NO_ENGINE_SUBSTITUTION _check_effective_sql_mode /var/lib/kolla/venv/lib/python3.9/site-packages/oslo_db/sqlalchemy/engines.py:326
2023-02-13 21:46:47.777 7 ERROR oslo_service.service [None req-b967cf1b-f493-4507-a6ca-3e4a807f1476 - - - - - -] Error starting thread.: ironic.common.exception.DriverLoadError: Driver, hardware type or interface ilo could not be loaded. Reason: invalid syntax (utils.py, line 1068).
2023-02-13 21:46:47.777 7 ERROR oslo_service.service Traceback (most recent call last):
2023-02-13 21:46:47.777 7 ERROR oslo_service.service   File "/var/lib/kolla/venv/lib/python3.9/site-packages/stevedore/extension.py", line 229, in _load_plugins
2023-02-13 21:46:47.777 7 ERROR oslo_service.service     ext = self._load_one_plugin(ep,
2023-02-13 21:46:47.777 7 ERROR oslo_service.service   File "/var/lib/kolla/venv/lib/python3.9/site-packages/stevedore/named.py", line 156, in _load_one_plugin
2023-02-13 21:46:47.777 7 ERROR oslo_service.service     return super(NamedExtensionManager, self)._load_one_plugin(
2023-02-13 21:46:47.777 7 ERROR oslo_service.service   File "/var/lib/kolla/venv/lib/python3.9/site-packages/stevedore/extension.py", line 263, in _load_one_plugin
2023-02-13 21:46:47.777 7 ERROR oslo_service.service     plugin = ep.load()
2023-02-13 21:46:47.777 7 ERROR oslo_service.service   File "/usr/lib64/python3.9/importlib/metadata.py", line 86, in load
2023-02-13 21:46:47.777 7 ERROR oslo_service.service     module = import_module(match.group('module'))
2023-02-13 21:46:47.777 7 ERROR oslo_service.service   File "/usr/lib64/python3.9/importlib/__init__.py", line 127, in import_module
2023-02-13 21:46:47.777 7 ERROR oslo_service.service     return _bootstrap._gcd_import(name[level:], package, level)
2023-02-13 21:46:47.777 7 ERROR oslo_service.service   File "<frozen importlib._bootstrap>", line 1030, in _gcd_import
2023-02-13 21:46:47.777 7 ERROR oslo_service.service   File "<frozen importlib._bootstrap>", line 1007, in _find_and_load
2023-02-13 21:46:47.777 7 ERROR oslo_service.service   File "<frozen importlib._bootstrap>", line 986, in _find_and_load_unlocked
2023-02-13 21:46:47.777 7 ERROR oslo_service.service   File "<frozen importlib._bootstrap>", line 680, in _load_unlocked
2023-02-13 21:46:47.777 7 ERROR oslo_service.service   File "<frozen importlib._bootstrap_external>", line 850, in exec_module
2023-02-13 21:46:47.777 7 ERROR oslo_service.service   File "<frozen importlib._bootstrap>", line 228, in _call_with_frames_removed
2023-02-13 21:46:47.777 7 ERROR oslo_service.service   File "/var/lib/kolla/venv/lib/python3.9/site-packages/ironic/drivers/ilo.py", line 19, in <module>
2023-02-13 21:46:47.777 7 ERROR oslo_service.service     from ironic.drivers import generic
2023-02-13 21:46:47.777 7 ERROR oslo_service.service   File "/var/lib/kolla/venv/lib/python3.9/site-packages/ironic/drivers/generic.py", line 26, in <module>
2023-02-13 21:46:47.777 7 ERROR oslo_service.service     from ironic.drivers.modules.network import flat as flat_net
2023-02-13 21:46:47.777 7 ERROR oslo_service.service   File "/var/lib/kolla/venv/lib/python3.9/site-packages/ironic/drivers/modules/network/flat.py", line 23, in <module>
2023-02-13 21:46:47.777 7 ERROR oslo_service.service     from ironic.common import neutron
2023-02-13 21:46:47.777 7 ERROR oslo_service.service   File "/var/lib/kolla/venv/lib/python3.9/site-packages/ironic/common/neutron.py", line 22, in <module>
2023-02-13 21:46:47.777 7 ERROR oslo_service.service     from ironic.api.controllers.v1 import utils as api_utils
2023-02-13 21:46:47.777 7 ERROR oslo_service.service   File "/var/lib/kolla/venv/lib/python3.9/site-packages/ironic/api/controllers/v1/__init__.py", line 29, in <module>
2023-02-13 21:46:47.777 7 ERROR oslo_service.service     from ironic.api.controllers.v1 import allocation
2023-02-13 21:46:47.777 7 ERROR oslo_service.service   File "/var/lib/kolla/venv/lib/python3.9/site-packages/ironic/api/controllers/v1/allocation.py", line 25, in <module>
2023-02-13 21:46:47.777 7 ERROR oslo_service.service     from ironic.api.controllers.v1 import utils as api_utils
2023-02-13 21:46:47.777 7 ERROR oslo_service.service   File "/var/lib/kolla/venv/lib/python3.9/site-packages/ironic/api/controllers/v1/utils.py", line 1068
2023-02-13 21:46:47.777 7 ERROR oslo_service.service     <<<<<<< HEAD
2023-02-13 21:46:47.777 7 ERROR oslo_service.service     ^
2023-02-13 21:46:47.777 7 ERROR oslo_service.service SyntaxError: invalid syntax
2023-02-13 21:46:47.777 7 ERROR oslo_service.service 
2023-02-13 21:46:47.777 7 ERROR oslo_service.service During handling of the above exception, another exception occurred:
2023-02-13 21:46:47.777 7 ERROR oslo_service.service 
2023-02-13 21:46:47.777 7 ERROR oslo_service.service Traceback (most recent call last):
2023-02-13 21:46:47.777 7 ERROR oslo_service.service   File "/var/lib/kolla/venv/lib/python3.9/site-packages/oslo_service/service.py", line 806, in run_service
2023-02-13 21:46:47.777 7 ERROR oslo_service.service     service.start()
2023-02-13 21:46:47.777 7 ERROR oslo_service.service   File "/var/lib/kolla/venv/lib/python3.9/site-packages/ironic/common/rpc_service.py", line 62, in start
2023-02-13 21:46:47.777 7 ERROR oslo_service.service     self._real_start()
2023-02-13 21:46:47.777 7 ERROR oslo_service.service   File "/var/lib/kolla/venv/lib/python3.9/site-packages/ironic/common/rpc_service.py", line 87, in _real_start
2023-02-13 21:46:47.777 7 ERROR oslo_service.service     self.manager.init_host(admin_context)
2023-02-13 21:46:47.777 7 ERROR oslo_service.service   File "/var/lib/kolla/venv/lib/python3.9/site-packages/ironic/conductor/base_manager.py", line 136, in init_host
2023-02-13 21:46:47.777 7 ERROR oslo_service.service     hardware_types = driver_factory.hardware_types()
2023-02-13 21:46:47.777 7 ERROR oslo_service.service   File "/var/lib/kolla/venv/lib/python3.9/site-packages/ironic/common/driver_factory.py", line 266, in hardware_types
2023-02-13 21:46:47.777 7 ERROR oslo_service.service     return _get_all_drivers(HardwareTypesFactory())
2023-02-13 21:46:47.777 7 ERROR oslo_service.service   File "/var/lib/kolla/venv/lib/python3.9/site-packages/ironic/common/driver_factory.py", line 336, in __init__
2023-02-13 21:46:47.777 7 ERROR oslo_service.service     self.__class__._init_extension_manager()
2023-02-13 21:46:47.777 7 ERROR oslo_service.service   File "/var/lib/kolla/venv/lib/python3.9/site-packages/ironic/common/driver_factory.py", line 407, in _init_extension_manager
2023-02-13 21:46:47.777 7 ERROR oslo_service.service     stevedore.NamedExtensionManager(
2023-02-13 21:46:47.777 7 ERROR oslo_service.service   File "/var/lib/kolla/venv/lib/python3.9/site-packages/stevedore/named.py", line 78, in __init__
2023-02-13 21:46:47.777 7 ERROR oslo_service.service     extensions = self._load_plugins(invoke_on_load,
2023-02-13 21:46:47.777 7 ERROR oslo_service.service   File "/var/lib/kolla/venv/lib/python3.9/site-packages/stevedore/extension.py", line 241, in _load_plugins
2023-02-13 21:46:47.777 7 ERROR oslo_service.service     self._on_load_failure_callback(self, ep, err)
2023-02-13 21:46:47.777 7 ERROR oslo_service.service   File "/var/lib/kolla/venv/lib/python3.9/site-packages/ironic/common/driver_factory.py", line 358, in _catch_driver_not_found
2023-02-13 21:46:47.777 7 ERROR oslo_service.service     raise exception.DriverLoadError(driver=ep.name, reason=exc)
2023-02-13 21:46:47.777 7 ERROR oslo_service.service ironic.common.exception.DriverLoadError: Driver, hardware type or interface ilo could not be loaded. Reason: invalid syntax (utils.py, line 1068).
2023-02-13 21:46:47.777 7 ERROR oslo_service.service 
2023-02-13 21:46:53.309 7 DEBUG oslo_db.api [-] Loading backend 'sqlalchemy' from 'ironic.db.sqlalchemy.api' _load_backend /var/lib/kolla/venv/lib/python3.9/site-packages/oslo_db/api.py:259
2023-02-13 21:46:54.827 7 DEBUG oslo_concurrency.lockutils [-] Acquiring lock "singleton_lock" lock /var/lib/kolla/venv/lib/python3.9/site-packages/oslo_concurrency/lockutils.py:312
2023-02-13 21:46:54.829 7 DEBUG oslo_concurrency.lockutils [-] Acquired lock "singleton_lock" lock /var/lib/kolla/venv/lib/python3.9/site-packages/oslo_concurrency/lockutils.py:315
2023-02-13 21:46:54.830 7 DEBUG oslo_concurrency.lockutils [-] Releasing lock "singleton_lock" lock /var/lib/kolla/venv/lib/python3.9/site-packages/oslo_concurrency/lockutils.py:333
2023-02-13 21:46:54.831 7 DEBUG ironic.conductor.base_manager [None req-57e99921-63a5-4823-b78e-ebf9cdbaf821 - - - - - -] Initializing database client for host-169-16-1-186. prepare_host /var/lib/kolla/venv/lib/python3.9/site-packages/ironic/conductor/base_manager.py:82
2023-02-13 21:46:54.832 7 DEBUG ironic.conductor.base_manager [None req-57e99921-63a5-4823-b78e-ebf9cdbaf821 - - - - - -] Removing stale locks from the database matching this conductor's hostname: host-169-16-1-186 prepare_host /var/lib/kolla/venv/lib/python3.9/site-packages/ironic/conductor/base_manager.py:84
2023-02-13 21:46:54.865 7 DEBUG oslo_db.sqlalchemy.engines [None req-57e99921-63a5-4823-b78e-ebf9cdbaf821 - - - - - -] MySQL server mode set to STRICT_TRANS_TABLES,STRICT_ALL_TABLES,NO_ZERO_IN_DATE,NO_ZERO_DATE,ERROR_FOR_DIVISION_BY_ZERO,TRADITIONAL,NO_AUTO_CREATE_USER,NO_ENGINE_SUBSTITUTION _check_effective_sql_mode /var/lib/kolla/venv/lib/python3.9/site-packages/oslo_db/sqlalchemy/engines.py:326
2023-02-13 21:46:55.088 7 ERROR oslo_service.service [None req-57e99921-63a5-4823-b78e-ebf9cdbaf821 - - - - - -] Error starting thread.: ironic.common.exception.DriverLoadError: Driver, hardware type or interface ilo could not be loaded. Reason: invalid syntax (utils.py, line 1068).
2023-02-13 21:46:55.088 7 ERROR oslo_service.service Traceback (most recent call last):
2023-02-13 21:46:55.088 7 ERROR oslo_service.service   File "/var/lib/kolla/venv/lib/python3.9/site-packages/stevedore/extension.py", line 229, in _load_plugins
2023-02-13 21:46:55.088 7 ERROR oslo_service.service     ext = self._load_one_plugin(ep,
2023-02-13 21:46:55.088 7 ERROR oslo_service.service   File "/var/lib/kolla/venv/lib/python3.9/site-packages/stevedore/named.py", line 156, in _load_one_plugin
2023-02-13 21:46:55.088 7 ERROR oslo_service.service     return super(NamedExtensionManager, self)._load_one_plugin(
2023-02-13 21:46:55.088 7 ERROR oslo_service.service   File "/var/lib/kolla/venv/lib/python3.9/site-packages/stevedore/extension.py", line 263, in _load_one_plugin
2023-02-13 21:46:55.088 7 ERROR oslo_service.service     plugin = ep.load()
2023-02-13 21:46:55.088 7 ERROR oslo_service.service   File "/usr/lib64/python3.9/importlib/metadata.py", line 86, in load
2023-02-13 21:46:55.088 7 ERROR oslo_service.service     module = import_module(match.group('module'))
2023-02-13 21:46:55.088 7 ERROR oslo_service.service   File "/usr/lib64/python3.9/importlib/__init__.py", line 127, in import_module
2023-02-13 21:46:55.088 7 ERROR oslo_service.service     return _bootstrap._gcd_import(name[level:], package, level)
2023-02-13 21:46:55.088 7 ERROR oslo_service.service   File "<frozen importlib._bootstrap>", line 1030, in _gcd_import
2023-02-13 21:46:55.088 7 ERROR oslo_service.service   File "<frozen importlib._bootstrap>", line 1007, in _find_and_load
2023-02-13 21:46:55.088 7 ERROR oslo_service.service   File "<frozen importlib._bootstrap>", line 986, in _find_and_load_unlocked
2023-02-13 21:46:55.088 7 ERROR oslo_service.service   File "<frozen importlib._bootstrap>", line 680, in _load_unlocked
2023-02-13 21:46:55.088 7 ERROR oslo_service.service   File "<frozen importlib._bootstrap_external>", line 850, in exec_module
2023-02-13 21:46:55.088 7 ERROR oslo_service.service   File "<frozen importlib._bootstrap>", line 228, in _call_with_frames_removed
2023-02-13 21:46:55.088 7 ERROR oslo_service.service   File "/var/lib/kolla/venv/lib/python3.9/site-packages/ironic/drivers/ilo.py", line 19, in <module>
2023-02-13 21:46:55.088 7 ERROR oslo_service.service     from ironic.drivers import generic
2023-02-13 21:46:55.088 7 ERROR oslo_service.service   File "/var/lib/kolla/venv/lib/python3.9/site-packages/ironic/drivers/generic.py", line 26, in <module>
2023-02-13 21:46:55.088 7 ERROR oslo_service.service     from ironic.drivers.modules.network import flat as flat_net
2023-02-13 21:46:55.088 7 ERROR oslo_service.service   File "/var/lib/kolla/venv/lib/python3.9/site-packages/ironic/drivers/modules/network/flat.py", line 23, in <module>
2023-02-13 21:46:55.088 7 ERROR oslo_service.service     from ironic.common import neutron
2023-02-13 21:46:55.088 7 ERROR oslo_service.service   File "/var/lib/kolla/venv/lib/python3.9/site-packages/ironic/common/neutron.py", line 22, in <module>
2023-02-13 21:46:55.088 7 ERROR oslo_service.service     from ironic.api.controllers.v1 import utils as api_utils
2023-02-13 21:46:55.088 7 ERROR oslo_service.service   File "/var/lib/kolla/venv/lib/python3.9/site-packages/ironic/api/controllers/v1/__init__.py", line 29, in <module>
2023-02-13 21:46:55.088 7 ERROR oslo_service.service     from ironic.api.controllers.v1 import allocation
2023-02-13 21:46:55.088 7 ERROR oslo_service.service   File "/var/lib/kolla/venv/lib/python3.9/site-packages/ironic/api/controllers/v1/allocation.py", line 25, in <module>
2023-02-13 21:46:55.088 7 ERROR oslo_service.service     from ironic.api.controllers.v1 import utils as api_utils
2023-02-13 21:46:55.088 7 ERROR oslo_service.service   File "/var/lib/kolla/venv/lib/python3.9/site-packages/ironic/api/controllers/v1/utils.py", line 1068
2023-02-13 21:46:55.088 7 ERROR oslo_service.service     <<<<<<< HEAD
2023-02-13 21:46:55.088 7 ERROR oslo_service.service     ^
2023-02-13 21:46:55.088 7 ERROR oslo_service.service SyntaxError: invalid syntax
2023-02-13 21:46:55.088 7 ERROR oslo_service.service 
2023-02-13 21:46:55.088 7 ERROR oslo_service.service During handling of the above exception, another exception occurred:
2023-02-13 21:46:55.088 7 ERROR oslo_service.service 
2023-02-13 21:46:55.088 7 ERROR oslo_service.service Traceback (most recent call last):
2023-02-13 21:46:55.088 7 ERROR oslo_service.service   File "/var/lib/kolla/venv/lib/python3.9/site-packages/oslo_service/service.py", line 806, in run_service
2023-02-13 21:46:55.088 7 ERROR oslo_service.service     service.start()
2023-02-13 21:46:55.088 7 ERROR oslo_service.service   File "/var/lib/kolla/venv/lib/python3.9/site-packages/ironic/common/rpc_service.py", line 62, in start
2023-02-13 21:46:55.088 7 ERROR oslo_service.service     self._real_start()
2023-02-13 21:46:55.088 7 ERROR oslo_service.service   File "/var/lib/kolla/venv/lib/python3.9/site-packages/ironic/common/rpc_service.py", line 87, in _real_start
2023-02-13 21:46:55.088 7 ERROR oslo_service.service     self.manager.init_host(admin_context)
2023-02-13 21:46:55.088 7 ERROR oslo_service.service   File "/var/lib/kolla/venv/lib/python3.9/site-packages/ironic/conductor/base_manager.py", line 136, in init_host
2023-02-13 21:46:55.088 7 ERROR oslo_service.service     hardware_types = driver_factory.hardware_types()
2023-02-13 21:46:55.088 7 ERROR oslo_service.service   File "/var/lib/kolla/venv/lib/python3.9/site-packages/ironic/common/driver_factory.py", line 266, in hardware_types
2023-02-13 21:46:55.088 7 ERROR oslo_service.service     return _get_all_drivers(HardwareTypesFactory())
2023-02-13 21:46:55.088 7 ERROR oslo_service.service   File "/var/lib/kolla/venv/lib/python3.9/site-packages/ironic/common/driver_factory.py", line 336, in __init__
2023-02-13 21:46:55.088 7 ERROR oslo_service.service     self.__class__._init_extension_manager()
2023-02-13 21:46:55.088 7 ERROR oslo_service.service   File "/var/lib/kolla/venv/lib/python3.9/site-packages/ironic/common/driver_factory.py", line 407, in _init_extension_manager
2023-02-13 21:46:55.088 7 ERROR oslo_service.service     stevedore.NamedExtensionManager(
2023-02-13 21:46:55.088 7 ERROR oslo_service.service   File "/var/lib/kolla/venv/lib/python3.9/site-packages/stevedore/named.py", line 78, in __init__
2023-02-13 21:46:55.088 7 ERROR oslo_service.service     extensions = self._load_plugins(invoke_on_load,
2023-02-13 21:46:55.088 7 ERROR oslo_service.service   File "/var/lib/kolla/venv/lib/python3.9/site-packages/stevedore/extension.py", line 241, in _load_plugins
2023-02-13 21:46:55.088 7 ERROR oslo_service.service     self._on_load_failure_callback(self, ep, err)
2023-02-13 21:46:55.088 7 ERROR oslo_service.service   File "/var/lib/kolla/venv/lib/python3.9/site-packages/ironic/common/driver_factory.py", line 358, in _catch_driver_not_found
2023-02-13 21:46:55.088 7 ERROR oslo_service.service     raise exception.DriverLoadError(driver=ep.name, reason=exc)
2023-02-13 21:46:55.088 7 ERROR oslo_service.service ironic.common.exception.DriverLoadError: Driver, hardware type or interface ilo could not be loaded. Reason: invalid syntax (utils.py, line 1068).
2023-02-13 21:46:55.088 7 ERROR oslo_service.service 
2023-02-13 21:47:02.008 7 DEBUG oslo_db.api [-] Loading backend 'sqlalchemy' from 'ironic.db.sqlalchemy.api' _load_backend /var/lib/kolla/venv/lib/python3.9/site-packages/oslo_db/api.py:259
2023-02-13 21:47:03.631 7 DEBUG oslo_concurrency.lockutils [-] Acquiring lock "singleton_lock" lock /var/lib/kolla/venv/lib/python3.9/site-packages/oslo_concurrency/lockutils.py:312
2023-02-13 21:47:03.633 7 DEBUG oslo_concurrency.lockutils [-] Acquired lock "singleton_lock" lock /var/lib/kolla/venv/lib/python3.9/site-packages/oslo_concurrency/lockutils.py:315
2023-02-13 21:47:03.633 7 DEBUG oslo_concurrency.lockutils [-] Releasing lock "singleton_lock" lock /var/lib/kolla/venv/lib/python3.9/site-packages/oslo_concurrency/lockutils.py:333
2023-02-13 21:47:03.634 7 DEBUG ironic.conductor.base_manager [None req-f1ae8010-f6a9-4862-b806-432236a73d46 - - - - - -] Initializing database client for host-169-16-1-186. prepare_host /var/lib/kolla/venv/lib/python3.9/site-packages/ironic/conductor/base_manager.py:82
2023-02-13 21:47:03.635 7 DEBUG ironic.conductor.base_manager [None req-f1ae8010-f6a9-4862-b806-432236a73d46 - - - - - -] Removing stale locks from the database matching this conductor's hostname: host-169-16-1-186 prepare_host /var/lib/kolla/venv/lib/python3.9/site-packages/ironic/conductor/base_manager.py:84
2023-02-13 21:47:03.685 7 DEBUG oslo_db.sqlalchemy.engines [None req-f1ae8010-f6a9-4862-b806-432236a73d46 - - - - - -] MySQL server mode set to STRICT_TRANS_TABLES,STRICT_ALL_TABLES,NO_ZERO_IN_DATE,NO_ZERO_DATE,ERROR_FOR_DIVISION_BY_ZERO,TRADITIONAL,NO_AUTO_CREATE_USER,NO_ENGINE_SUBSTITUTION _check_effective_sql_mode /var/lib/kolla/venv/lib/python3.9/site-packages/oslo_db/sqlalchemy/engines.py:326
2023-02-13 21:47:03.970 7 ERROR oslo_service.service [None req-f1ae8010-f6a9-4862-b806-432236a73d46 - - - - - -] Error starting thread.: ironic.common.exception.DriverLoadError: Driver, hardware type or interface ilo could not be loaded. Reason: invalid syntax (utils.py, line 1068).
2023-02-13 21:47:03.970 7 ERROR oslo_service.service Traceback (most recent call last):
2023-02-13 21:47:03.970 7 ERROR oslo_service.service   File "/var/lib/kolla/venv/lib/python3.9/site-packages/stevedore/extension.py", line 229, in _load_plugins
2023-02-13 21:47:03.970 7 ERROR oslo_service.service     ext = self._load_one_plugin(ep,
2023-02-13 21:47:03.970 7 ERROR oslo_service.service   File "/var/lib/kolla/venv/lib/python3.9/site-packages/stevedore/named.py", line 156, in _load_one_plugin
2023-02-13 21:47:03.970 7 ERROR oslo_service.service     return super(NamedExtensionManager, self)._load_one_plugin(
2023-02-13 21:47:03.970 7 ERROR oslo_service.service   File "/var/lib/kolla/venv/lib/python3.9/site-packages/stevedore/extension.py", line 263, in _load_one_plugin
2023-02-13 21:47:03.970 7 ERROR oslo_service.service     plugin = ep.load()
2023-02-13 21:47:03.970 7 ERROR oslo_service.service   File "/usr/lib64/python3.9/importlib/metadata.py", line 86, in load
2023-02-13 21:47:03.970 7 ERROR oslo_service.service     module = import_module(match.group('module'))
2023-02-13 21:47:03.970 7 ERROR oslo_service.service   File "/usr/lib64/python3.9/importlib/__init__.py", line 127, in import_module
2023-02-13 21:47:03.970 7 ERROR oslo_service.service     return _bootstrap._gcd_import(name[level:], package, level)
2023-02-13 21:47:03.970 7 ERROR oslo_service.service   File "<frozen importlib._bootstrap>", line 1030, in _gcd_import
2023-02-13 21:47:03.970 7 ERROR oslo_service.service   File "<frozen importlib._bootstrap>", line 1007, in _find_and_load
2023-02-13 21:47:03.970 7 ERROR oslo_service.service   File "<frozen importlib._bootstrap>", line 986, in _find_and_load_unlocked
2023-02-13 21:47:03.970 7 ERROR oslo_service.service   File "<frozen importlib._bootstrap>", line 680, in _load_unlocked
2023-02-13 21:47:03.970 7 ERROR oslo_service.service   File "<frozen importlib._bootstrap_external>", line 850, in exec_module
2023-02-13 21:47:03.970 7 ERROR oslo_service.service   File "<frozen importlib._bootstrap>", line 228, in _call_with_frames_removed
2023-02-13 21:47:03.970 7 ERROR oslo_service.service   File "/var/lib/kolla/venv/lib/python3.9/site-packages/ironic/drivers/ilo.py", line 19, in <module>
2023-02-13 21:47:03.970 7 ERROR oslo_service.service     from ironic.drivers import generic
2023-02-13 21:47:03.970 7 ERROR oslo_service.service   File "/var/lib/kolla/venv/lib/python3.9/site-packages/ironic/drivers/generic.py", line 26, in <module>
2023-02-13 21:47:03.970 7 ERROR oslo_service.service     from ironic.drivers.modules.network import flat as flat_net
2023-02-13 21:47:03.970 7 ERROR oslo_service.service   File "/var/lib/kolla/venv/lib/python3.9/site-packages/ironic/drivers/modules/network/flat.py", line 23, in <module>
2023-02-13 21:47:03.970 7 ERROR oslo_service.service     from ironic.common import neutron
2023-02-13 21:47:03.970 7 ERROR oslo_service.service   File "/var/lib/kolla/venv/lib/python3.9/site-packages/ironic/common/neutron.py", line 22, in <module>
2023-02-13 21:47:03.970 7 ERROR oslo_service.service     from ironic.api.controllers.v1 import utils as api_utils
2023-02-13 21:47:03.970 7 ERROR oslo_service.service   File "/var/lib/kolla/venv/lib/python3.9/site-packages/ironic/api/controllers/v1/__init__.py", line 29, in <module>
2023-02-13 21:47:03.970 7 ERROR oslo_service.service     from ironic.api.controllers.v1 import allocation
2023-02-13 21:47:03.970 7 ERROR oslo_service.service   File "/var/lib/kolla/venv/lib/python3.9/site-packages/ironic/api/controllers/v1/allocation.py", line 25, in <module>
2023-02-13 21:47:03.970 7 ERROR oslo_service.service     from ironic.api.controllers.v1 import utils as api_utils
2023-02-13 21:47:03.970 7 ERROR oslo_service.service   File "/var/lib/kolla/venv/lib/python3.9/site-packages/ironic/api/controllers/v1/utils.py", line 1068
2023-02-13 21:47:03.970 7 ERROR oslo_service.service     <<<<<<< HEAD
2023-02-13 21:47:03.970 7 ERROR oslo_service.service     ^
2023-02-13 21:47:03.970 7 ERROR oslo_service.service SyntaxError: invalid syntax
2023-02-13 21:47:03.970 7 ERROR oslo_service.service 
2023-02-13 21:47:03.970 7 ERROR oslo_service.service During handling of the above exception, another exception occurred:
2023-02-13 21:47:03.970 7 ERROR oslo_service.service 
2023-02-13 21:47:03.970 7 ERROR oslo_service.service Traceback (most recent call last):
2023-02-13 21:47:03.970 7 ERROR oslo_service.service   File "/var/lib/kolla/venv/lib/python3.9/site-packages/oslo_service/service.py", line 806, in run_service
2023-02-13 21:47:03.970 7 ERROR oslo_service.service     service.start()
2023-02-13 21:47:03.970 7 ERROR oslo_service.service   File "/var/lib/kolla/venv/lib/python3.9/site-packages/ironic/common/rpc_service.py", line 62, in start
2023-02-13 21:47:03.970 7 ERROR oslo_service.service     self._real_start()
2023-02-13 21:47:03.970 7 ERROR oslo_service.service   File "/var/lib/kolla/venv/lib/python3.9/site-packages/ironic/common/rpc_service.py", line 87, in _real_start
2023-02-13 21:47:03.970 7 ERROR oslo_service.service     self.manager.init_host(admin_context)
2023-02-13 21:47:03.970 7 ERROR oslo_service.service   File "/var/lib/kolla/venv/lib/python3.9/site-packages/ironic/conductor/base_manager.py", line 136, in init_host
2023-02-13 21:47:03.970 7 ERROR oslo_service.service     hardware_types = driver_factory.hardware_types()
2023-02-13 21:47:03.970 7 ERROR oslo_service.service   File "/var/lib/kolla/venv/lib/python3.9/site-packages/ironic/common/driver_factory.py", line 266, in hardware_types
2023-02-13 21:47:03.970 7 ERROR oslo_service.service     return _get_all_drivers(HardwareTypesFactory())
2023-02-13 21:47:03.970 7 ERROR oslo_service.service   File "/var/lib/kolla/venv/lib/python3.9/site-packages/ironic/common/driver_factory.py", line 336, in __init__
2023-02-13 21:47:03.970 7 ERROR oslo_service.service     self.__class__._init_extension_manager()
2023-02-13 21:47:03.970 7 ERROR oslo_service.service   File "/var/lib/kolla/venv/lib/python3.9/site-packages/ironic/common/driver_factory.py", line 407, in _init_extension_manager
2023-02-13 21:47:03.970 7 ERROR oslo_service.service     stevedore.NamedExtensionManager(
2023-02-13 21:47:03.970 7 ERROR oslo_service.service   File "/var/lib/kolla/venv/lib/python3.9/site-packages/stevedore/named.py", line 78, in __init__
2023-02-13 21:47:03.970 7 ERROR oslo_service.service     extensions = self._load_plugins(invoke_on_load,
2023-02-13 21:47:03.970 7 ERROR oslo_service.service   File "/var/lib/kolla/venv/lib/python3.9/site-packages/stevedore/extension.py", line 241, in _load_plugins
2023-02-13 21:47:03.970 7 ERROR oslo_service.service     self._on_load_failure_callback(self, ep, err)
2023-02-13 21:47:03.970 7 ERROR oslo_service.service   File "/var/lib/kolla/venv/lib/python3.9/site-packages/ironic/common/driver_factory.py", line 358, in _catch_driver_not_found
2023-02-13 21:47:03.970 7 ERROR oslo_service.service     raise exception.DriverLoadError(driver=ep.name, reason=exc)
2023-02-13 21:47:03.970 7 ERROR oslo_service.service ironic.common.exception.DriverLoadError: Driver, hardware type or interface ilo could not be loaded. Reason: invalid syntax (utils.py, line 1068).
2023-02-13 21:47:03.970 7 ERROR oslo_service.service 
2023-02-13 21:47:14.370 7 DEBUG oslo_db.api [-] Loading backend 'sqlalchemy' from 'ironic.db.sqlalchemy.api' _load_backend /var/lib/kolla/venv/lib/python3.9/site-packages/oslo_db/api.py:259
2023-02-13 21:47:16.212 7 DEBUG oslo_concurrency.lockutils [-] Acquiring lock "singleton_lock" lock /var/lib/kolla/venv/lib/python3.9/site-packages/oslo_concurrency/lockutils.py:312
2023-02-13 21:47:16.214 7 DEBUG oslo_concurrency.lockutils [-] Acquired lock "singleton_lock" lock /var/lib/kolla/venv/lib/python3.9/site-packages/oslo_concurrency/lockutils.py:315
2023-02-13 21:47:16.215 7 DEBUG oslo_concurrency.lockutils [-] Releasing lock "singleton_lock" lock /var/lib/kolla/venv/lib/python3.9/site-packages/oslo_concurrency/lockutils.py:333
2023-02-13 21:47:16.216 7 DEBUG ironic.conductor.base_manager [None req-1dbb9e08-6a84-4827-a29f-41835009484b - - - - - -] Initializing database client for host-169-16-1-186. prepare_host /var/lib/kolla/venv/lib/python3.9/site-packages/ironic/conductor/base_manager.py:82
2023-02-13 21:47:16.217 7 DEBUG ironic.conductor.base_manager [None req-1dbb9e08-6a84-4827-a29f-41835009484b - - - - - -] Removing stale locks from the database matching this conductor's hostname: host-169-16-1-186 prepare_host /var/lib/kolla/venv/lib/python3.9/site-packages/ironic/conductor/base_manager.py:84
2023-02-13 21:47:16.252 7 DEBUG oslo_db.sqlalchemy.engines [None req-1dbb9e08-6a84-4827-a29f-41835009484b - - - - - -] MySQL server mode set to STRICT_TRANS_TABLES,STRICT_ALL_TABLES,NO_ZERO_IN_DATE,NO_ZERO_DATE,ERROR_FOR_DIVISION_BY_ZERO,TRADITIONAL,NO_AUTO_CREATE_USER,NO_ENGINE_SUBSTITUTION _check_effective_sql_mode /var/lib/kolla/venv/lib/python3.9/site-packages/oslo_db/sqlalchemy/engines.py:326
2023-02-13 21:47:16.507 7 ERROR oslo_service.service [None req-1dbb9e08-6a84-4827-a29f-41835009484b - - - - - -] Error starting thread.: ironic.common.exception.DriverLoadError: Driver, hardware type or interface ilo could not be loaded. Reason: invalid syntax (utils.py, line 1068).
2023-02-13 21:47:16.507 7 ERROR oslo_service.service Traceback (most recent call last):
2023-02-13 21:47:16.507 7 ERROR oslo_service.service   File "/var/lib/kolla/venv/lib/python3.9/site-packages/stevedore/extension.py", line 229, in _load_plugins
2023-02-13 21:47:16.507 7 ERROR oslo_service.service     ext = self._load_one_plugin(ep,
2023-02-13 21:47:16.507 7 ERROR oslo_service.service   File "/var/lib/kolla/venv/lib/python3.9/site-packages/stevedore/named.py", line 156, in _load_one_plugin
2023-02-13 21:47:16.507 7 ERROR oslo_service.service     return super(NamedExtensionManager, self)._load_one_plugin(
2023-02-13 21:47:16.507 7 ERROR oslo_service.service   File "/var/lib/kolla/venv/lib/python3.9/site-packages/stevedore/extension.py", line 263, in _load_one_plugin
2023-02-13 21:47:16.507 7 ERROR oslo_service.service     plugin = ep.load()
2023-02-13 21:47:16.507 7 ERROR oslo_service.service   File "/usr/lib64/python3.9/importlib/metadata.py", line 86, in load
2023-02-13 21:47:16.507 7 ERROR oslo_service.service     module = import_module(match.group('module'))
2023-02-13 21:47:16.507 7 ERROR oslo_service.service   File "/usr/lib64/python3.9/importlib/__init__.py", line 127, in import_module
2023-02-13 21:47:16.507 7 ERROR oslo_service.service     return _bootstrap._gcd_import(name[level:], package, level)
2023-02-13 21:47:16.507 7 ERROR oslo_service.service   File "<frozen importlib._bootstrap>", line 1030, in _gcd_import
2023-02-13 21:47:16.507 7 ERROR oslo_service.service   File "<frozen importlib._bootstrap>", line 1007, in _find_and_load
2023-02-13 21:47:16.507 7 ERROR oslo_service.service   File "<frozen importlib._bootstrap>", line 986, in _find_and_load_unlocked
2023-02-13 21:47:16.507 7 ERROR oslo_service.service   File "<frozen importlib._bootstrap>", line 680, in _load_unlocked
2023-02-13 21:47:16.507 7 ERROR oslo_service.service   File "<frozen importlib._bootstrap_external>", line 850, in exec_module
2023-02-13 21:47:16.507 7 ERROR oslo_service.service   File "<frozen importlib._bootstrap>", line 228, in _call_with_frames_removed
2023-02-13 21:47:16.507 7 ERROR oslo_service.service   File "/var/lib/kolla/venv/lib/python3.9/site-packages/ironic/drivers/ilo.py", line 19, in <module>
2023-02-13 21:47:16.507 7 ERROR oslo_service.service     from ironic.drivers import generic
2023-02-13 21:47:16.507 7 ERROR oslo_service.service   File "/var/lib/kolla/venv/lib/python3.9/site-packages/ironic/drivers/generic.py", line 26, in <module>
2023-02-13 21:47:16.507 7 ERROR oslo_service.service     from ironic.drivers.modules.network import flat as flat_net
2023-02-13 21:47:16.507 7 ERROR oslo_service.service   File "/var/lib/kolla/venv/lib/python3.9/site-packages/ironic/drivers/modules/network/flat.py", line 23, in <module>
2023-02-13 21:47:16.507 7 ERROR oslo_service.service     from ironic.common import neutron
2023-02-13 21:47:16.507 7 ERROR oslo_service.service   File "/var/lib/kolla/venv/lib/python3.9/site-packages/ironic/common/neutron.py", line 22, in <module>
2023-02-13 21:47:16.507 7 ERROR oslo_service.service     from ironic.api.controllers.v1 import utils as api_utils
2023-02-13 21:47:16.507 7 ERROR oslo_service.service   File "/var/lib/kolla/venv/lib/python3.9/site-packages/ironic/api/controllers/v1/__init__.py", line 29, in <module>
2023-02-13 21:47:16.507 7 ERROR oslo_service.service     from ironic.api.controllers.v1 import allocation
2023-02-13 21:47:16.507 7 ERROR oslo_service.service   File "/var/lib/kolla/venv/lib/python3.9/site-packages/ironic/api/controllers/v1/allocation.py", line 25, in <module>
2023-02-13 21:47:16.507 7 ERROR oslo_service.service     from ironic.api.controllers.v1 import utils as api_utils
2023-02-13 21:47:16.507 7 ERROR oslo_service.service   File "/var/lib/kolla/venv/lib/python3.9/site-packages/ironic/api/controllers/v1/utils.py", line 1068
2023-02-13 21:47:16.507 7 ERROR oslo_service.service     <<<<<<< HEAD
2023-02-13 21:47:16.507 7 ERROR oslo_service.service     ^
2023-02-13 21:47:16.507 7 ERROR oslo_service.service SyntaxError: invalid syntax
2023-02-13 21:47:16.507 7 ERROR oslo_service.service 
2023-02-13 21:47:16.507 7 ERROR oslo_service.service During handling of the above exception, another exception occurred:
2023-02-13 21:47:16.507 7 ERROR oslo_service.service 
2023-02-13 21:47:16.507 7 ERROR oslo_service.service Traceback (most recent call last):
2023-02-13 21:47:16.507 7 ERROR oslo_service.service   File "/var/lib/kolla/venv/lib/python3.9/site-packages/oslo_service/service.py", line 806, in run_service
2023-02-13 21:47:16.507 7 ERROR oslo_service.service     service.start()
2023-02-13 21:47:16.507 7 ERROR oslo_service.service   File "/var/lib/kolla/venv/lib/python3.9/site-packages/ironic/common/rpc_service.py", line 62, in start
2023-02-13 21:47:16.507 7 ERROR oslo_service.service     self._real_start()
2023-02-13 21:47:16.507 7 ERROR oslo_service.service   File "/var/lib/kolla/venv/lib/python3.9/site-packages/ironic/common/rpc_service.py", line 87, in _real_start
2023-02-13 21:47:16.507 7 ERROR oslo_service.service     self.manager.init_host(admin_context)
2023-02-13 21:47:16.507 7 ERROR oslo_service.service   File "/var/lib/kolla/venv/lib/python3.9/site-packages/ironic/conductor/base_manager.py", line 136, in init_host
2023-02-13 21:47:16.507 7 ERROR oslo_service.service     hardware_types = driver_factory.hardware_types()
2023-02-13 21:47:16.507 7 ERROR oslo_service.service   File "/var/lib/kolla/venv/lib/python3.9/site-packages/ironic/common/driver_factory.py", line 266, in hardware_types
2023-02-13 21:47:16.507 7 ERROR oslo_service.service     return _get_all_drivers(HardwareTypesFactory())
2023-02-13 21:47:16.507 7 ERROR oslo_service.service   File "/var/lib/kolla/venv/lib/python3.9/site-packages/ironic/common/driver_factory.py", line 336, in __init__
2023-02-13 21:47:16.507 7 ERROR oslo_service.service     self.__class__._init_extension_manager()
2023-02-13 21:47:16.507 7 ERROR oslo_service.service   File "/var/lib/kolla/venv/lib/python3.9/site-packages/ironic/common/driver_factory.py", line 407, in _init_extension_manager
2023-02-13 21:47:16.507 7 ERROR oslo_service.service     stevedore.NamedExtensionManager(
2023-02-13 21:47:16.507 7 ERROR oslo_service.service   File "/var/lib/kolla/venv/lib/python3.9/site-packages/stevedore/named.py", line 78, in __init__
2023-02-13 21:47:16.507 7 ERROR oslo_service.service     extensions = self._load_plugins(invoke_on_load,
2023-02-13 21:47:16.507 7 ERROR oslo_service.service   File "/var/lib/kolla/venv/lib/python3.9/site-packages/stevedore/extension.py", line 241, in _load_plugins
2023-02-13 21:47:16.507 7 ERROR oslo_service.service     self._on_load_failure_callback(self, ep, err)
2023-02-13 21:47:16.507 7 ERROR oslo_service.service   File "/var/lib/kolla/venv/lib/python3.9/site-packages/ironic/common/driver_factory.py", line 358, in _catch_driver_not_found
2023-02-13 21:47:16.507 7 ERROR oslo_service.service     raise exception.DriverLoadError(driver=ep.name, reason=exc)
2023-02-13 21:47:16.507 7 ERROR oslo_service.service ironic.common.exception.DriverLoadError: Driver, hardware type or interface ilo could not be loaded. Reason: invalid syntax (utils.py, line 1068).
2023-02-13 21:47:16.507 7 ERROR oslo_service.service 
2023-02-13 21:47:35.599 7 DEBUG oslo_db.api [-] Loading backend 'sqlalchemy' from 'ironic.db.sqlalchemy.api' _load_backend /var/lib/kolla/venv/lib/python3.9/site-packages/oslo_db/api.py:259
2023-02-13 21:47:38.524 7 DEBUG oslo_concurrency.lockutils [-] Acquiring lock "singleton_lock" lock /var/lib/kolla/venv/lib/python3.9/site-packages/oslo_concurrency/lockutils.py:312
2023-02-13 21:47:38.536 7 DEBUG oslo_concurrency.lockutils [-] Acquired lock "singleton_lock" lock /var/lib/kolla/venv/lib/python3.9/site-packages/oslo_concurrency/lockutils.py:315
2023-02-13 21:47:38.536 7 DEBUG oslo_concurrency.lockutils [-] Releasing lock "singleton_lock" lock /var/lib/kolla/venv/lib/python3.9/site-packages/oslo_concurrency/lockutils.py:333
2023-02-13 21:47:38.538 7 DEBUG ironic.conductor.base_manager [None req-991d2e5b-ffe2-4408-943d-2e98c804cad7 - - - - - -] Initializing database client for host-169-16-1-186. prepare_host /var/lib/kolla/venv/lib/python3.9/site-packages/ironic/conductor/base_manager.py:82
2023-02-13 21:47:38.538 7 DEBUG ironic.conductor.base_manager [None req-991d2e5b-ffe2-4408-943d-2e98c804cad7 - - - - - -] Removing stale locks from the database matching this conductor's hostname: host-169-16-1-186 prepare_host /var/lib/kolla/venv/lib/python3.9/site-packages/ironic/conductor/base_manager.py:84
