2023-02-17 07:38:13.783 7 WARNING keystonemiddleware.auth_token [-] AuthToken middleware is set with keystone_authtoken.service_token_roles_required set to False. This is backwards compatible but deprecated behaviour. Please set this to True.
2023-02-17 07:38:13.809 7 INFO oslo.service.wsgi [-] ironic_inspector listening on 169.16.1.150:5050
2023-02-17 07:38:13.873 7 INFO eventlet.wsgi.server [-] (7) wsgi starting up on http://169.16.1.150:5050
2023-02-17 07:38:13.923 7 WARNING ironic_inspector.conductor.manager [-] Introspection data will not be stored. Change "[processing] store_data" option if this is not the desired behavior
2023-02-17 07:38:14.047 7 INFO ironic_inspector.conductor.manager [-] Coordination backend cannot be started, assuming no other instances are running. Error: [Errno 111] ECONNREFUSED (with errno ECONNREFUSED [111])
2023-02-17 07:38:14.052 7 INFO ironic_inspector.conductor.manager [-] Enabled processing hooks: ['ramdisk_error', 'root_disk_selection', 'scheduler', 'validate_interfaces', 'capabilities', 'pci_devices']
2023-02-17 07:38:15.216 7 WARNING keystoneauth.discover [-] Failed to contact the endpoint at http://169.16.1.150:6385 for discovery. Fallback to using that endpoint as the base url.
2023-02-17 07:38:15.222 7 WARNING keystoneauth.discover [-] Failed to contact the endpoint at http://169.16.1.150:6385 for discovery. Fallback to using that endpoint as the base url.
2023-02-17 07:38:15.223 7 ERROR ironic_inspector.common.ironic [-] Failed to establish a connection with ironic, reason: The baremetal service for 169.16.1.150:RegionOne exists but does not have any supported versions.: openstack.exceptions.NotSupported: The baremetal service for 169.16.1.150:RegionOne exists but does not have any supported versions.
2023-02-17 07:38:15.224 7 ERROR ironic_inspector.pxe_filter.base [-] The PXE filter DnsmasqFilter, state=initialized encountered an exception: The baremetal service for 169.16.1.150:RegionOne exists but does not have any supported versions.; resetting the filter: openstack.exceptions.NotSupported: The baremetal service for 169.16.1.150:RegionOne exists but does not have any supported versions.
2023-02-17 07:38:15.224 7 ERROR ironic_inspector.pxe_filter.base Traceback (most recent call last):
2023-02-17 07:38:15.224 7 ERROR ironic_inspector.pxe_filter.base   File "/var/lib/kolla/venv/lib/python3.9/site-packages/ironic_inspector/pxe_filter/base.py", line 151, in fsm_reset_on_error
2023-02-17 07:38:15.224 7 ERROR ironic_inspector.pxe_filter.base     yield self.fsm
2023-02-17 07:38:15.224 7 ERROR ironic_inspector.pxe_filter.base   File "/var/lib/kolla/venv/lib/python3.9/site-packages/ironic_inspector/pxe_filter/base.py", line 87, in inner
2023-02-17 07:38:15.224 7 ERROR ironic_inspector.pxe_filter.base     return method(self, *args, **kwargs)
2023-02-17 07:38:15.224 7 ERROR ironic_inspector.pxe_filter.base   File "/var/lib/kolla/venv/lib/python3.9/site-packages/ironic_inspector/pxe_filter/dnsmasq.py", line 150, in init_filter
2023-02-17 07:38:15.224 7 ERROR ironic_inspector.pxe_filter.base     ironic = ir_utils.get_client()
2023-02-17 07:38:15.224 7 ERROR ironic_inspector.pxe_filter.base   File "/var/lib/kolla/venv/lib/python3.9/site-packages/ironic_inspector/common/ironic.py", line 61, in get_client
2023-02-17 07:38:15.224 7 ERROR ironic_inspector.pxe_filter.base     return openstack.connection.Connection(
2023-02-17 07:38:15.224 7 ERROR ironic_inspector.pxe_filter.base   File "/var/lib/kolla/venv/lib/python3.9/site-packages/openstack/service_description.py", line 87, in __get__
2023-02-17 07:38:15.224 7 ERROR ironic_inspector.pxe_filter.base     proxy = self._make_proxy(instance)
2023-02-17 07:38:15.224 7 ERROR ironic_inspector.pxe_filter.base   File "/var/lib/kolla/venv/lib/python3.9/site-packages/openstack/service_description.py", line 266, in _make_proxy
2023-02-17 07:38:15.224 7 ERROR ironic_inspector.pxe_filter.base     raise exceptions.NotSupported(
2023-02-17 07:38:15.224 7 ERROR ironic_inspector.pxe_filter.base openstack.exceptions.NotSupported: The baremetal service for 169.16.1.150:RegionOne exists but does not have any supported versions.
2023-02-17 07:38:15.224 7 ERROR ironic_inspector.pxe_filter.base 
2023-02-17 07:38:15.229 7 ERROR oslo_service.service [-] Error starting thread.: openstack.exceptions.NotSupported: The baremetal service for 169.16.1.150:RegionOne exists but does not have any supported versions.
2023-02-17 07:38:15.229 7 ERROR oslo_service.service Traceback (most recent call last):
2023-02-17 07:38:15.229 7 ERROR oslo_service.service   File "/var/lib/kolla/venv/lib/python3.9/site-packages/oslo_service/service.py", line 806, in run_service
2023-02-17 07:38:15.229 7 ERROR oslo_service.service     service.start()
2023-02-17 07:38:15.229 7 ERROR oslo_service.service   File "/var/lib/kolla/venv/lib/python3.9/site-packages/ironic_inspector/common/rpc_service.py", line 40, in start
2023-02-17 07:38:15.229 7 ERROR oslo_service.service     self.manager.init_host()
2023-02-17 07:38:15.229 7 ERROR oslo_service.service   File "/var/lib/kolla/venv/lib/python3.9/site-packages/ironic_inspector/conductor/manager.py", line 100, in init_host
2023-02-17 07:38:15.229 7 ERROR oslo_service.service     driver.init_filter()
2023-02-17 07:38:15.229 7 ERROR oslo_service.service   File "/var/lib/kolla/venv/lib/python3.9/site-packages/ironic_inspector/pxe_filter/base.py", line 87, in inner
2023-02-17 07:38:15.229 7 ERROR oslo_service.service     return method(self, *args, **kwargs)
2023-02-17 07:38:15.229 7 ERROR oslo_service.service   File "/var/lib/kolla/venv/lib/python3.9/site-packages/ironic_inspector/pxe_filter/dnsmasq.py", line 150, in init_filter
2023-02-17 07:38:15.229 7 ERROR oslo_service.service     ironic = ir_utils.get_client()
2023-02-17 07:38:15.229 7 ERROR oslo_service.service   File "/var/lib/kolla/venv/lib/python3.9/site-packages/ironic_inspector/common/ironic.py", line 61, in get_client
2023-02-17 07:38:15.229 7 ERROR oslo_service.service     return openstack.connection.Connection(
2023-02-17 07:38:15.229 7 ERROR oslo_service.service   File "/var/lib/kolla/venv/lib/python3.9/site-packages/openstack/service_description.py", line 87, in __get__
2023-02-17 07:38:15.229 7 ERROR oslo_service.service     proxy = self._make_proxy(instance)
2023-02-17 07:38:15.229 7 ERROR oslo_service.service   File "/var/lib/kolla/venv/lib/python3.9/site-packages/openstack/service_description.py", line 266, in _make_proxy
2023-02-17 07:38:15.229 7 ERROR oslo_service.service     raise exceptions.NotSupported(
2023-02-17 07:38:15.229 7 ERROR oslo_service.service openstack.exceptions.NotSupported: The baremetal service for 169.16.1.150:RegionOne exists but does not have any supported versions.
2023-02-17 07:38:15.229 7 ERROR oslo_service.service 
2023-02-17 07:38:15.308 7 INFO oslo.service.wsgi [-] Stopping WSGI server.
2023-02-17 07:38:15.308 7 INFO eventlet.wsgi.server [-] (7) wsgi exited, is_accepting=True
2023-02-17 07:38:16.146 7 WARNING amqp [-] Received method (60, 30) during closing channel 1. This method will be ignored: SystemExit: 1
2023-02-17 07:38:16.153 7 INFO ironic_inspector.conductor.manager [-] Shut down successfully
2023-02-17 07:38:16.154 7 INFO ironic_inspector.common.rpc_service [-] Stopped RPC server for service ironic_inspector.conductor on host host-169-16-1-150.
2023-02-17 07:38:24.114 7 WARNING keystonemiddleware.auth_token [-] AuthToken middleware is set with keystone_authtoken.service_token_roles_required set to False. This is backwards compatible but deprecated behaviour. Please set this to True.
2023-02-17 07:38:24.129 7 INFO oslo.service.wsgi [-] ironic_inspector listening on 169.16.1.150:5050
2023-02-17 07:38:24.163 7 INFO eventlet.wsgi.server [-] (7) wsgi starting up on http://169.16.1.150:5050
2023-02-17 07:38:24.195 7 WARNING ironic_inspector.conductor.manager [-] Introspection data will not be stored. Change "[processing] store_data" option if this is not the desired behavior
2023-02-17 07:38:24.322 7 INFO ironic_inspector.conductor.manager [-] Coordination backend cannot be started, assuming no other instances are running. Error: [Errno 111] ECONNREFUSED (with errno ECONNREFUSED [111])
2023-02-17 07:38:24.329 7 INFO ironic_inspector.conductor.manager [-] Enabled processing hooks: ['ramdisk_error', 'root_disk_selection', 'scheduler', 'validate_interfaces', 'capabilities', 'pci_devices']
2023-02-17 07:38:42.340 7 INFO ironic_inspector.pxe_filter.dnsmasq [-] The dnsmasq PXE filter was initialized
2023-02-17 07:38:42.342 7 INFO ironic_inspector.common.rpc_service [-] Created RPC server for service ironic_inspector.conductor on host host-169-16-1-150.
2023-02-17 08:45:40.972 7 ERROR ironic_inspector.pxe_filter.dnsmasq [-] Could not list ironic ports, can not sync dnsmasq PXE filter: keystoneauth1.exceptions.connection.ConnectFailure: Unable to establish connection to http://169.16.1.150:6385/v1/ports: ('Connection aborted.', RemoteDisconnected('Remote end closed connection without response'))
2023-02-17 08:45:40.972 7 ERROR ironic_inspector.pxe_filter.dnsmasq Traceback (most recent call last):
2023-02-17 08:45:40.972 7 ERROR ironic_inspector.pxe_filter.dnsmasq   File "/var/lib/kolla/venv/lib/python3.9/site-packages/urllib3/connectionpool.py", line 703, in urlopen
2023-02-17 08:45:40.972 7 ERROR ironic_inspector.pxe_filter.dnsmasq     httplib_response = self._make_request(
2023-02-17 08:45:40.972 7 ERROR ironic_inspector.pxe_filter.dnsmasq   File "/var/lib/kolla/venv/lib/python3.9/site-packages/urllib3/connectionpool.py", line 449, in _make_request
2023-02-17 08:45:40.972 7 ERROR ironic_inspector.pxe_filter.dnsmasq     six.raise_from(e, None)
2023-02-17 08:45:40.972 7 ERROR ironic_inspector.pxe_filter.dnsmasq   File "<string>", line 3, in raise_from
2023-02-17 08:45:40.972 7 ERROR ironic_inspector.pxe_filter.dnsmasq   File "/var/lib/kolla/venv/lib/python3.9/site-packages/urllib3/connectionpool.py", line 444, in _make_request
2023-02-17 08:45:40.972 7 ERROR ironic_inspector.pxe_filter.dnsmasq     httplib_response = conn.getresponse()
2023-02-17 08:45:40.972 7 ERROR ironic_inspector.pxe_filter.dnsmasq   File "/usr/lib64/python3.9/http/client.py", line 1377, in getresponse
2023-02-17 08:45:40.972 7 ERROR ironic_inspector.pxe_filter.dnsmasq     response.begin()
2023-02-17 08:45:40.972 7 ERROR ironic_inspector.pxe_filter.dnsmasq   File "/usr/lib64/python3.9/http/client.py", line 320, in begin
2023-02-17 08:45:40.972 7 ERROR ironic_inspector.pxe_filter.dnsmasq     version, status, reason = self._read_status()
2023-02-17 08:45:40.972 7 ERROR ironic_inspector.pxe_filter.dnsmasq   File "/usr/lib64/python3.9/http/client.py", line 289, in _read_status
2023-02-17 08:45:40.972 7 ERROR ironic_inspector.pxe_filter.dnsmasq     raise RemoteDisconnected("Remote end closed connection without"
2023-02-17 08:45:40.972 7 ERROR ironic_inspector.pxe_filter.dnsmasq http.client.RemoteDisconnected: Remote end closed connection without response
2023-02-17 08:45:40.972 7 ERROR ironic_inspector.pxe_filter.dnsmasq 
2023-02-17 08:45:40.972 7 ERROR ironic_inspector.pxe_filter.dnsmasq During handling of the above exception, another exception occurred:
2023-02-17 08:45:40.972 7 ERROR ironic_inspector.pxe_filter.dnsmasq 
2023-02-17 08:45:40.972 7 ERROR ironic_inspector.pxe_filter.dnsmasq Traceback (most recent call last):
2023-02-17 08:45:40.972 7 ERROR ironic_inspector.pxe_filter.dnsmasq   File "/var/lib/kolla/venv/lib/python3.9/site-packages/requests/adapters.py", line 489, in send
2023-02-17 08:45:40.972 7 ERROR ironic_inspector.pxe_filter.dnsmasq     resp = conn.urlopen(
2023-02-17 08:45:40.972 7 ERROR ironic_inspector.pxe_filter.dnsmasq   File "/var/lib/kolla/venv/lib/python3.9/site-packages/urllib3/connectionpool.py", line 787, in urlopen
2023-02-17 08:45:40.972 7 ERROR ironic_inspector.pxe_filter.dnsmasq     retries = retries.increment(
2023-02-17 08:45:40.972 7 ERROR ironic_inspector.pxe_filter.dnsmasq   File "/var/lib/kolla/venv/lib/python3.9/site-packages/urllib3/util/retry.py", line 550, in increment
2023-02-17 08:45:40.972 7 ERROR ironic_inspector.pxe_filter.dnsmasq     raise six.reraise(type(error), error, _stacktrace)
2023-02-17 08:45:40.972 7 ERROR ironic_inspector.pxe_filter.dnsmasq   File "/var/lib/kolla/venv/lib/python3.9/site-packages/urllib3/packages/six.py", line 769, in reraise
2023-02-17 08:45:40.972 7 ERROR ironic_inspector.pxe_filter.dnsmasq     raise value.with_traceback(tb)
2023-02-17 08:45:40.972 7 ERROR ironic_inspector.pxe_filter.dnsmasq   File "/var/lib/kolla/venv/lib/python3.9/site-packages/urllib3/connectionpool.py", line 703, in urlopen
2023-02-17 08:45:40.972 7 ERROR ironic_inspector.pxe_filter.dnsmasq     httplib_response = self._make_request(
2023-02-17 08:45:40.972 7 ERROR ironic_inspector.pxe_filter.dnsmasq   File "/var/lib/kolla/venv/lib/python3.9/site-packages/urllib3/connectionpool.py", line 449, in _make_request
2023-02-17 08:45:40.972 7 ERROR ironic_inspector.pxe_filter.dnsmasq     six.raise_from(e, None)
2023-02-17 08:45:40.972 7 ERROR ironic_inspector.pxe_filter.dnsmasq   File "<string>", line 3, in raise_from
2023-02-17 08:45:40.972 7 ERROR ironic_inspector.pxe_filter.dnsmasq   File "/var/lib/kolla/venv/lib/python3.9/site-packages/urllib3/connectionpool.py", line 444, in _make_request
2023-02-17 08:45:40.972 7 ERROR ironic_inspector.pxe_filter.dnsmasq     httplib_response = conn.getresponse()
2023-02-17 08:45:40.972 7 ERROR ironic_inspector.pxe_filter.dnsmasq   File "/usr/lib64/python3.9/http/client.py", line 1377, in getresponse
2023-02-17 08:45:40.972 7 ERROR ironic_inspector.pxe_filter.dnsmasq     response.begin()
2023-02-17 08:45:40.972 7 ERROR ironic_inspector.pxe_filter.dnsmasq   File "/usr/lib64/python3.9/http/client.py", line 320, in begin
2023-02-17 08:45:40.972 7 ERROR ironic_inspector.pxe_filter.dnsmasq     version, status, reason = self._read_status()
2023-02-17 08:45:40.972 7 ERROR ironic_inspector.pxe_filter.dnsmasq   File "/usr/lib64/python3.9/http/client.py", line 289, in _read_status
2023-02-17 08:45:40.972 7 ERROR ironic_inspector.pxe_filter.dnsmasq     raise RemoteDisconnected("Remote end closed connection without"
2023-02-17 08:45:40.972 7 ERROR ironic_inspector.pxe_filter.dnsmasq urllib3.exceptions.ProtocolError: ('Connection aborted.', RemoteDisconnected('Remote end closed connection without response'))
2023-02-17 08:45:40.972 7 ERROR ironic_inspector.pxe_filter.dnsmasq 
2023-02-17 08:45:40.972 7 ERROR ironic_inspector.pxe_filter.dnsmasq During handling of the above exception, another exception occurred:
2023-02-17 08:45:40.972 7 ERROR ironic_inspector.pxe_filter.dnsmasq 
2023-02-17 08:45:40.972 7 ERROR ironic_inspector.pxe_filter.dnsmasq Traceback (most recent call last):
2023-02-17 08:45:40.972 7 ERROR ironic_inspector.pxe_filter.dnsmasq   File "/var/lib/kolla/venv/lib/python3.9/site-packages/keystoneauth1/session.py", line 1022, in _send_request
2023-02-17 08:45:40.972 7 ERROR ironic_inspector.pxe_filter.dnsmasq     resp = self.session.request(method, url, **kwargs)
2023-02-17 08:45:40.972 7 ERROR ironic_inspector.pxe_filter.dnsmasq   File "/var/lib/kolla/venv/lib/python3.9/site-packages/requests/sessions.py", line 587, in request
2023-02-17 08:45:40.972 7 ERROR ironic_inspector.pxe_filter.dnsmasq     resp = self.send(prep, **send_kwargs)
2023-02-17 08:45:40.972 7 ERROR ironic_inspector.pxe_filter.dnsmasq   File "/var/lib/kolla/venv/lib/python3.9/site-packages/requests/sessions.py", line 701, in send
2023-02-17 08:45:40.972 7 ERROR ironic_inspector.pxe_filter.dnsmasq     r = adapter.send(request, **kwargs)
2023-02-17 08:45:40.972 7 ERROR ironic_inspector.pxe_filter.dnsmasq   File "/var/lib/kolla/venv/lib/python3.9/site-packages/requests/adapters.py", line 547, in send
2023-02-17 08:45:40.972 7 ERROR ironic_inspector.pxe_filter.dnsmasq     raise ConnectionError(err, request=request)
2023-02-17 08:45:40.972 7 ERROR ironic_inspector.pxe_filter.dnsmasq requests.exceptions.ConnectionError: ('Connection aborted.', RemoteDisconnected('Remote end closed connection without response'))
2023-02-17 08:45:40.972 7 ERROR ironic_inspector.pxe_filter.dnsmasq 
2023-02-17 08:45:40.972 7 ERROR ironic_inspector.pxe_filter.dnsmasq During handling of the above exception, another exception occurred:
2023-02-17 08:45:40.972 7 ERROR ironic_inspector.pxe_filter.dnsmasq 
2023-02-17 08:45:40.972 7 ERROR ironic_inspector.pxe_filter.dnsmasq Traceback (most recent call last):
2023-02-17 08:45:40.972 7 ERROR ironic_inspector.pxe_filter.dnsmasq   File "/var/lib/kolla/venv/lib/python3.9/site-packages/ironic_inspector/pxe_filter/dnsmasq.py", line 90, in _sync
2023-02-17 08:45:40.972 7 ERROR ironic_inspector.pxe_filter.dnsmasq     active_macs = pxe_filter.get_active_macs(ironic)
2023-02-17 08:45:40.972 7 ERROR ironic_inspector.pxe_filter.dnsmasq   File "/var/lib/kolla/venv/lib/python3.9/site-packages/ironic_inspector/pxe_filter/base.py", line 309, in get_active_macs
2023-02-17 08:45:40.972 7 ERROR ironic_inspector.pxe_filter.dnsmasq     ports = [port for port in
2023-02-17 08:45:40.972 7 ERROR ironic_inspector.pxe_filter.dnsmasq   File "/var/lib/kolla/venv/lib/python3.9/site-packages/ironic_inspector/pxe_filter/base.py", line 309, in <listcomp>
2023-02-17 08:45:40.972 7 ERROR ironic_inspector.pxe_filter.dnsmasq     ports = [port for port in
2023-02-17 08:45:40.972 7 ERROR ironic_inspector.pxe_filter.dnsmasq   File "/var/lib/kolla/venv/lib/python3.9/site-packages/openstack/resource.py", line 2025, in list
2023-02-17 08:45:40.972 7 ERROR ironic_inspector.pxe_filter.dnsmasq     response = session.get(
2023-02-17 08:45:40.972 7 ERROR ironic_inspector.pxe_filter.dnsmasq   File "/var/lib/kolla/venv/lib/python3.9/site-packages/keystoneauth1/adapter.py", line 395, in get
2023-02-17 08:45:40.972 7 ERROR ironic_inspector.pxe_filter.dnsmasq     return self.request(url, 'GET', **kwargs)
2023-02-17 08:45:40.972 7 ERROR ironic_inspector.pxe_filter.dnsmasq   File "/var/lib/kolla/venv/lib/python3.9/site-packages/openstack/proxy.py", line 186, in request
2023-02-17 08:45:40.972 7 ERROR ironic_inspector.pxe_filter.dnsmasq     response = super(Proxy, self).request(
2023-02-17 08:45:40.972 7 ERROR ironic_inspector.pxe_filter.dnsmasq   File "/var/lib/kolla/venv/lib/python3.9/site-packages/keystoneauth1/adapter.py", line 257, in request
2023-02-17 08:45:40.972 7 ERROR ironic_inspector.pxe_filter.dnsmasq     return self.session.request(url, method, **kwargs)
2023-02-17 08:45:40.972 7 ERROR ironic_inspector.pxe_filter.dnsmasq   File "/var/lib/kolla/venv/lib/python3.9/site-packages/keystoneauth1/session.py", line 931, in request
2023-02-17 08:45:40.972 7 ERROR ironic_inspector.pxe_filter.dnsmasq     resp = send(**kwargs)
2023-02-17 08:45:40.972 7 ERROR ironic_inspector.pxe_filter.dnsmasq   File "/var/lib/kolla/venv/lib/python3.9/site-packages/keystoneauth1/session.py", line 1053, in _send_request
2023-02-17 08:45:40.972 7 ERROR ironic_inspector.pxe_filter.dnsmasq     return self._send_request(
2023-02-17 08:45:40.972 7 ERROR ironic_inspector.pxe_filter.dnsmasq   File "/var/lib/kolla/venv/lib/python3.9/site-packages/keystoneauth1/session.py", line 1038, in _send_request
2023-02-17 08:45:40.972 7 ERROR ironic_inspector.pxe_filter.dnsmasq     raise exceptions.ConnectFailure(msg)
2023-02-17 08:45:40.972 7 ERROR ironic_inspector.pxe_filter.dnsmasq keystoneauth1.exceptions.connection.ConnectFailure: Unable to establish connection to http://169.16.1.150:6385/v1/ports: ('Connection aborted.', RemoteDisconnected('Remote end closed connection without response'))
2023-02-17 08:45:40.972 7 ERROR ironic_inspector.pxe_filter.dnsmasq 
