2023-03-15 13:20:47.943 7 INFO neutron.common.config [-] Logging enabled!
2023-03-15 13:20:47.944 7 INFO neutron.common.config [-] /var/lib/kolla/venv/bin/neutron-dhcp-agent version 21.0.1.dev72
2023-03-15 13:20:51.607 7 INFO neutron.agent.dhcp.agent [-] Synchronizing state
2023-03-15 13:21:21.775 7 ERROR neutron.agent.dhcp.agent [None req-2c9e981b-883f-478b-875f-43b1bd19e8c0 - - - - - -] Failed reporting state!: oslo_messaging.exceptions.MessagingTimeout: Timed out waiting for a reply to message ID dc4ecc90f0344e16a027f32c6d82ed31
2023-03-15 13:21:21.775 7 ERROR neutron.agent.dhcp.agent Traceback (most recent call last):
2023-03-15 13:21:21.775 7 ERROR neutron.agent.dhcp.agent   File "/var/lib/kolla/venv/lib/python3.9/site-packages/oslo_messaging/_drivers/amqpdriver.py", line 441, in get
2023-03-15 13:21:21.775 7 ERROR neutron.agent.dhcp.agent     return self._queues[msg_id].get(block=True, timeout=timeout)
2023-03-15 13:21:21.775 7 ERROR neutron.agent.dhcp.agent   File "/var/lib/kolla/venv/lib/python3.9/site-packages/eventlet/queue.py", line 322, in get
2023-03-15 13:21:21.775 7 ERROR neutron.agent.dhcp.agent     return waiter.wait()
2023-03-15 13:21:21.775 7 ERROR neutron.agent.dhcp.agent   File "/var/lib/kolla/venv/lib/python3.9/site-packages/eventlet/queue.py", line 141, in wait
2023-03-15 13:21:21.775 7 ERROR neutron.agent.dhcp.agent     return get_hub().switch()
2023-03-15 13:21:21.775 7 ERROR neutron.agent.dhcp.agent   File "/var/lib/kolla/venv/lib/python3.9/site-packages/eventlet/hubs/hub.py", line 313, in switch
2023-03-15 13:21:21.775 7 ERROR neutron.agent.dhcp.agent     return self.greenlet.switch()
2023-03-15 13:21:21.775 7 ERROR neutron.agent.dhcp.agent _queue.Empty
2023-03-15 13:21:21.775 7 ERROR neutron.agent.dhcp.agent 
2023-03-15 13:21:21.775 7 ERROR neutron.agent.dhcp.agent During handling of the above exception, another exception occurred:
2023-03-15 13:21:21.775 7 ERROR neutron.agent.dhcp.agent 
2023-03-15 13:21:21.775 7 ERROR neutron.agent.dhcp.agent Traceback (most recent call last):
2023-03-15 13:21:21.775 7 ERROR neutron.agent.dhcp.agent   File "/var/lib/kolla/venv/lib/python3.9/site-packages/neutron/agent/dhcp/agent.py", line 1048, in _report_state
2023-03-15 13:21:21.775 7 ERROR neutron.agent.dhcp.agent     agent_status = self.state_rpc.report_state(
2023-03-15 13:21:21.775 7 ERROR neutron.agent.dhcp.agent   File "/var/lib/kolla/venv/lib/python3.9/site-packages/neutron/agent/rpc.py", line 105, in report_state
2023-03-15 13:21:21.775 7 ERROR neutron.agent.dhcp.agent     return method(context, 'report_state', **kwargs)
2023-03-15 13:21:21.775 7 ERROR neutron.agent.dhcp.agent   File "/var/lib/kolla/venv/lib/python3.9/site-packages/oslo_messaging/rpc/client.py", line 189, in call
2023-03-15 13:21:21.775 7 ERROR neutron.agent.dhcp.agent     result = self.transport._send(
2023-03-15 13:21:21.775 7 ERROR neutron.agent.dhcp.agent   File "/var/lib/kolla/venv/lib/python3.9/site-packages/oslo_messaging/transport.py", line 123, in _send
2023-03-15 13:21:21.775 7 ERROR neutron.agent.dhcp.agent     return self._driver.send(target, ctxt, message,
2023-03-15 13:21:21.775 7 ERROR neutron.agent.dhcp.agent   File "/var/lib/kolla/venv/lib/python3.9/site-packages/oslo_messaging/_drivers/amqpdriver.py", line 689, in send
2023-03-15 13:21:21.775 7 ERROR neutron.agent.dhcp.agent     return self._send(target, ctxt, message, wait_for_reply, timeout,
2023-03-15 13:21:21.775 7 ERROR neutron.agent.dhcp.agent   File "/var/lib/kolla/venv/lib/python3.9/site-packages/oslo_messaging/_drivers/amqpdriver.py", line 678, in _send
2023-03-15 13:21:21.775 7 ERROR neutron.agent.dhcp.agent     result = self._waiter.wait(msg_id, timeout,
2023-03-15 13:21:21.775 7 ERROR neutron.agent.dhcp.agent   File "/var/lib/kolla/venv/lib/python3.9/site-packages/oslo_messaging/_drivers/amqpdriver.py", line 567, in wait
2023-03-15 13:21:21.775 7 ERROR neutron.agent.dhcp.agent     message = self.waiters.get(msg_id, timeout=timeout)
2023-03-15 13:21:21.775 7 ERROR neutron.agent.dhcp.agent   File "/var/lib/kolla/venv/lib/python3.9/site-packages/oslo_messaging/_drivers/amqpdriver.py", line 443, in get
2023-03-15 13:21:21.775 7 ERROR neutron.agent.dhcp.agent     raise oslo_messaging.MessagingTimeout(
2023-03-15 13:21:21.775 7 ERROR neutron.agent.dhcp.agent oslo_messaging.exceptions.MessagingTimeout: Timed out waiting for a reply to message ID dc4ecc90f0344e16a027f32c6d82ed31
2023-03-15 13:21:21.775 7 ERROR neutron.agent.dhcp.agent 
2023-03-15 13:21:21.842 7 WARNING oslo.service.loopingcall [None req-2c9e981b-883f-478b-875f-43b1bd19e8c0 - - - - - -] Function 'neutron.agent.dhcp.agent.DhcpAgentWithStateReport._report_state' run outlasted interval by 0.33 sec
2023-03-15 13:21:22.037 7 INFO neutron.agent.dhcp.agent [None req-fb04d2d8-7a86-467e-8b5d-01fef721927e - - - - - -] Successfully reported state after a previous failure.
2023-03-15 13:21:51.802 7 ERROR neutron_lib.rpc [None req-dff7222b-b2d5-44e8-bac7-f8a6019df41c - - - - - -] Timeout in RPC method get_active_networks_info. Waiting for 57 seconds before next attempt. If the server is not down, consider increasing the rpc_response_timeout option as Neutron server(s) may be overloaded and unable to respond quickly enough.: oslo_messaging.exceptions.MessagingTimeout: Timed out waiting for a reply to message ID a608d98bd253459cabd51b3a2b687e32
2023-03-15 13:21:51.805 7 WARNING neutron_lib.rpc [None req-dff7222b-b2d5-44e8-bac7-f8a6019df41c - - - - - -] Increasing timeout for get_active_networks_info calls to 120 seconds. Restart the agent to restore it to the default value.: oslo_messaging.exceptions.MessagingTimeout: Timed out waiting for a reply to message ID a608d98bd253459cabd51b3a2b687e32
2023-03-15 13:22:48.881 7 ERROR neutron.agent.dhcp.agent [None req-dff7222b-b2d5-44e8-bac7-f8a6019df41c - - - - - -] Unable to sync network state.: oslo_messaging.exceptions.MessagingTimeout: Timed out waiting for a reply to message ID a608d98bd253459cabd51b3a2b687e32
2023-03-15 13:22:48.881 7 ERROR neutron.agent.dhcp.agent Traceback (most recent call last):
2023-03-15 13:22:48.881 7 ERROR neutron.agent.dhcp.agent   File "/var/lib/kolla/venv/lib/python3.9/site-packages/oslo_messaging/_drivers/amqpdriver.py", line 441, in get
2023-03-15 13:22:48.881 7 ERROR neutron.agent.dhcp.agent     return self._queues[msg_id].get(block=True, timeout=timeout)
2023-03-15 13:22:48.881 7 ERROR neutron.agent.dhcp.agent   File "/var/lib/kolla/venv/lib/python3.9/site-packages/eventlet/queue.py", line 322, in get
2023-03-15 13:22:48.881 7 ERROR neutron.agent.dhcp.agent     return waiter.wait()
2023-03-15 13:22:48.881 7 ERROR neutron.agent.dhcp.agent   File "/var/lib/kolla/venv/lib/python3.9/site-packages/eventlet/queue.py", line 141, in wait
2023-03-15 13:22:48.881 7 ERROR neutron.agent.dhcp.agent     return get_hub().switch()
2023-03-15 13:22:48.881 7 ERROR neutron.agent.dhcp.agent   File "/var/lib/kolla/venv/lib/python3.9/site-packages/eventlet/hubs/hub.py", line 313, in switch
2023-03-15 13:22:48.881 7 ERROR neutron.agent.dhcp.agent     return self.greenlet.switch()
2023-03-15 13:22:48.881 7 ERROR neutron.agent.dhcp.agent _queue.Empty
2023-03-15 13:22:48.881 7 ERROR neutron.agent.dhcp.agent 
2023-03-15 13:22:48.881 7 ERROR neutron.agent.dhcp.agent During handling of the above exception, another exception occurred:
2023-03-15 13:22:48.881 7 ERROR neutron.agent.dhcp.agent 
2023-03-15 13:22:48.881 7 ERROR neutron.agent.dhcp.agent Traceback (most recent call last):
2023-03-15 13:22:48.881 7 ERROR neutron.agent.dhcp.agent   File "/var/lib/kolla/venv/lib/python3.9/site-packages/neutron/agent/dhcp/agent.py", line 273, in sync_state
2023-03-15 13:22:48.881 7 ERROR neutron.agent.dhcp.agent     active_networks = self.plugin_rpc.get_active_networks_info(
2023-03-15 13:22:48.881 7 ERROR neutron.agent.dhcp.agent   File "/var/lib/kolla/venv/lib/python3.9/site-packages/neutron/agent/dhcp/agent.py", line 829, in get_active_networks_info
2023-03-15 13:22:48.881 7 ERROR neutron.agent.dhcp.agent     networks = cctxt.call(self.context, 'get_active_networks_info',
2023-03-15 13:22:48.881 7 ERROR neutron.agent.dhcp.agent   File "/var/lib/kolla/venv/lib/python3.9/site-packages/neutron_lib/rpc.py", line 180, in call
2023-03-15 13:22:48.881 7 ERROR neutron.agent.dhcp.agent     time.sleep(wait)
2023-03-15 13:22:48.881 7 ERROR neutron.agent.dhcp.agent   File "/var/lib/kolla/venv/lib/python3.9/site-packages/oslo_utils/excutils.py", line 227, in __exit__
2023-03-15 13:22:48.881 7 ERROR neutron.agent.dhcp.agent     self.force_reraise()
2023-03-15 13:22:48.881 7 ERROR neutron.agent.dhcp.agent   File "/var/lib/kolla/venv/lib/python3.9/site-packages/oslo_utils/excutils.py", line 200, in force_reraise
2023-03-15 13:22:48.881 7 ERROR neutron.agent.dhcp.agent     raise self.value
2023-03-15 13:22:48.881 7 ERROR neutron.agent.dhcp.agent   File "/var/lib/kolla/venv/lib/python3.9/site-packages/neutron_lib/rpc.py", line 157, in call
2023-03-15 13:22:48.881 7 ERROR neutron.agent.dhcp.agent     return self._original_context.call(ctxt, method, **kwargs)
2023-03-15 13:22:48.881 7 ERROR neutron.agent.dhcp.agent   File "/var/lib/kolla/venv/lib/python3.9/site-packages/oslo_messaging/rpc/client.py", line 189, in call
2023-03-15 13:22:48.881 7 ERROR neutron.agent.dhcp.agent     result = self.transport._send(
2023-03-15 13:22:48.881 7 ERROR neutron.agent.dhcp.agent   File "/var/lib/kolla/venv/lib/python3.9/site-packages/oslo_messaging/transport.py", line 123, in _send
2023-03-15 13:22:48.881 7 ERROR neutron.agent.dhcp.agent     return self._driver.send(target, ctxt, message,
2023-03-15 13:22:48.881 7 ERROR neutron.agent.dhcp.agent   File "/var/lib/kolla/venv/lib/python3.9/site-packages/oslo_messaging/_drivers/amqpdriver.py", line 689, in send
2023-03-15 13:22:48.881 7 ERROR neutron.agent.dhcp.agent     return self._send(target, ctxt, message, wait_for_reply, timeout,
2023-03-15 13:22:48.881 7 ERROR neutron.agent.dhcp.agent   File "/var/lib/kolla/venv/lib/python3.9/site-packages/oslo_messaging/_drivers/amqpdriver.py", line 678, in _send
2023-03-15 13:22:48.881 7 ERROR neutron.agent.dhcp.agent     result = self._waiter.wait(msg_id, timeout,
2023-03-15 13:22:48.881 7 ERROR neutron.agent.dhcp.agent   File "/var/lib/kolla/venv/lib/python3.9/site-packages/oslo_messaging/_drivers/amqpdriver.py", line 567, in wait
2023-03-15 13:22:48.881 7 ERROR neutron.agent.dhcp.agent     message = self.waiters.get(msg_id, timeout=timeout)
2023-03-15 13:22:48.881 7 ERROR neutron.agent.dhcp.agent   File "/var/lib/kolla/venv/lib/python3.9/site-packages/oslo_messaging/_drivers/amqpdriver.py", line 443, in get
2023-03-15 13:22:48.881 7 ERROR neutron.agent.dhcp.agent     raise oslo_messaging.MessagingTimeout(
2023-03-15 13:22:48.881 7 ERROR neutron.agent.dhcp.agent oslo_messaging.exceptions.MessagingTimeout: Timed out waiting for a reply to message ID a608d98bd253459cabd51b3a2b687e32
2023-03-15 13:22:48.881 7 ERROR neutron.agent.dhcp.agent 
2023-03-15 13:22:48.931 7 INFO neutron.agent.dhcp.agent [-] Synchronizing state
2023-03-15 13:22:49.020 7 INFO neutron.agent.dhcp.agent [None req-dff7222b-b2d5-44e8-bac7-f8a6019df41c - - - - - -] DHCP agent started
2023-03-15 13:22:49.229 7 INFO neutron.agent.dhcp.agent [None req-e4645a6c-d710-4e19-ae5a-7c17902a81ef - - - - - -] All active networks have been fetched through RPC.
2023-03-15 13:22:49.230 7 INFO neutron.agent.dhcp.agent [None req-e4645a6c-d710-4e19-ae5a-7c17902a81ef - - - - - -] Synchronizing state complete
