2023-02-16 15:02:20.828 7 INFO neutron.common.config [-] Logging enabled!
2023-02-16 15:02:20.829 7 INFO neutron.common.config [-] /var/lib/kolla/venv/bin/neutron-openvswitch-agent version 21.0.1.dev72
2023-02-16 15:02:20.830 7 INFO os_ken.base.app_manager [-] loading app neutron.plugins.ml2.drivers.openvswitch.agent.openflow.native.ovs_oskenapp
2023-02-16 15:02:23.564 7 INFO os_ken.base.app_manager [-] loading app os_ken.controller.ofp_handler
2023-02-16 15:02:23.575 7 INFO os_ken.base.app_manager [-] loading app os_ken.app.ofctl.service
2023-02-16 15:02:23.580 7 INFO os_ken.base.app_manager [-] loading app os_ken.controller.ofp_handler
2023-02-16 15:02:23.581 7 INFO os_ken.base.app_manager [-] instantiating app neutron.plugins.ml2.drivers.openvswitch.agent.openflow.native.ovs_oskenapp of OVSNeutronAgentOSKenApp
2023-02-16 15:02:23.582 7 INFO os_ken.base.app_manager [-] instantiating app os_ken.controller.ofp_handler of OFPHandler
2023-02-16 15:02:23.584 7 INFO os_ken.base.app_manager [-] instantiating app os_ken.app.ofctl.service of OfctlService
2023-02-16 15:02:23.586 7 INFO neutron.agent.agent_extensions_manager [-] Loaded agent extensions: []
2023-02-16 15:02:23.611 7 INFO oslo.privsep.daemon [-] Running privsep helper: ['sudo', 'neutron-rootwrap', '/etc/neutron/rootwrap.conf', 'privsep-helper', '--privsep_context', 'neutron.privileged.default', '--privsep_sock_path', '/tmp/tmput8pqol4/privsep.sock']
2023-02-16 15:02:28.191 7 INFO oslo.privsep.daemon [-] Spawned new privsep daemon via rootwrap
2023-02-16 15:02:27.451 21 INFO oslo.privsep.daemon [-] privsep daemon starting
2023-02-16 15:02:27.496 21 INFO oslo.privsep.daemon [-] privsep process running with uid/gid: 0/0
2023-02-16 15:02:27.533 21 INFO oslo.privsep.daemon [-] privsep process running with capabilities (eff/prm/inh): CAP_DAC_OVERRIDE|CAP_DAC_READ_SEARCH|CAP_NET_ADMIN|CAP_SYS_ADMIN|CAP_SYS_PTRACE/CAP_DAC_OVERRIDE|CAP_DAC_READ_SEARCH|CAP_NET_ADMIN|CAP_SYS_ADMIN|CAP_SYS_PTRACE/none
2023-02-16 15:02:27.534 21 INFO oslo.privsep.daemon [-] privsep daemon running as pid 21
2023-02-16 15:02:30.067 7 ERROR ovsdbapp.backend.ovs_idl.idlutils [-] Unable to open stream to tcp:127.0.0.1:6640 to retrieve schema: Connection refused
2023-02-16 15:02:30.068 7 INFO oslo.privsep.daemon [-] Running privsep helper: ['sudo', 'neutron-rootwrap', '/etc/neutron/rootwrap.conf', 'privsep-helper', '--config-file', '/etc/neutron/neutron.conf', '--config-file', '/etc/neutron/plugins/ml2/openvswitch_agent.ini', '--privsep_context', 'neutron.privileged.ovs_vsctl_cmd', '--privsep_sock_path', '/tmp/tmp2mjz9j0d/privsep.sock']
2023-02-16 15:02:34.107 7 INFO oslo.privsep.daemon [-] Spawned new privsep daemon via rootwrap
2023-02-16 15:02:33.621 28 INFO oslo.privsep.daemon [-] privsep daemon starting
2023-02-16 15:02:33.651 28 INFO oslo.privsep.daemon [-] privsep process running with uid/gid: 0/0
2023-02-16 15:02:33.686 28 INFO oslo.privsep.daemon [-] privsep process running with capabilities (eff/prm/inh): CAP_NET_ADMIN|CAP_SYS_ADMIN/CAP_NET_ADMIN|CAP_SYS_ADMIN/none
2023-02-16 15:02:33.687 28 INFO oslo.privsep.daemon [-] privsep daemon running as pid 28
2023-02-16 15:02:34.669 7 ERROR ovsdbapp.backend.ovs_idl.idlutils [-] Unable to open stream to tcp:127.0.0.1:6640 to retrieve schema: Connection refused: Exception: Could not retrieve schema from tcp:127.0.0.1:6640
2023-02-16 15:02:34.694 7 ERROR ovsdbapp.backend.ovs_idl.idlutils [-] Unable to open stream to tcp:127.0.0.1:6640 to retrieve schema: Connection refused: Exception: Could not retrieve schema from tcp:127.0.0.1:6640
2023-02-16 15:02:34.736 7 ERROR ovsdbapp.backend.ovs_idl.idlutils [-] Unable to open stream to tcp:127.0.0.1:6640 to retrieve schema: Connection refused: Exception: Could not retrieve schema from tcp:127.0.0.1:6640
2023-02-16 15:02:34.821 7 ERROR ovsdbapp.backend.ovs_idl.idlutils [-] Unable to open stream to tcp:127.0.0.1:6640 to retrieve schema: Connection refused: Exception: Could not retrieve schema from tcp:127.0.0.1:6640
2023-02-16 15:02:34.983 7 ERROR ovsdbapp.backend.ovs_idl.idlutils [-] Unable to open stream to tcp:127.0.0.1:6640 to retrieve schema: Connection refused: Exception: Could not retrieve schema from tcp:127.0.0.1:6640
2023-02-16 15:02:35.306 7 ERROR ovsdbapp.backend.ovs_idl.idlutils [-] Unable to open stream to tcp:127.0.0.1:6640 to retrieve schema: Connection refused: Exception: Could not retrieve schema from tcp:127.0.0.1:6640
2023-02-16 15:02:35.949 7 ERROR ovsdbapp.backend.ovs_idl.idlutils [-] Unable to open stream to tcp:127.0.0.1:6640 to retrieve schema: Connection refused: Exception: Could not retrieve schema from tcp:127.0.0.1:6640
2023-02-16 15:02:35.952 7 ERROR neutron.plugins.ml2.drivers.openvswitch.agent.openflow.native.ovs_oskenapp [-] Agent main thread died of an exception: Exception: Could not retrieve schema from tcp:127.0.0.1:6640
2023-02-16 15:02:35.952 7 ERROR neutron.plugins.ml2.drivers.openvswitch.agent.openflow.native.ovs_oskenapp Traceback (most recent call last):
2023-02-16 15:02:35.952 7 ERROR neutron.plugins.ml2.drivers.openvswitch.agent.openflow.native.ovs_oskenapp   File "/var/lib/kolla/venv/lib/python3.9/site-packages/neutron/agent/ovsdb/native/connection.py", line 97, in _get_ovsdb_helper
2023-02-16 15:02:35.952 7 ERROR neutron.plugins.ml2.drivers.openvswitch.agent.openflow.native.ovs_oskenapp     return idlutils.get_schema_helper(connection, self.SCHEMA)
2023-02-16 15:02:35.952 7 ERROR neutron.plugins.ml2.drivers.openvswitch.agent.openflow.native.ovs_oskenapp   File "/var/lib/kolla/venv/lib/python3.9/site-packages/ovsdbapp/backend/ovs_idl/idlutils.py", line 215, in get_schema_helper
2023-02-16 15:02:35.952 7 ERROR neutron.plugins.ml2.drivers.openvswitch.agent.openflow.native.ovs_oskenapp     return create_schema_helper(fetch_schema_json(connection, schema_name))
2023-02-16 15:02:35.952 7 ERROR neutron.plugins.ml2.drivers.openvswitch.agent.openflow.native.ovs_oskenapp   File "/var/lib/kolla/venv/lib/python3.9/site-packages/ovsdbapp/backend/ovs_idl/idlutils.py", line 204, in fetch_schema_json
2023-02-16 15:02:35.952 7 ERROR neutron.plugins.ml2.drivers.openvswitch.agent.openflow.native.ovs_oskenapp     raise Exception("Could not retrieve schema from %s" % connection)
2023-02-16 15:02:35.952 7 ERROR neutron.plugins.ml2.drivers.openvswitch.agent.openflow.native.ovs_oskenapp Exception: Could not retrieve schema from tcp:127.0.0.1:6640
2023-02-16 15:02:35.952 7 ERROR neutron.plugins.ml2.drivers.openvswitch.agent.openflow.native.ovs_oskenapp 
2023-02-16 15:02:35.952 7 ERROR neutron.plugins.ml2.drivers.openvswitch.agent.openflow.native.ovs_oskenapp During handling of the above exception, another exception occurred:
2023-02-16 15:02:35.952 7 ERROR neutron.plugins.ml2.drivers.openvswitch.agent.openflow.native.ovs_oskenapp 
2023-02-16 15:02:35.952 7 ERROR neutron.plugins.ml2.drivers.openvswitch.agent.openflow.native.ovs_oskenapp Traceback (most recent call last):
2023-02-16 15:02:35.952 7 ERROR neutron.plugins.ml2.drivers.openvswitch.agent.openflow.native.ovs_oskenapp   File "/var/lib/kolla/venv/lib/python3.9/site-packages/neutron/plugins/ml2/drivers/openvswitch/agent/openflow/native/ovs_oskenapp.py", line 41, in agent_main_wrapper
2023-02-16 15:02:35.952 7 ERROR neutron.plugins.ml2.drivers.openvswitch.agent.openflow.native.ovs_oskenapp     ovs_agent.main(bridge_classes)
2023-02-16 15:02:35.952 7 ERROR neutron.plugins.ml2.drivers.openvswitch.agent.openflow.native.ovs_oskenapp   File "/var/lib/kolla/venv/lib/python3.9/site-packages/neutron/plugins/ml2/drivers/openvswitch/agent/ovs_neutron_agent.py", line 2944, in main
2023-02-16 15:02:35.952 7 ERROR neutron.plugins.ml2.drivers.openvswitch.agent.openflow.native.ovs_oskenapp     agent = OVSNeutronAgent(bridge_classes, ext_mgr, cfg.CONF)
2023-02-16 15:02:35.952 7 ERROR neutron.plugins.ml2.drivers.openvswitch.agent.openflow.native.ovs_oskenapp   File "/var/lib/kolla/venv/lib/python3.9/site-packages/neutron/plugins/ml2/drivers/openvswitch/agent/ovs_neutron_agent.py", line 156, in __init__
2023-02-16 15:02:35.952 7 ERROR neutron.plugins.ml2.drivers.openvswitch.agent.openflow.native.ovs_oskenapp     self.ovs = ovs_lib.BaseOVS()
2023-02-16 15:02:35.952 7 ERROR neutron.plugins.ml2.drivers.openvswitch.agent.openflow.native.ovs_oskenapp   File "/var/lib/kolla/venv/lib/python3.9/site-packages/neutron/agent/common/ovs_lib.py", line 144, in __init__
2023-02-16 15:02:35.952 7 ERROR neutron.plugins.ml2.drivers.openvswitch.agent.openflow.native.ovs_oskenapp     self.ovsdb = impl_idl.api_factory()
2023-02-16 15:02:35.952 7 ERROR neutron.plugins.ml2.drivers.openvswitch.agent.openflow.native.ovs_oskenapp   File "/var/lib/kolla/venv/lib/python3.9/site-packages/neutron/agent/ovsdb/impl_idl.py", line 37, in api_factory
2023-02-16 15:02:35.952 7 ERROR neutron.plugins.ml2.drivers.openvswitch.agent.openflow.native.ovs_oskenapp     _idl_monitor = n_connection.OvsIdlMonitor()
2023-02-16 15:02:35.952 7 ERROR neutron.plugins.ml2.drivers.openvswitch.agent.openflow.native.ovs_oskenapp   File "/var/lib/kolla/venv/lib/python3.9/site-packages/neutron/agent/ovsdb/native/connection.py", line 109, in __init__
2023-02-16 15:02:35.952 7 ERROR neutron.plugins.ml2.drivers.openvswitch.agent.openflow.native.ovs_oskenapp     super(OvsIdlMonitor, self).__init__()
2023-02-16 15:02:35.952 7 ERROR neutron.plugins.ml2.drivers.openvswitch.agent.openflow.native.ovs_oskenapp   File "/var/lib/kolla/venv/lib/python3.9/site-packages/neutron/agent/ovsdb/native/connection.py", line 84, in __init__
2023-02-16 15:02:35.952 7 ERROR neutron.plugins.ml2.drivers.openvswitch.agent.openflow.native.ovs_oskenapp     helper = self._get_ovsdb_helper(self._ovsdb_connection)
2023-02-16 15:02:35.952 7 ERROR neutron.plugins.ml2.drivers.openvswitch.agent.openflow.native.ovs_oskenapp   File "/var/lib/kolla/venv/lib/python3.9/site-packages/neutron/agent/ovsdb/native/connection.py", line 100, in _get_ovsdb_helper
2023-02-16 15:02:35.952 7 ERROR neutron.plugins.ml2.drivers.openvswitch.agent.openflow.native.ovs_oskenapp     return self._do_get_schema_helper(connection)
2023-02-16 15:02:35.952 7 ERROR neutron.plugins.ml2.drivers.openvswitch.agent.openflow.native.ovs_oskenapp   File "/var/lib/kolla/venv/lib/python3.9/site-packages/tenacity/__init__.py", line 333, in wrapped_f
2023-02-16 15:02:35.952 7 ERROR neutron.plugins.ml2.drivers.openvswitch.agent.openflow.native.ovs_oskenapp     return self(f, *args, **kw)
2023-02-16 15:02:35.952 7 ERROR neutron.plugins.ml2.drivers.openvswitch.agent.openflow.native.ovs_oskenapp   File "/var/lib/kolla/venv/lib/python3.9/site-packages/tenacity/__init__.py", line 423, in __call__
2023-02-16 15:02:35.952 7 ERROR neutron.plugins.ml2.drivers.openvswitch.agent.openflow.native.ovs_oskenapp     do = self.iter(retry_state=retry_state)
2023-02-16 15:02:35.952 7 ERROR neutron.plugins.ml2.drivers.openvswitch.agent.openflow.native.ovs_oskenapp   File "/var/lib/kolla/venv/lib/python3.9/site-packages/tenacity/__init__.py", line 372, in iter
2023-02-16 15:02:35.952 7 ERROR neutron.plugins.ml2.drivers.openvswitch.agent.openflow.native.ovs_oskenapp     raise retry_exc.reraise()
2023-02-16 15:02:35.952 7 ERROR neutron.plugins.ml2.drivers.openvswitch.agent.openflow.native.ovs_oskenapp   File "/var/lib/kolla/venv/lib/python3.9/site-packages/tenacity/__init__.py", line 189, in reraise
2023-02-16 15:02:35.952 7 ERROR neutron.plugins.ml2.drivers.openvswitch.agent.openflow.native.ovs_oskenapp     raise self.last_attempt.result()
2023-02-16 15:02:35.952 7 ERROR neutron.plugins.ml2.drivers.openvswitch.agent.openflow.native.ovs_oskenapp   File "/usr/lib64/python3.9/concurrent/futures/_base.py", line 439, in result
2023-02-16 15:02:35.952 7 ERROR neutron.plugins.ml2.drivers.openvswitch.agent.openflow.native.ovs_oskenapp     return self.__get_result()
2023-02-16 15:02:35.952 7 ERROR neutron.plugins.ml2.drivers.openvswitch.agent.openflow.native.ovs_oskenapp   File "/usr/lib64/python3.9/concurrent/futures/_base.py", line 391, in __get_result
2023-02-16 15:02:35.952 7 ERROR neutron.plugins.ml2.drivers.openvswitch.agent.openflow.native.ovs_oskenapp     raise self._exception
2023-02-16 15:02:35.952 7 ERROR neutron.plugins.ml2.drivers.openvswitch.agent.openflow.native.ovs_oskenapp   File "/var/lib/kolla/venv/lib/python3.9/site-packages/tenacity/__init__.py", line 426, in __call__
2023-02-16 15:02:35.952 7 ERROR neutron.plugins.ml2.drivers.openvswitch.agent.openflow.native.ovs_oskenapp     result = fn(*args, **kwargs)
2023-02-16 15:02:35.952 7 ERROR neutron.plugins.ml2.drivers.openvswitch.agent.openflow.native.ovs_oskenapp   File "/var/lib/kolla/venv/lib/python3.9/site-packages/neutron/agent/ovsdb/native/connection.py", line 93, in _do_get_schema_helper
2023-02-16 15:02:35.952 7 ERROR neutron.plugins.ml2.drivers.openvswitch.agent.openflow.native.ovs_oskenapp     return idlutils.get_schema_helper(connection, self.SCHEMA)
2023-02-16 15:02:35.952 7 ERROR neutron.plugins.ml2.drivers.openvswitch.agent.openflow.native.ovs_oskenapp   File "/var/lib/kolla/venv/lib/python3.9/site-packages/ovsdbapp/backend/ovs_idl/idlutils.py", line 215, in get_schema_helper
2023-02-16 15:02:35.952 7 ERROR neutron.plugins.ml2.drivers.openvswitch.agent.openflow.native.ovs_oskenapp     return create_schema_helper(fetch_schema_json(connection, schema_name))
2023-02-16 15:02:35.952 7 ERROR neutron.plugins.ml2.drivers.openvswitch.agent.openflow.native.ovs_oskenapp   File "/var/lib/kolla/venv/lib/python3.9/site-packages/ovsdbapp/backend/ovs_idl/idlutils.py", line 204, in fetch_schema_json
2023-02-16 15:02:35.952 7 ERROR neutron.plugins.ml2.drivers.openvswitch.agent.openflow.native.ovs_oskenapp     raise Exception("Could not retrieve schema from %s" % connection)
2023-02-16 15:02:35.952 7 ERROR neutron.plugins.ml2.drivers.openvswitch.agent.openflow.native.ovs_oskenapp Exception: Could not retrieve schema from tcp:127.0.0.1:6640
2023-02-16 15:02:35.952 7 ERROR neutron.plugins.ml2.drivers.openvswitch.agent.openflow.native.ovs_oskenapp 
2023-02-16 15:02:36.260 7 CRITICAL neutron [-] Unhandled error: Exception: Could not retrieve schema from tcp:127.0.0.1:6640
2023-02-16 15:02:36.260 7 ERROR neutron Traceback (most recent call last):
2023-02-16 15:02:36.260 7 ERROR neutron   File "/var/lib/kolla/venv/lib/python3.9/site-packages/neutron/agent/ovsdb/native/connection.py", line 97, in _get_ovsdb_helper
2023-02-16 15:02:36.260 7 ERROR neutron     return idlutils.get_schema_helper(connection, self.SCHEMA)
2023-02-16 15:02:36.260 7 ERROR neutron   File "/var/lib/kolla/venv/lib/python3.9/site-packages/ovsdbapp/backend/ovs_idl/idlutils.py", line 215, in get_schema_helper
2023-02-16 15:02:36.260 7 ERROR neutron     return create_schema_helper(fetch_schema_json(connection, schema_name))
2023-02-16 15:02:36.260 7 ERROR neutron   File "/var/lib/kolla/venv/lib/python3.9/site-packages/ovsdbapp/backend/ovs_idl/idlutils.py", line 204, in fetch_schema_json
2023-02-16 15:02:36.260 7 ERROR neutron     raise Exception("Could not retrieve schema from %s" % connection)
2023-02-16 15:02:36.260 7 ERROR neutron Exception: Could not retrieve schema from tcp:127.0.0.1:6640
2023-02-16 15:02:36.260 7 ERROR neutron 
2023-02-16 15:02:36.260 7 ERROR neutron During handling of the above exception, another exception occurred:
2023-02-16 15:02:36.260 7 ERROR neutron 
2023-02-16 15:02:36.260 7 ERROR neutron Traceback (most recent call last):
2023-02-16 15:02:36.260 7 ERROR neutron   File "/var/lib/kolla/venv/bin/neutron-openvswitch-agent", line 8, in <module>
2023-02-16 15:02:36.260 7 ERROR neutron     sys.exit(main())
2023-02-16 15:02:36.260 7 ERROR neutron   File "/var/lib/kolla/venv/lib/python3.9/site-packages/neutron/cmd/eventlet/plugins/ovs_neutron_agent.py", line 27, in main
2023-02-16 15:02:36.260 7 ERROR neutron     agent_main.main()
2023-02-16 15:02:36.260 7 ERROR neutron   File "/var/lib/kolla/venv/lib/python3.9/site-packages/neutron/plugins/ml2/drivers/openvswitch/agent/main.py", line 38, in main
2023-02-16 15:02:36.260 7 ERROR neutron     of_main.main()
2023-02-16 15:02:36.260 7 ERROR neutron   File "/var/lib/kolla/venv/lib/python3.9/site-packages/neutron/plugins/ml2/drivers/openvswitch/agent/openflow/native/main.py", line 34, in main
2023-02-16 15:02:36.260 7 ERROR neutron     app_manager.AppManager.run_apps([
2023-02-16 15:02:36.260 7 ERROR neutron   File "/var/lib/kolla/venv/lib/python3.9/site-packages/os_ken/base/app_manager.py", line 371, in run_apps
2023-02-16 15:02:36.260 7 ERROR neutron     hub.joinall(services)
2023-02-16 15:02:36.260 7 ERROR neutron   File "/var/lib/kolla/venv/lib/python3.9/site-packages/os_ken/lib/hub.py", line 112, in joinall
2023-02-16 15:02:36.260 7 ERROR neutron     t.wait()
2023-02-16 15:02:36.260 7 ERROR neutron   File "/var/lib/kolla/venv/lib/python3.9/site-packages/eventlet/greenthread.py", line 181, in wait
2023-02-16 15:02:36.260 7 ERROR neutron     return self._exit_event.wait()
2023-02-16 15:02:36.260 7 ERROR neutron   File "/var/lib/kolla/venv/lib/python3.9/site-packages/eventlet/event.py", line 132, in wait
2023-02-16 15:02:36.260 7 ERROR neutron     current.throw(*self._exc)
2023-02-16 15:02:36.260 7 ERROR neutron   File "/var/lib/kolla/venv/lib/python3.9/site-packages/eventlet/greenthread.py", line 221, in main
2023-02-16 15:02:36.260 7 ERROR neutron     result = function(*args, **kwargs)
2023-02-16 15:02:36.260 7 ERROR neutron   File "/var/lib/kolla/venv/lib/python3.9/site-packages/os_ken/lib/hub.py", line 74, in _launch
2023-02-16 15:02:36.260 7 ERROR neutron     raise e
2023-02-16 15:02:36.260 7 ERROR neutron   File "/var/lib/kolla/venv/lib/python3.9/site-packages/os_ken/lib/hub.py", line 69, in _launch
2023-02-16 15:02:36.260 7 ERROR neutron     return func(*args, **kwargs)
2023-02-16 15:02:36.260 7 ERROR neutron   File "/var/lib/kolla/venv/lib/python3.9/site-packages/neutron/plugins/ml2/drivers/openvswitch/agent/openflow/native/ovs_oskenapp.py", line 44, in agent_main_wrapper
2023-02-16 15:02:36.260 7 ERROR neutron     LOG.exception("Agent main thread died of an exception")
2023-02-16 15:02:36.260 7 ERROR neutron   File "/var/lib/kolla/venv/lib/python3.9/site-packages/oslo_utils/excutils.py", line 227, in __exit__
2023-02-16 15:02:36.260 7 ERROR neutron     self.force_reraise()
2023-02-16 15:02:36.260 7 ERROR neutron   File "/var/lib/kolla/venv/lib/python3.9/site-packages/oslo_utils/excutils.py", line 200, in force_reraise
2023-02-16 15:02:36.260 7 ERROR neutron     raise self.value
2023-02-16 15:02:36.260 7 ERROR neutron   File "/var/lib/kolla/venv/lib/python3.9/site-packages/neutron/plugins/ml2/drivers/openvswitch/agent/openflow/native/ovs_oskenapp.py", line 41, in agent_main_wrapper
2023-02-16 15:02:36.260 7 ERROR neutron     ovs_agent.main(bridge_classes)
2023-02-16 15:02:36.260 7 ERROR neutron   File "/var/lib/kolla/venv/lib/python3.9/site-packages/neutron/plugins/ml2/drivers/openvswitch/agent/ovs_neutron_agent.py", line 2944, in main
2023-02-16 15:02:36.260 7 ERROR neutron     agent = OVSNeutronAgent(bridge_classes, ext_mgr, cfg.CONF)
2023-02-16 15:02:36.260 7 ERROR neutron   File "/var/lib/kolla/venv/lib/python3.9/site-packages/neutron/plugins/ml2/drivers/openvswitch/agent/ovs_neutron_agent.py", line 156, in __init__
2023-02-16 15:02:36.260 7 ERROR neutron     self.ovs = ovs_lib.BaseOVS()
2023-02-16 15:02:36.260 7 ERROR neutron   File "/var/lib/kolla/venv/lib/python3.9/site-packages/neutron/agent/common/ovs_lib.py", line 144, in __init__
2023-02-16 15:02:36.260 7 ERROR neutron     self.ovsdb = impl_idl.api_factory()
2023-02-16 15:02:36.260 7 ERROR neutron   File "/var/lib/kolla/venv/lib/python3.9/site-packages/neutron/agent/ovsdb/impl_idl.py", line 37, in api_factory
2023-02-16 15:02:36.260 7 ERROR neutron     _idl_monitor = n_connection.OvsIdlMonitor()
2023-02-16 15:02:36.260 7 ERROR neutron   File "/var/lib/kolla/venv/lib/python3.9/site-packages/neutron/agent/ovsdb/native/connection.py", line 109, in __init__
2023-02-16 15:02:36.260 7 ERROR neutron     super(OvsIdlMonitor, self).__init__()
2023-02-16 15:02:36.260 7 ERROR neutron   File "/var/lib/kolla/venv/lib/python3.9/site-packages/neutron/agent/ovsdb/native/connection.py", line 84, in __init__
2023-02-16 15:02:36.260 7 ERROR neutron     helper = self._get_ovsdb_helper(self._ovsdb_connection)
2023-02-16 15:02:36.260 7 ERROR neutron   File "/var/lib/kolla/venv/lib/python3.9/site-packages/neutron/agent/ovsdb/native/connection.py", line 100, in _get_ovsdb_helper
2023-02-16 15:02:36.260 7 ERROR neutron     return self._do_get_schema_helper(connection)
2023-02-16 15:02:36.260 7 ERROR neutron   File "/var/lib/kolla/venv/lib/python3.9/site-packages/tenacity/__init__.py", line 333, in wrapped_f
2023-02-16 15:02:36.260 7 ERROR neutron     return self(f, *args, **kw)
2023-02-16 15:02:36.260 7 ERROR neutron   File "/var/lib/kolla/venv/lib/python3.9/site-packages/tenacity/__init__.py", line 423, in __call__
2023-02-16 15:02:36.260 7 ERROR neutron     do = self.iter(retry_state=retry_state)
2023-02-16 15:02:36.260 7 ERROR neutron   File "/var/lib/kolla/venv/lib/python3.9/site-packages/tenacity/__init__.py", line 372, in iter
2023-02-16 15:02:36.260 7 ERROR neutron     raise retry_exc.reraise()
2023-02-16 15:02:36.260 7 ERROR neutron   File "/var/lib/kolla/venv/lib/python3.9/site-packages/tenacity/__init__.py", line 189, in reraise
2023-02-16 15:02:36.260 7 ERROR neutron     raise self.last_attempt.result()
2023-02-16 15:02:36.260 7 ERROR neutron   File "/usr/lib64/python3.9/concurrent/futures/_base.py", line 439, in result
2023-02-16 15:02:36.260 7 ERROR neutron     return self.__get_result()
2023-02-16 15:02:36.260 7 ERROR neutron   File "/usr/lib64/python3.9/concurrent/futures/_base.py", line 391, in __get_result
2023-02-16 15:02:36.260 7 ERROR neutron     raise self._exception
2023-02-16 15:02:36.260 7 ERROR neutron   File "/var/lib/kolla/venv/lib/python3.9/site-packages/tenacity/__init__.py", line 426, in __call__
2023-02-16 15:02:36.260 7 ERROR neutron     result = fn(*args, **kwargs)
2023-02-16 15:02:36.260 7 ERROR neutron   File "/var/lib/kolla/venv/lib/python3.9/site-packages/neutron/agent/ovsdb/native/connection.py", line 93, in _do_get_schema_helper
2023-02-16 15:02:36.260 7 ERROR neutron     return idlutils.get_schema_helper(connection, self.SCHEMA)
2023-02-16 15:02:36.260 7 ERROR neutron   File "/var/lib/kolla/venv/lib/python3.9/site-packages/ovsdbapp/backend/ovs_idl/idlutils.py", line 215, in get_schema_helper
2023-02-16 15:02:36.260 7 ERROR neutron     return create_schema_helper(fetch_schema_json(connection, schema_name))
2023-02-16 15:02:36.260 7 ERROR neutron   File "/var/lib/kolla/venv/lib/python3.9/site-packages/ovsdbapp/backend/ovs_idl/idlutils.py", line 204, in fetch_schema_json
2023-02-16 15:02:36.260 7 ERROR neutron     raise Exception("Could not retrieve schema from %s" % connection)
2023-02-16 15:02:36.260 7 ERROR neutron Exception: Could not retrieve schema from tcp:127.0.0.1:6640
2023-02-16 15:02:36.260 7 ERROR neutron 
2023-02-16 15:02:44.888 7 INFO neutron.common.config [-] Logging enabled!
2023-02-16 15:02:44.889 7 INFO neutron.common.config [-] /var/lib/kolla/venv/bin/neutron-openvswitch-agent version 21.0.1.dev72
2023-02-16 15:02:44.890 7 INFO os_ken.base.app_manager [-] loading app neutron.plugins.ml2.drivers.openvswitch.agent.openflow.native.ovs_oskenapp
2023-02-16 15:02:46.696 7 INFO os_ken.base.app_manager [-] loading app os_ken.controller.ofp_handler
2023-02-16 15:02:46.700 7 INFO os_ken.base.app_manager [-] loading app os_ken.app.ofctl.service
2023-02-16 15:02:46.702 7 INFO os_ken.base.app_manager [-] loading app os_ken.controller.ofp_handler
2023-02-16 15:02:46.703 7 INFO os_ken.base.app_manager [-] instantiating app neutron.plugins.ml2.drivers.openvswitch.agent.openflow.native.ovs_oskenapp of OVSNeutronAgentOSKenApp
2023-02-16 15:02:46.704 7 INFO os_ken.base.app_manager [-] instantiating app os_ken.controller.ofp_handler of OFPHandler
2023-02-16 15:02:46.704 7 INFO os_ken.base.app_manager [-] instantiating app os_ken.app.ofctl.service of OfctlService
2023-02-16 15:02:46.707 7 INFO neutron.agent.agent_extensions_manager [-] Loaded agent extensions: []
2023-02-16 15:02:46.727 7 INFO oslo.privsep.daemon [-] Running privsep helper: ['sudo', 'neutron-rootwrap', '/etc/neutron/rootwrap.conf', 'privsep-helper', '--privsep_context', 'neutron.privileged.default', '--privsep_sock_path', '/tmp/tmpanvzujuv/privsep.sock']
2023-02-16 15:02:49.031 7 INFO oslo.privsep.daemon [-] Spawned new privsep daemon via rootwrap
2023-02-16 15:02:48.661 21 INFO oslo.privsep.daemon [-] privsep daemon starting
2023-02-16 15:02:48.675 21 INFO oslo.privsep.daemon [-] privsep process running with uid/gid: 0/0
2023-02-16 15:02:48.681 21 INFO oslo.privsep.daemon [-] privsep process running with capabilities (eff/prm/inh): CAP_DAC_OVERRIDE|CAP_DAC_READ_SEARCH|CAP_NET_ADMIN|CAP_SYS_ADMIN|CAP_SYS_PTRACE/CAP_DAC_OVERRIDE|CAP_DAC_READ_SEARCH|CAP_NET_ADMIN|CAP_SYS_ADMIN|CAP_SYS_PTRACE/none
2023-02-16 15:02:48.681 21 INFO oslo.privsep.daemon [-] privsep daemon running as pid 21
2023-02-16 15:02:50.291 7 ERROR ovsdbapp.backend.ovs_idl.idlutils [-] Unable to open stream to tcp:127.0.0.1:6640 to retrieve schema: Connection refused
2023-02-16 15:02:50.293 7 INFO oslo.privsep.daemon [-] Running privsep helper: ['sudo', 'neutron-rootwrap', '/etc/neutron/rootwrap.conf', 'privsep-helper', '--config-file', '/etc/neutron/neutron.conf', '--config-file', '/etc/neutron/plugins/ml2/openvswitch_agent.ini', '--privsep_context', 'neutron.privileged.ovs_vsctl_cmd', '--privsep_sock_path', '/tmp/tmp8whu9rdo/privsep.sock']
2023-02-16 15:02:53.023 7 INFO oslo.privsep.daemon [-] Spawned new privsep daemon via rootwrap
2023-02-16 15:02:52.577 28 INFO oslo.privsep.daemon [-] privsep daemon starting
2023-02-16 15:02:52.588 28 INFO oslo.privsep.daemon [-] privsep process running with uid/gid: 0/0
2023-02-16 15:02:52.593 28 INFO oslo.privsep.daemon [-] privsep process running with capabilities (eff/prm/inh): CAP_NET_ADMIN|CAP_SYS_ADMIN/CAP_NET_ADMIN|CAP_SYS_ADMIN/none
2023-02-16 15:02:52.594 28 INFO oslo.privsep.daemon [-] privsep daemon running as pid 28
2023-02-16 15:02:53.351 7 ERROR ovsdbapp.backend.ovs_idl.idlutils [-] Unable to open stream to tcp:127.0.0.1:6640 to retrieve schema: Connection refused: Exception: Could not retrieve schema from tcp:127.0.0.1:6640
2023-02-16 15:02:53.375 7 ERROR ovsdbapp.backend.ovs_idl.idlutils [-] Unable to open stream to tcp:127.0.0.1:6640 to retrieve schema: Connection refused: Exception: Could not retrieve schema from tcp:127.0.0.1:6640
2023-02-16 15:02:53.417 7 ERROR ovsdbapp.backend.ovs_idl.idlutils [-] Unable to open stream to tcp:127.0.0.1:6640 to retrieve schema: Connection refused: Exception: Could not retrieve schema from tcp:127.0.0.1:6640
2023-02-16 15:02:53.500 7 ERROR ovsdbapp.backend.ovs_idl.idlutils [-] Unable to open stream to tcp:127.0.0.1:6640 to retrieve schema: Connection refused: Exception: Could not retrieve schema from tcp:127.0.0.1:6640
2023-02-16 15:02:53.662 7 ERROR ovsdbapp.backend.ovs_idl.idlutils [-] Unable to open stream to tcp:127.0.0.1:6640 to retrieve schema: Connection refused: Exception: Could not retrieve schema from tcp:127.0.0.1:6640
2023-02-16 15:02:53.985 7 ERROR ovsdbapp.backend.ovs_idl.idlutils [-] Unable to open stream to tcp:127.0.0.1:6640 to retrieve schema: Connection refused: Exception: Could not retrieve schema from tcp:127.0.0.1:6640
2023-02-16 15:02:54.629 7 ERROR ovsdbapp.backend.ovs_idl.idlutils [-] Unable to open stream to tcp:127.0.0.1:6640 to retrieve schema: Connection refused: Exception: Could not retrieve schema from tcp:127.0.0.1:6640
2023-02-16 15:02:54.631 7 ERROR neutron.plugins.ml2.drivers.openvswitch.agent.openflow.native.ovs_oskenapp [-] Agent main thread died of an exception: Exception: Could not retrieve schema from tcp:127.0.0.1:6640
2023-02-16 15:02:54.631 7 ERROR neutron.plugins.ml2.drivers.openvswitch.agent.openflow.native.ovs_oskenapp Traceback (most recent call last):
2023-02-16 15:02:54.631 7 ERROR neutron.plugins.ml2.drivers.openvswitch.agent.openflow.native.ovs_oskenapp   File "/var/lib/kolla/venv/lib/python3.9/site-packages/neutron/agent/ovsdb/native/connection.py", line 97, in _get_ovsdb_helper
2023-02-16 15:02:54.631 7 ERROR neutron.plugins.ml2.drivers.openvswitch.agent.openflow.native.ovs_oskenapp     return idlutils.get_schema_helper(connection, self.SCHEMA)
2023-02-16 15:02:54.631 7 ERROR neutron.plugins.ml2.drivers.openvswitch.agent.openflow.native.ovs_oskenapp   File "/var/lib/kolla/venv/lib/python3.9/site-packages/ovsdbapp/backend/ovs_idl/idlutils.py", line 215, in get_schema_helper
2023-02-16 15:02:54.631 7 ERROR neutron.plugins.ml2.drivers.openvswitch.agent.openflow.native.ovs_oskenapp     return create_schema_helper(fetch_schema_json(connection, schema_name))
2023-02-16 15:02:54.631 7 ERROR neutron.plugins.ml2.drivers.openvswitch.agent.openflow.native.ovs_oskenapp   File "/var/lib/kolla/venv/lib/python3.9/site-packages/ovsdbapp/backend/ovs_idl/idlutils.py", line 204, in fetch_schema_json
2023-02-16 15:02:54.631 7 ERROR neutron.plugins.ml2.drivers.openvswitch.agent.openflow.native.ovs_oskenapp     raise Exception("Could not retrieve schema from %s" % connection)
2023-02-16 15:02:54.631 7 ERROR neutron.plugins.ml2.drivers.openvswitch.agent.openflow.native.ovs_oskenapp Exception: Could not retrieve schema from tcp:127.0.0.1:6640
2023-02-16 15:02:54.631 7 ERROR neutron.plugins.ml2.drivers.openvswitch.agent.openflow.native.ovs_oskenapp 
2023-02-16 15:02:54.631 7 ERROR neutron.plugins.ml2.drivers.openvswitch.agent.openflow.native.ovs_oskenapp During handling of the above exception, another exception occurred:
2023-02-16 15:02:54.631 7 ERROR neutron.plugins.ml2.drivers.openvswitch.agent.openflow.native.ovs_oskenapp 
2023-02-16 15:02:54.631 7 ERROR neutron.plugins.ml2.drivers.openvswitch.agent.openflow.native.ovs_oskenapp Traceback (most recent call last):
2023-02-16 15:02:54.631 7 ERROR neutron.plugins.ml2.drivers.openvswitch.agent.openflow.native.ovs_oskenapp   File "/var/lib/kolla/venv/lib/python3.9/site-packages/neutron/plugins/ml2/drivers/openvswitch/agent/openflow/native/ovs_oskenapp.py", line 41, in agent_main_wrapper
2023-02-16 15:02:54.631 7 ERROR neutron.plugins.ml2.drivers.openvswitch.agent.openflow.native.ovs_oskenapp     ovs_agent.main(bridge_classes)
2023-02-16 15:02:54.631 7 ERROR neutron.plugins.ml2.drivers.openvswitch.agent.openflow.native.ovs_oskenapp   File "/var/lib/kolla/venv/lib/python3.9/site-packages/neutron/plugins/ml2/drivers/openvswitch/agent/ovs_neutron_agent.py", line 2944, in main
2023-02-16 15:02:54.631 7 ERROR neutron.plugins.ml2.drivers.openvswitch.agent.openflow.native.ovs_oskenapp     agent = OVSNeutronAgent(bridge_classes, ext_mgr, cfg.CONF)
2023-02-16 15:02:54.631 7 ERROR neutron.plugins.ml2.drivers.openvswitch.agent.openflow.native.ovs_oskenapp   File "/var/lib/kolla/venv/lib/python3.9/site-packages/neutron/plugins/ml2/drivers/openvswitch/agent/ovs_neutron_agent.py", line 156, in __init__
2023-02-16 15:02:54.631 7 ERROR neutron.plugins.ml2.drivers.openvswitch.agent.openflow.native.ovs_oskenapp     self.ovs = ovs_lib.BaseOVS()
2023-02-16 15:02:54.631 7 ERROR neutron.plugins.ml2.drivers.openvswitch.agent.openflow.native.ovs_oskenapp   File "/var/lib/kolla/venv/lib/python3.9/site-packages/neutron/agent/common/ovs_lib.py", line 144, in __init__
2023-02-16 15:02:54.631 7 ERROR neutron.plugins.ml2.drivers.openvswitch.agent.openflow.native.ovs_oskenapp     self.ovsdb = impl_idl.api_factory()
2023-02-16 15:02:54.631 7 ERROR neutron.plugins.ml2.drivers.openvswitch.agent.openflow.native.ovs_oskenapp   File "/var/lib/kolla/venv/lib/python3.9/site-packages/neutron/agent/ovsdb/impl_idl.py", line 37, in api_factory
2023-02-16 15:02:54.631 7 ERROR neutron.plugins.ml2.drivers.openvswitch.agent.openflow.native.ovs_oskenapp     _idl_monitor = n_connection.OvsIdlMonitor()
2023-02-16 15:02:54.631 7 ERROR neutron.plugins.ml2.drivers.openvswitch.agent.openflow.native.ovs_oskenapp   File "/var/lib/kolla/venv/lib/python3.9/site-packages/neutron/agent/ovsdb/native/connection.py", line 109, in __init__
2023-02-16 15:02:54.631 7 ERROR neutron.plugins.ml2.drivers.openvswitch.agent.openflow.native.ovs_oskenapp     super(OvsIdlMonitor, self).__init__()
2023-02-16 15:02:54.631 7 ERROR neutron.plugins.ml2.drivers.openvswitch.agent.openflow.native.ovs_oskenapp   File "/var/lib/kolla/venv/lib/python3.9/site-packages/neutron/agent/ovsdb/native/connection.py", line 84, in __init__
2023-02-16 15:02:54.631 7 ERROR neutron.plugins.ml2.drivers.openvswitch.agent.openflow.native.ovs_oskenapp     helper = self._get_ovsdb_helper(self._ovsdb_connection)
2023-02-16 15:02:54.631 7 ERROR neutron.plugins.ml2.drivers.openvswitch.agent.openflow.native.ovs_oskenapp   File "/var/lib/kolla/venv/lib/python3.9/site-packages/neutron/agent/ovsdb/native/connection.py", line 100, in _get_ovsdb_helper
2023-02-16 15:02:54.631 7 ERROR neutron.plugins.ml2.drivers.openvswitch.agent.openflow.native.ovs_oskenapp     return self._do_get_schema_helper(connection)
2023-02-16 15:02:54.631 7 ERROR neutron.plugins.ml2.drivers.openvswitch.agent.openflow.native.ovs_oskenapp   File "/var/lib/kolla/venv/lib/python3.9/site-packages/tenacity/__init__.py", line 333, in wrapped_f
2023-02-16 15:02:54.631 7 ERROR neutron.plugins.ml2.drivers.openvswitch.agent.openflow.native.ovs_oskenapp     return self(f, *args, **kw)
2023-02-16 15:02:54.631 7 ERROR neutron.plugins.ml2.drivers.openvswitch.agent.openflow.native.ovs_oskenapp   File "/var/lib/kolla/venv/lib/python3.9/site-packages/tenacity/__init__.py", line 423, in __call__
2023-02-16 15:02:54.631 7 ERROR neutron.plugins.ml2.drivers.openvswitch.agent.openflow.native.ovs_oskenapp     do = self.iter(retry_state=retry_state)
2023-02-16 15:02:54.631 7 ERROR neutron.plugins.ml2.drivers.openvswitch.agent.openflow.native.ovs_oskenapp   File "/var/lib/kolla/venv/lib/python3.9/site-packages/tenacity/__init__.py", line 372, in iter
2023-02-16 15:02:54.631 7 ERROR neutron.plugins.ml2.drivers.openvswitch.agent.openflow.native.ovs_oskenapp     raise retry_exc.reraise()
2023-02-16 15:02:54.631 7 ERROR neutron.plugins.ml2.drivers.openvswitch.agent.openflow.native.ovs_oskenapp   File "/var/lib/kolla/venv/lib/python3.9/site-packages/tenacity/__init__.py", line 189, in reraise
2023-02-16 15:02:54.631 7 ERROR neutron.plugins.ml2.drivers.openvswitch.agent.openflow.native.ovs_oskenapp     raise self.last_attempt.result()
2023-02-16 15:02:54.631 7 ERROR neutron.plugins.ml2.drivers.openvswitch.agent.openflow.native.ovs_oskenapp   File "/usr/lib64/python3.9/concurrent/futures/_base.py", line 439, in result
2023-02-16 15:02:54.631 7 ERROR neutron.plugins.ml2.drivers.openvswitch.agent.openflow.native.ovs_oskenapp     return self.__get_result()
2023-02-16 15:02:54.631 7 ERROR neutron.plugins.ml2.drivers.openvswitch.agent.openflow.native.ovs_oskenapp   File "/usr/lib64/python3.9/concurrent/futures/_base.py", line 391, in __get_result
2023-02-16 15:02:54.631 7 ERROR neutron.plugins.ml2.drivers.openvswitch.agent.openflow.native.ovs_oskenapp     raise self._exception
2023-02-16 15:02:54.631 7 ERROR neutron.plugins.ml2.drivers.openvswitch.agent.openflow.native.ovs_oskenapp   File "/var/lib/kolla/venv/lib/python3.9/site-packages/tenacity/__init__.py", line 426, in __call__
2023-02-16 15:02:54.631 7 ERROR neutron.plugins.ml2.drivers.openvswitch.agent.openflow.native.ovs_oskenapp     result = fn(*args, **kwargs)
2023-02-16 15:02:54.631 7 ERROR neutron.plugins.ml2.drivers.openvswitch.agent.openflow.native.ovs_oskenapp   File "/var/lib/kolla/venv/lib/python3.9/site-packages/neutron/agent/ovsdb/native/connection.py", line 93, in _do_get_schema_helper
2023-02-16 15:02:54.631 7 ERROR neutron.plugins.ml2.drivers.openvswitch.agent.openflow.native.ovs_oskenapp     return idlutils.get_schema_helper(connection, self.SCHEMA)
2023-02-16 15:02:54.631 7 ERROR neutron.plugins.ml2.drivers.openvswitch.agent.openflow.native.ovs_oskenapp   File "/var/lib/kolla/venv/lib/python3.9/site-packages/ovsdbapp/backend/ovs_idl/idlutils.py", line 215, in get_schema_helper
2023-02-16 15:02:54.631 7 ERROR neutron.plugins.ml2.drivers.openvswitch.agent.openflow.native.ovs_oskenapp     return create_schema_helper(fetch_schema_json(connection, schema_name))
2023-02-16 15:02:54.631 7 ERROR neutron.plugins.ml2.drivers.openvswitch.agent.openflow.native.ovs_oskenapp   File "/var/lib/kolla/venv/lib/python3.9/site-packages/ovsdbapp/backend/ovs_idl/idlutils.py", line 204, in fetch_schema_json
2023-02-16 15:02:54.631 7 ERROR neutron.plugins.ml2.drivers.openvswitch.agent.openflow.native.ovs_oskenapp     raise Exception("Could not retrieve schema from %s" % connection)
2023-02-16 15:02:54.631 7 ERROR neutron.plugins.ml2.drivers.openvswitch.agent.openflow.native.ovs_oskenapp Exception: Could not retrieve schema from tcp:127.0.0.1:6640
2023-02-16 15:02:54.631 7 ERROR neutron.plugins.ml2.drivers.openvswitch.agent.openflow.native.ovs_oskenapp 
2023-02-16 15:02:54.652 7 CRITICAL neutron [-] Unhandled error: Exception: Could not retrieve schema from tcp:127.0.0.1:6640
2023-02-16 15:02:54.652 7 ERROR neutron Traceback (most recent call last):
2023-02-16 15:02:54.652 7 ERROR neutron   File "/var/lib/kolla/venv/lib/python3.9/site-packages/neutron/agent/ovsdb/native/connection.py", line 97, in _get_ovsdb_helper
2023-02-16 15:02:54.652 7 ERROR neutron     return idlutils.get_schema_helper(connection, self.SCHEMA)
2023-02-16 15:02:54.652 7 ERROR neutron   File "/var/lib/kolla/venv/lib/python3.9/site-packages/ovsdbapp/backend/ovs_idl/idlutils.py", line 215, in get_schema_helper
2023-02-16 15:02:54.652 7 ERROR neutron     return create_schema_helper(fetch_schema_json(connection, schema_name))
2023-02-16 15:02:54.652 7 ERROR neutron   File "/var/lib/kolla/venv/lib/python3.9/site-packages/ovsdbapp/backend/ovs_idl/idlutils.py", line 204, in fetch_schema_json
2023-02-16 15:02:54.652 7 ERROR neutron     raise Exception("Could not retrieve schema from %s" % connection)
2023-02-16 15:02:54.652 7 ERROR neutron Exception: Could not retrieve schema from tcp:127.0.0.1:6640
2023-02-16 15:02:54.652 7 ERROR neutron 
2023-02-16 15:02:54.652 7 ERROR neutron During handling of the above exception, another exception occurred:
2023-02-16 15:02:54.652 7 ERROR neutron 
2023-02-16 15:02:54.652 7 ERROR neutron Traceback (most recent call last):
2023-02-16 15:02:54.652 7 ERROR neutron   File "/var/lib/kolla/venv/bin/neutron-openvswitch-agent", line 8, in <module>
2023-02-16 15:02:54.652 7 ERROR neutron     sys.exit(main())
2023-02-16 15:02:54.652 7 ERROR neutron   File "/var/lib/kolla/venv/lib/python3.9/site-packages/neutron/cmd/eventlet/plugins/ovs_neutron_agent.py", line 27, in main
2023-02-16 15:02:54.652 7 ERROR neutron     agent_main.main()
2023-02-16 15:02:54.652 7 ERROR neutron   File "/var/lib/kolla/venv/lib/python3.9/site-packages/neutron/plugins/ml2/drivers/openvswitch/agent/main.py", line 38, in main
2023-02-16 15:02:54.652 7 ERROR neutron     of_main.main()
2023-02-16 15:02:54.652 7 ERROR neutron   File "/var/lib/kolla/venv/lib/python3.9/site-packages/neutron/plugins/ml2/drivers/openvswitch/agent/openflow/native/main.py", line 34, in main
2023-02-16 15:02:54.652 7 ERROR neutron     app_manager.AppManager.run_apps([
2023-02-16 15:02:54.652 7 ERROR neutron   File "/var/lib/kolla/venv/lib/python3.9/site-packages/os_ken/base/app_manager.py", line 371, in run_apps
2023-02-16 15:02:54.652 7 ERROR neutron     hub.joinall(services)
2023-02-16 15:02:54.652 7 ERROR neutron   File "/var/lib/kolla/venv/lib/python3.9/site-packages/os_ken/lib/hub.py", line 112, in joinall
2023-02-16 15:02:54.652 7 ERROR neutron     t.wait()
2023-02-16 15:02:54.652 7 ERROR neutron   File "/var/lib/kolla/venv/lib/python3.9/site-packages/eventlet/greenthread.py", line 181, in wait
2023-02-16 15:02:54.652 7 ERROR neutron     return self._exit_event.wait()
2023-02-16 15:02:54.652 7 ERROR neutron   File "/var/lib/kolla/venv/lib/python3.9/site-packages/eventlet/event.py", line 132, in wait
2023-02-16 15:02:54.652 7 ERROR neutron     current.throw(*self._exc)
2023-02-16 15:02:54.652 7 ERROR neutron   File "/var/lib/kolla/venv/lib/python3.9/site-packages/eventlet/greenthread.py", line 221, in main
2023-02-16 15:02:54.652 7 ERROR neutron     result = function(*args, **kwargs)
2023-02-16 15:02:54.652 7 ERROR neutron   File "/var/lib/kolla/venv/lib/python3.9/site-packages/os_ken/lib/hub.py", line 74, in _launch
2023-02-16 15:02:54.652 7 ERROR neutron     raise e
2023-02-16 15:02:54.652 7 ERROR neutron   File "/var/lib/kolla/venv/lib/python3.9/site-packages/os_ken/lib/hub.py", line 69, in _launch
2023-02-16 15:02:54.652 7 ERROR neutron     return func(*args, **kwargs)
2023-02-16 15:02:54.652 7 ERROR neutron   File "/var/lib/kolla/venv/lib/python3.9/site-packages/neutron/plugins/ml2/drivers/openvswitch/agent/openflow/native/ovs_oskenapp.py", line 44, in agent_main_wrapper
2023-02-16 15:02:54.652 7 ERROR neutron     LOG.exception("Agent main thread died of an exception")
2023-02-16 15:02:54.652 7 ERROR neutron   File "/var/lib/kolla/venv/lib/python3.9/site-packages/oslo_utils/excutils.py", line 227, in __exit__
2023-02-16 15:02:54.652 7 ERROR neutron     self.force_reraise()
2023-02-16 15:02:54.652 7 ERROR neutron   File "/var/lib/kolla/venv/lib/python3.9/site-packages/oslo_utils/excutils.py", line 200, in force_reraise
2023-02-16 15:02:54.652 7 ERROR neutron     raise self.value
2023-02-16 15:02:54.652 7 ERROR neutron   File "/var/lib/kolla/venv/lib/python3.9/site-packages/neutron/plugins/ml2/drivers/openvswitch/agent/openflow/native/ovs_oskenapp.py", line 41, in agent_main_wrapper
2023-02-16 15:02:54.652 7 ERROR neutron     ovs_agent.main(bridge_classes)
2023-02-16 15:02:54.652 7 ERROR neutron   File "/var/lib/kolla/venv/lib/python3.9/site-packages/neutron/plugins/ml2/drivers/openvswitch/agent/ovs_neutron_agent.py", line 2944, in main
2023-02-16 15:02:54.652 7 ERROR neutron     agent = OVSNeutronAgent(bridge_classes, ext_mgr, cfg.CONF)
2023-02-16 15:02:54.652 7 ERROR neutron   File "/var/lib/kolla/venv/lib/python3.9/site-packages/neutron/plugins/ml2/drivers/openvswitch/agent/ovs_neutron_agent.py", line 156, in __init__
2023-02-16 15:02:54.652 7 ERROR neutron     self.ovs = ovs_lib.BaseOVS()
2023-02-16 15:02:54.652 7 ERROR neutron   File "/var/lib/kolla/venv/lib/python3.9/site-packages/neutron/agent/common/ovs_lib.py", line 144, in __init__
2023-02-16 15:02:54.652 7 ERROR neutron     self.ovsdb = impl_idl.api_factory()
2023-02-16 15:02:54.652 7 ERROR neutron   File "/var/lib/kolla/venv/lib/python3.9/site-packages/neutron/agent/ovsdb/impl_idl.py", line 37, in api_factory
2023-02-16 15:02:54.652 7 ERROR neutron     _idl_monitor = n_connection.OvsIdlMonitor()
2023-02-16 15:02:54.652 7 ERROR neutron   File "/var/lib/kolla/venv/lib/python3.9/site-packages/neutron/agent/ovsdb/native/connection.py", line 109, in __init__
2023-02-16 15:02:54.652 7 ERROR neutron     super(OvsIdlMonitor, self).__init__()
2023-02-16 15:02:54.652 7 ERROR neutron   File "/var/lib/kolla/venv/lib/python3.9/site-packages/neutron/agent/ovsdb/native/connection.py", line 84, in __init__
2023-02-16 15:02:54.652 7 ERROR neutron     helper = self._get_ovsdb_helper(self._ovsdb_connection)
2023-02-16 15:02:54.652 7 ERROR neutron   File "/var/lib/kolla/venv/lib/python3.9/site-packages/neutron/agent/ovsdb/native/connection.py", line 100, in _get_ovsdb_helper
2023-02-16 15:02:54.652 7 ERROR neutron     return self._do_get_schema_helper(connection)
2023-02-16 15:02:54.652 7 ERROR neutron   File "/var/lib/kolla/venv/lib/python3.9/site-packages/tenacity/__init__.py", line 333, in wrapped_f
2023-02-16 15:02:54.652 7 ERROR neutron     return self(f, *args, **kw)
2023-02-16 15:02:54.652 7 ERROR neutron   File "/var/lib/kolla/venv/lib/python3.9/site-packages/tenacity/__init__.py", line 423, in __call__
2023-02-16 15:02:54.652 7 ERROR neutron     do = self.iter(retry_state=retry_state)
2023-02-16 15:02:54.652 7 ERROR neutron   File "/var/lib/kolla/venv/lib/python3.9/site-packages/tenacity/__init__.py", line 372, in iter
2023-02-16 15:02:54.652 7 ERROR neutron     raise retry_exc.reraise()
2023-02-16 15:02:54.652 7 ERROR neutron   File "/var/lib/kolla/venv/lib/python3.9/site-packages/tenacity/__init__.py", line 189, in reraise
2023-02-16 15:02:54.652 7 ERROR neutron     raise self.last_attempt.result()
2023-02-16 15:02:54.652 7 ERROR neutron   File "/usr/lib64/python3.9/concurrent/futures/_base.py", line 439, in result
2023-02-16 15:02:54.652 7 ERROR neutron     return self.__get_result()
2023-02-16 15:02:54.652 7 ERROR neutron   File "/usr/lib64/python3.9/concurrent/futures/_base.py", line 391, in __get_result
2023-02-16 15:02:54.652 7 ERROR neutron     raise self._exception
2023-02-16 15:02:54.652 7 ERROR neutron   File "/var/lib/kolla/venv/lib/python3.9/site-packages/tenacity/__init__.py", line 426, in __call__
2023-02-16 15:02:54.652 7 ERROR neutron     result = fn(*args, **kwargs)
2023-02-16 15:02:54.652 7 ERROR neutron   File "/var/lib/kolla/venv/lib/python3.9/site-packages/neutron/agent/ovsdb/native/connection.py", line 93, in _do_get_schema_helper
2023-02-16 15:02:54.652 7 ERROR neutron     return idlutils.get_schema_helper(connection, self.SCHEMA)
2023-02-16 15:02:54.652 7 ERROR neutron   File "/var/lib/kolla/venv/lib/python3.9/site-packages/ovsdbapp/backend/ovs_idl/idlutils.py", line 215, in get_schema_helper
2023-02-16 15:02:54.652 7 ERROR neutron     return create_schema_helper(fetch_schema_json(connection, schema_name))
2023-02-16 15:02:54.652 7 ERROR neutron   File "/var/lib/kolla/venv/lib/python3.9/site-packages/ovsdbapp/backend/ovs_idl/idlutils.py", line 204, in fetch_schema_json
2023-02-16 15:02:54.652 7 ERROR neutron     raise Exception("Could not retrieve schema from %s" % connection)
2023-02-16 15:02:54.652 7 ERROR neutron Exception: Could not retrieve schema from tcp:127.0.0.1:6640
2023-02-16 15:02:54.652 7 ERROR neutron 
2023-02-16 15:03:00.798 6 INFO neutron.common.config [-] Logging enabled!
2023-02-16 15:03:00.799 6 INFO neutron.common.config [-] /var/lib/kolla/venv/bin/neutron-openvswitch-agent version 21.0.1.dev72
2023-02-16 15:03:00.800 6 INFO os_ken.base.app_manager [-] loading app neutron.plugins.ml2.drivers.openvswitch.agent.openflow.native.ovs_oskenapp
2023-02-16 15:03:02.363 6 INFO os_ken.base.app_manager [-] loading app os_ken.app.ofctl.service
2023-02-16 15:03:02.365 6 INFO os_ken.base.app_manager [-] loading app os_ken.controller.ofp_handler
2023-02-16 15:03:02.367 6 INFO os_ken.base.app_manager [-] instantiating app neutron.plugins.ml2.drivers.openvswitch.agent.openflow.native.ovs_oskenapp of OVSNeutronAgentOSKenApp
2023-02-16 15:03:02.368 6 INFO os_ken.base.app_manager [-] instantiating app os_ken.app.ofctl.service of OfctlService
2023-02-16 15:03:02.369 6 INFO os_ken.base.app_manager [-] instantiating app os_ken.controller.ofp_handler of OFPHandler
2023-02-16 15:03:02.371 6 INFO neutron.agent.agent_extensions_manager [-] Loaded agent extensions: []
2023-02-16 15:03:02.392 6 INFO oslo.privsep.daemon [-] Running privsep helper: ['sudo', 'neutron-rootwrap', '/etc/neutron/rootwrap.conf', 'privsep-helper', '--privsep_context', 'neutron.privileged.default', '--privsep_sock_path', '/tmp/tmpkdzy94hg/privsep.sock']
2023-02-16 15:03:04.834 6 INFO oslo.privsep.daemon [-] Spawned new privsep daemon via rootwrap
2023-02-16 15:03:04.422 20 INFO oslo.privsep.daemon [-] privsep daemon starting
2023-02-16 15:03:04.435 20 INFO oslo.privsep.daemon [-] privsep process running with uid/gid: 0/0
2023-02-16 15:03:04.440 20 INFO oslo.privsep.daemon [-] privsep process running with capabilities (eff/prm/inh): CAP_DAC_OVERRIDE|CAP_DAC_READ_SEARCH|CAP_NET_ADMIN|CAP_SYS_ADMIN|CAP_SYS_PTRACE/CAP_DAC_OVERRIDE|CAP_DAC_READ_SEARCH|CAP_NET_ADMIN|CAP_SYS_ADMIN|CAP_SYS_PTRACE/none
2023-02-16 15:03:04.441 20 INFO oslo.privsep.daemon [-] privsep daemon running as pid 20
2023-02-16 15:03:06.206 6 ERROR ovsdbapp.backend.ovs_idl.idlutils [-] Unable to open stream to tcp:127.0.0.1:6640 to retrieve schema: Connection refused
2023-02-16 15:03:06.210 6 INFO oslo.privsep.daemon [-] Running privsep helper: ['sudo', 'neutron-rootwrap', '/etc/neutron/rootwrap.conf', 'privsep-helper', '--config-file', '/etc/neutron/neutron.conf', '--config-file', '/etc/neutron/plugins/ml2/openvswitch_agent.ini', '--privsep_context', 'neutron.privileged.ovs_vsctl_cmd', '--privsep_sock_path', '/tmp/tmpxdab16to/privsep.sock']
2023-02-16 15:03:08.866 6 INFO oslo.privsep.daemon [-] Spawned new privsep daemon via rootwrap
2023-02-16 15:03:08.366 27 INFO oslo.privsep.daemon [-] privsep daemon starting
2023-02-16 15:03:08.385 27 INFO oslo.privsep.daemon [-] privsep process running with uid/gid: 0/0
2023-02-16 15:03:08.392 27 INFO oslo.privsep.daemon [-] privsep process running with capabilities (eff/prm/inh): CAP_NET_ADMIN|CAP_SYS_ADMIN/CAP_NET_ADMIN|CAP_SYS_ADMIN/none
2023-02-16 15:03:08.393 27 INFO oslo.privsep.daemon [-] privsep daemon running as pid 27
2023-02-16 15:03:09.176 6 ERROR ovsdbapp.backend.ovs_idl.idlutils [-] Unable to open stream to tcp:127.0.0.1:6640 to retrieve schema: Connection refused: Exception: Could not retrieve schema from tcp:127.0.0.1:6640
2023-02-16 15:03:09.199 6 ERROR ovsdbapp.backend.ovs_idl.idlutils [-] Unable to open stream to tcp:127.0.0.1:6640 to retrieve schema: Connection refused: Exception: Could not retrieve schema from tcp:127.0.0.1:6640
2023-02-16 15:03:09.241 6 ERROR ovsdbapp.backend.ovs_idl.idlutils [-] Unable to open stream to tcp:127.0.0.1:6640 to retrieve schema: Connection refused: Exception: Could not retrieve schema from tcp:127.0.0.1:6640
2023-02-16 15:03:09.324 6 ERROR ovsdbapp.backend.ovs_idl.idlutils [-] Unable to open stream to tcp:127.0.0.1:6640 to retrieve schema: Connection refused: Exception: Could not retrieve schema from tcp:127.0.0.1:6640
2023-02-16 15:03:09.486 6 ERROR ovsdbapp.backend.ovs_idl.idlutils [-] Unable to open stream to tcp:127.0.0.1:6640 to retrieve schema: Connection refused: Exception: Could not retrieve schema from tcp:127.0.0.1:6640
2023-02-16 15:03:09.809 6 ERROR ovsdbapp.backend.ovs_idl.idlutils [-] Unable to open stream to tcp:127.0.0.1:6640 to retrieve schema: Connection refused: Exception: Could not retrieve schema from tcp:127.0.0.1:6640
2023-02-16 15:03:10.452 6 ERROR ovsdbapp.backend.ovs_idl.idlutils [-] Unable to open stream to tcp:127.0.0.1:6640 to retrieve schema: Connection refused: Exception: Could not retrieve schema from tcp:127.0.0.1:6640
2023-02-16 15:03:10.454 6 ERROR neutron.plugins.ml2.drivers.openvswitch.agent.openflow.native.ovs_oskenapp [-] Agent main thread died of an exception: Exception: Could not retrieve schema from tcp:127.0.0.1:6640
2023-02-16 15:03:10.454 6 ERROR neutron.plugins.ml2.drivers.openvswitch.agent.openflow.native.ovs_oskenapp Traceback (most recent call last):
2023-02-16 15:03:10.454 6 ERROR neutron.plugins.ml2.drivers.openvswitch.agent.openflow.native.ovs_oskenapp   File "/var/lib/kolla/venv/lib/python3.9/site-packages/neutron/agent/ovsdb/native/connection.py", line 97, in _get_ovsdb_helper
2023-02-16 15:03:10.454 6 ERROR neutron.plugins.ml2.drivers.openvswitch.agent.openflow.native.ovs_oskenapp     return idlutils.get_schema_helper(connection, self.SCHEMA)
2023-02-16 15:03:10.454 6 ERROR neutron.plugins.ml2.drivers.openvswitch.agent.openflow.native.ovs_oskenapp   File "/var/lib/kolla/venv/lib/python3.9/site-packages/ovsdbapp/backend/ovs_idl/idlutils.py", line 215, in get_schema_helper
2023-02-16 15:03:10.454 6 ERROR neutron.plugins.ml2.drivers.openvswitch.agent.openflow.native.ovs_oskenapp     return create_schema_helper(fetch_schema_json(connection, schema_name))
2023-02-16 15:03:10.454 6 ERROR neutron.plugins.ml2.drivers.openvswitch.agent.openflow.native.ovs_oskenapp   File "/var/lib/kolla/venv/lib/python3.9/site-packages/ovsdbapp/backend/ovs_idl/idlutils.py", line 204, in fetch_schema_json
2023-02-16 15:03:10.454 6 ERROR neutron.plugins.ml2.drivers.openvswitch.agent.openflow.native.ovs_oskenapp     raise Exception("Could not retrieve schema from %s" % connection)
2023-02-16 15:03:10.454 6 ERROR neutron.plugins.ml2.drivers.openvswitch.agent.openflow.native.ovs_oskenapp Exception: Could not retrieve schema from tcp:127.0.0.1:6640
2023-02-16 15:03:10.454 6 ERROR neutron.plugins.ml2.drivers.openvswitch.agent.openflow.native.ovs_oskenapp 
2023-02-16 15:03:10.454 6 ERROR neutron.plugins.ml2.drivers.openvswitch.agent.openflow.native.ovs_oskenapp During handling of the above exception, another exception occurred:
2023-02-16 15:03:10.454 6 ERROR neutron.plugins.ml2.drivers.openvswitch.agent.openflow.native.ovs_oskenapp 
2023-02-16 15:03:10.454 6 ERROR neutron.plugins.ml2.drivers.openvswitch.agent.openflow.native.ovs_oskenapp Traceback (most recent call last):
2023-02-16 15:03:10.454 6 ERROR neutron.plugins.ml2.drivers.openvswitch.agent.openflow.native.ovs_oskenapp   File "/var/lib/kolla/venv/lib/python3.9/site-packages/neutron/plugins/ml2/drivers/openvswitch/agent/openflow/native/ovs_oskenapp.py", line 41, in agent_main_wrapper
2023-02-16 15:03:10.454 6 ERROR neutron.plugins.ml2.drivers.openvswitch.agent.openflow.native.ovs_oskenapp     ovs_agent.main(bridge_classes)
2023-02-16 15:03:10.454 6 ERROR neutron.plugins.ml2.drivers.openvswitch.agent.openflow.native.ovs_oskenapp   File "/var/lib/kolla/venv/lib/python3.9/site-packages/neutron/plugins/ml2/drivers/openvswitch/agent/ovs_neutron_agent.py", line 2944, in main
2023-02-16 15:03:10.454 6 ERROR neutron.plugins.ml2.drivers.openvswitch.agent.openflow.native.ovs_oskenapp     agent = OVSNeutronAgent(bridge_classes, ext_mgr, cfg.CONF)
2023-02-16 15:03:10.454 6 ERROR neutron.plugins.ml2.drivers.openvswitch.agent.openflow.native.ovs_oskenapp   File "/var/lib/kolla/venv/lib/python3.9/site-packages/neutron/plugins/ml2/drivers/openvswitch/agent/ovs_neutron_agent.py", line 156, in __init__
2023-02-16 15:03:10.454 6 ERROR neutron.plugins.ml2.drivers.openvswitch.agent.openflow.native.ovs_oskenapp     self.ovs = ovs_lib.BaseOVS()
2023-02-16 15:03:10.454 6 ERROR neutron.plugins.ml2.drivers.openvswitch.agent.openflow.native.ovs_oskenapp   File "/var/lib/kolla/venv/lib/python3.9/site-packages/neutron/agent/common/ovs_lib.py", line 144, in __init__
2023-02-16 15:03:10.454 6 ERROR neutron.plugins.ml2.drivers.openvswitch.agent.openflow.native.ovs_oskenapp     self.ovsdb = impl_idl.api_factory()
2023-02-16 15:03:10.454 6 ERROR neutron.plugins.ml2.drivers.openvswitch.agent.openflow.native.ovs_oskenapp   File "/var/lib/kolla/venv/lib/python3.9/site-packages/neutron/agent/ovsdb/impl_idl.py", line 37, in api_factory
2023-02-16 15:03:10.454 6 ERROR neutron.plugins.ml2.drivers.openvswitch.agent.openflow.native.ovs_oskenapp     _idl_monitor = n_connection.OvsIdlMonitor()
2023-02-16 15:03:10.454 6 ERROR neutron.plugins.ml2.drivers.openvswitch.agent.openflow.native.ovs_oskenapp   File "/var/lib/kolla/venv/lib/python3.9/site-packages/neutron/agent/ovsdb/native/connection.py", line 109, in __init__
2023-02-16 15:03:10.454 6 ERROR neutron.plugins.ml2.drivers.openvswitch.agent.openflow.native.ovs_oskenapp     super(OvsIdlMonitor, self).__init__()
2023-02-16 15:03:10.454 6 ERROR neutron.plugins.ml2.drivers.openvswitch.agent.openflow.native.ovs_oskenapp   File "/var/lib/kolla/venv/lib/python3.9/site-packages/neutron/agent/ovsdb/native/connection.py", line 84, in __init__
2023-02-16 15:03:10.454 6 ERROR neutron.plugins.ml2.drivers.openvswitch.agent.openflow.native.ovs_oskenapp     helper = self._get_ovsdb_helper(self._ovsdb_connection)
2023-02-16 15:03:10.454 6 ERROR neutron.plugins.ml2.drivers.openvswitch.agent.openflow.native.ovs_oskenapp   File "/var/lib/kolla/venv/lib/python3.9/site-packages/neutron/agent/ovsdb/native/connection.py", line 100, in _get_ovsdb_helper
2023-02-16 15:03:10.454 6 ERROR neutron.plugins.ml2.drivers.openvswitch.agent.openflow.native.ovs_oskenapp     return self._do_get_schema_helper(connection)
2023-02-16 15:03:10.454 6 ERROR neutron.plugins.ml2.drivers.openvswitch.agent.openflow.native.ovs_oskenapp   File "/var/lib/kolla/venv/lib/python3.9/site-packages/tenacity/__init__.py", line 333, in wrapped_f
2023-02-16 15:03:10.454 6 ERROR neutron.plugins.ml2.drivers.openvswitch.agent.openflow.native.ovs_oskenapp     return self(f, *args, **kw)
2023-02-16 15:03:10.454 6 ERROR neutron.plugins.ml2.drivers.openvswitch.agent.openflow.native.ovs_oskenapp   File "/var/lib/kolla/venv/lib/python3.9/site-packages/tenacity/__init__.py", line 423, in __call__
2023-02-16 15:03:10.454 6 ERROR neutron.plugins.ml2.drivers.openvswitch.agent.openflow.native.ovs_oskenapp     do = self.iter(retry_state=retry_state)
2023-02-16 15:03:10.454 6 ERROR neutron.plugins.ml2.drivers.openvswitch.agent.openflow.native.ovs_oskenapp   File "/var/lib/kolla/venv/lib/python3.9/site-packages/tenacity/__init__.py", line 372, in iter
2023-02-16 15:03:10.454 6 ERROR neutron.plugins.ml2.drivers.openvswitch.agent.openflow.native.ovs_oskenapp     raise retry_exc.reraise()
2023-02-16 15:03:10.454 6 ERROR neutron.plugins.ml2.drivers.openvswitch.agent.openflow.native.ovs_oskenapp   File "/var/lib/kolla/venv/lib/python3.9/site-packages/tenacity/__init__.py", line 189, in reraise
2023-02-16 15:03:10.454 6 ERROR neutron.plugins.ml2.drivers.openvswitch.agent.openflow.native.ovs_oskenapp     raise self.last_attempt.result()
2023-02-16 15:03:10.454 6 ERROR neutron.plugins.ml2.drivers.openvswitch.agent.openflow.native.ovs_oskenapp   File "/usr/lib64/python3.9/concurrent/futures/_base.py", line 439, in result
2023-02-16 15:03:10.454 6 ERROR neutron.plugins.ml2.drivers.openvswitch.agent.openflow.native.ovs_oskenapp     return self.__get_result()
2023-02-16 15:03:10.454 6 ERROR neutron.plugins.ml2.drivers.openvswitch.agent.openflow.native.ovs_oskenapp   File "/usr/lib64/python3.9/concurrent/futures/_base.py", line 391, in __get_result
2023-02-16 15:03:10.454 6 ERROR neutron.plugins.ml2.drivers.openvswitch.agent.openflow.native.ovs_oskenapp     raise self._exception
2023-02-16 15:03:10.454 6 ERROR neutron.plugins.ml2.drivers.openvswitch.agent.openflow.native.ovs_oskenapp   File "/var/lib/kolla/venv/lib/python3.9/site-packages/tenacity/__init__.py", line 426, in __call__
2023-02-16 15:03:10.454 6 ERROR neutron.plugins.ml2.drivers.openvswitch.agent.openflow.native.ovs_oskenapp     result = fn(*args, **kwargs)
2023-02-16 15:03:10.454 6 ERROR neutron.plugins.ml2.drivers.openvswitch.agent.openflow.native.ovs_oskenapp   File "/var/lib/kolla/venv/lib/python3.9/site-packages/neutron/agent/ovsdb/native/connection.py", line 93, in _do_get_schema_helper
2023-02-16 15:03:10.454 6 ERROR neutron.plugins.ml2.drivers.openvswitch.agent.openflow.native.ovs_oskenapp     return idlutils.get_schema_helper(connection, self.SCHEMA)
2023-02-16 15:03:10.454 6 ERROR neutron.plugins.ml2.drivers.openvswitch.agent.openflow.native.ovs_oskenapp   File "/var/lib/kolla/venv/lib/python3.9/site-packages/ovsdbapp/backend/ovs_idl/idlutils.py", line 215, in get_schema_helper
2023-02-16 15:03:10.454 6 ERROR neutron.plugins.ml2.drivers.openvswitch.agent.openflow.native.ovs_oskenapp     return create_schema_helper(fetch_schema_json(connection, schema_name))
2023-02-16 15:03:10.454 6 ERROR neutron.plugins.ml2.drivers.openvswitch.agent.openflow.native.ovs_oskenapp   File "/var/lib/kolla/venv/lib/python3.9/site-packages/ovsdbapp/backend/ovs_idl/idlutils.py", line 204, in fetch_schema_json
2023-02-16 15:03:10.454 6 ERROR neutron.plugins.ml2.drivers.openvswitch.agent.openflow.native.ovs_oskenapp     raise Exception("Could not retrieve schema from %s" % connection)
2023-02-16 15:03:10.454 6 ERROR neutron.plugins.ml2.drivers.openvswitch.agent.openflow.native.ovs_oskenapp Exception: Could not retrieve schema from tcp:127.0.0.1:6640
2023-02-16 15:03:10.454 6 ERROR neutron.plugins.ml2.drivers.openvswitch.agent.openflow.native.ovs_oskenapp 
2023-02-16 15:03:10.474 6 CRITICAL neutron [-] Unhandled error: Exception: Could not retrieve schema from tcp:127.0.0.1:6640
2023-02-16 15:03:10.474 6 ERROR neutron Traceback (most recent call last):
2023-02-16 15:03:10.474 6 ERROR neutron   File "/var/lib/kolla/venv/lib/python3.9/site-packages/neutron/agent/ovsdb/native/connection.py", line 97, in _get_ovsdb_helper
2023-02-16 15:03:10.474 6 ERROR neutron     return idlutils.get_schema_helper(connection, self.SCHEMA)
2023-02-16 15:03:10.474 6 ERROR neutron   File "/var/lib/kolla/venv/lib/python3.9/site-packages/ovsdbapp/backend/ovs_idl/idlutils.py", line 215, in get_schema_helper
2023-02-16 15:03:10.474 6 ERROR neutron     return create_schema_helper(fetch_schema_json(connection, schema_name))
2023-02-16 15:03:10.474 6 ERROR neutron   File "/var/lib/kolla/venv/lib/python3.9/site-packages/ovsdbapp/backend/ovs_idl/idlutils.py", line 204, in fetch_schema_json
2023-02-16 15:03:10.474 6 ERROR neutron     raise Exception("Could not retrieve schema from %s" % connection)
2023-02-16 15:03:10.474 6 ERROR neutron Exception: Could not retrieve schema from tcp:127.0.0.1:6640
2023-02-16 15:03:10.474 6 ERROR neutron 
2023-02-16 15:03:10.474 6 ERROR neutron During handling of the above exception, another exception occurred:
2023-02-16 15:03:10.474 6 ERROR neutron 
2023-02-16 15:03:10.474 6 ERROR neutron Traceback (most recent call last):
2023-02-16 15:03:10.474 6 ERROR neutron   File "/var/lib/kolla/venv/bin/neutron-openvswitch-agent", line 8, in <module>
2023-02-16 15:03:10.474 6 ERROR neutron     sys.exit(main())
2023-02-16 15:03:10.474 6 ERROR neutron   File "/var/lib/kolla/venv/lib/python3.9/site-packages/neutron/cmd/eventlet/plugins/ovs_neutron_agent.py", line 27, in main
2023-02-16 15:03:10.474 6 ERROR neutron     agent_main.main()
2023-02-16 15:03:10.474 6 ERROR neutron   File "/var/lib/kolla/venv/lib/python3.9/site-packages/neutron/plugins/ml2/drivers/openvswitch/agent/main.py", line 38, in main
2023-02-16 15:03:10.474 6 ERROR neutron     of_main.main()
2023-02-16 15:03:10.474 6 ERROR neutron   File "/var/lib/kolla/venv/lib/python3.9/site-packages/neutron/plugins/ml2/drivers/openvswitch/agent/openflow/native/main.py", line 34, in main
2023-02-16 15:03:10.474 6 ERROR neutron     app_manager.AppManager.run_apps([
2023-02-16 15:03:10.474 6 ERROR neutron   File "/var/lib/kolla/venv/lib/python3.9/site-packages/os_ken/base/app_manager.py", line 371, in run_apps
2023-02-16 15:03:10.474 6 ERROR neutron     hub.joinall(services)
2023-02-16 15:03:10.474 6 ERROR neutron   File "/var/lib/kolla/venv/lib/python3.9/site-packages/os_ken/lib/hub.py", line 112, in joinall
2023-02-16 15:03:10.474 6 ERROR neutron     t.wait()
2023-02-16 15:03:10.474 6 ERROR neutron   File "/var/lib/kolla/venv/lib/python3.9/site-packages/eventlet/greenthread.py", line 181, in wait
2023-02-16 15:03:10.474 6 ERROR neutron     return self._exit_event.wait()
2023-02-16 15:03:10.474 6 ERROR neutron   File "/var/lib/kolla/venv/lib/python3.9/site-packages/eventlet/event.py", line 132, in wait
2023-02-16 15:03:10.474 6 ERROR neutron     current.throw(*self._exc)
2023-02-16 15:03:10.474 6 ERROR neutron   File "/var/lib/kolla/venv/lib/python3.9/site-packages/eventlet/greenthread.py", line 221, in main
2023-02-16 15:03:10.474 6 ERROR neutron     result = function(*args, **kwargs)
2023-02-16 15:03:10.474 6 ERROR neutron   File "/var/lib/kolla/venv/lib/python3.9/site-packages/os_ken/lib/hub.py", line 74, in _launch
2023-02-16 15:03:10.474 6 ERROR neutron     raise e
2023-02-16 15:03:10.474 6 ERROR neutron   File "/var/lib/kolla/venv/lib/python3.9/site-packages/os_ken/lib/hub.py", line 69, in _launch
2023-02-16 15:03:10.474 6 ERROR neutron     return func(*args, **kwargs)
2023-02-16 15:03:10.474 6 ERROR neutron   File "/var/lib/kolla/venv/lib/python3.9/site-packages/neutron/plugins/ml2/drivers/openvswitch/agent/openflow/native/ovs_oskenapp.py", line 44, in agent_main_wrapper
2023-02-16 15:03:10.474 6 ERROR neutron     LOG.exception("Agent main thread died of an exception")
2023-02-16 15:03:10.474 6 ERROR neutron   File "/var/lib/kolla/venv/lib/python3.9/site-packages/oslo_utils/excutils.py", line 227, in __exit__
2023-02-16 15:03:10.474 6 ERROR neutron     self.force_reraise()
2023-02-16 15:03:10.474 6 ERROR neutron   File "/var/lib/kolla/venv/lib/python3.9/site-packages/oslo_utils/excutils.py", line 200, in force_reraise
2023-02-16 15:03:10.474 6 ERROR neutron     raise self.value
2023-02-16 15:03:10.474 6 ERROR neutron   File "/var/lib/kolla/venv/lib/python3.9/site-packages/neutron/plugins/ml2/drivers/openvswitch/agent/openflow/native/ovs_oskenapp.py", line 41, in agent_main_wrapper
2023-02-16 15:03:10.474 6 ERROR neutron     ovs_agent.main(bridge_classes)
2023-02-16 15:03:10.474 6 ERROR neutron   File "/var/lib/kolla/venv/lib/python3.9/site-packages/neutron/plugins/ml2/drivers/openvswitch/agent/ovs_neutron_agent.py", line 2944, in main
2023-02-16 15:03:10.474 6 ERROR neutron     agent = OVSNeutronAgent(bridge_classes, ext_mgr, cfg.CONF)
2023-02-16 15:03:10.474 6 ERROR neutron   File "/var/lib/kolla/venv/lib/python3.9/site-packages/neutron/plugins/ml2/drivers/openvswitch/agent/ovs_neutron_agent.py", line 156, in __init__
2023-02-16 15:03:10.474 6 ERROR neutron     self.ovs = ovs_lib.BaseOVS()
2023-02-16 15:03:10.474 6 ERROR neutron   File "/var/lib/kolla/venv/lib/python3.9/site-packages/neutron/agent/common/ovs_lib.py", line 144, in __init__
2023-02-16 15:03:10.474 6 ERROR neutron     self.ovsdb = impl_idl.api_factory()
2023-02-16 15:03:10.474 6 ERROR neutron   File "/var/lib/kolla/venv/lib/python3.9/site-packages/neutron/agent/ovsdb/impl_idl.py", line 37, in api_factory
2023-02-16 15:03:10.474 6 ERROR neutron     _idl_monitor = n_connection.OvsIdlMonitor()
2023-02-16 15:03:10.474 6 ERROR neutron   File "/var/lib/kolla/venv/lib/python3.9/site-packages/neutron/agent/ovsdb/native/connection.py", line 109, in __init__
2023-02-16 15:03:10.474 6 ERROR neutron     super(OvsIdlMonitor, self).__init__()
2023-02-16 15:03:10.474 6 ERROR neutron   File "/var/lib/kolla/venv/lib/python3.9/site-packages/neutron/agent/ovsdb/native/connection.py", line 84, in __init__
2023-02-16 15:03:10.474 6 ERROR neutron     helper = self._get_ovsdb_helper(self._ovsdb_connection)
2023-02-16 15:03:10.474 6 ERROR neutron   File "/var/lib/kolla/venv/lib/python3.9/site-packages/neutron/agent/ovsdb/native/connection.py", line 100, in _get_ovsdb_helper
2023-02-16 15:03:10.474 6 ERROR neutron     return self._do_get_schema_helper(connection)
2023-02-16 15:03:10.474 6 ERROR neutron   File "/var/lib/kolla/venv/lib/python3.9/site-packages/tenacity/__init__.py", line 333, in wrapped_f
2023-02-16 15:03:10.474 6 ERROR neutron     return self(f, *args, **kw)
2023-02-16 15:03:10.474 6 ERROR neutron   File "/var/lib/kolla/venv/lib/python3.9/site-packages/tenacity/__init__.py", line 423, in __call__
2023-02-16 15:03:10.474 6 ERROR neutron     do = self.iter(retry_state=retry_state)
2023-02-16 15:03:10.474 6 ERROR neutron   File "/var/lib/kolla/venv/lib/python3.9/site-packages/tenacity/__init__.py", line 372, in iter
2023-02-16 15:03:10.474 6 ERROR neutron     raise retry_exc.reraise()
2023-02-16 15:03:10.474 6 ERROR neutron   File "/var/lib/kolla/venv/lib/python3.9/site-packages/tenacity/__init__.py", line 189, in reraise
2023-02-16 15:03:10.474 6 ERROR neutron     raise self.last_attempt.result()
2023-02-16 15:03:10.474 6 ERROR neutron   File "/usr/lib64/python3.9/concurrent/futures/_base.py", line 439, in result
2023-02-16 15:03:10.474 6 ERROR neutron     return self.__get_result()
2023-02-16 15:03:10.474 6 ERROR neutron   File "/usr/lib64/python3.9/concurrent/futures/_base.py", line 391, in __get_result
2023-02-16 15:03:10.474 6 ERROR neutron     raise self._exception
2023-02-16 15:03:10.474 6 ERROR neutron   File "/var/lib/kolla/venv/lib/python3.9/site-packages/tenacity/__init__.py", line 426, in __call__
2023-02-16 15:03:10.474 6 ERROR neutron     result = fn(*args, **kwargs)
2023-02-16 15:03:10.474 6 ERROR neutron   File "/var/lib/kolla/venv/lib/python3.9/site-packages/neutron/agent/ovsdb/native/connection.py", line 93, in _do_get_schema_helper
2023-02-16 15:03:10.474 6 ERROR neutron     return idlutils.get_schema_helper(connection, self.SCHEMA)
2023-02-16 15:03:10.474 6 ERROR neutron   File "/var/lib/kolla/venv/lib/python3.9/site-packages/ovsdbapp/backend/ovs_idl/idlutils.py", line 215, in get_schema_helper
2023-02-16 15:03:10.474 6 ERROR neutron     return create_schema_helper(fetch_schema_json(connection, schema_name))
2023-02-16 15:03:10.474 6 ERROR neutron   File "/var/lib/kolla/venv/lib/python3.9/site-packages/ovsdbapp/backend/ovs_idl/idlutils.py", line 204, in fetch_schema_json
2023-02-16 15:03:10.474 6 ERROR neutron     raise Exception("Could not retrieve schema from %s" % connection)
2023-02-16 15:03:10.474 6 ERROR neutron Exception: Could not retrieve schema from tcp:127.0.0.1:6640
2023-02-16 15:03:10.474 6 ERROR neutron 
2023-02-16 15:03:16.799 7 INFO neutron.common.config [-] Logging enabled!
2023-02-16 15:03:16.800 7 INFO neutron.common.config [-] /var/lib/kolla/venv/bin/neutron-openvswitch-agent version 21.0.1.dev72
2023-02-16 15:03:16.801 7 INFO os_ken.base.app_manager [-] loading app neutron.plugins.ml2.drivers.openvswitch.agent.openflow.native.ovs_oskenapp
2023-02-16 15:03:18.296 7 INFO os_ken.base.app_manager [-] loading app os_ken.app.ofctl.service
2023-02-16 15:03:18.298 7 INFO os_ken.base.app_manager [-] loading app os_ken.controller.ofp_handler
2023-02-16 15:03:18.300 7 INFO os_ken.base.app_manager [-] instantiating app neutron.plugins.ml2.drivers.openvswitch.agent.openflow.native.ovs_oskenapp of OVSNeutronAgentOSKenApp
2023-02-16 15:03:18.300 7 INFO os_ken.base.app_manager [-] instantiating app os_ken.app.ofctl.service of OfctlService
2023-02-16 15:03:18.301 7 INFO os_ken.base.app_manager [-] instantiating app os_ken.controller.ofp_handler of OFPHandler
2023-02-16 15:03:18.304 7 INFO neutron.agent.agent_extensions_manager [-] Loaded agent extensions: []
2023-02-16 15:03:18.325 7 INFO oslo.privsep.daemon [-] Running privsep helper: ['sudo', 'neutron-rootwrap', '/etc/neutron/rootwrap.conf', 'privsep-helper', '--privsep_context', 'neutron.privileged.default', '--privsep_sock_path', '/tmp/tmptw4sbz6y/privsep.sock']
2023-02-16 15:03:20.906 7 INFO oslo.privsep.daemon [-] Spawned new privsep daemon via rootwrap
2023-02-16 15:03:20.367 21 INFO oslo.privsep.daemon [-] privsep daemon starting
2023-02-16 15:03:20.387 21 INFO oslo.privsep.daemon [-] privsep process running with uid/gid: 0/0
2023-02-16 15:03:20.398 21 INFO oslo.privsep.daemon [-] privsep process running with capabilities (eff/prm/inh): CAP_DAC_OVERRIDE|CAP_DAC_READ_SEARCH|CAP_NET_ADMIN|CAP_SYS_ADMIN|CAP_SYS_PTRACE/CAP_DAC_OVERRIDE|CAP_DAC_READ_SEARCH|CAP_NET_ADMIN|CAP_SYS_ADMIN|CAP_SYS_PTRACE/none
2023-02-16 15:03:20.399 21 INFO oslo.privsep.daemon [-] privsep daemon running as pid 21
2023-02-16 15:03:22.158 7 ERROR ovsdbapp.backend.ovs_idl.idlutils [-] Unable to open stream to tcp:127.0.0.1:6640 to retrieve schema: Connection refused
2023-02-16 15:03:22.160 7 INFO oslo.privsep.daemon [-] Running privsep helper: ['sudo', 'neutron-rootwrap', '/etc/neutron/rootwrap.conf', 'privsep-helper', '--config-file', '/etc/neutron/neutron.conf', '--config-file', '/etc/neutron/plugins/ml2/openvswitch_agent.ini', '--privsep_context', 'neutron.privileged.ovs_vsctl_cmd', '--privsep_sock_path', '/tmp/tmp8yey9xsq/privsep.sock']
2023-02-16 15:03:24.662 7 INFO oslo.privsep.daemon [-] Spawned new privsep daemon via rootwrap
2023-02-16 15:03:24.304 28 INFO oslo.privsep.daemon [-] privsep daemon starting
2023-02-16 15:03:24.315 28 INFO oslo.privsep.daemon [-] privsep process running with uid/gid: 0/0
2023-02-16 15:03:24.320 28 INFO oslo.privsep.daemon [-] privsep process running with capabilities (eff/prm/inh): CAP_NET_ADMIN|CAP_SYS_ADMIN/CAP_NET_ADMIN|CAP_SYS_ADMIN/none
2023-02-16 15:03:24.321 28 INFO oslo.privsep.daemon [-] privsep daemon running as pid 28
2023-02-16 15:03:24.926 7 ERROR ovsdbapp.backend.ovs_idl.idlutils [-] Unable to open stream to tcp:127.0.0.1:6640 to retrieve schema: Connection refused: Exception: Could not retrieve schema from tcp:127.0.0.1:6640
2023-02-16 15:03:24.949 7 ERROR ovsdbapp.backend.ovs_idl.idlutils [-] Unable to open stream to tcp:127.0.0.1:6640 to retrieve schema: Connection refused: Exception: Could not retrieve schema from tcp:127.0.0.1:6640
2023-02-16 15:03:24.991 7 ERROR ovsdbapp.backend.ovs_idl.idlutils [-] Unable to open stream to tcp:127.0.0.1:6640 to retrieve schema: Connection refused: Exception: Could not retrieve schema from tcp:127.0.0.1:6640
2023-02-16 15:03:25.073 7 ERROR ovsdbapp.backend.ovs_idl.idlutils [-] Unable to open stream to tcp:127.0.0.1:6640 to retrieve schema: Connection refused: Exception: Could not retrieve schema from tcp:127.0.0.1:6640
2023-02-16 15:03:25.235 7 ERROR ovsdbapp.backend.ovs_idl.idlutils [-] Unable to open stream to tcp:127.0.0.1:6640 to retrieve schema: Connection refused: Exception: Could not retrieve schema from tcp:127.0.0.1:6640
2023-02-16 15:03:25.558 7 ERROR ovsdbapp.backend.ovs_idl.idlutils [-] Unable to open stream to tcp:127.0.0.1:6640 to retrieve schema: Connection refused: Exception: Could not retrieve schema from tcp:127.0.0.1:6640
2023-02-16 15:03:26.201 7 ERROR ovsdbapp.backend.ovs_idl.idlutils [-] Unable to open stream to tcp:127.0.0.1:6640 to retrieve schema: Connection refused: Exception: Could not retrieve schema from tcp:127.0.0.1:6640
2023-02-16 15:03:26.203 7 ERROR neutron.plugins.ml2.drivers.openvswitch.agent.openflow.native.ovs_oskenapp [-] Agent main thread died of an exception: Exception: Could not retrieve schema from tcp:127.0.0.1:6640
2023-02-16 15:03:26.203 7 ERROR neutron.plugins.ml2.drivers.openvswitch.agent.openflow.native.ovs_oskenapp Traceback (most recent call last):
2023-02-16 15:03:26.203 7 ERROR neutron.plugins.ml2.drivers.openvswitch.agent.openflow.native.ovs_oskenapp   File "/var/lib/kolla/venv/lib/python3.9/site-packages/neutron/agent/ovsdb/native/connection.py", line 97, in _get_ovsdb_helper
2023-02-16 15:03:26.203 7 ERROR neutron.plugins.ml2.drivers.openvswitch.agent.openflow.native.ovs_oskenapp     return idlutils.get_schema_helper(connection, self.SCHEMA)
2023-02-16 15:03:26.203 7 ERROR neutron.plugins.ml2.drivers.openvswitch.agent.openflow.native.ovs_oskenapp   File "/var/lib/kolla/venv/lib/python3.9/site-packages/ovsdbapp/backend/ovs_idl/idlutils.py", line 215, in get_schema_helper
2023-02-16 15:03:26.203 7 ERROR neutron.plugins.ml2.drivers.openvswitch.agent.openflow.native.ovs_oskenapp     return create_schema_helper(fetch_schema_json(connection, schema_name))
2023-02-16 15:03:26.203 7 ERROR neutron.plugins.ml2.drivers.openvswitch.agent.openflow.native.ovs_oskenapp   File "/var/lib/kolla/venv/lib/python3.9/site-packages/ovsdbapp/backend/ovs_idl/idlutils.py", line 204, in fetch_schema_json
2023-02-16 15:03:26.203 7 ERROR neutron.plugins.ml2.drivers.openvswitch.agent.openflow.native.ovs_oskenapp     raise Exception("Could not retrieve schema from %s" % connection)
2023-02-16 15:03:26.203 7 ERROR neutron.plugins.ml2.drivers.openvswitch.agent.openflow.native.ovs_oskenapp Exception: Could not retrieve schema from tcp:127.0.0.1:6640
2023-02-16 15:03:26.203 7 ERROR neutron.plugins.ml2.drivers.openvswitch.agent.openflow.native.ovs_oskenapp 
2023-02-16 15:03:26.203 7 ERROR neutron.plugins.ml2.drivers.openvswitch.agent.openflow.native.ovs_oskenapp During handling of the above exception, another exception occurred:
2023-02-16 15:03:26.203 7 ERROR neutron.plugins.ml2.drivers.openvswitch.agent.openflow.native.ovs_oskenapp 
2023-02-16 15:03:26.203 7 ERROR neutron.plugins.ml2.drivers.openvswitch.agent.openflow.native.ovs_oskenapp Traceback (most recent call last):
2023-02-16 15:03:26.203 7 ERROR neutron.plugins.ml2.drivers.openvswitch.agent.openflow.native.ovs_oskenapp   File "/var/lib/kolla/venv/lib/python3.9/site-packages/neutron/plugins/ml2/drivers/openvswitch/agent/openflow/native/ovs_oskenapp.py", line 41, in agent_main_wrapper
2023-02-16 15:03:26.203 7 ERROR neutron.plugins.ml2.drivers.openvswitch.agent.openflow.native.ovs_oskenapp     ovs_agent.main(bridge_classes)
2023-02-16 15:03:26.203 7 ERROR neutron.plugins.ml2.drivers.openvswitch.agent.openflow.native.ovs_oskenapp   File "/var/lib/kolla/venv/lib/python3.9/site-packages/neutron/plugins/ml2/drivers/openvswitch/agent/ovs_neutron_agent.py", line 2944, in main
2023-02-16 15:03:26.203 7 ERROR neutron.plugins.ml2.drivers.openvswitch.agent.openflow.native.ovs_oskenapp     agent = OVSNeutronAgent(bridge_classes, ext_mgr, cfg.CONF)
2023-02-16 15:03:26.203 7 ERROR neutron.plugins.ml2.drivers.openvswitch.agent.openflow.native.ovs_oskenapp   File "/var/lib/kolla/venv/lib/python3.9/site-packages/neutron/plugins/ml2/drivers/openvswitch/agent/ovs_neutron_agent.py", line 156, in __init__
2023-02-16 15:03:26.203 7 ERROR neutron.plugins.ml2.drivers.openvswitch.agent.openflow.native.ovs_oskenapp     self.ovs = ovs_lib.BaseOVS()
2023-02-16 15:03:26.203 7 ERROR neutron.plugins.ml2.drivers.openvswitch.agent.openflow.native.ovs_oskenapp   File "/var/lib/kolla/venv/lib/python3.9/site-packages/neutron/agent/common/ovs_lib.py", line 144, in __init__
2023-02-16 15:03:26.203 7 ERROR neutron.plugins.ml2.drivers.openvswitch.agent.openflow.native.ovs_oskenapp     self.ovsdb = impl_idl.api_factory()
2023-02-16 15:03:26.203 7 ERROR neutron.plugins.ml2.drivers.openvswitch.agent.openflow.native.ovs_oskenapp   File "/var/lib/kolla/venv/lib/python3.9/site-packages/neutron/agent/ovsdb/impl_idl.py", line 37, in api_factory
2023-02-16 15:03:26.203 7 ERROR neutron.plugins.ml2.drivers.openvswitch.agent.openflow.native.ovs_oskenapp     _idl_monitor = n_connection.OvsIdlMonitor()
2023-02-16 15:03:26.203 7 ERROR neutron.plugins.ml2.drivers.openvswitch.agent.openflow.native.ovs_oskenapp   File "/var/lib/kolla/venv/lib/python3.9/site-packages/neutron/agent/ovsdb/native/connection.py", line 109, in __init__
2023-02-16 15:03:26.203 7 ERROR neutron.plugins.ml2.drivers.openvswitch.agent.openflow.native.ovs_oskenapp     super(OvsIdlMonitor, self).__init__()
2023-02-16 15:03:26.203 7 ERROR neutron.plugins.ml2.drivers.openvswitch.agent.openflow.native.ovs_oskenapp   File "/var/lib/kolla/venv/lib/python3.9/site-packages/neutron/agent/ovsdb/native/connection.py", line 84, in __init__
2023-02-16 15:03:26.203 7 ERROR neutron.plugins.ml2.drivers.openvswitch.agent.openflow.native.ovs_oskenapp     helper = self._get_ovsdb_helper(self._ovsdb_connection)
2023-02-16 15:03:26.203 7 ERROR neutron.plugins.ml2.drivers.openvswitch.agent.openflow.native.ovs_oskenapp   File "/var/lib/kolla/venv/lib/python3.9/site-packages/neutron/agent/ovsdb/native/connection.py", line 100, in _get_ovsdb_helper
2023-02-16 15:03:26.203 7 ERROR neutron.plugins.ml2.drivers.openvswitch.agent.openflow.native.ovs_oskenapp     return self._do_get_schema_helper(connection)
2023-02-16 15:03:26.203 7 ERROR neutron.plugins.ml2.drivers.openvswitch.agent.openflow.native.ovs_oskenapp   File "/var/lib/kolla/venv/lib/python3.9/site-packages/tenacity/__init__.py", line 333, in wrapped_f
2023-02-16 15:03:26.203 7 ERROR neutron.plugins.ml2.drivers.openvswitch.agent.openflow.native.ovs_oskenapp     return self(f, *args, **kw)
2023-02-16 15:03:26.203 7 ERROR neutron.plugins.ml2.drivers.openvswitch.agent.openflow.native.ovs_oskenapp   File "/var/lib/kolla/venv/lib/python3.9/site-packages/tenacity/__init__.py", line 423, in __call__
2023-02-16 15:03:26.203 7 ERROR neutron.plugins.ml2.drivers.openvswitch.agent.openflow.native.ovs_oskenapp     do = self.iter(retry_state=retry_state)
2023-02-16 15:03:26.203 7 ERROR neutron.plugins.ml2.drivers.openvswitch.agent.openflow.native.ovs_oskenapp   File "/var/lib/kolla/venv/lib/python3.9/site-packages/tenacity/__init__.py", line 372, in iter
2023-02-16 15:03:26.203 7 ERROR neutron.plugins.ml2.drivers.openvswitch.agent.openflow.native.ovs_oskenapp     raise retry_exc.reraise()
2023-02-16 15:03:26.203 7 ERROR neutron.plugins.ml2.drivers.openvswitch.agent.openflow.native.ovs_oskenapp   File "/var/lib/kolla/venv/lib/python3.9/site-packages/tenacity/__init__.py", line 189, in reraise
2023-02-16 15:03:26.203 7 ERROR neutron.plugins.ml2.drivers.openvswitch.agent.openflow.native.ovs_oskenapp     raise self.last_attempt.result()
2023-02-16 15:03:26.203 7 ERROR neutron.plugins.ml2.drivers.openvswitch.agent.openflow.native.ovs_oskenapp   File "/usr/lib64/python3.9/concurrent/futures/_base.py", line 439, in result
2023-02-16 15:03:26.203 7 ERROR neutron.plugins.ml2.drivers.openvswitch.agent.openflow.native.ovs_oskenapp     return self.__get_result()
2023-02-16 15:03:26.203 7 ERROR neutron.plugins.ml2.drivers.openvswitch.agent.openflow.native.ovs_oskenapp   File "/usr/lib64/python3.9/concurrent/futures/_base.py", line 391, in __get_result
2023-02-16 15:03:26.203 7 ERROR neutron.plugins.ml2.drivers.openvswitch.agent.openflow.native.ovs_oskenapp     raise self._exception
2023-02-16 15:03:26.203 7 ERROR neutron.plugins.ml2.drivers.openvswitch.agent.openflow.native.ovs_oskenapp   File "/var/lib/kolla/venv/lib/python3.9/site-packages/tenacity/__init__.py", line 426, in __call__
2023-02-16 15:03:26.203 7 ERROR neutron.plugins.ml2.drivers.openvswitch.agent.openflow.native.ovs_oskenapp     result = fn(*args, **kwargs)
2023-02-16 15:03:26.203 7 ERROR neutron.plugins.ml2.drivers.openvswitch.agent.openflow.native.ovs_oskenapp   File "/var/lib/kolla/venv/lib/python3.9/site-packages/neutron/agent/ovsdb/native/connection.py", line 93, in _do_get_schema_helper
2023-02-16 15:03:26.203 7 ERROR neutron.plugins.ml2.drivers.openvswitch.agent.openflow.native.ovs_oskenapp     return idlutils.get_schema_helper(connection, self.SCHEMA)
2023-02-16 15:03:26.203 7 ERROR neutron.plugins.ml2.drivers.openvswitch.agent.openflow.native.ovs_oskenapp   File "/var/lib/kolla/venv/lib/python3.9/site-packages/ovsdbapp/backend/ovs_idl/idlutils.py", line 215, in get_schema_helper
2023-02-16 15:03:26.203 7 ERROR neutron.plugins.ml2.drivers.openvswitch.agent.openflow.native.ovs_oskenapp     return create_schema_helper(fetch_schema_json(connection, schema_name))
2023-02-16 15:03:26.203 7 ERROR neutron.plugins.ml2.drivers.openvswitch.agent.openflow.native.ovs_oskenapp   File "/var/lib/kolla/venv/lib/python3.9/site-packages/ovsdbapp/backend/ovs_idl/idlutils.py", line 204, in fetch_schema_json
2023-02-16 15:03:26.203 7 ERROR neutron.plugins.ml2.drivers.openvswitch.agent.openflow.native.ovs_oskenapp     raise Exception("Could not retrieve schema from %s" % connection)
2023-02-16 15:03:26.203 7 ERROR neutron.plugins.ml2.drivers.openvswitch.agent.openflow.native.ovs_oskenapp Exception: Could not retrieve schema from tcp:127.0.0.1:6640
2023-02-16 15:03:26.203 7 ERROR neutron.plugins.ml2.drivers.openvswitch.agent.openflow.native.ovs_oskenapp 
2023-02-16 15:03:26.221 7 CRITICAL neutron [-] Unhandled error: Exception: Could not retrieve schema from tcp:127.0.0.1:6640
2023-02-16 15:03:26.221 7 ERROR neutron Traceback (most recent call last):
2023-02-16 15:03:26.221 7 ERROR neutron   File "/var/lib/kolla/venv/lib/python3.9/site-packages/neutron/agent/ovsdb/native/connection.py", line 97, in _get_ovsdb_helper
2023-02-16 15:03:26.221 7 ERROR neutron     return idlutils.get_schema_helper(connection, self.SCHEMA)
2023-02-16 15:03:26.221 7 ERROR neutron   File "/var/lib/kolla/venv/lib/python3.9/site-packages/ovsdbapp/backend/ovs_idl/idlutils.py", line 215, in get_schema_helper
2023-02-16 15:03:26.221 7 ERROR neutron     return create_schema_helper(fetch_schema_json(connection, schema_name))
2023-02-16 15:03:26.221 7 ERROR neutron   File "/var/lib/kolla/venv/lib/python3.9/site-packages/ovsdbapp/backend/ovs_idl/idlutils.py", line 204, in fetch_schema_json
2023-02-16 15:03:26.221 7 ERROR neutron     raise Exception("Could not retrieve schema from %s" % connection)
2023-02-16 15:03:26.221 7 ERROR neutron Exception: Could not retrieve schema from tcp:127.0.0.1:6640
2023-02-16 15:03:26.221 7 ERROR neutron 
2023-02-16 15:03:26.221 7 ERROR neutron During handling of the above exception, another exception occurred:
2023-02-16 15:03:26.221 7 ERROR neutron 
2023-02-16 15:03:26.221 7 ERROR neutron Traceback (most recent call last):
2023-02-16 15:03:26.221 7 ERROR neutron   File "/var/lib/kolla/venv/bin/neutron-openvswitch-agent", line 8, in <module>
2023-02-16 15:03:26.221 7 ERROR neutron     sys.exit(main())
2023-02-16 15:03:26.221 7 ERROR neutron   File "/var/lib/kolla/venv/lib/python3.9/site-packages/neutron/cmd/eventlet/plugins/ovs_neutron_agent.py", line 27, in main
2023-02-16 15:03:26.221 7 ERROR neutron     agent_main.main()
2023-02-16 15:03:26.221 7 ERROR neutron   File "/var/lib/kolla/venv/lib/python3.9/site-packages/neutron/plugins/ml2/drivers/openvswitch/agent/main.py", line 38, in main
2023-02-16 15:03:26.221 7 ERROR neutron     of_main.main()
2023-02-16 15:03:26.221 7 ERROR neutron   File "/var/lib/kolla/venv/lib/python3.9/site-packages/neutron/plugins/ml2/drivers/openvswitch/agent/openflow/native/main.py", line 34, in main
2023-02-16 15:03:26.221 7 ERROR neutron     app_manager.AppManager.run_apps([
2023-02-16 15:03:26.221 7 ERROR neutron   File "/var/lib/kolla/venv/lib/python3.9/site-packages/os_ken/base/app_manager.py", line 371, in run_apps
2023-02-16 15:03:26.221 7 ERROR neutron     hub.joinall(services)
2023-02-16 15:03:26.221 7 ERROR neutron   File "/var/lib/kolla/venv/lib/python3.9/site-packages/os_ken/lib/hub.py", line 112, in joinall
2023-02-16 15:03:26.221 7 ERROR neutron     t.wait()
2023-02-16 15:03:26.221 7 ERROR neutron   File "/var/lib/kolla/venv/lib/python3.9/site-packages/eventlet/greenthread.py", line 181, in wait
2023-02-16 15:03:26.221 7 ERROR neutron     return self._exit_event.wait()
2023-02-16 15:03:26.221 7 ERROR neutron   File "/var/lib/kolla/venv/lib/python3.9/site-packages/eventlet/event.py", line 132, in wait
2023-02-16 15:03:26.221 7 ERROR neutron     current.throw(*self._exc)
2023-02-16 15:03:26.221 7 ERROR neutron   File "/var/lib/kolla/venv/lib/python3.9/site-packages/eventlet/greenthread.py", line 221, in main
2023-02-16 15:03:26.221 7 ERROR neutron     result = function(*args, **kwargs)
2023-02-16 15:03:26.221 7 ERROR neutron   File "/var/lib/kolla/venv/lib/python3.9/site-packages/os_ken/lib/hub.py", line 74, in _launch
2023-02-16 15:03:26.221 7 ERROR neutron     raise e
2023-02-16 15:03:26.221 7 ERROR neutron   File "/var/lib/kolla/venv/lib/python3.9/site-packages/os_ken/lib/hub.py", line 69, in _launch
2023-02-16 15:03:26.221 7 ERROR neutron     return func(*args, **kwargs)
2023-02-16 15:03:26.221 7 ERROR neutron   File "/var/lib/kolla/venv/lib/python3.9/site-packages/neutron/plugins/ml2/drivers/openvswitch/agent/openflow/native/ovs_oskenapp.py", line 44, in agent_main_wrapper
2023-02-16 15:03:26.221 7 ERROR neutron     LOG.exception("Agent main thread died of an exception")
2023-02-16 15:03:26.221 7 ERROR neutron   File "/var/lib/kolla/venv/lib/python3.9/site-packages/oslo_utils/excutils.py", line 227, in __exit__
2023-02-16 15:03:26.221 7 ERROR neutron     self.force_reraise()
2023-02-16 15:03:26.221 7 ERROR neutron   File "/var/lib/kolla/venv/lib/python3.9/site-packages/oslo_utils/excutils.py", line 200, in force_reraise
2023-02-16 15:03:26.221 7 ERROR neutron     raise self.value
2023-02-16 15:03:26.221 7 ERROR neutron   File "/var/lib/kolla/venv/lib/python3.9/site-packages/neutron/plugins/ml2/drivers/openvswitch/agent/openflow/native/ovs_oskenapp.py", line 41, in agent_main_wrapper
2023-02-16 15:03:26.221 7 ERROR neutron     ovs_agent.main(bridge_classes)
2023-02-16 15:03:26.221 7 ERROR neutron   File "/var/lib/kolla/venv/lib/python3.9/site-packages/neutron/plugins/ml2/drivers/openvswitch/agent/ovs_neutron_agent.py", line 2944, in main
2023-02-16 15:03:26.221 7 ERROR neutron     agent = OVSNeutronAgent(bridge_classes, ext_mgr, cfg.CONF)
2023-02-16 15:03:26.221 7 ERROR neutron   File "/var/lib/kolla/venv/lib/python3.9/site-packages/neutron/plugins/ml2/drivers/openvswitch/agent/ovs_neutron_agent.py", line 156, in __init__
2023-02-16 15:03:26.221 7 ERROR neutron     self.ovs = ovs_lib.BaseOVS()
2023-02-16 15:03:26.221 7 ERROR neutron   File "/var/lib/kolla/venv/lib/python3.9/site-packages/neutron/agent/common/ovs_lib.py", line 144, in __init__
2023-02-16 15:03:26.221 7 ERROR neutron     self.ovsdb = impl_idl.api_factory()
2023-02-16 15:03:26.221 7 ERROR neutron   File "/var/lib/kolla/venv/lib/python3.9/site-packages/neutron/agent/ovsdb/impl_idl.py", line 37, in api_factory
2023-02-16 15:03:26.221 7 ERROR neutron     _idl_monitor = n_connection.OvsIdlMonitor()
2023-02-16 15:03:26.221 7 ERROR neutron   File "/var/lib/kolla/venv/lib/python3.9/site-packages/neutron/agent/ovsdb/native/connection.py", line 109, in __init__
2023-02-16 15:03:26.221 7 ERROR neutron     super(OvsIdlMonitor, self).__init__()
2023-02-16 15:03:26.221 7 ERROR neutron   File "/var/lib/kolla/venv/lib/python3.9/site-packages/neutron/agent/ovsdb/native/connection.py", line 84, in __init__
2023-02-16 15:03:26.221 7 ERROR neutron     helper = self._get_ovsdb_helper(self._ovsdb_connection)
2023-02-16 15:03:26.221 7 ERROR neutron   File "/var/lib/kolla/venv/lib/python3.9/site-packages/neutron/agent/ovsdb/native/connection.py", line 100, in _get_ovsdb_helper
2023-02-16 15:03:26.221 7 ERROR neutron     return self._do_get_schema_helper(connection)
2023-02-16 15:03:26.221 7 ERROR neutron   File "/var/lib/kolla/venv/lib/python3.9/site-packages/tenacity/__init__.py", line 333, in wrapped_f
2023-02-16 15:03:26.221 7 ERROR neutron     return self(f, *args, **kw)
2023-02-16 15:03:26.221 7 ERROR neutron   File "/var/lib/kolla/venv/lib/python3.9/site-packages/tenacity/__init__.py", line 423, in __call__
2023-02-16 15:03:26.221 7 ERROR neutron     do = self.iter(retry_state=retry_state)
2023-02-16 15:03:26.221 7 ERROR neutron   File "/var/lib/kolla/venv/lib/python3.9/site-packages/tenacity/__init__.py", line 372, in iter
2023-02-16 15:03:26.221 7 ERROR neutron     raise retry_exc.reraise()
2023-02-16 15:03:26.221 7 ERROR neutron   File "/var/lib/kolla/venv/lib/python3.9/site-packages/tenacity/__init__.py", line 189, in reraise
2023-02-16 15:03:26.221 7 ERROR neutron     raise self.last_attempt.result()
2023-02-16 15:03:26.221 7 ERROR neutron   File "/usr/lib64/python3.9/concurrent/futures/_base.py", line 439, in result
2023-02-16 15:03:26.221 7 ERROR neutron     return self.__get_result()
2023-02-16 15:03:26.221 7 ERROR neutron   File "/usr/lib64/python3.9/concurrent/futures/_base.py", line 391, in __get_result
2023-02-16 15:03:26.221 7 ERROR neutron     raise self._exception
2023-02-16 15:03:26.221 7 ERROR neutron   File "/var/lib/kolla/venv/lib/python3.9/site-packages/tenacity/__init__.py", line 426, in __call__
2023-02-16 15:03:26.221 7 ERROR neutron     result = fn(*args, **kwargs)
2023-02-16 15:03:26.221 7 ERROR neutron   File "/var/lib/kolla/venv/lib/python3.9/site-packages/neutron/agent/ovsdb/native/connection.py", line 93, in _do_get_schema_helper
2023-02-16 15:03:26.221 7 ERROR neutron     return idlutils.get_schema_helper(connection, self.SCHEMA)
2023-02-16 15:03:26.221 7 ERROR neutron   File "/var/lib/kolla/venv/lib/python3.9/site-packages/ovsdbapp/backend/ovs_idl/idlutils.py", line 215, in get_schema_helper
2023-02-16 15:03:26.221 7 ERROR neutron     return create_schema_helper(fetch_schema_json(connection, schema_name))
2023-02-16 15:03:26.221 7 ERROR neutron   File "/var/lib/kolla/venv/lib/python3.9/site-packages/ovsdbapp/backend/ovs_idl/idlutils.py", line 204, in fetch_schema_json
2023-02-16 15:03:26.221 7 ERROR neutron     raise Exception("Could not retrieve schema from %s" % connection)
2023-02-16 15:03:26.221 7 ERROR neutron Exception: Could not retrieve schema from tcp:127.0.0.1:6640
2023-02-16 15:03:26.221 7 ERROR neutron 
2023-02-16 15:03:32.547 8 INFO neutron.common.config [-] Logging enabled!
2023-02-16 15:03:32.551 8 INFO neutron.common.config [-] /var/lib/kolla/venv/bin/neutron-openvswitch-agent version 21.0.1.dev72
2023-02-16 15:03:32.552 8 INFO os_ken.base.app_manager [-] loading app neutron.plugins.ml2.drivers.openvswitch.agent.openflow.native.ovs_oskenapp
2023-02-16 15:03:34.237 8 INFO os_ken.base.app_manager [-] loading app os_ken.app.ofctl.service
2023-02-16 15:03:34.240 8 INFO os_ken.base.app_manager [-] loading app os_ken.controller.ofp_handler
2023-02-16 15:03:34.241 8 INFO os_ken.base.app_manager [-] instantiating app neutron.plugins.ml2.drivers.openvswitch.agent.openflow.native.ovs_oskenapp of OVSNeutronAgentOSKenApp
2023-02-16 15:03:34.242 8 INFO os_ken.base.app_manager [-] instantiating app os_ken.app.ofctl.service of OfctlService
2023-02-16 15:03:34.243 8 INFO os_ken.base.app_manager [-] instantiating app os_ken.controller.ofp_handler of OFPHandler
2023-02-16 15:03:34.245 8 INFO neutron.agent.agent_extensions_manager [-] Loaded agent extensions: []
2023-02-16 15:03:34.268 8 INFO oslo.privsep.daemon [-] Running privsep helper: ['sudo', 'neutron-rootwrap', '/etc/neutron/rootwrap.conf', 'privsep-helper', '--privsep_context', 'neutron.privileged.default', '--privsep_sock_path', '/tmp/tmpvaabylqn/privsep.sock']
2023-02-16 15:03:36.952 8 INFO oslo.privsep.daemon [-] Spawned new privsep daemon via rootwrap
2023-02-16 15:03:36.312 22 INFO oslo.privsep.daemon [-] privsep daemon starting
2023-02-16 15:03:36.334 22 INFO oslo.privsep.daemon [-] privsep process running with uid/gid: 0/0
2023-02-16 15:03:36.342 22 INFO oslo.privsep.daemon [-] privsep process running with capabilities (eff/prm/inh): CAP_DAC_OVERRIDE|CAP_DAC_READ_SEARCH|CAP_NET_ADMIN|CAP_SYS_ADMIN|CAP_SYS_PTRACE/CAP_DAC_OVERRIDE|CAP_DAC_READ_SEARCH|CAP_NET_ADMIN|CAP_SYS_ADMIN|CAP_SYS_PTRACE/none
2023-02-16 15:03:36.343 22 INFO oslo.privsep.daemon [-] privsep daemon running as pid 22
2023-02-16 15:03:38.353 8 ERROR ovsdbapp.backend.ovs_idl.idlutils [-] Unable to open stream to tcp:127.0.0.1:6640 to retrieve schema: Connection refused
2023-02-16 15:03:38.357 8 INFO oslo.privsep.daemon [-] Running privsep helper: ['sudo', 'neutron-rootwrap', '/etc/neutron/rootwrap.conf', 'privsep-helper', '--config-file', '/etc/neutron/neutron.conf', '--config-file', '/etc/neutron/plugins/ml2/openvswitch_agent.ini', '--privsep_context', 'neutron.privileged.ovs_vsctl_cmd', '--privsep_sock_path', '/tmp/tmpdni4584h/privsep.sock']
2023-02-16 15:03:41.972 8 INFO oslo.privsep.daemon [-] Spawned new privsep daemon via rootwrap
2023-02-16 15:03:41.407 29 INFO oslo.privsep.daemon [-] privsep daemon starting
2023-02-16 15:03:41.425 29 INFO oslo.privsep.daemon [-] privsep process running with uid/gid: 0/0
2023-02-16 15:03:41.431 29 INFO oslo.privsep.daemon [-] privsep process running with capabilities (eff/prm/inh): CAP_NET_ADMIN|CAP_SYS_ADMIN/CAP_NET_ADMIN|CAP_SYS_ADMIN/none
2023-02-16 15:03:41.432 29 INFO oslo.privsep.daemon [-] privsep daemon running as pid 29
2023-02-16 15:03:42.287 8 ERROR ovsdbapp.backend.ovs_idl.idlutils [-] Unable to open stream to tcp:127.0.0.1:6640 to retrieve schema: Connection refused: Exception: Could not retrieve schema from tcp:127.0.0.1:6640
2023-02-16 15:03:42.311 8 ERROR ovsdbapp.backend.ovs_idl.idlutils [-] Unable to open stream to tcp:127.0.0.1:6640 to retrieve schema: Connection refused: Exception: Could not retrieve schema from tcp:127.0.0.1:6640
2023-02-16 15:03:42.354 8 ERROR ovsdbapp.backend.ovs_idl.idlutils [-] Unable to open stream to tcp:127.0.0.1:6640 to retrieve schema: Connection refused: Exception: Could not retrieve schema from tcp:127.0.0.1:6640
2023-02-16 15:03:42.436 8 ERROR ovsdbapp.backend.ovs_idl.idlutils [-] Unable to open stream to tcp:127.0.0.1:6640 to retrieve schema: Connection refused: Exception: Could not retrieve schema from tcp:127.0.0.1:6640
2023-02-16 15:03:42.599 8 ERROR ovsdbapp.backend.ovs_idl.idlutils [-] Unable to open stream to tcp:127.0.0.1:6640 to retrieve schema: Connection refused: Exception: Could not retrieve schema from tcp:127.0.0.1:6640
2023-02-16 15:03:42.922 8 ERROR ovsdbapp.backend.ovs_idl.idlutils [-] Unable to open stream to tcp:127.0.0.1:6640 to retrieve schema: Connection refused: Exception: Could not retrieve schema from tcp:127.0.0.1:6640
2023-02-16 15:03:43.565 8 ERROR ovsdbapp.backend.ovs_idl.idlutils [-] Unable to open stream to tcp:127.0.0.1:6640 to retrieve schema: Connection refused: Exception: Could not retrieve schema from tcp:127.0.0.1:6640
2023-02-16 15:03:43.567 8 ERROR neutron.plugins.ml2.drivers.openvswitch.agent.openflow.native.ovs_oskenapp [-] Agent main thread died of an exception: Exception: Could not retrieve schema from tcp:127.0.0.1:6640
2023-02-16 15:03:43.567 8 ERROR neutron.plugins.ml2.drivers.openvswitch.agent.openflow.native.ovs_oskenapp Traceback (most recent call last):
2023-02-16 15:03:43.567 8 ERROR neutron.plugins.ml2.drivers.openvswitch.agent.openflow.native.ovs_oskenapp   File "/var/lib/kolla/venv/lib/python3.9/site-packages/neutron/agent/ovsdb/native/connection.py", line 97, in _get_ovsdb_helper
2023-02-16 15:03:43.567 8 ERROR neutron.plugins.ml2.drivers.openvswitch.agent.openflow.native.ovs_oskenapp     return idlutils.get_schema_helper(connection, self.SCHEMA)
2023-02-16 15:03:43.567 8 ERROR neutron.plugins.ml2.drivers.openvswitch.agent.openflow.native.ovs_oskenapp   File "/var/lib/kolla/venv/lib/python3.9/site-packages/ovsdbapp/backend/ovs_idl/idlutils.py", line 215, in get_schema_helper
2023-02-16 15:03:43.567 8 ERROR neutron.plugins.ml2.drivers.openvswitch.agent.openflow.native.ovs_oskenapp     return create_schema_helper(fetch_schema_json(connection, schema_name))
2023-02-16 15:03:43.567 8 ERROR neutron.plugins.ml2.drivers.openvswitch.agent.openflow.native.ovs_oskenapp   File "/var/lib/kolla/venv/lib/python3.9/site-packages/ovsdbapp/backend/ovs_idl/idlutils.py", line 204, in fetch_schema_json
2023-02-16 15:03:43.567 8 ERROR neutron.plugins.ml2.drivers.openvswitch.agent.openflow.native.ovs_oskenapp     raise Exception("Could not retrieve schema from %s" % connection)
2023-02-16 15:03:43.567 8 ERROR neutron.plugins.ml2.drivers.openvswitch.agent.openflow.native.ovs_oskenapp Exception: Could not retrieve schema from tcp:127.0.0.1:6640
2023-02-16 15:03:43.567 8 ERROR neutron.plugins.ml2.drivers.openvswitch.agent.openflow.native.ovs_oskenapp 
2023-02-16 15:03:43.567 8 ERROR neutron.plugins.ml2.drivers.openvswitch.agent.openflow.native.ovs_oskenapp During handling of the above exception, another exception occurred:
2023-02-16 15:03:43.567 8 ERROR neutron.plugins.ml2.drivers.openvswitch.agent.openflow.native.ovs_oskenapp 
2023-02-16 15:03:43.567 8 ERROR neutron.plugins.ml2.drivers.openvswitch.agent.openflow.native.ovs_oskenapp Traceback (most recent call last):
2023-02-16 15:03:43.567 8 ERROR neutron.plugins.ml2.drivers.openvswitch.agent.openflow.native.ovs_oskenapp   File "/var/lib/kolla/venv/lib/python3.9/site-packages/neutron/plugins/ml2/drivers/openvswitch/agent/openflow/native/ovs_oskenapp.py", line 41, in agent_main_wrapper
2023-02-16 15:03:43.567 8 ERROR neutron.plugins.ml2.drivers.openvswitch.agent.openflow.native.ovs_oskenapp     ovs_agent.main(bridge_classes)
2023-02-16 15:03:43.567 8 ERROR neutron.plugins.ml2.drivers.openvswitch.agent.openflow.native.ovs_oskenapp   File "/var/lib/kolla/venv/lib/python3.9/site-packages/neutron/plugins/ml2/drivers/openvswitch/agent/ovs_neutron_agent.py", line 2944, in main
2023-02-16 15:03:43.567 8 ERROR neutron.plugins.ml2.drivers.openvswitch.agent.openflow.native.ovs_oskenapp     agent = OVSNeutronAgent(bridge_classes, ext_mgr, cfg.CONF)
2023-02-16 15:03:43.567 8 ERROR neutron.plugins.ml2.drivers.openvswitch.agent.openflow.native.ovs_oskenapp   File "/var/lib/kolla/venv/lib/python3.9/site-packages/neutron/plugins/ml2/drivers/openvswitch/agent/ovs_neutron_agent.py", line 156, in __init__
2023-02-16 15:03:43.567 8 ERROR neutron.plugins.ml2.drivers.openvswitch.agent.openflow.native.ovs_oskenapp     self.ovs = ovs_lib.BaseOVS()
2023-02-16 15:03:43.567 8 ERROR neutron.plugins.ml2.drivers.openvswitch.agent.openflow.native.ovs_oskenapp   File "/var/lib/kolla/venv/lib/python3.9/site-packages/neutron/agent/common/ovs_lib.py", line 144, in __init__
2023-02-16 15:03:43.567 8 ERROR neutron.plugins.ml2.drivers.openvswitch.agent.openflow.native.ovs_oskenapp     self.ovsdb = impl_idl.api_factory()
2023-02-16 15:03:43.567 8 ERROR neutron.plugins.ml2.drivers.openvswitch.agent.openflow.native.ovs_oskenapp   File "/var/lib/kolla/venv/lib/python3.9/site-packages/neutron/agent/ovsdb/impl_idl.py", line 37, in api_factory
2023-02-16 15:03:43.567 8 ERROR neutron.plugins.ml2.drivers.openvswitch.agent.openflow.native.ovs_oskenapp     _idl_monitor = n_connection.OvsIdlMonitor()
2023-02-16 15:03:43.567 8 ERROR neutron.plugins.ml2.drivers.openvswitch.agent.openflow.native.ovs_oskenapp   File "/var/lib/kolla/venv/lib/python3.9/site-packages/neutron/agent/ovsdb/native/connection.py", line 109, in __init__
2023-02-16 15:03:43.567 8 ERROR neutron.plugins.ml2.drivers.openvswitch.agent.openflow.native.ovs_oskenapp     super(OvsIdlMonitor, self).__init__()
2023-02-16 15:03:43.567 8 ERROR neutron.plugins.ml2.drivers.openvswitch.agent.openflow.native.ovs_oskenapp   File "/var/lib/kolla/venv/lib/python3.9/site-packages/neutron/agent/ovsdb/native/connection.py", line 84, in __init__
2023-02-16 15:03:43.567 8 ERROR neutron.plugins.ml2.drivers.openvswitch.agent.openflow.native.ovs_oskenapp     helper = self._get_ovsdb_helper(self._ovsdb_connection)
2023-02-16 15:03:43.567 8 ERROR neutron.plugins.ml2.drivers.openvswitch.agent.openflow.native.ovs_oskenapp   File "/var/lib/kolla/venv/lib/python3.9/site-packages/neutron/agent/ovsdb/native/connection.py", line 100, in _get_ovsdb_helper
2023-02-16 15:03:43.567 8 ERROR neutron.plugins.ml2.drivers.openvswitch.agent.openflow.native.ovs_oskenapp     return self._do_get_schema_helper(connection)
2023-02-16 15:03:43.567 8 ERROR neutron.plugins.ml2.drivers.openvswitch.agent.openflow.native.ovs_oskenapp   File "/var/lib/kolla/venv/lib/python3.9/site-packages/tenacity/__init__.py", line 333, in wrapped_f
2023-02-16 15:03:43.567 8 ERROR neutron.plugins.ml2.drivers.openvswitch.agent.openflow.native.ovs_oskenapp     return self(f, *args, **kw)
2023-02-16 15:03:43.567 8 ERROR neutron.plugins.ml2.drivers.openvswitch.agent.openflow.native.ovs_oskenapp   File "/var/lib/kolla/venv/lib/python3.9/site-packages/tenacity/__init__.py", line 423, in __call__
2023-02-16 15:03:43.567 8 ERROR neutron.plugins.ml2.drivers.openvswitch.agent.openflow.native.ovs_oskenapp     do = self.iter(retry_state=retry_state)
2023-02-16 15:03:43.567 8 ERROR neutron.plugins.ml2.drivers.openvswitch.agent.openflow.native.ovs_oskenapp   File "/var/lib/kolla/venv/lib/python3.9/site-packages/tenacity/__init__.py", line 372, in iter
2023-02-16 15:03:43.567 8 ERROR neutron.plugins.ml2.drivers.openvswitch.agent.openflow.native.ovs_oskenapp     raise retry_exc.reraise()
2023-02-16 15:03:43.567 8 ERROR neutron.plugins.ml2.drivers.openvswitch.agent.openflow.native.ovs_oskenapp   File "/var/lib/kolla/venv/lib/python3.9/site-packages/tenacity/__init__.py", line 189, in reraise
2023-02-16 15:03:43.567 8 ERROR neutron.plugins.ml2.drivers.openvswitch.agent.openflow.native.ovs_oskenapp     raise self.last_attempt.result()
2023-02-16 15:03:43.567 8 ERROR neutron.plugins.ml2.drivers.openvswitch.agent.openflow.native.ovs_oskenapp   File "/usr/lib64/python3.9/concurrent/futures/_base.py", line 439, in result
2023-02-16 15:03:43.567 8 ERROR neutron.plugins.ml2.drivers.openvswitch.agent.openflow.native.ovs_oskenapp     return self.__get_result()
2023-02-16 15:03:43.567 8 ERROR neutron.plugins.ml2.drivers.openvswitch.agent.openflow.native.ovs_oskenapp   File "/usr/lib64/python3.9/concurrent/futures/_base.py", line 391, in __get_result
2023-02-16 15:03:43.567 8 ERROR neutron.plugins.ml2.drivers.openvswitch.agent.openflow.native.ovs_oskenapp     raise self._exception
2023-02-16 15:03:43.567 8 ERROR neutron.plugins.ml2.drivers.openvswitch.agent.openflow.native.ovs_oskenapp   File "/var/lib/kolla/venv/lib/python3.9/site-packages/tenacity/__init__.py", line 426, in __call__
2023-02-16 15:03:43.567 8 ERROR neutron.plugins.ml2.drivers.openvswitch.agent.openflow.native.ovs_oskenapp     result = fn(*args, **kwargs)
2023-02-16 15:03:43.567 8 ERROR neutron.plugins.ml2.drivers.openvswitch.agent.openflow.native.ovs_oskenapp   File "/var/lib/kolla/venv/lib/python3.9/site-packages/neutron/agent/ovsdb/native/connection.py", line 93, in _do_get_schema_helper
2023-02-16 15:03:43.567 8 ERROR neutron.plugins.ml2.drivers.openvswitch.agent.openflow.native.ovs_oskenapp     return idlutils.get_schema_helper(connection, self.SCHEMA)
2023-02-16 15:03:43.567 8 ERROR neutron.plugins.ml2.drivers.openvswitch.agent.openflow.native.ovs_oskenapp   File "/var/lib/kolla/venv/lib/python3.9/site-packages/ovsdbapp/backend/ovs_idl/idlutils.py", line 215, in get_schema_helper
2023-02-16 15:03:43.567 8 ERROR neutron.plugins.ml2.drivers.openvswitch.agent.openflow.native.ovs_oskenapp     return create_schema_helper(fetch_schema_json(connection, schema_name))
2023-02-16 15:03:43.567 8 ERROR neutron.plugins.ml2.drivers.openvswitch.agent.openflow.native.ovs_oskenapp   File "/var/lib/kolla/venv/lib/python3.9/site-packages/ovsdbapp/backend/ovs_idl/idlutils.py", line 204, in fetch_schema_json
2023-02-16 15:03:43.567 8 ERROR neutron.plugins.ml2.drivers.openvswitch.agent.openflow.native.ovs_oskenapp     raise Exception("Could not retrieve schema from %s" % connection)
2023-02-16 15:03:43.567 8 ERROR neutron.plugins.ml2.drivers.openvswitch.agent.openflow.native.ovs_oskenapp Exception: Could not retrieve schema from tcp:127.0.0.1:6640
2023-02-16 15:03:43.567 8 ERROR neutron.plugins.ml2.drivers.openvswitch.agent.openflow.native.ovs_oskenapp 
2023-02-16 15:03:43.582 8 CRITICAL neutron [-] Unhandled error: Exception: Could not retrieve schema from tcp:127.0.0.1:6640
2023-02-16 15:03:43.582 8 ERROR neutron Traceback (most recent call last):
2023-02-16 15:03:43.582 8 ERROR neutron   File "/var/lib/kolla/venv/lib/python3.9/site-packages/neutron/agent/ovsdb/native/connection.py", line 97, in _get_ovsdb_helper
2023-02-16 15:03:43.582 8 ERROR neutron     return idlutils.get_schema_helper(connection, self.SCHEMA)
2023-02-16 15:03:43.582 8 ERROR neutron   File "/var/lib/kolla/venv/lib/python3.9/site-packages/ovsdbapp/backend/ovs_idl/idlutils.py", line 215, in get_schema_helper
2023-02-16 15:03:43.582 8 ERROR neutron     return create_schema_helper(fetch_schema_json(connection, schema_name))
2023-02-16 15:03:43.582 8 ERROR neutron   File "/var/lib/kolla/venv/lib/python3.9/site-packages/ovsdbapp/backend/ovs_idl/idlutils.py", line 204, in fetch_schema_json
2023-02-16 15:03:43.582 8 ERROR neutron     raise Exception("Could not retrieve schema from %s" % connection)
2023-02-16 15:03:43.582 8 ERROR neutron Exception: Could not retrieve schema from tcp:127.0.0.1:6640
2023-02-16 15:03:43.582 8 ERROR neutron 
2023-02-16 15:03:43.582 8 ERROR neutron During handling of the above exception, another exception occurred:
2023-02-16 15:03:43.582 8 ERROR neutron 
2023-02-16 15:03:43.582 8 ERROR neutron Traceback (most recent call last):
2023-02-16 15:03:43.582 8 ERROR neutron   File "/var/lib/kolla/venv/bin/neutron-openvswitch-agent", line 8, in <module>
2023-02-16 15:03:43.582 8 ERROR neutron     sys.exit(main())
2023-02-16 15:03:43.582 8 ERROR neutron   File "/var/lib/kolla/venv/lib/python3.9/site-packages/neutron/cmd/eventlet/plugins/ovs_neutron_agent.py", line 27, in main
2023-02-16 15:03:43.582 8 ERROR neutron     agent_main.main()
2023-02-16 15:03:43.582 8 ERROR neutron   File "/var/lib/kolla/venv/lib/python3.9/site-packages/neutron/plugins/ml2/drivers/openvswitch/agent/main.py", line 38, in main
2023-02-16 15:03:43.582 8 ERROR neutron     of_main.main()
2023-02-16 15:03:43.582 8 ERROR neutron   File "/var/lib/kolla/venv/lib/python3.9/site-packages/neutron/plugins/ml2/drivers/openvswitch/agent/openflow/native/main.py", line 34, in main
2023-02-16 15:03:43.582 8 ERROR neutron     app_manager.AppManager.run_apps([
2023-02-16 15:03:43.582 8 ERROR neutron   File "/var/lib/kolla/venv/lib/python3.9/site-packages/os_ken/base/app_manager.py", line 371, in run_apps
2023-02-16 15:03:43.582 8 ERROR neutron     hub.joinall(services)
2023-02-16 15:03:43.582 8 ERROR neutron   File "/var/lib/kolla/venv/lib/python3.9/site-packages/os_ken/lib/hub.py", line 112, in joinall
2023-02-16 15:03:43.582 8 ERROR neutron     t.wait()
2023-02-16 15:03:43.582 8 ERROR neutron   File "/var/lib/kolla/venv/lib/python3.9/site-packages/eventlet/greenthread.py", line 181, in wait
2023-02-16 15:03:43.582 8 ERROR neutron     return self._exit_event.wait()
2023-02-16 15:03:43.582 8 ERROR neutron   File "/var/lib/kolla/venv/lib/python3.9/site-packages/eventlet/event.py", line 132, in wait
2023-02-16 15:03:43.582 8 ERROR neutron     current.throw(*self._exc)
2023-02-16 15:03:43.582 8 ERROR neutron   File "/var/lib/kolla/venv/lib/python3.9/site-packages/eventlet/greenthread.py", line 221, in main
2023-02-16 15:03:43.582 8 ERROR neutron     result = function(*args, **kwargs)
2023-02-16 15:03:43.582 8 ERROR neutron   File "/var/lib/kolla/venv/lib/python3.9/site-packages/os_ken/lib/hub.py", line 74, in _launch
2023-02-16 15:03:43.582 8 ERROR neutron     raise e
2023-02-16 15:03:43.582 8 ERROR neutron   File "/var/lib/kolla/venv/lib/python3.9/site-packages/os_ken/lib/hub.py", line 69, in _launch
2023-02-16 15:03:43.582 8 ERROR neutron     return func(*args, **kwargs)
2023-02-16 15:03:43.582 8 ERROR neutron   File "/var/lib/kolla/venv/lib/python3.9/site-packages/neutron/plugins/ml2/drivers/openvswitch/agent/openflow/native/ovs_oskenapp.py", line 44, in agent_main_wrapper
2023-02-16 15:03:43.582 8 ERROR neutron     LOG.exception("Agent main thread died of an exception")
2023-02-16 15:03:43.582 8 ERROR neutron   File "/var/lib/kolla/venv/lib/python3.9/site-packages/oslo_utils/excutils.py", line 227, in __exit__
2023-02-16 15:03:43.582 8 ERROR neutron     self.force_reraise()
2023-02-16 15:03:43.582 8 ERROR neutron   File "/var/lib/kolla/venv/lib/python3.9/site-packages/oslo_utils/excutils.py", line 200, in force_reraise
2023-02-16 15:03:43.582 8 ERROR neutron     raise self.value
2023-02-16 15:03:43.582 8 ERROR neutron   File "/var/lib/kolla/venv/lib/python3.9/site-packages/neutron/plugins/ml2/drivers/openvswitch/agent/openflow/native/ovs_oskenapp.py", line 41, in agent_main_wrapper
2023-02-16 15:03:43.582 8 ERROR neutron     ovs_agent.main(bridge_classes)
2023-02-16 15:03:43.582 8 ERROR neutron   File "/var/lib/kolla/venv/lib/python3.9/site-packages/neutron/plugins/ml2/drivers/openvswitch/agent/ovs_neutron_agent.py", line 2944, in main
2023-02-16 15:03:43.582 8 ERROR neutron     agent = OVSNeutronAgent(bridge_classes, ext_mgr, cfg.CONF)
2023-02-16 15:03:43.582 8 ERROR neutron   File "/var/lib/kolla/venv/lib/python3.9/site-packages/neutron/plugins/ml2/drivers/openvswitch/agent/ovs_neutron_agent.py", line 156, in __init__
2023-02-16 15:03:43.582 8 ERROR neutron     self.ovs = ovs_lib.BaseOVS()
2023-02-16 15:03:43.582 8 ERROR neutron   File "/var/lib/kolla/venv/lib/python3.9/site-packages/neutron/agent/common/ovs_lib.py", line 144, in __init__
2023-02-16 15:03:43.582 8 ERROR neutron     self.ovsdb = impl_idl.api_factory()
2023-02-16 15:03:43.582 8 ERROR neutron   File "/var/lib/kolla/venv/lib/python3.9/site-packages/neutron/agent/ovsdb/impl_idl.py", line 37, in api_factory
2023-02-16 15:03:43.582 8 ERROR neutron     _idl_monitor = n_connection.OvsIdlMonitor()
2023-02-16 15:03:43.582 8 ERROR neutron   File "/var/lib/kolla/venv/lib/python3.9/site-packages/neutron/agent/ovsdb/native/connection.py", line 109, in __init__
2023-02-16 15:03:43.582 8 ERROR neutron     super(OvsIdlMonitor, self).__init__()
2023-02-16 15:03:43.582 8 ERROR neutron   File "/var/lib/kolla/venv/lib/python3.9/site-packages/neutron/agent/ovsdb/native/connection.py", line 84, in __init__
2023-02-16 15:03:43.582 8 ERROR neutron     helper = self._get_ovsdb_helper(self._ovsdb_connection)
2023-02-16 15:03:43.582 8 ERROR neutron   File "/var/lib/kolla/venv/lib/python3.9/site-packages/neutron/agent/ovsdb/native/connection.py", line 100, in _get_ovsdb_helper
2023-02-16 15:03:43.582 8 ERROR neutron     return self._do_get_schema_helper(connection)
2023-02-16 15:03:43.582 8 ERROR neutron   File "/var/lib/kolla/venv/lib/python3.9/site-packages/tenacity/__init__.py", line 333, in wrapped_f
2023-02-16 15:03:43.582 8 ERROR neutron     return self(f, *args, **kw)
2023-02-16 15:03:43.582 8 ERROR neutron   File "/var/lib/kolla/venv/lib/python3.9/site-packages/tenacity/__init__.py", line 423, in __call__
2023-02-16 15:03:43.582 8 ERROR neutron     do = self.iter(retry_state=retry_state)
2023-02-16 15:03:43.582 8 ERROR neutron   File "/var/lib/kolla/venv/lib/python3.9/site-packages/tenacity/__init__.py", line 372, in iter
2023-02-16 15:03:43.582 8 ERROR neutron     raise retry_exc.reraise()
2023-02-16 15:03:43.582 8 ERROR neutron   File "/var/lib/kolla/venv/lib/python3.9/site-packages/tenacity/__init__.py", line 189, in reraise
2023-02-16 15:03:43.582 8 ERROR neutron     raise self.last_attempt.result()
2023-02-16 15:03:43.582 8 ERROR neutron   File "/usr/lib64/python3.9/concurrent/futures/_base.py", line 439, in result
2023-02-16 15:03:43.582 8 ERROR neutron     return self.__get_result()
2023-02-16 15:03:43.582 8 ERROR neutron   File "/usr/lib64/python3.9/concurrent/futures/_base.py", line 391, in __get_result
2023-02-16 15:03:43.582 8 ERROR neutron     raise self._exception
2023-02-16 15:03:43.582 8 ERROR neutron   File "/var/lib/kolla/venv/lib/python3.9/site-packages/tenacity/__init__.py", line 426, in __call__
2023-02-16 15:03:43.582 8 ERROR neutron     result = fn(*args, **kwargs)
2023-02-16 15:03:43.582 8 ERROR neutron   File "/var/lib/kolla/venv/lib/python3.9/site-packages/neutron/agent/ovsdb/native/connection.py", line 93, in _do_get_schema_helper
2023-02-16 15:03:43.582 8 ERROR neutron     return idlutils.get_schema_helper(connection, self.SCHEMA)
2023-02-16 15:03:43.582 8 ERROR neutron   File "/var/lib/kolla/venv/lib/python3.9/site-packages/ovsdbapp/backend/ovs_idl/idlutils.py", line 215, in get_schema_helper
2023-02-16 15:03:43.582 8 ERROR neutron     return create_schema_helper(fetch_schema_json(connection, schema_name))
2023-02-16 15:03:43.582 8 ERROR neutron   File "/var/lib/kolla/venv/lib/python3.9/site-packages/ovsdbapp/backend/ovs_idl/idlutils.py", line 204, in fetch_schema_json
2023-02-16 15:03:43.582 8 ERROR neutron     raise Exception("Could not retrieve schema from %s" % connection)
2023-02-16 15:03:43.582 8 ERROR neutron Exception: Could not retrieve schema from tcp:127.0.0.1:6640
2023-02-16 15:03:43.582 8 ERROR neutron 
2023-02-16 15:03:50.108 8 INFO neutron.common.config [-] Logging enabled!
2023-02-16 15:03:50.109 8 INFO neutron.common.config [-] /var/lib/kolla/venv/bin/neutron-openvswitch-agent version 21.0.1.dev72
2023-02-16 15:03:50.110 8 INFO os_ken.base.app_manager [-] loading app neutron.plugins.ml2.drivers.openvswitch.agent.openflow.native.ovs_oskenapp
2023-02-16 15:03:51.708 8 INFO os_ken.base.app_manager [-] loading app os_ken.controller.ofp_handler
2023-02-16 15:03:51.710 8 INFO os_ken.base.app_manager [-] loading app os_ken.app.ofctl.service
2023-02-16 15:03:51.711 8 INFO os_ken.base.app_manager [-] loading app os_ken.controller.ofp_handler
2023-02-16 15:03:51.712 8 INFO os_ken.base.app_manager [-] instantiating app neutron.plugins.ml2.drivers.openvswitch.agent.openflow.native.ovs_oskenapp of OVSNeutronAgentOSKenApp
2023-02-16 15:03:51.713 8 INFO os_ken.base.app_manager [-] instantiating app os_ken.controller.ofp_handler of OFPHandler
2023-02-16 15:03:51.713 8 INFO os_ken.base.app_manager [-] instantiating app os_ken.app.ofctl.service of OfctlService
2023-02-16 15:03:51.716 8 INFO neutron.agent.agent_extensions_manager [-] Loaded agent extensions: []
2023-02-16 15:03:51.735 8 INFO oslo.privsep.daemon [-] Running privsep helper: ['sudo', 'neutron-rootwrap', '/etc/neutron/rootwrap.conf', 'privsep-helper', '--privsep_context', 'neutron.privileged.default', '--privsep_sock_path', '/tmp/tmplno2arzx/privsep.sock']
2023-02-16 15:03:54.284 8 INFO oslo.privsep.daemon [-] Spawned new privsep daemon via rootwrap
2023-02-16 15:03:53.863 22 INFO oslo.privsep.daemon [-] privsep daemon starting
2023-02-16 15:03:53.878 22 INFO oslo.privsep.daemon [-] privsep process running with uid/gid: 0/0
2023-02-16 15:03:53.887 22 INFO oslo.privsep.daemon [-] privsep process running with capabilities (eff/prm/inh): CAP_DAC_OVERRIDE|CAP_DAC_READ_SEARCH|CAP_NET_ADMIN|CAP_SYS_ADMIN|CAP_SYS_PTRACE/CAP_DAC_OVERRIDE|CAP_DAC_READ_SEARCH|CAP_NET_ADMIN|CAP_SYS_ADMIN|CAP_SYS_PTRACE/none
2023-02-16 15:03:53.888 22 INFO oslo.privsep.daemon [-] privsep daemon running as pid 22
2023-02-16 15:03:55.619 8 ERROR ovsdbapp.backend.ovs_idl.idlutils [-] Unable to open stream to tcp:127.0.0.1:6640 to retrieve schema: Connection refused
2023-02-16 15:03:55.623 8 INFO oslo.privsep.daemon [-] Running privsep helper: ['sudo', 'neutron-rootwrap', '/etc/neutron/rootwrap.conf', 'privsep-helper', '--config-file', '/etc/neutron/neutron.conf', '--config-file', '/etc/neutron/plugins/ml2/openvswitch_agent.ini', '--privsep_context', 'neutron.privileged.ovs_vsctl_cmd', '--privsep_sock_path', '/tmp/tmphrmitlw2/privsep.sock']
2023-02-16 15:03:58.322 8 INFO oslo.privsep.daemon [-] Spawned new privsep daemon via rootwrap
2023-02-16 15:03:57.936 29 INFO oslo.privsep.daemon [-] privsep daemon starting
2023-02-16 15:03:57.948 29 INFO oslo.privsep.daemon [-] privsep process running with uid/gid: 0/0
2023-02-16 15:03:57.954 29 INFO oslo.privsep.daemon [-] privsep process running with capabilities (eff/prm/inh): CAP_NET_ADMIN|CAP_SYS_ADMIN/CAP_NET_ADMIN|CAP_SYS_ADMIN/none
2023-02-16 15:03:57.954 29 INFO oslo.privsep.daemon [-] privsep daemon running as pid 29
2023-02-16 15:03:58.601 8 ERROR ovsdbapp.backend.ovs_idl.idlutils [-] Unable to open stream to tcp:127.0.0.1:6640 to retrieve schema: Connection refused: Exception: Could not retrieve schema from tcp:127.0.0.1:6640
2023-02-16 15:03:58.624 8 ERROR ovsdbapp.backend.ovs_idl.idlutils [-] Unable to open stream to tcp:127.0.0.1:6640 to retrieve schema: Connection refused: Exception: Could not retrieve schema from tcp:127.0.0.1:6640
2023-02-16 15:03:58.666 8 ERROR ovsdbapp.backend.ovs_idl.idlutils [-] Unable to open stream to tcp:127.0.0.1:6640 to retrieve schema: Connection refused: Exception: Could not retrieve schema from tcp:127.0.0.1:6640
2023-02-16 15:03:58.748 8 ERROR ovsdbapp.backend.ovs_idl.idlutils [-] Unable to open stream to tcp:127.0.0.1:6640 to retrieve schema: Connection refused: Exception: Could not retrieve schema from tcp:127.0.0.1:6640
2023-02-16 15:03:58.911 8 ERROR ovsdbapp.backend.ovs_idl.idlutils [-] Unable to open stream to tcp:127.0.0.1:6640 to retrieve schema: Connection refused: Exception: Could not retrieve schema from tcp:127.0.0.1:6640
2023-02-16 15:03:59.234 8 ERROR ovsdbapp.backend.ovs_idl.idlutils [-] Unable to open stream to tcp:127.0.0.1:6640 to retrieve schema: Connection refused: Exception: Could not retrieve schema from tcp:127.0.0.1:6640
2023-02-16 15:03:59.877 8 ERROR ovsdbapp.backend.ovs_idl.idlutils [-] Unable to open stream to tcp:127.0.0.1:6640 to retrieve schema: Connection refused: Exception: Could not retrieve schema from tcp:127.0.0.1:6640
2023-02-16 15:03:59.879 8 ERROR neutron.plugins.ml2.drivers.openvswitch.agent.openflow.native.ovs_oskenapp [-] Agent main thread died of an exception: Exception: Could not retrieve schema from tcp:127.0.0.1:6640
2023-02-16 15:03:59.879 8 ERROR neutron.plugins.ml2.drivers.openvswitch.agent.openflow.native.ovs_oskenapp Traceback (most recent call last):
2023-02-16 15:03:59.879 8 ERROR neutron.plugins.ml2.drivers.openvswitch.agent.openflow.native.ovs_oskenapp   File "/var/lib/kolla/venv/lib/python3.9/site-packages/neutron/agent/ovsdb/native/connection.py", line 97, in _get_ovsdb_helper
2023-02-16 15:03:59.879 8 ERROR neutron.plugins.ml2.drivers.openvswitch.agent.openflow.native.ovs_oskenapp     return idlutils.get_schema_helper(connection, self.SCHEMA)
2023-02-16 15:03:59.879 8 ERROR neutron.plugins.ml2.drivers.openvswitch.agent.openflow.native.ovs_oskenapp   File "/var/lib/kolla/venv/lib/python3.9/site-packages/ovsdbapp/backend/ovs_idl/idlutils.py", line 215, in get_schema_helper
2023-02-16 15:03:59.879 8 ERROR neutron.plugins.ml2.drivers.openvswitch.agent.openflow.native.ovs_oskenapp     return create_schema_helper(fetch_schema_json(connection, schema_name))
2023-02-16 15:03:59.879 8 ERROR neutron.plugins.ml2.drivers.openvswitch.agent.openflow.native.ovs_oskenapp   File "/var/lib/kolla/venv/lib/python3.9/site-packages/ovsdbapp/backend/ovs_idl/idlutils.py", line 204, in fetch_schema_json
2023-02-16 15:03:59.879 8 ERROR neutron.plugins.ml2.drivers.openvswitch.agent.openflow.native.ovs_oskenapp     raise Exception("Could not retrieve schema from %s" % connection)
2023-02-16 15:03:59.879 8 ERROR neutron.plugins.ml2.drivers.openvswitch.agent.openflow.native.ovs_oskenapp Exception: Could not retrieve schema from tcp:127.0.0.1:6640
2023-02-16 15:03:59.879 8 ERROR neutron.plugins.ml2.drivers.openvswitch.agent.openflow.native.ovs_oskenapp 
2023-02-16 15:03:59.879 8 ERROR neutron.plugins.ml2.drivers.openvswitch.agent.openflow.native.ovs_oskenapp During handling of the above exception, another exception occurred:
2023-02-16 15:03:59.879 8 ERROR neutron.plugins.ml2.drivers.openvswitch.agent.openflow.native.ovs_oskenapp 
2023-02-16 15:03:59.879 8 ERROR neutron.plugins.ml2.drivers.openvswitch.agent.openflow.native.ovs_oskenapp Traceback (most recent call last):
2023-02-16 15:03:59.879 8 ERROR neutron.plugins.ml2.drivers.openvswitch.agent.openflow.native.ovs_oskenapp   File "/var/lib/kolla/venv/lib/python3.9/site-packages/neutron/plugins/ml2/drivers/openvswitch/agent/openflow/native/ovs_oskenapp.py", line 41, in agent_main_wrapper
2023-02-16 15:03:59.879 8 ERROR neutron.plugins.ml2.drivers.openvswitch.agent.openflow.native.ovs_oskenapp     ovs_agent.main(bridge_classes)
2023-02-16 15:03:59.879 8 ERROR neutron.plugins.ml2.drivers.openvswitch.agent.openflow.native.ovs_oskenapp   File "/var/lib/kolla/venv/lib/python3.9/site-packages/neutron/plugins/ml2/drivers/openvswitch/agent/ovs_neutron_agent.py", line 2944, in main
2023-02-16 15:03:59.879 8 ERROR neutron.plugins.ml2.drivers.openvswitch.agent.openflow.native.ovs_oskenapp     agent = OVSNeutronAgent(bridge_classes, ext_mgr, cfg.CONF)
2023-02-16 15:03:59.879 8 ERROR neutron.plugins.ml2.drivers.openvswitch.agent.openflow.native.ovs_oskenapp   File "/var/lib/kolla/venv/lib/python3.9/site-packages/neutron/plugins/ml2/drivers/openvswitch/agent/ovs_neutron_agent.py", line 156, in __init__
2023-02-16 15:03:59.879 8 ERROR neutron.plugins.ml2.drivers.openvswitch.agent.openflow.native.ovs_oskenapp     self.ovs = ovs_lib.BaseOVS()
2023-02-16 15:03:59.879 8 ERROR neutron.plugins.ml2.drivers.openvswitch.agent.openflow.native.ovs_oskenapp   File "/var/lib/kolla/venv/lib/python3.9/site-packages/neutron/agent/common/ovs_lib.py", line 144, in __init__
2023-02-16 15:03:59.879 8 ERROR neutron.plugins.ml2.drivers.openvswitch.agent.openflow.native.ovs_oskenapp     self.ovsdb = impl_idl.api_factory()
2023-02-16 15:03:59.879 8 ERROR neutron.plugins.ml2.drivers.openvswitch.agent.openflow.native.ovs_oskenapp   File "/var/lib/kolla/venv/lib/python3.9/site-packages/neutron/agent/ovsdb/impl_idl.py", line 37, in api_factory
2023-02-16 15:03:59.879 8 ERROR neutron.plugins.ml2.drivers.openvswitch.agent.openflow.native.ovs_oskenapp     _idl_monitor = n_connection.OvsIdlMonitor()
2023-02-16 15:03:59.879 8 ERROR neutron.plugins.ml2.drivers.openvswitch.agent.openflow.native.ovs_oskenapp   File "/var/lib/kolla/venv/lib/python3.9/site-packages/neutron/agent/ovsdb/native/connection.py", line 109, in __init__
2023-02-16 15:03:59.879 8 ERROR neutron.plugins.ml2.drivers.openvswitch.agent.openflow.native.ovs_oskenapp     super(OvsIdlMonitor, self).__init__()
2023-02-16 15:03:59.879 8 ERROR neutron.plugins.ml2.drivers.openvswitch.agent.openflow.native.ovs_oskenapp   File "/var/lib/kolla/venv/lib/python3.9/site-packages/neutron/agent/ovsdb/native/connection.py", line 84, in __init__
2023-02-16 15:03:59.879 8 ERROR neutron.plugins.ml2.drivers.openvswitch.agent.openflow.native.ovs_oskenapp     helper = self._get_ovsdb_helper(self._ovsdb_connection)
2023-02-16 15:03:59.879 8 ERROR neutron.plugins.ml2.drivers.openvswitch.agent.openflow.native.ovs_oskenapp   File "/var/lib/kolla/venv/lib/python3.9/site-packages/neutron/agent/ovsdb/native/connection.py", line 100, in _get_ovsdb_helper
2023-02-16 15:03:59.879 8 ERROR neutron.plugins.ml2.drivers.openvswitch.agent.openflow.native.ovs_oskenapp     return self._do_get_schema_helper(connection)
2023-02-16 15:03:59.879 8 ERROR neutron.plugins.ml2.drivers.openvswitch.agent.openflow.native.ovs_oskenapp   File "/var/lib/kolla/venv/lib/python3.9/site-packages/tenacity/__init__.py", line 333, in wrapped_f
2023-02-16 15:03:59.879 8 ERROR neutron.plugins.ml2.drivers.openvswitch.agent.openflow.native.ovs_oskenapp     return self(f, *args, **kw)
2023-02-16 15:03:59.879 8 ERROR neutron.plugins.ml2.drivers.openvswitch.agent.openflow.native.ovs_oskenapp   File "/var/lib/kolla/venv/lib/python3.9/site-packages/tenacity/__init__.py", line 423, in __call__
2023-02-16 15:03:59.879 8 ERROR neutron.plugins.ml2.drivers.openvswitch.agent.openflow.native.ovs_oskenapp     do = self.iter(retry_state=retry_state)
2023-02-16 15:03:59.879 8 ERROR neutron.plugins.ml2.drivers.openvswitch.agent.openflow.native.ovs_oskenapp   File "/var/lib/kolla/venv/lib/python3.9/site-packages/tenacity/__init__.py", line 372, in iter
2023-02-16 15:03:59.879 8 ERROR neutron.plugins.ml2.drivers.openvswitch.agent.openflow.native.ovs_oskenapp     raise retry_exc.reraise()
2023-02-16 15:03:59.879 8 ERROR neutron.plugins.ml2.drivers.openvswitch.agent.openflow.native.ovs_oskenapp   File "/var/lib/kolla/venv/lib/python3.9/site-packages/tenacity/__init__.py", line 189, in reraise
2023-02-16 15:03:59.879 8 ERROR neutron.plugins.ml2.drivers.openvswitch.agent.openflow.native.ovs_oskenapp     raise self.last_attempt.result()
2023-02-16 15:03:59.879 8 ERROR neutron.plugins.ml2.drivers.openvswitch.agent.openflow.native.ovs_oskenapp   File "/usr/lib64/python3.9/concurrent/futures/_base.py", line 439, in result
2023-02-16 15:03:59.879 8 ERROR neutron.plugins.ml2.drivers.openvswitch.agent.openflow.native.ovs_oskenapp     return self.__get_result()
2023-02-16 15:03:59.879 8 ERROR neutron.plugins.ml2.drivers.openvswitch.agent.openflow.native.ovs_oskenapp   File "/usr/lib64/python3.9/concurrent/futures/_base.py", line 391, in __get_result
2023-02-16 15:03:59.879 8 ERROR neutron.plugins.ml2.drivers.openvswitch.agent.openflow.native.ovs_oskenapp     raise self._exception
2023-02-16 15:03:59.879 8 ERROR neutron.plugins.ml2.drivers.openvswitch.agent.openflow.native.ovs_oskenapp   File "/var/lib/kolla/venv/lib/python3.9/site-packages/tenacity/__init__.py", line 426, in __call__
2023-02-16 15:03:59.879 8 ERROR neutron.plugins.ml2.drivers.openvswitch.agent.openflow.native.ovs_oskenapp     result = fn(*args, **kwargs)
2023-02-16 15:03:59.879 8 ERROR neutron.plugins.ml2.drivers.openvswitch.agent.openflow.native.ovs_oskenapp   File "/var/lib/kolla/venv/lib/python3.9/site-packages/neutron/agent/ovsdb/native/connection.py", line 93, in _do_get_schema_helper
2023-02-16 15:03:59.879 8 ERROR neutron.plugins.ml2.drivers.openvswitch.agent.openflow.native.ovs_oskenapp     return idlutils.get_schema_helper(connection, self.SCHEMA)
2023-02-16 15:03:59.879 8 ERROR neutron.plugins.ml2.drivers.openvswitch.agent.openflow.native.ovs_oskenapp   File "/var/lib/kolla/venv/lib/python3.9/site-packages/ovsdbapp/backend/ovs_idl/idlutils.py", line 215, in get_schema_helper
2023-02-16 15:03:59.879 8 ERROR neutron.plugins.ml2.drivers.openvswitch.agent.openflow.native.ovs_oskenapp     return create_schema_helper(fetch_schema_json(connection, schema_name))
2023-02-16 15:03:59.879 8 ERROR neutron.plugins.ml2.drivers.openvswitch.agent.openflow.native.ovs_oskenapp   File "/var/lib/kolla/venv/lib/python3.9/site-packages/ovsdbapp/backend/ovs_idl/idlutils.py", line 204, in fetch_schema_json
2023-02-16 15:03:59.879 8 ERROR neutron.plugins.ml2.drivers.openvswitch.agent.openflow.native.ovs_oskenapp     raise Exception("Could not retrieve schema from %s" % connection)
2023-02-16 15:03:59.879 8 ERROR neutron.plugins.ml2.drivers.openvswitch.agent.openflow.native.ovs_oskenapp Exception: Could not retrieve schema from tcp:127.0.0.1:6640
2023-02-16 15:03:59.879 8 ERROR neutron.plugins.ml2.drivers.openvswitch.agent.openflow.native.ovs_oskenapp 
2023-02-16 15:03:59.891 8 CRITICAL neutron [-] Unhandled error: Exception: Could not retrieve schema from tcp:127.0.0.1:6640
2023-02-16 15:03:59.891 8 ERROR neutron Traceback (most recent call last):
2023-02-16 15:03:59.891 8 ERROR neutron   File "/var/lib/kolla/venv/lib/python3.9/site-packages/neutron/agent/ovsdb/native/connection.py", line 97, in _get_ovsdb_helper
2023-02-16 15:03:59.891 8 ERROR neutron     return idlutils.get_schema_helper(connection, self.SCHEMA)
2023-02-16 15:03:59.891 8 ERROR neutron   File "/var/lib/kolla/venv/lib/python3.9/site-packages/ovsdbapp/backend/ovs_idl/idlutils.py", line 215, in get_schema_helper
2023-02-16 15:03:59.891 8 ERROR neutron     return create_schema_helper(fetch_schema_json(connection, schema_name))
2023-02-16 15:03:59.891 8 ERROR neutron   File "/var/lib/kolla/venv/lib/python3.9/site-packages/ovsdbapp/backend/ovs_idl/idlutils.py", line 204, in fetch_schema_json
2023-02-16 15:03:59.891 8 ERROR neutron     raise Exception("Could not retrieve schema from %s" % connection)
2023-02-16 15:03:59.891 8 ERROR neutron Exception: Could not retrieve schema from tcp:127.0.0.1:6640
2023-02-16 15:03:59.891 8 ERROR neutron 
2023-02-16 15:03:59.891 8 ERROR neutron During handling of the above exception, another exception occurred:
2023-02-16 15:03:59.891 8 ERROR neutron 
2023-02-16 15:03:59.891 8 ERROR neutron Traceback (most recent call last):
2023-02-16 15:03:59.891 8 ERROR neutron   File "/var/lib/kolla/venv/bin/neutron-openvswitch-agent", line 8, in <module>
2023-02-16 15:03:59.891 8 ERROR neutron     sys.exit(main())
2023-02-16 15:03:59.891 8 ERROR neutron   File "/var/lib/kolla/venv/lib/python3.9/site-packages/neutron/cmd/eventlet/plugins/ovs_neutron_agent.py", line 27, in main
2023-02-16 15:03:59.891 8 ERROR neutron     agent_main.main()
2023-02-16 15:03:59.891 8 ERROR neutron   File "/var/lib/kolla/venv/lib/python3.9/site-packages/neutron/plugins/ml2/drivers/openvswitch/agent/main.py", line 38, in main
2023-02-16 15:03:59.891 8 ERROR neutron     of_main.main()
2023-02-16 15:03:59.891 8 ERROR neutron   File "/var/lib/kolla/venv/lib/python3.9/site-packages/neutron/plugins/ml2/drivers/openvswitch/agent/openflow/native/main.py", line 34, in main
2023-02-16 15:03:59.891 8 ERROR neutron     app_manager.AppManager.run_apps([
2023-02-16 15:03:59.891 8 ERROR neutron   File "/var/lib/kolla/venv/lib/python3.9/site-packages/os_ken/base/app_manager.py", line 371, in run_apps
2023-02-16 15:03:59.891 8 ERROR neutron     hub.joinall(services)
2023-02-16 15:03:59.891 8 ERROR neutron   File "/var/lib/kolla/venv/lib/python3.9/site-packages/os_ken/lib/hub.py", line 112, in joinall
2023-02-16 15:03:59.891 8 ERROR neutron     t.wait()
2023-02-16 15:03:59.891 8 ERROR neutron   File "/var/lib/kolla/venv/lib/python3.9/site-packages/eventlet/greenthread.py", line 181, in wait
2023-02-16 15:03:59.891 8 ERROR neutron     return self._exit_event.wait()
2023-02-16 15:03:59.891 8 ERROR neutron   File "/var/lib/kolla/venv/lib/python3.9/site-packages/eventlet/event.py", line 132, in wait
2023-02-16 15:03:59.891 8 ERROR neutron     current.throw(*self._exc)
2023-02-16 15:03:59.891 8 ERROR neutron   File "/var/lib/kolla/venv/lib/python3.9/site-packages/eventlet/greenthread.py", line 221, in main
2023-02-16 15:03:59.891 8 ERROR neutron     result = function(*args, **kwargs)
2023-02-16 15:03:59.891 8 ERROR neutron   File "/var/lib/kolla/venv/lib/python3.9/site-packages/os_ken/lib/hub.py", line 74, in _launch
2023-02-16 15:03:59.891 8 ERROR neutron     raise e
2023-02-16 15:03:59.891 8 ERROR neutron   File "/var/lib/kolla/venv/lib/python3.9/site-packages/os_ken/lib/hub.py", line 69, in _launch
2023-02-16 15:03:59.891 8 ERROR neutron     return func(*args, **kwargs)
2023-02-16 15:03:59.891 8 ERROR neutron   File "/var/lib/kolla/venv/lib/python3.9/site-packages/neutron/plugins/ml2/drivers/openvswitch/agent/openflow/native/ovs_oskenapp.py", line 44, in agent_main_wrapper
2023-02-16 15:03:59.891 8 ERROR neutron     LOG.exception("Agent main thread died of an exception")
2023-02-16 15:03:59.891 8 ERROR neutron   File "/var/lib/kolla/venv/lib/python3.9/site-packages/oslo_utils/excutils.py", line 227, in __exit__
2023-02-16 15:03:59.891 8 ERROR neutron     self.force_reraise()
2023-02-16 15:03:59.891 8 ERROR neutron   File "/var/lib/kolla/venv/lib/python3.9/site-packages/oslo_utils/excutils.py", line 200, in force_reraise
2023-02-16 15:03:59.891 8 ERROR neutron     raise self.value
2023-02-16 15:03:59.891 8 ERROR neutron   File "/var/lib/kolla/venv/lib/python3.9/site-packages/neutron/plugins/ml2/drivers/openvswitch/agent/openflow/native/ovs_oskenapp.py", line 41, in agent_main_wrapper
2023-02-16 15:03:59.891 8 ERROR neutron     ovs_agent.main(bridge_classes)
2023-02-16 15:03:59.891 8 ERROR neutron   File "/var/lib/kolla/venv/lib/python3.9/site-packages/neutron/plugins/ml2/drivers/openvswitch/agent/ovs_neutron_agent.py", line 2944, in main
2023-02-16 15:03:59.891 8 ERROR neutron     agent = OVSNeutronAgent(bridge_classes, ext_mgr, cfg.CONF)
2023-02-16 15:03:59.891 8 ERROR neutron   File "/var/lib/kolla/venv/lib/python3.9/site-packages/neutron/plugins/ml2/drivers/openvswitch/agent/ovs_neutron_agent.py", line 156, in __init__
2023-02-16 15:03:59.891 8 ERROR neutron     self.ovs = ovs_lib.BaseOVS()
2023-02-16 15:03:59.891 8 ERROR neutron   File "/var/lib/kolla/venv/lib/python3.9/site-packages/neutron/agent/common/ovs_lib.py", line 144, in __init__
2023-02-16 15:03:59.891 8 ERROR neutron     self.ovsdb = impl_idl.api_factory()
2023-02-16 15:03:59.891 8 ERROR neutron   File "/var/lib/kolla/venv/lib/python3.9/site-packages/neutron/agent/ovsdb/impl_idl.py", line 37, in api_factory
2023-02-16 15:03:59.891 8 ERROR neutron     _idl_monitor = n_connection.OvsIdlMonitor()
2023-02-16 15:03:59.891 8 ERROR neutron   File "/var/lib/kolla/venv/lib/python3.9/site-packages/neutron/agent/ovsdb/native/connection.py", line 109, in __init__
2023-02-16 15:03:59.891 8 ERROR neutron     super(OvsIdlMonitor, self).__init__()
2023-02-16 15:03:59.891 8 ERROR neutron   File "/var/lib/kolla/venv/lib/python3.9/site-packages/neutron/agent/ovsdb/native/connection.py", line 84, in __init__
2023-02-16 15:03:59.891 8 ERROR neutron     helper = self._get_ovsdb_helper(self._ovsdb_connection)
2023-02-16 15:03:59.891 8 ERROR neutron   File "/var/lib/kolla/venv/lib/python3.9/site-packages/neutron/agent/ovsdb/native/connection.py", line 100, in _get_ovsdb_helper
2023-02-16 15:03:59.891 8 ERROR neutron     return self._do_get_schema_helper(connection)
2023-02-16 15:03:59.891 8 ERROR neutron   File "/var/lib/kolla/venv/lib/python3.9/site-packages/tenacity/__init__.py", line 333, in wrapped_f
2023-02-16 15:03:59.891 8 ERROR neutron     return self(f, *args, **kw)
2023-02-16 15:03:59.891 8 ERROR neutron   File "/var/lib/kolla/venv/lib/python3.9/site-packages/tenacity/__init__.py", line 423, in __call__
2023-02-16 15:03:59.891 8 ERROR neutron     do = self.iter(retry_state=retry_state)
2023-02-16 15:03:59.891 8 ERROR neutron   File "/var/lib/kolla/venv/lib/python3.9/site-packages/tenacity/__init__.py", line 372, in iter
2023-02-16 15:03:59.891 8 ERROR neutron     raise retry_exc.reraise()
2023-02-16 15:03:59.891 8 ERROR neutron   File "/var/lib/kolla/venv/lib/python3.9/site-packages/tenacity/__init__.py", line 189, in reraise
2023-02-16 15:03:59.891 8 ERROR neutron     raise self.last_attempt.result()
2023-02-16 15:03:59.891 8 ERROR neutron   File "/usr/lib64/python3.9/concurrent/futures/_base.py", line 439, in result
2023-02-16 15:03:59.891 8 ERROR neutron     return self.__get_result()
2023-02-16 15:03:59.891 8 ERROR neutron   File "/usr/lib64/python3.9/concurrent/futures/_base.py", line 391, in __get_result
2023-02-16 15:03:59.891 8 ERROR neutron     raise self._exception
2023-02-16 15:03:59.891 8 ERROR neutron   File "/var/lib/kolla/venv/lib/python3.9/site-packages/tenacity/__init__.py", line 426, in __call__
2023-02-16 15:03:59.891 8 ERROR neutron     result = fn(*args, **kwargs)
2023-02-16 15:03:59.891 8 ERROR neutron   File "/var/lib/kolla/venv/lib/python3.9/site-packages/neutron/agent/ovsdb/native/connection.py", line 93, in _do_get_schema_helper
2023-02-16 15:03:59.891 8 ERROR neutron     return idlutils.get_schema_helper(connection, self.SCHEMA)
2023-02-16 15:03:59.891 8 ERROR neutron   File "/var/lib/kolla/venv/lib/python3.9/site-packages/ovsdbapp/backend/ovs_idl/idlutils.py", line 215, in get_schema_helper
2023-02-16 15:03:59.891 8 ERROR neutron     return create_schema_helper(fetch_schema_json(connection, schema_name))
2023-02-16 15:03:59.891 8 ERROR neutron   File "/var/lib/kolla/venv/lib/python3.9/site-packages/ovsdbapp/backend/ovs_idl/idlutils.py", line 204, in fetch_schema_json
2023-02-16 15:03:59.891 8 ERROR neutron     raise Exception("Could not retrieve schema from %s" % connection)
2023-02-16 15:03:59.891 8 ERROR neutron Exception: Could not retrieve schema from tcp:127.0.0.1:6640
2023-02-16 15:03:59.891 8 ERROR neutron 
2023-02-16 15:04:06.212 7 INFO neutron.common.config [-] Logging enabled!
2023-02-16 15:04:06.213 7 INFO neutron.common.config [-] /var/lib/kolla/venv/bin/neutron-openvswitch-agent version 21.0.1.dev72
2023-02-16 15:04:06.215 7 INFO os_ken.base.app_manager [-] loading app neutron.plugins.ml2.drivers.openvswitch.agent.openflow.native.ovs_oskenapp
2023-02-16 15:04:07.742 7 INFO os_ken.base.app_manager [-] loading app os_ken.controller.ofp_handler
2023-02-16 15:04:07.744 7 INFO os_ken.base.app_manager [-] loading app os_ken.app.ofctl.service
2023-02-16 15:04:07.746 7 INFO os_ken.base.app_manager [-] loading app os_ken.controller.ofp_handler
2023-02-16 15:04:07.747 7 INFO os_ken.base.app_manager [-] instantiating app neutron.plugins.ml2.drivers.openvswitch.agent.openflow.native.ovs_oskenapp of OVSNeutronAgentOSKenApp
2023-02-16 15:04:07.747 7 INFO os_ken.base.app_manager [-] instantiating app os_ken.controller.ofp_handler of OFPHandler
2023-02-16 15:04:07.748 7 INFO os_ken.base.app_manager [-] instantiating app os_ken.app.ofctl.service of OfctlService
2023-02-16 15:04:07.750 7 INFO neutron.agent.agent_extensions_manager [-] Loaded agent extensions: []
2023-02-16 15:04:07.774 7 INFO oslo.privsep.daemon [-] Running privsep helper: ['sudo', 'neutron-rootwrap', '/etc/neutron/rootwrap.conf', 'privsep-helper', '--privsep_context', 'neutron.privileged.default', '--privsep_sock_path', '/tmp/tmpy548zuvy/privsep.sock']
2023-02-16 15:04:10.844 7 INFO oslo.privsep.daemon [-] Spawned new privsep daemon via rootwrap
2023-02-16 15:04:10.144 21 INFO oslo.privsep.daemon [-] privsep daemon starting
2023-02-16 15:04:10.158 21 INFO oslo.privsep.daemon [-] privsep process running with uid/gid: 0/0
2023-02-16 15:04:10.167 21 INFO oslo.privsep.daemon [-] privsep process running with capabilities (eff/prm/inh): CAP_DAC_OVERRIDE|CAP_DAC_READ_SEARCH|CAP_NET_ADMIN|CAP_SYS_ADMIN|CAP_SYS_PTRACE/CAP_DAC_OVERRIDE|CAP_DAC_READ_SEARCH|CAP_NET_ADMIN|CAP_SYS_ADMIN|CAP_SYS_PTRACE/none
2023-02-16 15:04:10.168 21 INFO oslo.privsep.daemon [-] privsep daemon running as pid 21
2023-02-16 15:04:12.173 7 ERROR ovsdbapp.backend.ovs_idl.idlutils [-] Unable to open stream to tcp:127.0.0.1:6640 to retrieve schema: Connection refused
2023-02-16 15:04:12.180 7 INFO oslo.privsep.daemon [-] Running privsep helper: ['sudo', 'neutron-rootwrap', '/etc/neutron/rootwrap.conf', 'privsep-helper', '--config-file', '/etc/neutron/neutron.conf', '--config-file', '/etc/neutron/plugins/ml2/openvswitch_agent.ini', '--privsep_context', 'neutron.privileged.ovs_vsctl_cmd', '--privsep_sock_path', '/tmp/tmp5eak0nnz/privsep.sock']
2023-02-16 15:04:14.732 7 INFO oslo.privsep.daemon [-] Spawned new privsep daemon via rootwrap
2023-02-16 15:04:14.369 28 INFO oslo.privsep.daemon [-] privsep daemon starting
2023-02-16 15:04:14.381 28 INFO oslo.privsep.daemon [-] privsep process running with uid/gid: 0/0
2023-02-16 15:04:14.387 28 INFO oslo.privsep.daemon [-] privsep process running with capabilities (eff/prm/inh): CAP_NET_ADMIN|CAP_SYS_ADMIN/CAP_NET_ADMIN|CAP_SYS_ADMIN/none
2023-02-16 15:04:14.388 28 INFO oslo.privsep.daemon [-] privsep daemon running as pid 28
2023-02-16 15:04:15.002 7 ERROR ovsdbapp.backend.ovs_idl.idlutils [-] Unable to open stream to tcp:127.0.0.1:6640 to retrieve schema: Connection refused: Exception: Could not retrieve schema from tcp:127.0.0.1:6640
2023-02-16 15:04:15.025 7 ERROR ovsdbapp.backend.ovs_idl.idlutils [-] Unable to open stream to tcp:127.0.0.1:6640 to retrieve schema: Connection refused: Exception: Could not retrieve schema from tcp:127.0.0.1:6640
2023-02-16 15:04:15.067 7 ERROR ovsdbapp.backend.ovs_idl.idlutils [-] Unable to open stream to tcp:127.0.0.1:6640 to retrieve schema: Connection refused: Exception: Could not retrieve schema from tcp:127.0.0.1:6640
2023-02-16 15:04:15.150 7 ERROR ovsdbapp.backend.ovs_idl.idlutils [-] Unable to open stream to tcp:127.0.0.1:6640 to retrieve schema: Connection refused: Exception: Could not retrieve schema from tcp:127.0.0.1:6640
2023-02-16 15:04:15.313 7 ERROR ovsdbapp.backend.ovs_idl.idlutils [-] Unable to open stream to tcp:127.0.0.1:6640 to retrieve schema: Connection refused: Exception: Could not retrieve schema from tcp:127.0.0.1:6640
2023-02-16 15:04:15.636 7 ERROR ovsdbapp.backend.ovs_idl.idlutils [-] Unable to open stream to tcp:127.0.0.1:6640 to retrieve schema: Connection refused: Exception: Could not retrieve schema from tcp:127.0.0.1:6640
2023-02-16 15:04:16.279 7 ERROR ovsdbapp.backend.ovs_idl.idlutils [-] Unable to open stream to tcp:127.0.0.1:6640 to retrieve schema: Connection refused: Exception: Could not retrieve schema from tcp:127.0.0.1:6640
2023-02-16 15:04:16.283 7 ERROR neutron.plugins.ml2.drivers.openvswitch.agent.openflow.native.ovs_oskenapp [-] Agent main thread died of an exception: Exception: Could not retrieve schema from tcp:127.0.0.1:6640
2023-02-16 15:04:16.283 7 ERROR neutron.plugins.ml2.drivers.openvswitch.agent.openflow.native.ovs_oskenapp Traceback (most recent call last):
2023-02-16 15:04:16.283 7 ERROR neutron.plugins.ml2.drivers.openvswitch.agent.openflow.native.ovs_oskenapp   File "/var/lib/kolla/venv/lib/python3.9/site-packages/neutron/agent/ovsdb/native/connection.py", line 97, in _get_ovsdb_helper
2023-02-16 15:04:16.283 7 ERROR neutron.plugins.ml2.drivers.openvswitch.agent.openflow.native.ovs_oskenapp     return idlutils.get_schema_helper(connection, self.SCHEMA)
2023-02-16 15:04:16.283 7 ERROR neutron.plugins.ml2.drivers.openvswitch.agent.openflow.native.ovs_oskenapp   File "/var/lib/kolla/venv/lib/python3.9/site-packages/ovsdbapp/backend/ovs_idl/idlutils.py", line 215, in get_schema_helper
2023-02-16 15:04:16.283 7 ERROR neutron.plugins.ml2.drivers.openvswitch.agent.openflow.native.ovs_oskenapp     return create_schema_helper(fetch_schema_json(connection, schema_name))
2023-02-16 15:04:16.283 7 ERROR neutron.plugins.ml2.drivers.openvswitch.agent.openflow.native.ovs_oskenapp   File "/var/lib/kolla/venv/lib/python3.9/site-packages/ovsdbapp/backend/ovs_idl/idlutils.py", line 204, in fetch_schema_json
2023-02-16 15:04:16.283 7 ERROR neutron.plugins.ml2.drivers.openvswitch.agent.openflow.native.ovs_oskenapp     raise Exception("Could not retrieve schema from %s" % connection)
2023-02-16 15:04:16.283 7 ERROR neutron.plugins.ml2.drivers.openvswitch.agent.openflow.native.ovs_oskenapp Exception: Could not retrieve schema from tcp:127.0.0.1:6640
2023-02-16 15:04:16.283 7 ERROR neutron.plugins.ml2.drivers.openvswitch.agent.openflow.native.ovs_oskenapp 
2023-02-16 15:04:16.283 7 ERROR neutron.plugins.ml2.drivers.openvswitch.agent.openflow.native.ovs_oskenapp During handling of the above exception, another exception occurred:
2023-02-16 15:04:16.283 7 ERROR neutron.plugins.ml2.drivers.openvswitch.agent.openflow.native.ovs_oskenapp 
2023-02-16 15:04:16.283 7 ERROR neutron.plugins.ml2.drivers.openvswitch.agent.openflow.native.ovs_oskenapp Traceback (most recent call last):
2023-02-16 15:04:16.283 7 ERROR neutron.plugins.ml2.drivers.openvswitch.agent.openflow.native.ovs_oskenapp   File "/var/lib/kolla/venv/lib/python3.9/site-packages/neutron/plugins/ml2/drivers/openvswitch/agent/openflow/native/ovs_oskenapp.py", line 41, in agent_main_wrapper
2023-02-16 15:04:16.283 7 ERROR neutron.plugins.ml2.drivers.openvswitch.agent.openflow.native.ovs_oskenapp     ovs_agent.main(bridge_classes)
2023-02-16 15:04:16.283 7 ERROR neutron.plugins.ml2.drivers.openvswitch.agent.openflow.native.ovs_oskenapp   File "/var/lib/kolla/venv/lib/python3.9/site-packages/neutron/plugins/ml2/drivers/openvswitch/agent/ovs_neutron_agent.py", line 2944, in main
2023-02-16 15:04:16.283 7 ERROR neutron.plugins.ml2.drivers.openvswitch.agent.openflow.native.ovs_oskenapp     agent = OVSNeutronAgent(bridge_classes, ext_mgr, cfg.CONF)
2023-02-16 15:04:16.283 7 ERROR neutron.plugins.ml2.drivers.openvswitch.agent.openflow.native.ovs_oskenapp   File "/var/lib/kolla/venv/lib/python3.9/site-packages/neutron/plugins/ml2/drivers/openvswitch/agent/ovs_neutron_agent.py", line 156, in __init__
2023-02-16 15:04:16.283 7 ERROR neutron.plugins.ml2.drivers.openvswitch.agent.openflow.native.ovs_oskenapp     self.ovs = ovs_lib.BaseOVS()
2023-02-16 15:04:16.283 7 ERROR neutron.plugins.ml2.drivers.openvswitch.agent.openflow.native.ovs_oskenapp   File "/var/lib/kolla/venv/lib/python3.9/site-packages/neutron/agent/common/ovs_lib.py", line 144, in __init__
2023-02-16 15:04:16.283 7 ERROR neutron.plugins.ml2.drivers.openvswitch.agent.openflow.native.ovs_oskenapp     self.ovsdb = impl_idl.api_factory()
2023-02-16 15:04:16.283 7 ERROR neutron.plugins.ml2.drivers.openvswitch.agent.openflow.native.ovs_oskenapp   File "/var/lib/kolla/venv/lib/python3.9/site-packages/neutron/agent/ovsdb/impl_idl.py", line 37, in api_factory
2023-02-16 15:04:16.283 7 ERROR neutron.plugins.ml2.drivers.openvswitch.agent.openflow.native.ovs_oskenapp     _idl_monitor = n_connection.OvsIdlMonitor()
2023-02-16 15:04:16.283 7 ERROR neutron.plugins.ml2.drivers.openvswitch.agent.openflow.native.ovs_oskenapp   File "/var/lib/kolla/venv/lib/python3.9/site-packages/neutron/agent/ovsdb/native/connection.py", line 109, in __init__
2023-02-16 15:04:16.283 7 ERROR neutron.plugins.ml2.drivers.openvswitch.agent.openflow.native.ovs_oskenapp     super(OvsIdlMonitor, self).__init__()
2023-02-16 15:04:16.283 7 ERROR neutron.plugins.ml2.drivers.openvswitch.agent.openflow.native.ovs_oskenapp   File "/var/lib/kolla/venv/lib/python3.9/site-packages/neutron/agent/ovsdb/native/connection.py", line 84, in __init__
2023-02-16 15:04:16.283 7 ERROR neutron.plugins.ml2.drivers.openvswitch.agent.openflow.native.ovs_oskenapp     helper = self._get_ovsdb_helper(self._ovsdb_connection)
2023-02-16 15:04:16.283 7 ERROR neutron.plugins.ml2.drivers.openvswitch.agent.openflow.native.ovs_oskenapp   File "/var/lib/kolla/venv/lib/python3.9/site-packages/neutron/agent/ovsdb/native/connection.py", line 100, in _get_ovsdb_helper
2023-02-16 15:04:16.283 7 ERROR neutron.plugins.ml2.drivers.openvswitch.agent.openflow.native.ovs_oskenapp     return self._do_get_schema_helper(connection)
2023-02-16 15:04:16.283 7 ERROR neutron.plugins.ml2.drivers.openvswitch.agent.openflow.native.ovs_oskenapp   File "/var/lib/kolla/venv/lib/python3.9/site-packages/tenacity/__init__.py", line 333, in wrapped_f
2023-02-16 15:04:16.283 7 ERROR neutron.plugins.ml2.drivers.openvswitch.agent.openflow.native.ovs_oskenapp     return self(f, *args, **kw)
2023-02-16 15:04:16.283 7 ERROR neutron.plugins.ml2.drivers.openvswitch.agent.openflow.native.ovs_oskenapp   File "/var/lib/kolla/venv/lib/python3.9/site-packages/tenacity/__init__.py", line 423, in __call__
2023-02-16 15:04:16.283 7 ERROR neutron.plugins.ml2.drivers.openvswitch.agent.openflow.native.ovs_oskenapp     do = self.iter(retry_state=retry_state)
2023-02-16 15:04:16.283 7 ERROR neutron.plugins.ml2.drivers.openvswitch.agent.openflow.native.ovs_oskenapp   File "/var/lib/kolla/venv/lib/python3.9/site-packages/tenacity/__init__.py", line 372, in iter
2023-02-16 15:04:16.283 7 ERROR neutron.plugins.ml2.drivers.openvswitch.agent.openflow.native.ovs_oskenapp     raise retry_exc.reraise()
2023-02-16 15:04:16.283 7 ERROR neutron.plugins.ml2.drivers.openvswitch.agent.openflow.native.ovs_oskenapp   File "/var/lib/kolla/venv/lib/python3.9/site-packages/tenacity/__init__.py", line 189, in reraise
2023-02-16 15:04:16.283 7 ERROR neutron.plugins.ml2.drivers.openvswitch.agent.openflow.native.ovs_oskenapp     raise self.last_attempt.result()
2023-02-16 15:04:16.283 7 ERROR neutron.plugins.ml2.drivers.openvswitch.agent.openflow.native.ovs_oskenapp   File "/usr/lib64/python3.9/concurrent/futures/_base.py", line 439, in result
2023-02-16 15:04:16.283 7 ERROR neutron.plugins.ml2.drivers.openvswitch.agent.openflow.native.ovs_oskenapp     return self.__get_result()
2023-02-16 15:04:16.283 7 ERROR neutron.plugins.ml2.drivers.openvswitch.agent.openflow.native.ovs_oskenapp   File "/usr/lib64/python3.9/concurrent/futures/_base.py", line 391, in __get_result
2023-02-16 15:04:16.283 7 ERROR neutron.plugins.ml2.drivers.openvswitch.agent.openflow.native.ovs_oskenapp     raise self._exception
2023-02-16 15:04:16.283 7 ERROR neutron.plugins.ml2.drivers.openvswitch.agent.openflow.native.ovs_oskenapp   File "/var/lib/kolla/venv/lib/python3.9/site-packages/tenacity/__init__.py", line 426, in __call__
2023-02-16 15:04:16.283 7 ERROR neutron.plugins.ml2.drivers.openvswitch.agent.openflow.native.ovs_oskenapp     result = fn(*args, **kwargs)
2023-02-16 15:04:16.283 7 ERROR neutron.plugins.ml2.drivers.openvswitch.agent.openflow.native.ovs_oskenapp   File "/var/lib/kolla/venv/lib/python3.9/site-packages/neutron/agent/ovsdb/native/connection.py", line 93, in _do_get_schema_helper
2023-02-16 15:04:16.283 7 ERROR neutron.plugins.ml2.drivers.openvswitch.agent.openflow.native.ovs_oskenapp     return idlutils.get_schema_helper(connection, self.SCHEMA)
2023-02-16 15:04:16.283 7 ERROR neutron.plugins.ml2.drivers.openvswitch.agent.openflow.native.ovs_oskenapp   File "/var/lib/kolla/venv/lib/python3.9/site-packages/ovsdbapp/backend/ovs_idl/idlutils.py", line 215, in get_schema_helper
2023-02-16 15:04:16.283 7 ERROR neutron.plugins.ml2.drivers.openvswitch.agent.openflow.native.ovs_oskenapp     return create_schema_helper(fetch_schema_json(connection, schema_name))
2023-02-16 15:04:16.283 7 ERROR neutron.plugins.ml2.drivers.openvswitch.agent.openflow.native.ovs_oskenapp   File "/var/lib/kolla/venv/lib/python3.9/site-packages/ovsdbapp/backend/ovs_idl/idlutils.py", line 204, in fetch_schema_json
2023-02-16 15:04:16.283 7 ERROR neutron.plugins.ml2.drivers.openvswitch.agent.openflow.native.ovs_oskenapp     raise Exception("Could not retrieve schema from %s" % connection)
2023-02-16 15:04:16.283 7 ERROR neutron.plugins.ml2.drivers.openvswitch.agent.openflow.native.ovs_oskenapp Exception: Could not retrieve schema from tcp:127.0.0.1:6640
2023-02-16 15:04:16.283 7 ERROR neutron.plugins.ml2.drivers.openvswitch.agent.openflow.native.ovs_oskenapp 
2023-02-16 15:04:16.312 7 CRITICAL neutron [-] Unhandled error: Exception: Could not retrieve schema from tcp:127.0.0.1:6640
2023-02-16 15:04:16.312 7 ERROR neutron Traceback (most recent call last):
2023-02-16 15:04:16.312 7 ERROR neutron   File "/var/lib/kolla/venv/lib/python3.9/site-packages/neutron/agent/ovsdb/native/connection.py", line 97, in _get_ovsdb_helper
2023-02-16 15:04:16.312 7 ERROR neutron     return idlutils.get_schema_helper(connection, self.SCHEMA)
2023-02-16 15:04:16.312 7 ERROR neutron   File "/var/lib/kolla/venv/lib/python3.9/site-packages/ovsdbapp/backend/ovs_idl/idlutils.py", line 215, in get_schema_helper
2023-02-16 15:04:16.312 7 ERROR neutron     return create_schema_helper(fetch_schema_json(connection, schema_name))
2023-02-16 15:04:16.312 7 ERROR neutron   File "/var/lib/kolla/venv/lib/python3.9/site-packages/ovsdbapp/backend/ovs_idl/idlutils.py", line 204, in fetch_schema_json
2023-02-16 15:04:16.312 7 ERROR neutron     raise Exception("Could not retrieve schema from %s" % connection)
2023-02-16 15:04:16.312 7 ERROR neutron Exception: Could not retrieve schema from tcp:127.0.0.1:6640
2023-02-16 15:04:16.312 7 ERROR neutron 
2023-02-16 15:04:16.312 7 ERROR neutron During handling of the above exception, another exception occurred:
2023-02-16 15:04:16.312 7 ERROR neutron 
2023-02-16 15:04:16.312 7 ERROR neutron Traceback (most recent call last):
2023-02-16 15:04:16.312 7 ERROR neutron   File "/var/lib/kolla/venv/bin/neutron-openvswitch-agent", line 8, in <module>
2023-02-16 15:04:16.312 7 ERROR neutron     sys.exit(main())
2023-02-16 15:04:16.312 7 ERROR neutron   File "/var/lib/kolla/venv/lib/python3.9/site-packages/neutron/cmd/eventlet/plugins/ovs_neutron_agent.py", line 27, in main
2023-02-16 15:04:16.312 7 ERROR neutron     agent_main.main()
2023-02-16 15:04:16.312 7 ERROR neutron   File "/var/lib/kolla/venv/lib/python3.9/site-packages/neutron/plugins/ml2/drivers/openvswitch/agent/main.py", line 38, in main
2023-02-16 15:04:16.312 7 ERROR neutron     of_main.main()
2023-02-16 15:04:16.312 7 ERROR neutron   File "/var/lib/kolla/venv/lib/python3.9/site-packages/neutron/plugins/ml2/drivers/openvswitch/agent/openflow/native/main.py", line 34, in main
2023-02-16 15:04:16.312 7 ERROR neutron     app_manager.AppManager.run_apps([
2023-02-16 15:04:16.312 7 ERROR neutron   File "/var/lib/kolla/venv/lib/python3.9/site-packages/os_ken/base/app_manager.py", line 371, in run_apps
2023-02-16 15:04:16.312 7 ERROR neutron     hub.joinall(services)
2023-02-16 15:04:16.312 7 ERROR neutron   File "/var/lib/kolla/venv/lib/python3.9/site-packages/os_ken/lib/hub.py", line 112, in joinall
2023-02-16 15:04:16.312 7 ERROR neutron     t.wait()
2023-02-16 15:04:16.312 7 ERROR neutron   File "/var/lib/kolla/venv/lib/python3.9/site-packages/eventlet/greenthread.py", line 181, in wait
2023-02-16 15:04:16.312 7 ERROR neutron     return self._exit_event.wait()
2023-02-16 15:04:16.312 7 ERROR neutron   File "/var/lib/kolla/venv/lib/python3.9/site-packages/eventlet/event.py", line 132, in wait
2023-02-16 15:04:16.312 7 ERROR neutron     current.throw(*self._exc)
2023-02-16 15:04:16.312 7 ERROR neutron   File "/var/lib/kolla/venv/lib/python3.9/site-packages/eventlet/greenthread.py", line 221, in main
2023-02-16 15:04:16.312 7 ERROR neutron     result = function(*args, **kwargs)
2023-02-16 15:04:16.312 7 ERROR neutron   File "/var/lib/kolla/venv/lib/python3.9/site-packages/os_ken/lib/hub.py", line 74, in _launch
2023-02-16 15:04:16.312 7 ERROR neutron     raise e
2023-02-16 15:04:16.312 7 ERROR neutron   File "/var/lib/kolla/venv/lib/python3.9/site-packages/os_ken/lib/hub.py", line 69, in _launch
2023-02-16 15:04:16.312 7 ERROR neutron     return func(*args, **kwargs)
2023-02-16 15:04:16.312 7 ERROR neutron   File "/var/lib/kolla/venv/lib/python3.9/site-packages/neutron/plugins/ml2/drivers/openvswitch/agent/openflow/native/ovs_oskenapp.py", line 44, in agent_main_wrapper
2023-02-16 15:04:16.312 7 ERROR neutron     LOG.exception("Agent main thread died of an exception")
2023-02-16 15:04:16.312 7 ERROR neutron   File "/var/lib/kolla/venv/lib/python3.9/site-packages/oslo_utils/excutils.py", line 227, in __exit__
2023-02-16 15:04:16.312 7 ERROR neutron     self.force_reraise()
2023-02-16 15:04:16.312 7 ERROR neutron   File "/var/lib/kolla/venv/lib/python3.9/site-packages/oslo_utils/excutils.py", line 200, in force_reraise
2023-02-16 15:04:16.312 7 ERROR neutron     raise self.value
2023-02-16 15:04:16.312 7 ERROR neutron   File "/var/lib/kolla/venv/lib/python3.9/site-packages/neutron/plugins/ml2/drivers/openvswitch/agent/openflow/native/ovs_oskenapp.py", line 41, in agent_main_wrapper
2023-02-16 15:04:16.312 7 ERROR neutron     ovs_agent.main(bridge_classes)
2023-02-16 15:04:16.312 7 ERROR neutron   File "/var/lib/kolla/venv/lib/python3.9/site-packages/neutron/plugins/ml2/drivers/openvswitch/agent/ovs_neutron_agent.py", line 2944, in main
2023-02-16 15:04:16.312 7 ERROR neutron     agent = OVSNeutronAgent(bridge_classes, ext_mgr, cfg.CONF)
2023-02-16 15:04:16.312 7 ERROR neutron   File "/var/lib/kolla/venv/lib/python3.9/site-packages/neutron/plugins/ml2/drivers/openvswitch/agent/ovs_neutron_agent.py", line 156, in __init__
2023-02-16 15:04:16.312 7 ERROR neutron     self.ovs = ovs_lib.BaseOVS()
2023-02-16 15:04:16.312 7 ERROR neutron   File "/var/lib/kolla/venv/lib/python3.9/site-packages/neutron/agent/common/ovs_lib.py", line 144, in __init__
2023-02-16 15:04:16.312 7 ERROR neutron     self.ovsdb = impl_idl.api_factory()
2023-02-16 15:04:16.312 7 ERROR neutron   File "/var/lib/kolla/venv/lib/python3.9/site-packages/neutron/agent/ovsdb/impl_idl.py", line 37, in api_factory
2023-02-16 15:04:16.312 7 ERROR neutron     _idl_monitor = n_connection.OvsIdlMonitor()
2023-02-16 15:04:16.312 7 ERROR neutron   File "/var/lib/kolla/venv/lib/python3.9/site-packages/neutron/agent/ovsdb/native/connection.py", line 109, in __init__
2023-02-16 15:04:16.312 7 ERROR neutron     super(OvsIdlMonitor, self).__init__()
2023-02-16 15:04:16.312 7 ERROR neutron   File "/var/lib/kolla/venv/lib/python3.9/site-packages/neutron/agent/ovsdb/native/connection.py", line 84, in __init__
2023-02-16 15:04:16.312 7 ERROR neutron     helper = self._get_ovsdb_helper(self._ovsdb_connection)
2023-02-16 15:04:16.312 7 ERROR neutron   File "/var/lib/kolla/venv/lib/python3.9/site-packages/neutron/agent/ovsdb/native/connection.py", line 100, in _get_ovsdb_helper
2023-02-16 15:04:16.312 7 ERROR neutron     return self._do_get_schema_helper(connection)
2023-02-16 15:04:16.312 7 ERROR neutron   File "/var/lib/kolla/venv/lib/python3.9/site-packages/tenacity/__init__.py", line 333, in wrapped_f
2023-02-16 15:04:16.312 7 ERROR neutron     return self(f, *args, **kw)
2023-02-16 15:04:16.312 7 ERROR neutron   File "/var/lib/kolla/venv/lib/python3.9/site-packages/tenacity/__init__.py", line 423, in __call__
2023-02-16 15:04:16.312 7 ERROR neutron     do = self.iter(retry_state=retry_state)
2023-02-16 15:04:16.312 7 ERROR neutron   File "/var/lib/kolla/venv/lib/python3.9/site-packages/tenacity/__init__.py", line 372, in iter
2023-02-16 15:04:16.312 7 ERROR neutron     raise retry_exc.reraise()
2023-02-16 15:04:16.312 7 ERROR neutron   File "/var/lib/kolla/venv/lib/python3.9/site-packages/tenacity/__init__.py", line 189, in reraise
2023-02-16 15:04:16.312 7 ERROR neutron     raise self.last_attempt.result()
2023-02-16 15:04:16.312 7 ERROR neutron   File "/usr/lib64/python3.9/concurrent/futures/_base.py", line 439, in result
2023-02-16 15:04:16.312 7 ERROR neutron     return self.__get_result()
2023-02-16 15:04:16.312 7 ERROR neutron   File "/usr/lib64/python3.9/concurrent/futures/_base.py", line 391, in __get_result
2023-02-16 15:04:16.312 7 ERROR neutron     raise self._exception
2023-02-16 15:04:16.312 7 ERROR neutron   File "/var/lib/kolla/venv/lib/python3.9/site-packages/tenacity/__init__.py", line 426, in __call__
2023-02-16 15:04:16.312 7 ERROR neutron     result = fn(*args, **kwargs)
2023-02-16 15:04:16.312 7 ERROR neutron   File "/var/lib/kolla/venv/lib/python3.9/site-packages/neutron/agent/ovsdb/native/connection.py", line 93, in _do_get_schema_helper
2023-02-16 15:04:16.312 7 ERROR neutron     return idlutils.get_schema_helper(connection, self.SCHEMA)
2023-02-16 15:04:16.312 7 ERROR neutron   File "/var/lib/kolla/venv/lib/python3.9/site-packages/ovsdbapp/backend/ovs_idl/idlutils.py", line 215, in get_schema_helper
2023-02-16 15:04:16.312 7 ERROR neutron     return create_schema_helper(fetch_schema_json(connection, schema_name))
2023-02-16 15:04:16.312 7 ERROR neutron   File "/var/lib/kolla/venv/lib/python3.9/site-packages/ovsdbapp/backend/ovs_idl/idlutils.py", line 204, in fetch_schema_json
2023-02-16 15:04:16.312 7 ERROR neutron     raise Exception("Could not retrieve schema from %s" % connection)
2023-02-16 15:04:16.312 7 ERROR neutron Exception: Could not retrieve schema from tcp:127.0.0.1:6640
2023-02-16 15:04:16.312 7 ERROR neutron 
2023-02-16 15:04:22.746 7 INFO neutron.common.config [-] Logging enabled!
2023-02-16 15:04:22.747 7 INFO neutron.common.config [-] /var/lib/kolla/venv/bin/neutron-openvswitch-agent version 21.0.1.dev72
2023-02-16 15:04:22.749 7 INFO os_ken.base.app_manager [-] loading app neutron.plugins.ml2.drivers.openvswitch.agent.openflow.native.ovs_oskenapp
2023-02-16 15:04:24.336 7 INFO os_ken.base.app_manager [-] loading app os_ken.controller.ofp_handler
2023-02-16 15:04:24.339 7 INFO os_ken.base.app_manager [-] loading app os_ken.app.ofctl.service
2023-02-16 15:04:24.341 7 INFO os_ken.base.app_manager [-] loading app os_ken.controller.ofp_handler
2023-02-16 15:04:24.341 7 INFO os_ken.base.app_manager [-] instantiating app neutron.plugins.ml2.drivers.openvswitch.agent.openflow.native.ovs_oskenapp of OVSNeutronAgentOSKenApp
2023-02-16 15:04:24.342 7 INFO os_ken.base.app_manager [-] instantiating app os_ken.controller.ofp_handler of OFPHandler
2023-02-16 15:04:24.343 7 INFO os_ken.base.app_manager [-] instantiating app os_ken.app.ofctl.service of OfctlService
2023-02-16 15:04:24.345 7 INFO neutron.agent.agent_extensions_manager [-] Loaded agent extensions: []
2023-02-16 15:04:24.366 7 INFO oslo.privsep.daemon [-] Running privsep helper: ['sudo', 'neutron-rootwrap', '/etc/neutron/rootwrap.conf', 'privsep-helper', '--privsep_context', 'neutron.privileged.default', '--privsep_sock_path', '/tmp/tmpdxvupw1i/privsep.sock']
2023-02-16 15:04:26.984 7 INFO oslo.privsep.daemon [-] Spawned new privsep daemon via rootwrap
2023-02-16 15:04:26.580 21 INFO oslo.privsep.daemon [-] privsep daemon starting
2023-02-16 15:04:26.593 21 INFO oslo.privsep.daemon [-] privsep process running with uid/gid: 0/0
2023-02-16 15:04:26.599 21 INFO oslo.privsep.daemon [-] privsep process running with capabilities (eff/prm/inh): CAP_DAC_OVERRIDE|CAP_DAC_READ_SEARCH|CAP_NET_ADMIN|CAP_SYS_ADMIN|CAP_SYS_PTRACE/CAP_DAC_OVERRIDE|CAP_DAC_READ_SEARCH|CAP_NET_ADMIN|CAP_SYS_ADMIN|CAP_SYS_PTRACE/none
2023-02-16 15:04:26.600 21 INFO oslo.privsep.daemon [-] privsep daemon running as pid 21
2023-02-16 15:04:28.213 7 ERROR ovsdbapp.backend.ovs_idl.idlutils [-] Unable to open stream to tcp:127.0.0.1:6640 to retrieve schema: Connection refused
2023-02-16 15:04:28.218 7 INFO oslo.privsep.daemon [-] Running privsep helper: ['sudo', 'neutron-rootwrap', '/etc/neutron/rootwrap.conf', 'privsep-helper', '--config-file', '/etc/neutron/neutron.conf', '--config-file', '/etc/neutron/plugins/ml2/openvswitch_agent.ini', '--privsep_context', 'neutron.privileged.ovs_vsctl_cmd', '--privsep_sock_path', '/tmp/tmp68cckpcc/privsep.sock']
2023-02-16 15:04:31.193 7 INFO oslo.privsep.daemon [-] Spawned new privsep daemon via rootwrap
2023-02-16 15:04:30.610 28 INFO oslo.privsep.daemon [-] privsep daemon starting
2023-02-16 15:04:30.650 28 INFO oslo.privsep.daemon [-] privsep process running with uid/gid: 0/0
2023-02-16 15:04:30.656 28 INFO oslo.privsep.daemon [-] privsep process running with capabilities (eff/prm/inh): CAP_NET_ADMIN|CAP_SYS_ADMIN/CAP_NET_ADMIN|CAP_SYS_ADMIN/none
2023-02-16 15:04:30.657 28 INFO oslo.privsep.daemon [-] privsep daemon running as pid 28
2023-02-16 15:04:31.498 7 ERROR ovsdbapp.backend.ovs_idl.idlutils [-] Unable to open stream to tcp:127.0.0.1:6640 to retrieve schema: Connection refused: Exception: Could not retrieve schema from tcp:127.0.0.1:6640
2023-02-16 15:04:31.527 7 ERROR ovsdbapp.backend.ovs_idl.idlutils [-] Unable to open stream to tcp:127.0.0.1:6640 to retrieve schema: Connection refused: Exception: Could not retrieve schema from tcp:127.0.0.1:6640
2023-02-16 15:04:31.570 7 ERROR ovsdbapp.backend.ovs_idl.idlutils [-] Unable to open stream to tcp:127.0.0.1:6640 to retrieve schema: Connection refused: Exception: Could not retrieve schema from tcp:127.0.0.1:6640
2023-02-16 15:04:31.654 7 ERROR ovsdbapp.backend.ovs_idl.idlutils [-] Unable to open stream to tcp:127.0.0.1:6640 to retrieve schema: Connection refused: Exception: Could not retrieve schema from tcp:127.0.0.1:6640
2023-02-16 15:04:31.824 7 ERROR ovsdbapp.backend.ovs_idl.idlutils [-] Unable to open stream to tcp:127.0.0.1:6640 to retrieve schema: Connection refused: Exception: Could not retrieve schema from tcp:127.0.0.1:6640
2023-02-16 15:04:32.150 7 ERROR ovsdbapp.backend.ovs_idl.idlutils [-] Unable to open stream to tcp:127.0.0.1:6640 to retrieve schema: Connection refused: Exception: Could not retrieve schema from tcp:127.0.0.1:6640
2023-02-16 15:04:32.794 7 ERROR ovsdbapp.backend.ovs_idl.idlutils [-] Unable to open stream to tcp:127.0.0.1:6640 to retrieve schema: Connection refused: Exception: Could not retrieve schema from tcp:127.0.0.1:6640
2023-02-16 15:04:32.796 7 ERROR neutron.plugins.ml2.drivers.openvswitch.agent.openflow.native.ovs_oskenapp [-] Agent main thread died of an exception: Exception: Could not retrieve schema from tcp:127.0.0.1:6640
2023-02-16 15:04:32.796 7 ERROR neutron.plugins.ml2.drivers.openvswitch.agent.openflow.native.ovs_oskenapp Traceback (most recent call last):
2023-02-16 15:04:32.796 7 ERROR neutron.plugins.ml2.drivers.openvswitch.agent.openflow.native.ovs_oskenapp   File "/var/lib/kolla/venv/lib/python3.9/site-packages/neutron/agent/ovsdb/native/connection.py", line 97, in _get_ovsdb_helper
2023-02-16 15:04:32.796 7 ERROR neutron.plugins.ml2.drivers.openvswitch.agent.openflow.native.ovs_oskenapp     return idlutils.get_schema_helper(connection, self.SCHEMA)
2023-02-16 15:04:32.796 7 ERROR neutron.plugins.ml2.drivers.openvswitch.agent.openflow.native.ovs_oskenapp   File "/var/lib/kolla/venv/lib/python3.9/site-packages/ovsdbapp/backend/ovs_idl/idlutils.py", line 215, in get_schema_helper
2023-02-16 15:04:32.796 7 ERROR neutron.plugins.ml2.drivers.openvswitch.agent.openflow.native.ovs_oskenapp     return create_schema_helper(fetch_schema_json(connection, schema_name))
2023-02-16 15:04:32.796 7 ERROR neutron.plugins.ml2.drivers.openvswitch.agent.openflow.native.ovs_oskenapp   File "/var/lib/kolla/venv/lib/python3.9/site-packages/ovsdbapp/backend/ovs_idl/idlutils.py", line 204, in fetch_schema_json
2023-02-16 15:04:32.796 7 ERROR neutron.plugins.ml2.drivers.openvswitch.agent.openflow.native.ovs_oskenapp     raise Exception("Could not retrieve schema from %s" % connection)
2023-02-16 15:04:32.796 7 ERROR neutron.plugins.ml2.drivers.openvswitch.agent.openflow.native.ovs_oskenapp Exception: Could not retrieve schema from tcp:127.0.0.1:6640
2023-02-16 15:04:32.796 7 ERROR neutron.plugins.ml2.drivers.openvswitch.agent.openflow.native.ovs_oskenapp 
2023-02-16 15:04:32.796 7 ERROR neutron.plugins.ml2.drivers.openvswitch.agent.openflow.native.ovs_oskenapp During handling of the above exception, another exception occurred:
2023-02-16 15:04:32.796 7 ERROR neutron.plugins.ml2.drivers.openvswitch.agent.openflow.native.ovs_oskenapp 
2023-02-16 15:04:32.796 7 ERROR neutron.plugins.ml2.drivers.openvswitch.agent.openflow.native.ovs_oskenapp Traceback (most recent call last):
2023-02-16 15:04:32.796 7 ERROR neutron.plugins.ml2.drivers.openvswitch.agent.openflow.native.ovs_oskenapp   File "/var/lib/kolla/venv/lib/python3.9/site-packages/neutron/plugins/ml2/drivers/openvswitch/agent/openflow/native/ovs_oskenapp.py", line 41, in agent_main_wrapper
2023-02-16 15:04:32.796 7 ERROR neutron.plugins.ml2.drivers.openvswitch.agent.openflow.native.ovs_oskenapp     ovs_agent.main(bridge_classes)
2023-02-16 15:04:32.796 7 ERROR neutron.plugins.ml2.drivers.openvswitch.agent.openflow.native.ovs_oskenapp   File "/var/lib/kolla/venv/lib/python3.9/site-packages/neutron/plugins/ml2/drivers/openvswitch/agent/ovs_neutron_agent.py", line 2944, in main
2023-02-16 15:04:32.796 7 ERROR neutron.plugins.ml2.drivers.openvswitch.agent.openflow.native.ovs_oskenapp     agent = OVSNeutronAgent(bridge_classes, ext_mgr, cfg.CONF)
2023-02-16 15:04:32.796 7 ERROR neutron.plugins.ml2.drivers.openvswitch.agent.openflow.native.ovs_oskenapp   File "/var/lib/kolla/venv/lib/python3.9/site-packages/neutron/plugins/ml2/drivers/openvswitch/agent/ovs_neutron_agent.py", line 156, in __init__
2023-02-16 15:04:32.796 7 ERROR neutron.plugins.ml2.drivers.openvswitch.agent.openflow.native.ovs_oskenapp     self.ovs = ovs_lib.BaseOVS()
2023-02-16 15:04:32.796 7 ERROR neutron.plugins.ml2.drivers.openvswitch.agent.openflow.native.ovs_oskenapp   File "/var/lib/kolla/venv/lib/python3.9/site-packages/neutron/agent/common/ovs_lib.py", line 144, in __init__
2023-02-16 15:04:32.796 7 ERROR neutron.plugins.ml2.drivers.openvswitch.agent.openflow.native.ovs_oskenapp     self.ovsdb = impl_idl.api_factory()
2023-02-16 15:04:32.796 7 ERROR neutron.plugins.ml2.drivers.openvswitch.agent.openflow.native.ovs_oskenapp   File "/var/lib/kolla/venv/lib/python3.9/site-packages/neutron/agent/ovsdb/impl_idl.py", line 37, in api_factory
2023-02-16 15:04:32.796 7 ERROR neutron.plugins.ml2.drivers.openvswitch.agent.openflow.native.ovs_oskenapp     _idl_monitor = n_connection.OvsIdlMonitor()
2023-02-16 15:04:32.796 7 ERROR neutron.plugins.ml2.drivers.openvswitch.agent.openflow.native.ovs_oskenapp   File "/var/lib/kolla/venv/lib/python3.9/site-packages/neutron/agent/ovsdb/native/connection.py", line 109, in __init__
2023-02-16 15:04:32.796 7 ERROR neutron.plugins.ml2.drivers.openvswitch.agent.openflow.native.ovs_oskenapp     super(OvsIdlMonitor, self).__init__()
2023-02-16 15:04:32.796 7 ERROR neutron.plugins.ml2.drivers.openvswitch.agent.openflow.native.ovs_oskenapp   File "/var/lib/kolla/venv/lib/python3.9/site-packages/neutron/agent/ovsdb/native/connection.py", line 84, in __init__
2023-02-16 15:04:32.796 7 ERROR neutron.plugins.ml2.drivers.openvswitch.agent.openflow.native.ovs_oskenapp     helper = self._get_ovsdb_helper(self._ovsdb_connection)
2023-02-16 15:04:32.796 7 ERROR neutron.plugins.ml2.drivers.openvswitch.agent.openflow.native.ovs_oskenapp   File "/var/lib/kolla/venv/lib/python3.9/site-packages/neutron/agent/ovsdb/native/connection.py", line 100, in _get_ovsdb_helper
2023-02-16 15:04:32.796 7 ERROR neutron.plugins.ml2.drivers.openvswitch.agent.openflow.native.ovs_oskenapp     return self._do_get_schema_helper(connection)
2023-02-16 15:04:32.796 7 ERROR neutron.plugins.ml2.drivers.openvswitch.agent.openflow.native.ovs_oskenapp   File "/var/lib/kolla/venv/lib/python3.9/site-packages/tenacity/__init__.py", line 333, in wrapped_f
2023-02-16 15:04:32.796 7 ERROR neutron.plugins.ml2.drivers.openvswitch.agent.openflow.native.ovs_oskenapp     return self(f, *args, **kw)
2023-02-16 15:04:32.796 7 ERROR neutron.plugins.ml2.drivers.openvswitch.agent.openflow.native.ovs_oskenapp   File "/var/lib/kolla/venv/lib/python3.9/site-packages/tenacity/__init__.py", line 423, in __call__
2023-02-16 15:04:32.796 7 ERROR neutron.plugins.ml2.drivers.openvswitch.agent.openflow.native.ovs_oskenapp     do = self.iter(retry_state=retry_state)
2023-02-16 15:04:32.796 7 ERROR neutron.plugins.ml2.drivers.openvswitch.agent.openflow.native.ovs_oskenapp   File "/var/lib/kolla/venv/lib/python3.9/site-packages/tenacity/__init__.py", line 372, in iter
2023-02-16 15:04:32.796 7 ERROR neutron.plugins.ml2.drivers.openvswitch.agent.openflow.native.ovs_oskenapp     raise retry_exc.reraise()
2023-02-16 15:04:32.796 7 ERROR neutron.plugins.ml2.drivers.openvswitch.agent.openflow.native.ovs_oskenapp   File "/var/lib/kolla/venv/lib/python3.9/site-packages/tenacity/__init__.py", line 189, in reraise
2023-02-16 15:04:32.796 7 ERROR neutron.plugins.ml2.drivers.openvswitch.agent.openflow.native.ovs_oskenapp     raise self.last_attempt.result()
2023-02-16 15:04:32.796 7 ERROR neutron.plugins.ml2.drivers.openvswitch.agent.openflow.native.ovs_oskenapp   File "/usr/lib64/python3.9/concurrent/futures/_base.py", line 439, in result
2023-02-16 15:04:32.796 7 ERROR neutron.plugins.ml2.drivers.openvswitch.agent.openflow.native.ovs_oskenapp     return self.__get_result()
2023-02-16 15:04:32.796 7 ERROR neutron.plugins.ml2.drivers.openvswitch.agent.openflow.native.ovs_oskenapp   File "/usr/lib64/python3.9/concurrent/futures/_base.py", line 391, in __get_result
2023-02-16 15:04:32.796 7 ERROR neutron.plugins.ml2.drivers.openvswitch.agent.openflow.native.ovs_oskenapp     raise self._exception
2023-02-16 15:04:32.796 7 ERROR neutron.plugins.ml2.drivers.openvswitch.agent.openflow.native.ovs_oskenapp   File "/var/lib/kolla/venv/lib/python3.9/site-packages/tenacity/__init__.py", line 426, in __call__
2023-02-16 15:04:32.796 7 ERROR neutron.plugins.ml2.drivers.openvswitch.agent.openflow.native.ovs_oskenapp     result = fn(*args, **kwargs)
2023-02-16 15:04:32.796 7 ERROR neutron.plugins.ml2.drivers.openvswitch.agent.openflow.native.ovs_oskenapp   File "/var/lib/kolla/venv/lib/python3.9/site-packages/neutron/agent/ovsdb/native/connection.py", line 93, in _do_get_schema_helper
2023-02-16 15:04:32.796 7 ERROR neutron.plugins.ml2.drivers.openvswitch.agent.openflow.native.ovs_oskenapp     return idlutils.get_schema_helper(connection, self.SCHEMA)
2023-02-16 15:04:32.796 7 ERROR neutron.plugins.ml2.drivers.openvswitch.agent.openflow.native.ovs_oskenapp   File "/var/lib/kolla/venv/lib/python3.9/site-packages/ovsdbapp/backend/ovs_idl/idlutils.py", line 215, in get_schema_helper
2023-02-16 15:04:32.796 7 ERROR neutron.plugins.ml2.drivers.openvswitch.agent.openflow.native.ovs_oskenapp     return create_schema_helper(fetch_schema_json(connection, schema_name))
2023-02-16 15:04:32.796 7 ERROR neutron.plugins.ml2.drivers.openvswitch.agent.openflow.native.ovs_oskenapp   File "/var/lib/kolla/venv/lib/python3.9/site-packages/ovsdbapp/backend/ovs_idl/idlutils.py", line 204, in fetch_schema_json
2023-02-16 15:04:32.796 7 ERROR neutron.plugins.ml2.drivers.openvswitch.agent.openflow.native.ovs_oskenapp     raise Exception("Could not retrieve schema from %s" % connection)
2023-02-16 15:04:32.796 7 ERROR neutron.plugins.ml2.drivers.openvswitch.agent.openflow.native.ovs_oskenapp Exception: Could not retrieve schema from tcp:127.0.0.1:6640
2023-02-16 15:04:32.796 7 ERROR neutron.plugins.ml2.drivers.openvswitch.agent.openflow.native.ovs_oskenapp 
2023-02-16 15:04:32.817 7 CRITICAL neutron [-] Unhandled error: Exception: Could not retrieve schema from tcp:127.0.0.1:6640
2023-02-16 15:04:32.817 7 ERROR neutron Traceback (most recent call last):
2023-02-16 15:04:32.817 7 ERROR neutron   File "/var/lib/kolla/venv/lib/python3.9/site-packages/neutron/agent/ovsdb/native/connection.py", line 97, in _get_ovsdb_helper
2023-02-16 15:04:32.817 7 ERROR neutron     return idlutils.get_schema_helper(connection, self.SCHEMA)
2023-02-16 15:04:32.817 7 ERROR neutron   File "/var/lib/kolla/venv/lib/python3.9/site-packages/ovsdbapp/backend/ovs_idl/idlutils.py", line 215, in get_schema_helper
2023-02-16 15:04:32.817 7 ERROR neutron     return create_schema_helper(fetch_schema_json(connection, schema_name))
2023-02-16 15:04:32.817 7 ERROR neutron   File "/var/lib/kolla/venv/lib/python3.9/site-packages/ovsdbapp/backend/ovs_idl/idlutils.py", line 204, in fetch_schema_json
2023-02-16 15:04:32.817 7 ERROR neutron     raise Exception("Could not retrieve schema from %s" % connection)
2023-02-16 15:04:32.817 7 ERROR neutron Exception: Could not retrieve schema from tcp:127.0.0.1:6640
2023-02-16 15:04:32.817 7 ERROR neutron 
2023-02-16 15:04:32.817 7 ERROR neutron During handling of the above exception, another exception occurred:
2023-02-16 15:04:32.817 7 ERROR neutron 
2023-02-16 15:04:32.817 7 ERROR neutron Traceback (most recent call last):
2023-02-16 15:04:32.817 7 ERROR neutron   File "/var/lib/kolla/venv/bin/neutron-openvswitch-agent", line 8, in <module>
2023-02-16 15:04:32.817 7 ERROR neutron     sys.exit(main())
2023-02-16 15:04:32.817 7 ERROR neutron   File "/var/lib/kolla/venv/lib/python3.9/site-packages/neutron/cmd/eventlet/plugins/ovs_neutron_agent.py", line 27, in main
2023-02-16 15:04:32.817 7 ERROR neutron     agent_main.main()
2023-02-16 15:04:32.817 7 ERROR neutron   File "/var/lib/kolla/venv/lib/python3.9/site-packages/neutron/plugins/ml2/drivers/openvswitch/agent/main.py", line 38, in main
2023-02-16 15:04:32.817 7 ERROR neutron     of_main.main()
2023-02-16 15:04:32.817 7 ERROR neutron   File "/var/lib/kolla/venv/lib/python3.9/site-packages/neutron/plugins/ml2/drivers/openvswitch/agent/openflow/native/main.py", line 34, in main
2023-02-16 15:04:32.817 7 ERROR neutron     app_manager.AppManager.run_apps([
2023-02-16 15:04:32.817 7 ERROR neutron   File "/var/lib/kolla/venv/lib/python3.9/site-packages/os_ken/base/app_manager.py", line 371, in run_apps
2023-02-16 15:04:32.817 7 ERROR neutron     hub.joinall(services)
2023-02-16 15:04:32.817 7 ERROR neutron   File "/var/lib/kolla/venv/lib/python3.9/site-packages/os_ken/lib/hub.py", line 112, in joinall
2023-02-16 15:04:32.817 7 ERROR neutron     t.wait()
2023-02-16 15:04:32.817 7 ERROR neutron   File "/var/lib/kolla/venv/lib/python3.9/site-packages/eventlet/greenthread.py", line 181, in wait
2023-02-16 15:04:32.817 7 ERROR neutron     return self._exit_event.wait()
2023-02-16 15:04:32.817 7 ERROR neutron   File "/var/lib/kolla/venv/lib/python3.9/site-packages/eventlet/event.py", line 132, in wait
2023-02-16 15:04:32.817 7 ERROR neutron     current.throw(*self._exc)
2023-02-16 15:04:32.817 7 ERROR neutron   File "/var/lib/kolla/venv/lib/python3.9/site-packages/eventlet/greenthread.py", line 221, in main
2023-02-16 15:04:32.817 7 ERROR neutron     result = function(*args, **kwargs)
2023-02-16 15:04:32.817 7 ERROR neutron   File "/var/lib/kolla/venv/lib/python3.9/site-packages/os_ken/lib/hub.py", line 74, in _launch
2023-02-16 15:04:32.817 7 ERROR neutron     raise e
2023-02-16 15:04:32.817 7 ERROR neutron   File "/var/lib/kolla/venv/lib/python3.9/site-packages/os_ken/lib/hub.py", line 69, in _launch
2023-02-16 15:04:32.817 7 ERROR neutron     return func(*args, **kwargs)
2023-02-16 15:04:32.817 7 ERROR neutron   File "/var/lib/kolla/venv/lib/python3.9/site-packages/neutron/plugins/ml2/drivers/openvswitch/agent/openflow/native/ovs_oskenapp.py", line 44, in agent_main_wrapper
2023-02-16 15:04:32.817 7 ERROR neutron     LOG.exception("Agent main thread died of an exception")
2023-02-16 15:04:32.817 7 ERROR neutron   File "/var/lib/kolla/venv/lib/python3.9/site-packages/oslo_utils/excutils.py", line 227, in __exit__
2023-02-16 15:04:32.817 7 ERROR neutron     self.force_reraise()
2023-02-16 15:04:32.817 7 ERROR neutron   File "/var/lib/kolla/venv/lib/python3.9/site-packages/oslo_utils/excutils.py", line 200, in force_reraise
2023-02-16 15:04:32.817 7 ERROR neutron     raise self.value
2023-02-16 15:04:32.817 7 ERROR neutron   File "/var/lib/kolla/venv/lib/python3.9/site-packages/neutron/plugins/ml2/drivers/openvswitch/agent/openflow/native/ovs_oskenapp.py", line 41, in agent_main_wrapper
2023-02-16 15:04:32.817 7 ERROR neutron     ovs_agent.main(bridge_classes)
2023-02-16 15:04:32.817 7 ERROR neutron   File "/var/lib/kolla/venv/lib/python3.9/site-packages/neutron/plugins/ml2/drivers/openvswitch/agent/ovs_neutron_agent.py", line 2944, in main
2023-02-16 15:04:32.817 7 ERROR neutron     agent = OVSNeutronAgent(bridge_classes, ext_mgr, cfg.CONF)
2023-02-16 15:04:32.817 7 ERROR neutron   File "/var/lib/kolla/venv/lib/python3.9/site-packages/neutron/plugins/ml2/drivers/openvswitch/agent/ovs_neutron_agent.py", line 156, in __init__
2023-02-16 15:04:32.817 7 ERROR neutron     self.ovs = ovs_lib.BaseOVS()
2023-02-16 15:04:32.817 7 ERROR neutron   File "/var/lib/kolla/venv/lib/python3.9/site-packages/neutron/agent/common/ovs_lib.py", line 144, in __init__
2023-02-16 15:04:32.817 7 ERROR neutron     self.ovsdb = impl_idl.api_factory()
2023-02-16 15:04:32.817 7 ERROR neutron   File "/var/lib/kolla/venv/lib/python3.9/site-packages/neutron/agent/ovsdb/impl_idl.py", line 37, in api_factory
2023-02-16 15:04:32.817 7 ERROR neutron     _idl_monitor = n_connection.OvsIdlMonitor()
2023-02-16 15:04:32.817 7 ERROR neutron   File "/var/lib/kolla/venv/lib/python3.9/site-packages/neutron/agent/ovsdb/native/connection.py", line 109, in __init__
2023-02-16 15:04:32.817 7 ERROR neutron     super(OvsIdlMonitor, self).__init__()
2023-02-16 15:04:32.817 7 ERROR neutron   File "/var/lib/kolla/venv/lib/python3.9/site-packages/neutron/agent/ovsdb/native/connection.py", line 84, in __init__
2023-02-16 15:04:32.817 7 ERROR neutron     helper = self._get_ovsdb_helper(self._ovsdb_connection)
2023-02-16 15:04:32.817 7 ERROR neutron   File "/var/lib/kolla/venv/lib/python3.9/site-packages/neutron/agent/ovsdb/native/connection.py", line 100, in _get_ovsdb_helper
2023-02-16 15:04:32.817 7 ERROR neutron     return self._do_get_schema_helper(connection)
2023-02-16 15:04:32.817 7 ERROR neutron   File "/var/lib/kolla/venv/lib/python3.9/site-packages/tenacity/__init__.py", line 333, in wrapped_f
2023-02-16 15:04:32.817 7 ERROR neutron     return self(f, *args, **kw)
2023-02-16 15:04:32.817 7 ERROR neutron   File "/var/lib/kolla/venv/lib/python3.9/site-packages/tenacity/__init__.py", line 423, in __call__
2023-02-16 15:04:32.817 7 ERROR neutron     do = self.iter(retry_state=retry_state)
2023-02-16 15:04:32.817 7 ERROR neutron   File "/var/lib/kolla/venv/lib/python3.9/site-packages/tenacity/__init__.py", line 372, in iter
2023-02-16 15:04:32.817 7 ERROR neutron     raise retry_exc.reraise()
2023-02-16 15:04:32.817 7 ERROR neutron   File "/var/lib/kolla/venv/lib/python3.9/site-packages/tenacity/__init__.py", line 189, in reraise
2023-02-16 15:04:32.817 7 ERROR neutron     raise self.last_attempt.result()
2023-02-16 15:04:32.817 7 ERROR neutron   File "/usr/lib64/python3.9/concurrent/futures/_base.py", line 439, in result
2023-02-16 15:04:32.817 7 ERROR neutron     return self.__get_result()
2023-02-16 15:04:32.817 7 ERROR neutron   File "/usr/lib64/python3.9/concurrent/futures/_base.py", line 391, in __get_result
2023-02-16 15:04:32.817 7 ERROR neutron     raise self._exception
2023-02-16 15:04:32.817 7 ERROR neutron   File "/var/lib/kolla/venv/lib/python3.9/site-packages/tenacity/__init__.py", line 426, in __call__
2023-02-16 15:04:32.817 7 ERROR neutron     result = fn(*args, **kwargs)
2023-02-16 15:04:32.817 7 ERROR neutron   File "/var/lib/kolla/venv/lib/python3.9/site-packages/neutron/agent/ovsdb/native/connection.py", line 93, in _do_get_schema_helper
2023-02-16 15:04:32.817 7 ERROR neutron     return idlutils.get_schema_helper(connection, self.SCHEMA)
2023-02-16 15:04:32.817 7 ERROR neutron   File "/var/lib/kolla/venv/lib/python3.9/site-packages/ovsdbapp/backend/ovs_idl/idlutils.py", line 215, in get_schema_helper
2023-02-16 15:04:32.817 7 ERROR neutron     return create_schema_helper(fetch_schema_json(connection, schema_name))
2023-02-16 15:04:32.817 7 ERROR neutron   File "/var/lib/kolla/venv/lib/python3.9/site-packages/ovsdbapp/backend/ovs_idl/idlutils.py", line 204, in fetch_schema_json
2023-02-16 15:04:32.817 7 ERROR neutron     raise Exception("Could not retrieve schema from %s" % connection)
2023-02-16 15:04:32.817 7 ERROR neutron Exception: Could not retrieve schema from tcp:127.0.0.1:6640
2023-02-16 15:04:32.817 7 ERROR neutron 
2023-02-16 15:04:39.584 7 INFO neutron.common.config [-] Logging enabled!
2023-02-16 15:04:39.586 7 INFO neutron.common.config [-] /var/lib/kolla/venv/bin/neutron-openvswitch-agent version 21.0.1.dev72
2023-02-16 15:04:39.587 7 INFO os_ken.base.app_manager [-] loading app neutron.plugins.ml2.drivers.openvswitch.agent.openflow.native.ovs_oskenapp
2023-02-16 15:04:41.343 7 INFO os_ken.base.app_manager [-] loading app os_ken.app.ofctl.service
2023-02-16 15:04:41.346 7 INFO os_ken.base.app_manager [-] loading app os_ken.controller.ofp_handler
2023-02-16 15:04:41.348 7 INFO os_ken.base.app_manager [-] instantiating app neutron.plugins.ml2.drivers.openvswitch.agent.openflow.native.ovs_oskenapp of OVSNeutronAgentOSKenApp
2023-02-16 15:04:41.349 7 INFO os_ken.base.app_manager [-] instantiating app os_ken.app.ofctl.service of OfctlService
2023-02-16 15:04:41.350 7 INFO os_ken.base.app_manager [-] instantiating app os_ken.controller.ofp_handler of OFPHandler
2023-02-16 15:04:41.352 7 INFO neutron.agent.agent_extensions_manager [-] Loaded agent extensions: []
2023-02-16 15:04:41.374 7 INFO oslo.privsep.daemon [-] Running privsep helper: ['sudo', 'neutron-rootwrap', '/etc/neutron/rootwrap.conf', 'privsep-helper', '--privsep_context', 'neutron.privileged.default', '--privsep_sock_path', '/tmp/tmpaxqe8r4z/privsep.sock']
2023-02-16 15:04:44.609 7 INFO oslo.privsep.daemon [-] Spawned new privsep daemon via rootwrap
2023-02-16 15:04:44.058 21 INFO oslo.privsep.daemon [-] privsep daemon starting
2023-02-16 15:04:44.083 21 INFO oslo.privsep.daemon [-] privsep process running with uid/gid: 0/0
2023-02-16 15:04:44.096 21 INFO oslo.privsep.daemon [-] privsep process running with capabilities (eff/prm/inh): CAP_DAC_OVERRIDE|CAP_DAC_READ_SEARCH|CAP_NET_ADMIN|CAP_SYS_ADMIN|CAP_SYS_PTRACE/CAP_DAC_OVERRIDE|CAP_DAC_READ_SEARCH|CAP_NET_ADMIN|CAP_SYS_ADMIN|CAP_SYS_PTRACE/none
2023-02-16 15:04:44.097 21 INFO oslo.privsep.daemon [-] privsep daemon running as pid 21
2023-02-16 15:04:46.040 7 ERROR ovsdbapp.backend.ovs_idl.idlutils [-] Unable to open stream to tcp:127.0.0.1:6640 to retrieve schema: Connection refused
2023-02-16 15:04:46.042 7 INFO oslo.privsep.daemon [-] Running privsep helper: ['sudo', 'neutron-rootwrap', '/etc/neutron/rootwrap.conf', 'privsep-helper', '--config-file', '/etc/neutron/neutron.conf', '--config-file', '/etc/neutron/plugins/ml2/openvswitch_agent.ini', '--privsep_context', 'neutron.privileged.ovs_vsctl_cmd', '--privsep_sock_path', '/tmp/tmp_rbupmv8/privsep.sock']
2023-02-16 15:04:48.897 7 INFO oslo.privsep.daemon [-] Spawned new privsep daemon via rootwrap
2023-02-16 15:04:48.407 28 INFO oslo.privsep.daemon [-] privsep daemon starting
2023-02-16 15:04:48.422 28 INFO oslo.privsep.daemon [-] privsep process running with uid/gid: 0/0
2023-02-16 15:04:48.436 28 INFO oslo.privsep.daemon [-] privsep process running with capabilities (eff/prm/inh): CAP_NET_ADMIN|CAP_SYS_ADMIN/CAP_NET_ADMIN|CAP_SYS_ADMIN/none
2023-02-16 15:04:48.437 28 INFO oslo.privsep.daemon [-] privsep daemon running as pid 28
2023-02-16 15:04:49.273 7 ERROR ovsdbapp.backend.ovs_idl.idlutils [-] Unable to open stream to tcp:127.0.0.1:6640 to retrieve schema: Connection refused: Exception: Could not retrieve schema from tcp:127.0.0.1:6640
2023-02-16 15:04:49.301 7 ERROR ovsdbapp.backend.ovs_idl.idlutils [-] Unable to open stream to tcp:127.0.0.1:6640 to retrieve schema: Connection refused: Exception: Could not retrieve schema from tcp:127.0.0.1:6640
2023-02-16 15:04:49.344 7 ERROR ovsdbapp.backend.ovs_idl.idlutils [-] Unable to open stream to tcp:127.0.0.1:6640 to retrieve schema: Connection refused: Exception: Could not retrieve schema from tcp:127.0.0.1:6640
