2023-05-05 11:30:21,160 p=26 u=ansible n=ansible | {
    "custom_stats": {},
    "global_custom_stats": {},
    "plays": [
        {
            "play": {
                "duration": {
                    "end": "2023-05-05T15:30:21.131553Z",
                    "start": "2023-05-05T15:30:19.850088Z"
                },
                "id": "fa163e8b-0830-c820-682f-000000000007",
                "name": "Ansible Ad-Hoc"
            },
            "tasks": [
                {
                    "hosts": {
                        "localhost": {
                            "_ansible_no_log": null,
                            "action": "mysql_db",
                            "changed": true,
                            "db": "keystone",
                            "db_list": [
                                "keystone"
                            ],
                            "executed_commands": [
                                "CREATE DATABASE `keystone`"
                            ],
                            "invocation": {
                                "module_args": {
                                    "ca_cert": null,
                                    "check_hostname": null,
                                    "check_implicit_admin": false,
                                    "client_cert": null,
                                    "client_key": null,
                                    "collation": "",
                                    "config_file": "/var/lib/ansible/.my.cnf",
                                    "config_overrides_defaults": false,
                                    "connect_timeout": 30,
                                    "dump_extra_args": null,
                                    "encoding": "",
                                    "force": false,
                                    "hex_blob": false,
                                    "ignore_tables": [],
                                    "login_host": "169.16.1.144",
                                    "login_password": "VALUE_SPECIFIED_IN_NO_LOG_PARAMETER",
                                    "login_port": 3306,
                                    "login_unix_socket": null,
                                    "login_user": "root",
                                    "master_data": 0,
                                    "name": [
                                        "keystone"
                                    ],
                                    "quick": true,
                                    "restrict_config_file": false,
                                    "single_transaction": false,
                                    "skip_lock_tables": false,
                                    "state": "present",
                                    "target": null,
                                    "unsafe_login_password": false,
                                    "use_shell": false
                                }
                            }
                        }
                    },
                    "task": {
                        "duration": {
                            "end": "2023-05-05T15:30:21.131553Z",
                            "start": "2023-05-05T15:30:20.011875Z"
                        },
                        "id": "fa163e8b-0830-c820-682f-000000000009",
                        "name": "mysql_db"
                    }
                }
            ]
        }
    ],
    "stats": {
        "localhost": {
            "changed": 1,
            "failures": 0,
            "ignored": 0,
            "ok": 1,
            "rescued": 0,
            "skipped": 0,
            "unreachable": 0
        }
    }
}
2023-05-05 11:30:25,175 p=50 u=ansible n=ansible | {
    "custom_stats": {},
    "global_custom_stats": {},
    "plays": [
        {
            "play": {
                "duration": {
                    "end": "2023-05-05T15:30:25.151794Z",
                    "start": "2023-05-05T15:30:23.823943Z"
                },
                "id": "fa163e8b-0830-0e3b-ab66-000000000007",
                "name": "Ansible Ad-Hoc"
            },
            "tasks": [
                {
                    "hosts": {
                        "localhost": {
                            "_ansible_no_log": null,
                            "action": "mysql_user",
                            "changed": true,
                            "invocation": {
                                "module_args": {
                                    "append_privs": true,
                                    "ca_cert": null,
                                    "check_hostname": null,
                                    "check_implicit_admin": false,
                                    "client_cert": null,
                                    "client_key": null,
                                    "config_file": "/var/lib/ansible/.my.cnf",
                                    "connect_timeout": 30,
                                    "encrypted": false,
                                    "host": "%",
                                    "host_all": false,
                                    "login_host": "169.16.1.144",
                                    "login_password": "VALUE_SPECIFIED_IN_NO_LOG_PARAMETER",
                                    "login_port": 3306,
                                    "login_unix_socket": null,
                                    "login_user": "root",
                                    "name": "keystone",
                                    "password": "VALUE_SPECIFIED_IN_NO_LOG_PARAMETER",
                                    "plugin": null,
                                    "plugin_auth_string": null,
                                    "plugin_hash_string": null,
                                    "priv": "keystone.*:ALL",
                                    "resource_limits": null,
                                    "sql_log_bin": true,
                                    "state": "present",
                                    "tls_requires": null,
                                    "update_password": "always",
                                    "user": "keystone"
                                }
                            },
                            "msg": "User added",
                            "user": "keystone"
                        }
                    },
                    "task": {
                        "duration": {
                            "end": "2023-05-05T15:30:25.151794Z",
                            "start": "2023-05-05T15:30:23.937015Z"
                        },
                        "id": "fa163e8b-0830-0e3b-ab66-000000000009",
                        "name": "mysql_user"
                    }
                }
            ]
        }
    ],
    "stats": {
        "localhost": {
            "changed": 1,
            "failures": 0,
            "ignored": 0,
            "ok": 1,
            "rescued": 0,
            "skipped": 0,
            "unreachable": 0
        }
    }
}
2023-05-05 11:31:08,495 p=74 u=ansible n=ansible | {
    "custom_stats": {},
    "global_custom_stats": {},
    "plays": [
        {
            "play": {
                "duration": {
                    "end": "2023-05-05T15:31:08.488477Z",
                    "start": "2023-05-05T15:31:06.369218Z"
                },
                "id": "fa163e8b-0830-8fa1-f732-000000000007",
                "name": "Ansible Ad-Hoc"
            },
            "tasks": [
                {
                    "hosts": {
                        "localhost": {
                            "_ansible_no_log": null,
                            "action": "os_keystone_service",
                            "changed": false,
                            "failed": true,
                            "module_stderr": "Failed to discover available identity versions when contacting http://169.16.1.144:5000. Attempting to parse version from URL.\nTraceback (most recent call last):\n  File \"/opt/ansible/lib/python3.9/site-packages/urllib3/connection.py\", line 174, in _new_conn\n    conn = connection.create_connection(\n  File \"/opt/ansible/lib/python3.9/site-packages/urllib3/util/connection.py\", line 95, in create_connection\n    raise err\n  File \"/opt/ansible/lib/python3.9/site-packages/urllib3/util/connection.py\", line 85, in create_connection\n    sock.connect(sa)\nConnectionRefusedError: [Errno 111] Connection refused\n\nDuring handling of the above exception, another exception occurred:\n\nTraceback (most recent call last):\n  File \"/opt/ansible/lib/python3.9/site-packages/urllib3/connectionpool.py\", line 703, in urlopen\n    httplib_response = self._make_request(\n  File \"/opt/ansible/lib/python3.9/site-packages/urllib3/connectionpool.py\", line 398, in _make_request\n    conn.request(method, url, **httplib_request_kw)\n  File \"/opt/ansible/lib/python3.9/site-packages/urllib3/connection.py\", line 239, in request\n    super(HTTPConnection, self).request(method, url, body=body, headers=headers)\n  File \"/usr/lib64/python3.9/http/client.py\", line 1285, in request\n    self._send_request(method, url, body, headers, encode_chunked)\n  File \"/usr/lib64/python3.9/http/client.py\", line 1331, in _send_request\n    self.endheaders(body, encode_chunked=encode_chunked)\n  File \"/usr/lib64/python3.9/http/client.py\", line 1280, in endheaders\n    self._send_output(message_body, encode_chunked=encode_chunked)\n  File \"/usr/lib64/python3.9/http/client.py\", line 1040, in _send_output\n    self.send(msg)\n  File \"/usr/lib64/python3.9/http/client.py\", line 980, in send\n    self.connect()\n  File \"/opt/ansible/lib/python3.9/site-packages/urllib3/connection.py\", line 205, in connect\n    conn = self._new_conn()\n  File \"/opt/ansible/lib/python3.9/site-packages/urllib3/connection.py\", line 186, in _new_conn\n    raise NewConnectionError(\nurllib3.exceptions.NewConnectionError: <urllib3.connection.HTTPConnection object at 0x7fd1da423370>: Failed to establish a new connection: [Errno 111] Connection refused\n\nDuring handling of the above exception, another exception occurred:\n\nTraceback (most recent call last):\n  File \"/opt/ansible/lib/python3.9/site-packages/requests/adapters.py\", line 489, in send\n    resp = conn.urlopen(\n  File \"/opt/ansible/lib/python3.9/site-packages/urllib3/connectionpool.py\", line 787, in urlopen\n    retries = retries.increment(\n  File \"/opt/ansible/lib/python3.9/site-packages/urllib3/util/retry.py\", line 592, in increment\n    raise MaxRetryError(_pool, url, error or ResponseError(cause))\nurllib3.exceptions.MaxRetryError: HTTPConnectionPool(host='169.16.1.144', port=5000): Max retries exceeded with url: / (Caused by NewConnectionError('<urllib3.connection.HTTPConnection object at 0x7fd1da423370>: Failed to establish a new connection: [Errno 111] Connection refused'))\n\nDuring handling of the above exception, another exception occurred:\n\nTraceback (most recent call last):\n  File \"/opt/ansible/lib/python3.9/site-packages/keystoneauth1/session.py\", line 1022, in _send_request\n    resp = self.session.request(method, url, **kwargs)\n  File \"/opt/ansible/lib/python3.9/site-packages/requests/sessions.py\", line 587, in request\n    resp = self.send(prep, **send_kwargs)\n  File \"/opt/ansible/lib/python3.9/site-packages/requests/sessions.py\", line 701, in send\n    r = adapter.send(request, **kwargs)\n  File \"/opt/ansible/lib/python3.9/site-packages/requests/adapters.py\", line 565, in send\n    raise ConnectionError(e, request=request)\nrequests.exceptions.ConnectionError: HTTPConnectionPool(host='169.16.1.144', port=5000): Max retries exceeded with url: / (Caused by NewConnectionError('<urllib3.connection.HTTPConnection object at 0x7fd1da423370>: Failed to establish a new connection: [Errno 111] Connection refused'))\n\nDuring handling of the above exception, another exception occurred:\n\nTraceback (most recent call last):\n  File \"/opt/ansible/lib/python3.9/site-packages/keystoneauth1/identity/generic/base.py\", line 136, in _do_create_plugin\n    disc = self.get_discovery(session,\n  File \"/opt/ansible/lib/python3.9/site-packages/keystoneauth1/identity/base.py\", line 608, in get_discovery\n    return discover.get_discovery(session=session, url=url,\n  File \"/opt/ansible/lib/python3.9/site-packages/keystoneauth1/discover.py\", line 1455, in get_discovery\n    disc = Discover(session, url, authenticated=authenticated)\n  File \"/opt/ansible/lib/python3.9/site-packages/keystoneauth1/discover.py\", line 535, in __init__\n    self._data = get_version_data(session, url,\n  File \"/opt/ansible/lib/python3.9/site-packages/keystoneauth1/discover.py\", line 102, in get_version_data\n    resp = session.get(url, headers=headers, authenticated=authenticated)\n  File \"/opt/ansible/lib/python3.9/site-packages/keystoneauth1/session.py\", line 1141, in get\n    return self.request(url, 'GET', **kwargs)\n  File \"/opt/ansible/lib/python3.9/site-packages/keystoneauth1/session.py\", line 931, in request\n    resp = send(**kwargs)\n  File \"/opt/ansible/lib/python3.9/site-packages/keystoneauth1/session.py\", line 1038, in _send_request\n    raise exceptions.ConnectFailure(msg)\nkeystoneauth1.exceptions.connection.ConnectFailure: Unable to establish connection to http://169.16.1.144:5000: HTTPConnectionPool(host='169.16.1.144', port=5000): Max retries exceeded with url: / (Caused by NewConnectionError('<urllib3.connection.HTTPConnection object at 0x7fd1da423370>: Failed to establish a new connection: [Errno 111] Connection refused'))\n\nDuring handling of the above exception, another exception occurred:\n\nTraceback (most recent call last):\n  File \"/tmp/ansible-tmp-1683300666.566305-81-281129896642023/AnsiballZ_catalog_service.py\", line 107, in <module>\n    _ansiballz_main()\n  File \"/tmp/ansible-tmp-1683300666.566305-81-281129896642023/AnsiballZ_catalog_service.py\", line 99, in _ansiballz_main\n    invoke_module(zipped_mod, temp_path, ANSIBALLZ_PARAMS)\n  File \"/tmp/ansible-tmp-1683300666.566305-81-281129896642023/AnsiballZ_catalog_service.py\", line 47, in invoke_module\n    runpy.run_module(mod_name='ansible_collections.openstack.cloud.plugins.modules.catalog_service', init_globals=dict(_module_fqn='ansible_collections.openstack.cloud.plugins.modules.catalog_service', _modlib_path=modlib_path),\n  File \"/usr/lib64/python3.9/runpy.py\", line 225, in run_module\n    return _run_module_code(code, init_globals, run_name, mod_spec)\n  File \"/usr/lib64/python3.9/runpy.py\", line 97, in _run_module_code\n    _run_code(code, mod_globals, init_globals,\n  File \"/usr/lib64/python3.9/runpy.py\", line 87, in _run_code\n    exec(code, run_globals)\n  File \"/tmp/ansible_os_keystone_service_payload_6kx5lmvm/ansible_os_keystone_service_payload.zip/ansible_collections/openstack/cloud/plugins/modules/catalog_service.py\", line 190, in <module>\n  File \"/tmp/ansible_os_keystone_service_payload_6kx5lmvm/ansible_os_keystone_service_payload.zip/ansible_collections/openstack/cloud/plugins/modules/catalog_service.py\", line 186, in main\n  File \"/tmp/ansible_os_keystone_service_payload_6kx5lmvm/ansible_os_keystone_service_payload.zip/ansible_collections/openstack/cloud/plugins/module_utils/openstack.py\", line 455, in __call__\n  File \"/tmp/ansible_os_keystone_service_payload_6kx5lmvm/ansible_os_keystone_service_payload.zip/ansible_collections/openstack/cloud/plugins/modules/catalog_service.py\", line 144, in run\n  File \"/opt/ansible/lib/python3.9/site-packages/openstack/cloud/_identity.py\", line 517, in search_services\n    services = self.list_services()\n  File \"/opt/ansible/lib/python3.9/site-packages/openstack/cloud/_identity.py\", line 492, in list_services\n    if self._is_client_version('identity', 2):\n  File \"/opt/ansible/lib/python3.9/site-packages/openstack/cloud/openstackcloud.py\", line 460, in _is_client_version\n    client = getattr(self, client_name)\n  File \"/opt/ansible/lib/python3.9/site-packages/openstack/cloud/_identity.py\", line 31, in _identity_client\n    self._raw_clients['identity'] = self._get_versioned_client(\n  File \"/opt/ansible/lib/python3.9/site-packages/openstack/cloud/openstackcloud.py\", line 422, in _get_versioned_client\n    api_version = adapter.get_api_major_version(\n  File \"/opt/ansible/lib/python3.9/site-packages/keystoneauth1/adapter.py\", line 354, in get_api_major_version\n    return self.session.get_api_major_version(auth or self.auth, **kwargs)\n  File \"/opt/ansible/lib/python3.9/site-packages/keystoneauth1/session.py\", line 1276, in get_api_major_version\n    return auth.get_api_major_version(self, **kwargs)\n  File \"/opt/ansible/lib/python3.9/site-packages/keystoneauth1/identity/base.py\", line 500, in get_api_major_version\n    data = get_endpoint_data(discover_versions=discover_versions)\n  File \"/opt/ansible/lib/python3.9/site-packages/keystoneauth1/identity/base.py\", line 271, in get_endpoint_data\n    service_catalog = self.get_access(session).service_catalog\n  File \"/opt/ansible/lib/python3.9/site-packages/keystoneauth1/identity/base.py\", line 134, in get_access\n    self.auth_ref = self.get_auth_ref(session)\n  File \"/opt/ansible/lib/python3.9/site-packages/keystoneauth1/identity/generic/base.py\", line 206, in get_auth_ref\n    self._plugin = self._do_create_plugin(session)\n  File \"/opt/ansible/lib/python3.9/site-packages/keystoneauth1/identity/generic/base.py\", line 158, in _do_create_plugin\n    raise exceptions.DiscoveryFailure(\nkeystoneauth1.exceptions.discovery.DiscoveryFailure: Could not find versioned identity endpoints when attempting to authenticate. Please check that your auth_url is correct. Unable to establish connection to http://169.16.1.144:5000: HTTPConnectionPool(host='169.16.1.144', port=5000): Max retries exceeded with url: / (Caused by NewConnectionError('<urllib3.connection.HTTPConnection object at 0x7fd1da423370>: Failed to establish a new connection: [Errno 111] Connection refused'))\n",
                            "module_stdout": "",
                            "msg": "MODULE FAILURE\nSee stdout/stderr for the exact error",
                            "rc": 1
                        }
                    },
                    "task": {
                        "duration": {
                            "end": "2023-05-05T15:31:08.488477Z",
                            "start": "2023-05-05T15:31:06.477207Z"
                        },
                        "id": "fa163e8b-0830-8fa1-f732-000000000009",
                        "name": "os_keystone_service"
                    }
                }
            ]
        }
    ],
    "stats": {
        "localhost": {
            "changed": 0,
            "failures": 1,
            "ignored": 0,
            "ok": 0,
            "rescued": 0,
            "skipped": 0,
            "unreachable": 0
        }
    }
}
2023-05-05 11:31:43,744 p=97 u=ansible n=ansible | {
    "custom_stats": {},
    "global_custom_stats": {},
    "plays": [
        {
            "play": {
                "duration": {
                    "end": "2023-05-05T15:31:43.722894Z",
                    "start": "2023-05-05T15:31:20.969290Z"
                },
                "id": "fa163e8b-0830-0211-742b-000000000007",
                "name": "Ansible Ad-Hoc"
            },
            "tasks": [
                {
                    "hosts": {
                        "localhost": {
                            "_ansible_no_log": null,
                            "action": "os_keystone_service",
                            "changed": true,
                            "id": "10d4f2f8359c458e8ada2513c8098ad5",
                            "invocation": {
                                "module_args": {
                                    "api_timeout": null,
                                    "auth": {
                                        "auth_url": "http://169.16.1.144:5000",
                                        "password": "I5o2EAAoXCn04ynWjKpzAl747M0hqkZnPhfACGYt",
                                        "system_scope": "all",
                                        "user_domain_name": "Default",
                                        "username": "admin"
                                    },
                                    "auth_type": null,
                                    "availability_zone": null,
                                    "ca_cert": "",
                                    "cacert": "",
                                    "client_cert": null,
                                    "client_key": null,
                                    "description": "Openstack Identity Service",
                                    "enabled": true,
                                    "interface": "internal",
                                    "name": "keystone",
                                    "region_name": "RegionOne",
                                    "sdk_log_level": "INFO",
                                    "sdk_log_path": null,
                                    "service_type": "identity",
                                    "state": "present",
                                    "timeout": 180,
                                    "type": "identity",
                                    "validate_certs": null,
                                    "wait": true
                                }
                            },
                            "service": {
                                "description": "Openstack Identity Service",
                                "enabled": true,
                                "id": "10d4f2f8359c458e8ada2513c8098ad5",
                                "name": "keystone",
                                "service_type": "identity",
                                "type": "identity"
                            }
                        }
                    },
                    "task": {
                        "duration": {
                            "end": "2023-05-05T15:31:43.722894Z",
                            "start": "2023-05-05T15:31:21.078545Z"
                        },
                        "id": "fa163e8b-0830-0211-742b-000000000009",
                        "name": "os_keystone_service"
                    }
                }
            ]
        }
    ],
    "stats": {
        "localhost": {
            "changed": 1,
            "failures": 0,
            "ignored": 0,
            "ok": 1,
            "rescued": 0,
            "skipped": 0,
            "unreachable": 0
        }
    }
}
2023-05-05 11:31:50,342 p=122 u=ansible n=ansible | {
    "custom_stats": {},
    "global_custom_stats": {},
    "plays": [
        {
            "play": {
                "duration": {
                    "end": "2023-05-05T15:31:50.319642Z",
                    "start": "2023-05-05T15:31:46.289590Z"
                },
                "id": "fa163e8b-0830-02a0-938f-000000000007",
                "name": "Ansible Ad-Hoc"
            },
            "tasks": [
                {
                    "hosts": {
                        "localhost": {
                            "_ansible_no_log": null,
                            "action": "os_keystone_endpoint",
                            "changed": false,
                            "endpoint": {
                                "enabled": true,
                                "id": "e7f2a0aa857b408db2ef20da5960434c",
                                "interface": "internal",
                                "links": {
                                    "self": "http://169.16.1.144:5000/v3/endpoints/e7f2a0aa857b408db2ef20da5960434c"
                                },
                                "region": "RegionOne",
                                "region_id": "RegionOne",
                                "service_id": "10d4f2f8359c458e8ada2513c8098ad5",
                                "url": "http://169.16.1.144:5000"
                            },
                            "invocation": {
                                "module_args": {
                                    "api_timeout": null,
                                    "auth": {
                                        "auth_url": "http://169.16.1.144:5000",
                                        "password": "I5o2EAAoXCn04ynWjKpzAl747M0hqkZnPhfACGYt",
                                        "system_scope": "all",
                                        "user_domain_name": "Default",
                                        "username": "admin"
                                    },
                                    "auth_type": null,
                                    "availability_zone": null,
                                    "ca_cert": "",
                                    "cacert": "",
                                    "client_cert": null,
                                    "client_key": null,
                                    "enabled": true,
                                    "endpoint_interface": "internal",
                                    "interface": "internal",
                                    "region": "RegionOne",
                                    "region_name": "RegionOne",
                                    "sdk_log_level": "INFO",
                                    "sdk_log_path": null,
                                    "service": "keystone",
                                    "state": "present",
                                    "timeout": 180,
                                    "url": "http://169.16.1.144:5000",
                                    "validate_certs": null,
                                    "wait": true
                                }
                            }
                        }
                    },
                    "task": {
                        "duration": {
                            "end": "2023-05-05T15:31:50.319642Z",
                            "start": "2023-05-05T15:31:46.397500Z"
                        },
                        "id": "fa163e8b-0830-02a0-938f-000000000009",
                        "name": "os_keystone_endpoint"
                    }
                }
            ]
        }
    ],
    "stats": {
        "localhost": {
            "changed": 0,
            "failures": 0,
            "ignored": 0,
            "ok": 1,
            "rescued": 0,
            "skipped": 0,
            "unreachable": 0
        }
    }
}
2023-05-05 11:31:56,463 p=146 u=ansible n=ansible | {
    "custom_stats": {},
    "global_custom_stats": {},
    "plays": [
        {
            "play": {
                "duration": {
                    "end": "2023-05-05T15:31:56.444309Z",
                    "start": "2023-05-05T15:31:52.745890Z"
                },
                "id": "fa163e8b-0830-e19d-8a0e-000000000007",
                "name": "Ansible Ad-Hoc"
            },
            "tasks": [
                {
                    "hosts": {
                        "localhost": {
                            "_ansible_no_log": null,
                            "action": "os_keystone_endpoint",
                            "changed": false,
                            "endpoint": {
                                "enabled": true,
                                "id": "5b78225d0e4f4d37be03c57800046829",
                                "interface": "public",
                                "links": {
                                    "self": "http://169.16.1.144:5000/v3/endpoints/5b78225d0e4f4d37be03c57800046829"
                                },
                                "region": "RegionOne",
                                "region_id": "RegionOne",
                                "service_id": "10d4f2f8359c458e8ada2513c8098ad5",
                                "url": "http://169.16.1.144:5000"
                            },
                            "invocation": {
                                "module_args": {
                                    "api_timeout": null,
                                    "auth": {
                                        "auth_url": "http://169.16.1.144:5000",
                                        "password": "I5o2EAAoXCn04ynWjKpzAl747M0hqkZnPhfACGYt",
                                        "system_scope": "all",
                                        "user_domain_name": "Default",
                                        "username": "admin"
                                    },
                                    "auth_type": null,
                                    "availability_zone": null,
                                    "ca_cert": "",
                                    "cacert": "",
                                    "client_cert": null,
                                    "client_key": null,
                                    "enabled": true,
                                    "endpoint_interface": "public",
                                    "interface": "internal",
                                    "region": "RegionOne",
                                    "region_name": "RegionOne",
                                    "sdk_log_level": "INFO",
                                    "sdk_log_path": null,
                                    "service": "keystone",
                                    "state": "present",
                                    "timeout": 180,
                                    "url": "http://169.16.1.144:5000",
                                    "validate_certs": null,
                                    "wait": true
                                }
                            }
                        }
                    },
                    "task": {
                        "duration": {
                            "end": "2023-05-05T15:31:56.444309Z",
                            "start": "2023-05-05T15:31:52.859699Z"
                        },
                        "id": "fa163e8b-0830-e19d-8a0e-000000000009",
                        "name": "os_keystone_endpoint"
                    }
                }
            ]
        }
    ],
    "stats": {
        "localhost": {
            "changed": 0,
            "failures": 0,
            "ignored": 0,
            "ok": 1,
            "rescued": 0,
            "skipped": 0,
            "unreachable": 0
        }
    }
}
2023-05-05 11:32:03,331 p=170 u=ansible n=ansible | {
    "custom_stats": {},
    "global_custom_stats": {},
    "plays": [
        {
            "play": {
                "duration": {
                    "end": "2023-05-05T15:32:03.308957Z",
                    "start": "2023-05-05T15:31:59.639738Z"
                },
                "id": "fa163e8b-0830-14e9-86bd-000000000007",
                "name": "Ansible Ad-Hoc"
            },
            "tasks": [
                {
                    "hosts": {
                        "localhost": {
                            "_ansible_no_log": null,
                            "action": "os_keystone_role",
                            "changed": true,
                            "invocation": {
                                "module_args": {
                                    "api_timeout": null,
                                    "auth": {
                                        "auth_url": "http://169.16.1.144:5000",
                                        "password": "I5o2EAAoXCn04ynWjKpzAl747M0hqkZnPhfACGYt",
                                        "system_scope": "all",
                                        "user_domain_name": "Default",
                                        "username": "admin"
                                    },
                                    "auth_type": null,
                                    "availability_zone": null,
                                    "ca_cert": "",
                                    "cacert": "",
                                    "client_cert": null,
                                    "client_key": null,
                                    "endpoint_type": "internal",
                                    "interface": "internal",
                                    "name": "_member_",
                                    "region_name": "RegionOne",
                                    "sdk_log_level": "INFO",
                                    "sdk_log_path": null,
                                    "state": "present",
                                    "timeout": 180,
                                    "validate_certs": null,
                                    "wait": true
                                }
                            },
                            "role": {
                                "domain_id": null,
                                "id": "e45a1c98d20e4424947ec9d6198f3620",
                                "location": {
                                    "cloud": "defaults",
                                    "project": {
                                        "domain_id": null,
                                        "domain_name": null,
                                        "id": null,
                                        "name": null
                                    },
                                    "region_name": null,
                                    "zone": null
                                },
                                "name": "_member_",
                                "properties": {}
                            }
                        }
                    },
                    "task": {
                        "duration": {
                            "end": "2023-05-05T15:32:03.308957Z",
                            "start": "2023-05-05T15:31:59.743735Z"
                        },
                        "id": "fa163e8b-0830-14e9-86bd-000000000009",
                        "name": "os_keystone_role"
                    }
                }
            ]
        }
    ],
    "stats": {
        "localhost": {
            "changed": 1,
            "failures": 0,
            "ignored": 0,
            "ok": 1,
            "rescued": 0,
            "skipped": 0,
            "unreachable": 0
        }
    }
}
2023-05-05 11:32:11,426 p=194 u=ansible n=ansible | {
    "custom_stats": {},
    "global_custom_stats": {},
    "plays": [
        {
            "play": {
                "duration": {
                    "end": "2023-05-05T15:32:11.402178Z",
                    "start": "2023-05-05T15:32:07.051138Z"
                },
                "id": "fa163e8b-0830-4d65-12e9-000000000007",
                "name": "Ansible Ad-Hoc"
            },
            "tasks": [
                {
                    "hosts": {
                        "localhost": {
                            "_ansible_no_log": null,
                            "action": "os_keystone_service",
                            "changed": true,
                            "id": "62c930a0cf4b4ef382a251e9d26b6eec",
                            "invocation": {
                                "module_args": {
                                    "api_timeout": null,
                                    "auth": {
                                        "auth_url": "http://169.16.1.144:5000",
                                        "password": "I5o2EAAoXCn04ynWjKpzAl747M0hqkZnPhfACGYt",
                                        "system_scope": "all",
                                        "user_domain_name": "Default",
                                        "username": "admin"
                                    },
                                    "auth_type": null,
                                    "availability_zone": null,
                                    "ca_cert": "",
                                    "cacert": "",
                                    "client_cert": null,
                                    "client_key": null,
                                    "description": "Ironic baremetal provisioning service",
                                    "enabled": true,
                                    "interface": "internal",
                                    "name": "ironic",
                                    "region_name": "RegionOne",
                                    "sdk_log_level": "INFO",
                                    "sdk_log_path": null,
                                    "service_type": "baremetal",
                                    "state": "present",
                                    "timeout": 180,
                                    "type": "baremetal",
                                    "validate_certs": null,
                                    "wait": true
                                }
                            },
                            "service": {
                                "description": "Ironic baremetal provisioning service",
                                "enabled": true,
                                "id": "62c930a0cf4b4ef382a251e9d26b6eec",
                                "name": "ironic",
                                "service_type": "baremetal",
                                "type": "baremetal"
                            }
                        }
                    },
                    "task": {
                        "duration": {
                            "end": "2023-05-05T15:32:11.402178Z",
                            "start": "2023-05-05T15:32:07.160973Z"
                        },
                        "id": "fa163e8b-0830-4d65-12e9-000000000009",
                        "name": "os_keystone_service"
                    }
                }
            ]
        }
    ],
    "stats": {
        "localhost": {
            "changed": 1,
            "failures": 0,
            "ignored": 0,
            "ok": 1,
            "rescued": 0,
            "skipped": 0,
            "unreachable": 0
        }
    }
}
2023-05-05 11:32:18,302 p=218 u=ansible n=ansible | {
    "custom_stats": {},
    "global_custom_stats": {},
    "plays": [
        {
            "play": {
                "duration": {
                    "end": "2023-05-05T15:32:18.277057Z",
                    "start": "2023-05-05T15:32:13.815683Z"
                },
                "id": "fa163e8b-0830-8c08-4325-000000000007",
                "name": "Ansible Ad-Hoc"
            },
            "tasks": [
                {
                    "hosts": {
                        "localhost": {
                            "_ansible_no_log": null,
                            "action": "os_keystone_service",
                            "changed": true,
                            "id": "bdf3bf7f955a4be789da8097f468e31a",
                            "invocation": {
                                "module_args": {
                                    "api_timeout": null,
                                    "auth": {
                                        "auth_url": "http://169.16.1.144:5000",
                                        "password": "I5o2EAAoXCn04ynWjKpzAl747M0hqkZnPhfACGYt",
                                        "system_scope": "all",
                                        "user_domain_name": "Default",
                                        "username": "admin"
                                    },
                                    "auth_type": null,
                                    "availability_zone": null,
                                    "ca_cert": "",
                                    "cacert": "",
                                    "client_cert": null,
                                    "client_key": null,
                                    "description": "Ironic Inspector baremetal introspection service",
                                    "enabled": true,
                                    "interface": "internal",
                                    "name": "ironic-inspector",
                                    "region_name": "RegionOne",
                                    "sdk_log_level": "INFO",
                                    "sdk_log_path": null,
                                    "service_type": "baremetal-introspection",
                                    "state": "present",
                                    "timeout": 180,
                                    "type": "baremetal-introspection",
                                    "validate_certs": null,
                                    "wait": true
                                }
                            },
                            "service": {
                                "description": "Ironic Inspector baremetal introspection service",
                                "enabled": true,
                                "id": "bdf3bf7f955a4be789da8097f468e31a",
                                "name": "ironic-inspector",
                                "service_type": "baremetal-introspection",
                                "type": "baremetal-introspection"
                            }
                        }
                    },
                    "task": {
                        "duration": {
                            "end": "2023-05-05T15:32:18.277057Z",
                            "start": "2023-05-05T15:32:13.928202Z"
                        },
                        "id": "fa163e8b-0830-8c08-4325-000000000009",
                        "name": "os_keystone_service"
                    }
                }
            ]
        }
    ],
    "stats": {
        "localhost": {
            "changed": 1,
            "failures": 0,
            "ignored": 0,
            "ok": 1,
            "rescued": 0,
            "skipped": 0,
            "unreachable": 0
        }
    }
}
2023-05-05 11:32:26,295 p=243 u=ansible n=ansible | {
    "custom_stats": {},
    "global_custom_stats": {},
    "plays": [
        {
            "play": {
                "duration": {
                    "end": "2023-05-05T15:32:26.273099Z",
                    "start": "2023-05-05T15:32:21.351783Z"
                },
                "id": "fa163e8b-0830-4d4f-da76-000000000007",
                "name": "Ansible Ad-Hoc"
            },
            "tasks": [
                {
                    "hosts": {
                        "localhost": {
                            "_ansible_no_log": null,
                            "action": "os_keystone_endpoint",
                            "changed": true,
                            "endpoint": {
                                "enabled": true,
                                "id": "0357d11702d64a81ab8b3e82bd7140a9",
                                "interface": "internal",
                                "links": {
                                    "self": "http://169.16.1.144:5000/v3/endpoints/0357d11702d64a81ab8b3e82bd7140a9"
                                },
                                "region": "RegionOne",
                                "region_id": "RegionOne",
                                "service_id": "62c930a0cf4b4ef382a251e9d26b6eec",
                                "url": "http://169.16.1.144:6385"
                            },
                            "invocation": {
                                "module_args": {
                                    "api_timeout": null,
                                    "auth": {
                                        "auth_url": "http://169.16.1.144:5000",
                                        "password": "I5o2EAAoXCn04ynWjKpzAl747M0hqkZnPhfACGYt",
                                        "system_scope": "all",
                                        "user_domain_name": "Default",
                                        "username": "admin"
                                    },
                                    "auth_type": null,
                                    "availability_zone": null,
                                    "ca_cert": "",
                                    "cacert": "",
                                    "client_cert": null,
                                    "client_key": null,
                                    "enabled": true,
                                    "endpoint_interface": "internal",
                                    "interface": "internal",
                                    "region": "RegionOne",
                                    "region_name": "RegionOne",
                                    "sdk_log_level": "INFO",
                                    "sdk_log_path": null,
                                    "service": "ironic",
                                    "state": "present",
                                    "timeout": 180,
                                    "url": "http://169.16.1.144:6385",
                                    "validate_certs": null,
                                    "wait": true
                                }
                            }
                        }
                    },
                    "task": {
                        "duration": {
                            "end": "2023-05-05T15:32:26.273099Z",
                            "start": "2023-05-05T15:32:21.576021Z"
                        },
                        "id": "fa163e8b-0830-4d4f-da76-000000000009",
                        "name": "os_keystone_endpoint"
                    }
                }
            ]
        }
    ],
    "stats": {
        "localhost": {
            "changed": 1,
            "failures": 0,
            "ignored": 0,
            "ok": 1,
            "rescued": 0,
            "skipped": 0,
            "unreachable": 0
        }
    }
}
2023-05-05 11:32:33,715 p=267 u=ansible n=ansible | {
    "custom_stats": {},
    "global_custom_stats": {},
    "plays": [
        {
            "play": {
                "duration": {
                    "end": "2023-05-05T15:32:33.695412Z",
                    "start": "2023-05-05T15:32:29.080666Z"
                },
                "id": "fa163e8b-0830-557c-e122-000000000007",
                "name": "Ansible Ad-Hoc"
            },
            "tasks": [
                {
                    "hosts": {
                        "localhost": {
                            "_ansible_no_log": null,
                            "action": "os_keystone_endpoint",
                            "changed": true,
                            "endpoint": {
                                "enabled": true,
                                "id": "95df973ed92b49c3b42a13a7794a0dfc",
                                "interface": "public",
                                "links": {
                                    "self": "http://169.16.1.144:5000/v3/endpoints/95df973ed92b49c3b42a13a7794a0dfc"
                                },
                                "region": "RegionOne",
                                "region_id": "RegionOne",
                                "service_id": "62c930a0cf4b4ef382a251e9d26b6eec",
                                "url": "http://169.16.1.144:6385"
                            },
                            "invocation": {
                                "module_args": {
                                    "api_timeout": null,
                                    "auth": {
                                        "auth_url": "http://169.16.1.144:5000",
                                        "password": "I5o2EAAoXCn04ynWjKpzAl747M0hqkZnPhfACGYt",
                                        "system_scope": "all",
                                        "user_domain_name": "Default",
                                        "username": "admin"
                                    },
                                    "auth_type": null,
                                    "availability_zone": null,
                                    "ca_cert": "",
                                    "cacert": "",
                                    "client_cert": null,
                                    "client_key": null,
                                    "enabled": true,
                                    "endpoint_interface": "public",
                                    "interface": "internal",
                                    "region": "RegionOne",
                                    "region_name": "RegionOne",
                                    "sdk_log_level": "INFO",
                                    "sdk_log_path": null,
                                    "service": "ironic",
                                    "state": "present",
                                    "timeout": 180,
                                    "url": "http://169.16.1.144:6385",
                                    "validate_certs": null,
                                    "wait": true
                                }
                            }
                        }
                    },
                    "task": {
                        "duration": {
                            "end": "2023-05-05T15:32:33.695412Z",
                            "start": "2023-05-05T15:32:29.202976Z"
                        },
                        "id": "fa163e8b-0830-557c-e122-000000000009",
                        "name": "os_keystone_endpoint"
                    }
                }
            ]
        }
    ],
    "stats": {
        "localhost": {
            "changed": 1,
            "failures": 0,
            "ignored": 0,
            "ok": 1,
            "rescued": 0,
            "skipped": 0,
            "unreachable": 0
        }
    }
}
2023-05-05 11:32:40,768 p=292 u=ansible n=ansible | {
    "custom_stats": {},
    "global_custom_stats": {},
    "plays": [
        {
            "play": {
                "duration": {
                    "end": "2023-05-05T15:32:40.748091Z",
                    "start": "2023-05-05T15:32:36.217128Z"
                },
                "id": "fa163e8b-0830-3fe2-f39f-000000000007",
                "name": "Ansible Ad-Hoc"
            },
            "tasks": [
                {
                    "hosts": {
                        "localhost": {
                            "_ansible_no_log": null,
                            "action": "os_keystone_endpoint",
                            "changed": true,
                            "endpoint": {
                                "enabled": true,
                                "id": "938245dc80e846a5a334c411dd453e1f",
                                "interface": "internal",
                                "links": {
                                    "self": "http://169.16.1.144:5000/v3/endpoints/938245dc80e846a5a334c411dd453e1f"
                                },
                                "region": "RegionOne",
                                "region_id": "RegionOne",
                                "service_id": "bdf3bf7f955a4be789da8097f468e31a",
                                "url": "http://169.16.1.144:5050"
                            },
                            "invocation": {
                                "module_args": {
                                    "api_timeout": null,
                                    "auth": {
                                        "auth_url": "http://169.16.1.144:5000",
                                        "password": "I5o2EAAoXCn04ynWjKpzAl747M0hqkZnPhfACGYt",
                                        "system_scope": "all",
                                        "user_domain_name": "Default",
                                        "username": "admin"
                                    },
                                    "auth_type": null,
                                    "availability_zone": null,
                                    "ca_cert": "",
                                    "cacert": "",
                                    "client_cert": null,
                                    "client_key": null,
                                    "enabled": true,
                                    "endpoint_interface": "internal",
                                    "interface": "internal",
                                    "region": "RegionOne",
                                    "region_name": "RegionOne",
                                    "sdk_log_level": "INFO",
                                    "sdk_log_path": null,
                                    "service": "ironic-inspector",
                                    "state": "present",
                                    "timeout": 180,
                                    "url": "http://169.16.1.144:5050",
                                    "validate_certs": null,
                                    "wait": true
                                }
                            }
                        }
                    },
                    "task": {
                        "duration": {
                            "end": "2023-05-05T15:32:40.748091Z",
                            "start": "2023-05-05T15:32:36.327640Z"
                        },
                        "id": "fa163e8b-0830-3fe2-f39f-000000000009",
                        "name": "os_keystone_endpoint"
                    }
                }
            ]
        }
    ],
    "stats": {
        "localhost": {
            "changed": 1,
            "failures": 0,
            "ignored": 0,
            "ok": 1,
            "rescued": 0,
            "skipped": 0,
            "unreachable": 0
        }
    }
}
2023-05-05 11:32:48,008 p=316 u=ansible n=ansible | {
    "custom_stats": {},
    "global_custom_stats": {},
    "plays": [
        {
            "play": {
                "duration": {
                    "end": "2023-05-05T15:32:47.984477Z",
                    "start": "2023-05-05T15:32:43.226201Z"
                },
                "id": "fa163e8b-0830-3ed4-6cc0-000000000007",
                "name": "Ansible Ad-Hoc"
            },
            "tasks": [
                {
                    "hosts": {
                        "localhost": {
                            "_ansible_no_log": null,
                            "action": "os_keystone_endpoint",
                            "changed": true,
                            "endpoint": {
                                "enabled": true,
                                "id": "941a369aa734445ca8e913fbc749d8ef",
                                "interface": "public",
                                "links": {
                                    "self": "http://169.16.1.144:5000/v3/endpoints/941a369aa734445ca8e913fbc749d8ef"
                                },
                                "region": "RegionOne",
                                "region_id": "RegionOne",
                                "service_id": "bdf3bf7f955a4be789da8097f468e31a",
                                "url": "http://169.16.1.144:5050"
                            },
                            "invocation": {
                                "module_args": {
                                    "api_timeout": null,
                                    "auth": {
                                        "auth_url": "http://169.16.1.144:5000",
                                        "password": "I5o2EAAoXCn04ynWjKpzAl747M0hqkZnPhfACGYt",
                                        "system_scope": "all",
                                        "user_domain_name": "Default",
                                        "username": "admin"
                                    },
                                    "auth_type": null,
                                    "availability_zone": null,
                                    "ca_cert": "",
                                    "cacert": "",
                                    "client_cert": null,
                                    "client_key": null,
                                    "enabled": true,
                                    "endpoint_interface": "public",
                                    "interface": "internal",
                                    "region": "RegionOne",
                                    "region_name": "RegionOne",
                                    "sdk_log_level": "INFO",
                                    "sdk_log_path": null,
                                    "service": "ironic-inspector",
                                    "state": "present",
                                    "timeout": 180,
                                    "url": "http://169.16.1.144:5050",
                                    "validate_certs": null,
                                    "wait": true
                                }
                            }
                        }
                    },
                    "task": {
                        "duration": {
                            "end": "2023-05-05T15:32:47.984477Z",
                            "start": "2023-05-05T15:32:43.328749Z"
                        },
                        "id": "fa163e8b-0830-3ed4-6cc0-000000000009",
                        "name": "os_keystone_endpoint"
                    }
                }
            ]
        }
    ],
    "stats": {
        "localhost": {
            "changed": 1,
            "failures": 0,
            "ignored": 0,
            "ok": 1,
            "rescued": 0,
            "skipped": 0,
            "unreachable": 0
        }
    }
}
2023-05-05 11:32:55,912 p=340 u=ansible n=ansible | {
    "custom_stats": {},
    "global_custom_stats": {},
    "plays": [
        {
            "play": {
                "duration": {
                    "end": "2023-05-05T15:32:55.881468Z",
                    "start": "2023-05-05T15:32:50.764402Z"
                },
                "id": "fa163e8b-0830-98b7-b4d4-000000000007",
                "name": "Ansible Ad-Hoc"
            },
            "tasks": [
                {
                    "hosts": {
                        "localhost": {
                            "_ansible_no_log": null,
                            "action": "os_project",
                            "changed": true,
                            "invocation": {
                                "module_args": {
                                    "api_timeout": null,
                                    "auth": {
                                        "auth_url": "http://169.16.1.144:5000",
                                        "password": "I5o2EAAoXCn04ynWjKpzAl747M0hqkZnPhfACGYt",
                                        "system_scope": "all",
                                        "user_domain_name": "Default",
                                        "username": "admin"
                                    },
                                    "auth_type": null,
                                    "availability_zone": null,
                                    "ca_cert": "",
                                    "cacert": "",
                                    "client_cert": null,
                                    "client_key": null,
                                    "description": null,
                                    "domain": "default",
                                    "domain_id": "default",
                                    "enabled": true,
                                    "interface": "internal",
                                    "name": "service",
                                    "properties": null,
                                    "region_name": "RegionOne",
                                    "sdk_log_level": "INFO",
                                    "sdk_log_path": null,
                                    "state": "present",
                                    "timeout": 180,
                                    "validate_certs": null,
                                    "wait": true
                                }
                            },
                            "project": {
                                "description": null,
                                "domain_id": "default",
                                "enabled": true,
                                "extra": {},
                                "id": "8f89b0b275aa488cad23ea45cf8bff1e",
                                "is_domain": false,
                                "is_enabled": true,
                                "location": {
                                    "cloud": "defaults",
                                    "project": {
                                        "domain_id": "default",
                                        "domain_name": null,
                                        "id": "default",
                                        "name": null
                                    },
                                    "region_name": null,
                                    "zone": null
                                },
                                "name": "service",
                                "options": {},
                                "parent_id": "default",
                                "properties": {
                                    "extra": {},
                                    "options": {},
                                    "tags": []
                                },
                                "tags": []
                            }
                        }
                    },
                    "task": {
                        "duration": {
                            "end": "2023-05-05T15:32:55.881468Z",
                            "start": "2023-05-05T15:32:50.878520Z"
                        },
                        "id": "fa163e8b-0830-98b7-b4d4-000000000009",
                        "name": "os_project"
                    }
                }
            ]
        }
    ],
    "stats": {
        "localhost": {
            "changed": 1,
            "failures": 0,
            "ignored": 0,
            "ok": 1,
            "rescued": 0,
            "skipped": 0,
            "unreachable": 0
        }
    }
}
2023-05-05 11:33:04,888 p=364 u=ansible n=ansible | {
    "custom_stats": {},
    "global_custom_stats": {},
    "plays": [
        {
            "play": {
                "duration": {
                    "end": "2023-05-05T15:33:04.868952Z",
                    "start": "2023-05-05T15:32:58.813814Z"
                },
                "id": "fa163e8b-0830-d661-fca8-000000000007",
                "name": "Ansible Ad-Hoc"
            },
            "tasks": [
                {
                    "hosts": {
                        "localhost": {
                            "_ansible_no_log": null,
                            "action": "os_user",
                            "changed": true,
                            "invocation": {
                                "module_args": {
                                    "api_timeout": null,
                                    "auth": {
                                        "auth_url": "http://169.16.1.144:5000",
                                        "password": "I5o2EAAoXCn04ynWjKpzAl747M0hqkZnPhfACGYt",
                                        "system_scope": "all",
                                        "user_domain_name": "Default",
                                        "username": "admin"
                                    },
                                    "auth_type": null,
                                    "availability_zone": null,
                                    "ca_cert": "",
                                    "cacert": "",
                                    "client_cert": null,
                                    "client_key": null,
                                    "default_project": "service",
                                    "description": null,
                                    "domain": "default",
                                    "email": null,
                                    "enabled": true,
                                    "interface": "internal",
                                    "name": "ironic",
                                    "password": "VALUE_SPECIFIED_IN_NO_LOG_PARAMETER",
                                    "region_name": "RegionOne",
                                    "sdk_log_level": "INFO",
                                    "sdk_log_path": null,
                                    "state": "present",
                                    "timeout": 180,
                                    "update_password": "on_create",
                                    "validate_certs": null,
                                    "wait": true
                                }
                            },
                            "user": {
                                "default_project_id": "8f89b0b275aa488cad23ea45cf8bff1e",
                                "description": null,
                                "domain_id": "default",
                                "email": null,
                                "enabled": true,
                                "id": "697d10bd2fbb4c70ab27f67500ffe43a",
                                "name": "ironic",
                                "username": null
                            },
                            "warnings": [
                                "Module did not set no_log for update_password"
                            ]
                        }
                    },
                    "task": {
                        "duration": {
                            "end": "2023-05-05T15:33:04.868952Z",
                            "start": "2023-05-05T15:32:58.916728Z"
                        },
                        "id": "fa163e8b-0830-d661-fca8-000000000009",
                        "name": "os_user"
                    }
                }
            ]
        }
    ],
    "stats": {
        "localhost": {
            "changed": 1,
            "failures": 0,
            "ignored": 0,
            "ok": 1,
            "rescued": 0,
            "skipped": 0,
            "unreachable": 0
        }
    }
}
2023-05-05 11:33:13,479 p=388 u=ansible n=ansible | {
    "custom_stats": {},
    "global_custom_stats": {},
    "plays": [
        {
            "play": {
                "duration": {
                    "end": "2023-05-05T15:33:13.460412Z",
                    "start": "2023-05-05T15:33:07.294413Z"
                },
                "id": "fa163e8b-0830-3fb4-21c0-000000000007",
                "name": "Ansible Ad-Hoc"
            },
            "tasks": [
                {
                    "hosts": {
                        "localhost": {
                            "_ansible_no_log": null,
                            "action": "os_user",
                            "changed": true,
                            "invocation": {
                                "module_args": {
                                    "api_timeout": null,
                                    "auth": {
                                        "auth_url": "http://169.16.1.144:5000",
                                        "password": "I5o2EAAoXCn04ynWjKpzAl747M0hqkZnPhfACGYt",
                                        "system_scope": "all",
                                        "user_domain_name": "Default",
                                        "username": "admin"
                                    },
                                    "auth_type": null,
                                    "availability_zone": null,
                                    "ca_cert": "",
                                    "cacert": "",
                                    "client_cert": null,
                                    "client_key": null,
                                    "default_project": "service",
                                    "description": null,
                                    "domain": "default",
                                    "email": null,
                                    "enabled": true,
                                    "interface": "internal",
                                    "name": "ironic-inspector",
                                    "password": "VALUE_SPECIFIED_IN_NO_LOG_PARAMETER",
                                    "region_name": "RegionOne",
                                    "sdk_log_level": "INFO",
                                    "sdk_log_path": null,
                                    "state": "present",
                                    "timeout": 180,
                                    "update_password": "on_create",
                                    "validate_certs": null,
                                    "wait": true
                                }
                            },
                            "user": {
                                "default_project_id": "8f89b0b275aa488cad23ea45cf8bff1e",
                                "description": null,
                                "domain_id": "default",
                                "email": null,
                                "enabled": true,
                                "id": "50384763987640e4b1d0572a1d72d44a",
                                "name": "ironic-inspector",
                                "username": null
                            },
                            "warnings": [
                                "Module did not set no_log for update_password"
                            ]
                        }
                    },
                    "task": {
                        "duration": {
                            "end": "2023-05-05T15:33:13.460412Z",
                            "start": "2023-05-05T15:33:07.409011Z"
                        },
                        "id": "fa163e8b-0830-3fb4-21c0-000000000009",
                        "name": "os_user"
                    }
                }
            ]
        }
    ],
    "stats": {
        "localhost": {
            "changed": 1,
            "failures": 0,
            "ignored": 0,
            "ok": 1,
            "rescued": 0,
            "skipped": 0,
            "unreachable": 0
        }
    }
}
2023-05-05 11:33:19,603 p=412 u=ansible n=ansible | {
    "custom_stats": {},
    "global_custom_stats": {},
    "plays": [
        {
            "play": {
                "duration": {
                    "end": "2023-05-05T15:33:19.577751Z",
                    "start": "2023-05-05T15:33:16.236023Z"
                },
                "id": "fa163e8b-0830-61ad-4c6d-000000000007",
                "name": "Ansible Ad-Hoc"
            },
            "tasks": [
                {
                    "hosts": {
                        "localhost": {
                            "_ansible_no_log": null,
                            "action": "os_keystone_role",
                            "changed": false,
                            "invocation": {
                                "module_args": {
                                    "api_timeout": null,
                                    "auth": {
                                        "auth_url": "http://169.16.1.144:5000",
                                        "password": "I5o2EAAoXCn04ynWjKpzAl747M0hqkZnPhfACGYt",
                                        "system_scope": "all",
                                        "user_domain_name": "Default",
                                        "username": "admin"
                                    },
                                    "auth_type": null,
                                    "availability_zone": null,
                                    "ca_cert": "",
                                    "cacert": "",
                                    "client_cert": null,
                                    "client_key": null,
                                    "interface": "internal",
                                    "name": "admin",
                                    "region_name": "RegionOne",
                                    "sdk_log_level": "INFO",
                                    "sdk_log_path": null,
                                    "state": "present",
                                    "timeout": 180,
                                    "validate_certs": null,
                                    "wait": true
                                }
                            },
                            "role": {
                                "domain_id": null,
                                "id": "23e35212739f47b79d5df9355ec8ae05",
                                "location": {
                                    "cloud": "defaults",
                                    "project": {
                                        "domain_id": null,
                                        "domain_name": null,
                                        "id": null,
                                        "name": null
                                    },
                                    "region_name": null,
                                    "zone": null
                                },
                                "name": "admin",
                                "properties": {}
                            }
                        }
                    },
                    "task": {
                        "duration": {
                            "end": "2023-05-05T15:33:19.577751Z",
                            "start": "2023-05-05T15:33:16.341098Z"
                        },
                        "id": "fa163e8b-0830-61ad-4c6d-000000000009",
                        "name": "os_keystone_role"
                    }
                }
            ]
        }
    ],
    "stats": {
        "localhost": {
            "changed": 0,
            "failures": 0,
            "ignored": 0,
            "ok": 1,
            "rescued": 0,
            "skipped": 0,
            "unreachable": 0
        }
    }
}
2023-05-05 11:33:30,933 p=436 u=ansible n=ansible | {
    "custom_stats": {},
    "global_custom_stats": {},
    "plays": [
        {
            "play": {
                "duration": {
                    "end": "2023-05-05T15:33:30.901864Z",
                    "start": "2023-05-05T15:33:22.138905Z"
                },
                "id": "fa163e8b-0830-3669-b0d6-000000000007",
                "name": "Ansible Ad-Hoc"
            },
            "tasks": [
                {
                    "hosts": {
                        "localhost": {
                            "_ansible_no_log": null,
                            "action": "os_user_role",
                            "changed": true,
                            "invocation": {
                                "module_args": {
                                    "api_timeout": null,
                                    "auth": {
                                        "auth_url": "http://169.16.1.144:5000",
                                        "password": "I5o2EAAoXCn04ynWjKpzAl747M0hqkZnPhfACGYt",
                                        "system_scope": "all",
                                        "user_domain_name": "Default",
                                        "username": "admin"
                                    },
                                    "auth_type": null,
                                    "availability_zone": null,
                                    "ca_cert": "",
                                    "cacert": "",
                                    "client_cert": null,
                                    "client_key": null,
                                    "domain": "default",
                                    "group": null,
                                    "interface": "internal",
                                    "project": "service",
                                    "region_name": "RegionOne",
                                    "role": "admin",
                                    "sdk_log_level": "INFO",
                                    "sdk_log_path": null,
                                    "state": "present",
                                    "timeout": 180,
                                    "user": "ironic",
                                    "validate_certs": null,
                                    "wait": true
                                }
                            }
                        }
                    },
                    "task": {
                        "duration": {
                            "end": "2023-05-05T15:33:30.901864Z",
                            "start": "2023-05-05T15:33:22.247625Z"
                        },
                        "id": "fa163e8b-0830-3669-b0d6-000000000009",
                        "name": "os_user_role"
                    }
                }
            ]
        }
    ],
    "stats": {
        "localhost": {
            "changed": 1,
            "failures": 0,
            "ignored": 0,
            "ok": 1,
            "rescued": 0,
            "skipped": 0,
            "unreachable": 0
        }
    }
}
2023-05-05 11:33:42,259 p=461 u=ansible n=ansible | {
    "custom_stats": {},
    "global_custom_stats": {},
    "plays": [
        {
            "play": {
                "duration": {
                    "end": "2023-05-05T15:33:42.239205Z",
                    "start": "2023-05-05T15:33:33.673083Z"
                },
                "id": "fa163e8b-0830-2596-cd41-000000000007",
                "name": "Ansible Ad-Hoc"
            },
            "tasks": [
                {
                    "hosts": {
                        "localhost": {
                            "_ansible_no_log": null,
                            "action": "os_user_role",
                            "changed": true,
                            "invocation": {
                                "module_args": {
                                    "api_timeout": null,
                                    "auth": {
                                        "auth_url": "http://169.16.1.144:5000",
                                        "password": "I5o2EAAoXCn04ynWjKpzAl747M0hqkZnPhfACGYt",
                                        "system_scope": "all",
                                        "user_domain_name": "Default",
                                        "username": "admin"
                                    },
                                    "auth_type": null,
                                    "availability_zone": null,
                                    "ca_cert": "",
                                    "cacert": "",
                                    "client_cert": null,
                                    "client_key": null,
                                    "domain": "default",
                                    "group": null,
                                    "interface": "internal",
                                    "project": "service",
                                    "region_name": "RegionOne",
                                    "role": "admin",
                                    "sdk_log_level": "INFO",
                                    "sdk_log_path": null,
                                    "state": "present",
                                    "timeout": 180,
                                    "user": "ironic-inspector",
                                    "validate_certs": null,
                                    "wait": true
                                }
                            }
                        }
                    },
                    "task": {
                        "duration": {
                            "end": "2023-05-05T15:33:42.239205Z",
                            "start": "2023-05-05T15:33:33.788355Z"
                        },
                        "id": "fa163e8b-0830-2596-cd41-000000000009",
                        "name": "os_user_role"
                    }
                }
            ]
        }
    ],
    "stats": {
        "localhost": {
            "changed": 1,
            "failures": 0,
            "ignored": 0,
            "ok": 1,
            "rescued": 0,
            "skipped": 0,
            "unreachable": 0
        }
    }
}
2023-05-05 11:34:46,752 p=485 u=ansible n=ansible | {
    "custom_stats": {},
    "global_custom_stats": {},
    "plays": [
        {
            "play": {
                "duration": {
                    "end": "2023-05-05T15:34:46.729811Z",
                    "start": "2023-05-05T15:34:45.662805Z"
                },
                "id": "fa163e8b-0830-f4db-5199-000000000007",
                "name": "Ansible Ad-Hoc"
            },
            "tasks": [
                {
                    "hosts": {
                        "localhost": {
                            "_ansible_no_log": null,
                            "action": "mysql_db",
                            "changed": true,
                            "db": "ironic",
                            "db_list": [
                                "ironic"
                            ],
                            "executed_commands": [
                                "CREATE DATABASE `ironic`"
                            ],
                            "invocation": {
                                "module_args": {
                                    "ca_cert": null,
                                    "check_hostname": null,
                                    "check_implicit_admin": false,
                                    "client_cert": null,
                                    "client_key": null,
                                    "collation": "",
                                    "config_file": "/var/lib/ansible/.my.cnf",
                                    "config_overrides_defaults": false,
                                    "connect_timeout": 30,
                                    "dump_extra_args": null,
                                    "encoding": "",
                                    "force": false,
                                    "hex_blob": false,
                                    "ignore_tables": [],
                                    "login_host": "169.16.1.144",
                                    "login_password": "VALUE_SPECIFIED_IN_NO_LOG_PARAMETER",
                                    "login_port": 3306,
                                    "login_unix_socket": null,
                                    "login_user": "root",
                                    "master_data": 0,
                                    "name": [
                                        "ironic"
                                    ],
                                    "quick": true,
                                    "restrict_config_file": false,
                                    "single_transaction": false,
                                    "skip_lock_tables": false,
                                    "state": "present",
                                    "target": null,
                                    "unsafe_login_password": false,
                                    "use_shell": false
                                }
                            }
                        }
                    },
                    "task": {
                        "duration": {
                            "end": "2023-05-05T15:34:46.729811Z",
                            "start": "2023-05-05T15:34:45.779283Z"
                        },
                        "id": "fa163e8b-0830-f4db-5199-000000000009",
                        "name": "mysql_db"
                    }
                }
            ]
        }
    ],
    "stats": {
        "localhost": {
            "changed": 1,
            "failures": 0,
            "ignored": 0,
            "ok": 1,
            "rescued": 0,
            "skipped": 0,
            "unreachable": 0
        }
    }
}
2023-05-05 11:34:50,407 p=509 u=ansible n=ansible | {
    "custom_stats": {},
    "global_custom_stats": {},
    "plays": [
        {
            "play": {
                "duration": {
                    "end": "2023-05-05T15:34:50.387475Z",
                    "start": "2023-05-05T15:34:49.278572Z"
                },
                "id": "fa163e8b-0830-5b0a-048f-000000000007",
                "name": "Ansible Ad-Hoc"
            },
            "tasks": [
                {
                    "hosts": {
                        "localhost": {
                            "_ansible_no_log": null,
                            "action": "mysql_db",
                            "changed": true,
                            "db": "ironic_inspector",
                            "db_list": [
                                "ironic_inspector"
                            ],
                            "executed_commands": [
                                "CREATE DATABASE `ironic_inspector`"
                            ],
                            "invocation": {
                                "module_args": {
                                    "ca_cert": null,
                                    "check_hostname": null,
                                    "check_implicit_admin": false,
                                    "client_cert": null,
                                    "client_key": null,
                                    "collation": "",
                                    "config_file": "/var/lib/ansible/.my.cnf",
                                    "config_overrides_defaults": false,
                                    "connect_timeout": 30,
                                    "dump_extra_args": null,
                                    "encoding": "",
                                    "force": false,
                                    "hex_blob": false,
                                    "ignore_tables": [],
                                    "login_host": "169.16.1.144",
                                    "login_password": "VALUE_SPECIFIED_IN_NO_LOG_PARAMETER",
                                    "login_port": 3306,
                                    "login_unix_socket": null,
                                    "login_user": "root",
                                    "master_data": 0,
                                    "name": [
                                        "ironic_inspector"
                                    ],
                                    "quick": true,
                                    "restrict_config_file": false,
                                    "single_transaction": false,
                                    "skip_lock_tables": false,
                                    "state": "present",
                                    "target": null,
                                    "unsafe_login_password": false,
                                    "use_shell": false
                                }
                            }
                        }
                    },
                    "task": {
                        "duration": {
                            "end": "2023-05-05T15:34:50.387475Z",
                            "start": "2023-05-05T15:34:49.376746Z"
                        },
                        "id": "fa163e8b-0830-5b0a-048f-000000000009",
                        "name": "mysql_db"
                    }
                }
            ]
        }
    ],
    "stats": {
        "localhost": {
            "changed": 1,
            "failures": 0,
            "ignored": 0,
            "ok": 1,
            "rescued": 0,
            "skipped": 0,
            "unreachable": 0
        }
    }
}
2023-05-05 11:34:54,293 p=533 u=ansible n=ansible | {
    "custom_stats": {},
    "global_custom_stats": {},
    "plays": [
        {
            "play": {
                "duration": {
                    "end": "2023-05-05T15:34:54.272750Z",
                    "start": "2023-05-05T15:34:53.062436Z"
                },
                "id": "fa163e8b-0830-dba6-19a6-000000000007",
                "name": "Ansible Ad-Hoc"
            },
            "tasks": [
                {
                    "hosts": {
                        "localhost": {
                            "_ansible_no_log": null,
                            "action": "mysql_user",
                            "changed": true,
                            "invocation": {
                                "module_args": {
                                    "append_privs": true,
                                    "ca_cert": null,
                                    "check_hostname": null,
                                    "check_implicit_admin": false,
                                    "client_cert": null,
                                    "client_key": null,
                                    "config_file": "/var/lib/ansible/.my.cnf",
                                    "connect_timeout": 30,
                                    "encrypted": false,
                                    "host": "%",
                                    "host_all": false,
                                    "login_host": "169.16.1.144",
                                    "login_password": "VALUE_SPECIFIED_IN_NO_LOG_PARAMETER",
                                    "login_port": 3306,
                                    "login_unix_socket": null,
                                    "login_user": "root",
                                    "name": "ironic",
                                    "password": "VALUE_SPECIFIED_IN_NO_LOG_PARAMETER",
                                    "plugin": null,
                                    "plugin_auth_string": null,
                                    "plugin_hash_string": null,
                                    "priv": "ironic.*:ALL",
                                    "resource_limits": null,
                                    "sql_log_bin": true,
                                    "state": "present",
                                    "tls_requires": null,
                                    "update_password": "always",
                                    "user": "ironic"
                                }
                            },
                            "msg": "User added",
                            "user": "ironic"
                        }
                    },
                    "task": {
                        "duration": {
                            "end": "2023-05-05T15:34:54.272750Z",
                            "start": "2023-05-05T15:34:53.170765Z"
                        },
                        "id": "fa163e8b-0830-dba6-19a6-000000000009",
                        "name": "mysql_user"
                    }
                }
            ]
        }
    ],
    "stats": {
        "localhost": {
            "changed": 1,
            "failures": 0,
            "ignored": 0,
            "ok": 1,
            "rescued": 0,
            "skipped": 0,
            "unreachable": 0
        }
    }
}
2023-05-05 11:34:57,943 p=557 u=ansible n=ansible | {
    "custom_stats": {},
    "global_custom_stats": {},
    "plays": [
        {
            "play": {
                "duration": {
                    "end": "2023-05-05T15:34:57.922141Z",
                    "start": "2023-05-05T15:34:56.653188Z"
                },
                "id": "fa163e8b-0830-8b4c-92bc-000000000007",
                "name": "Ansible Ad-Hoc"
            },
            "tasks": [
                {
                    "hosts": {
                        "localhost": {
                            "_ansible_no_log": null,
                            "action": "mysql_user",
                            "changed": true,
                            "invocation": {
                                "module_args": {
                                    "append_privs": true,
                                    "ca_cert": null,
                                    "check_hostname": null,
                                    "check_implicit_admin": false,
                                    "client_cert": null,
                                    "client_key": null,
                                    "config_file": "/var/lib/ansible/.my.cnf",
                                    "connect_timeout": 30,
                                    "encrypted": false,
                                    "host": "%",
                                    "host_all": false,
                                    "login_host": "169.16.1.144",
                                    "login_password": "VALUE_SPECIFIED_IN_NO_LOG_PARAMETER",
                                    "login_port": 3306,
                                    "login_unix_socket": null,
                                    "login_user": "root",
                                    "name": "ironic_inspector",
                                    "password": "VALUE_SPECIFIED_IN_NO_LOG_PARAMETER",
                                    "plugin": null,
                                    "plugin_auth_string": null,
                                    "plugin_hash_string": null,
                                    "priv": "ironic_inspector.*:ALL",
                                    "resource_limits": null,
                                    "sql_log_bin": true,
                                    "state": "present",
                                    "tls_requires": null,
                                    "update_password": "always",
                                    "user": "ironic_inspector"
                                }
                            },
                            "msg": "User added",
                            "user": "ironic_inspector"
                        }
                    },
                    "task": {
                        "duration": {
                            "end": "2023-05-05T15:34:57.922141Z",
                            "start": "2023-05-05T15:34:56.758605Z"
                        },
                        "id": "fa163e8b-0830-8b4c-92bc-000000000009",
                        "name": "mysql_user"
                    }
                }
            ]
        }
    ],
    "stats": {
        "localhost": {
            "changed": 1,
            "failures": 0,
            "ignored": 0,
            "ok": 1,
            "rescued": 0,
            "skipped": 0,
            "unreachable": 0
        }
    }
}
2023-05-05 11:35:47,614 p=581 u=ansible n=ansible | {
    "custom_stats": {},
    "global_custom_stats": {},
    "plays": [
        {
            "play": {
                "duration": {
                    "end": "2023-05-05T15:35:47.587665Z",
                    "start": "2023-05-05T15:35:43.455007Z"
                },
                "id": "fa163e8b-0830-53e2-3a02-000000000007",
                "name": "Ansible Ad-Hoc"
            },
            "tasks": [
                {
                    "hosts": {
                        "localhost": {
                            "_ansible_no_log": null,
                            "action": "os_keystone_service",
                            "changed": true,
                            "id": "b8fdd800fde7458eb5da2228064ef12d",
                            "invocation": {
                                "module_args": {
                                    "api_timeout": null,
                                    "auth": {
                                        "auth_url": "http://169.16.1.144:5000",
                                        "password": "I5o2EAAoXCn04ynWjKpzAl747M0hqkZnPhfACGYt",
                                        "system_scope": "all",
                                        "user_domain_name": "Default",
                                        "username": "admin"
                                    },
                                    "auth_type": null,
                                    "availability_zone": null,
                                    "ca_cert": "",
                                    "cacert": "",
                                    "client_cert": null,
                                    "client_key": null,
                                    "description": "Openstack Networking",
                                    "enabled": true,
                                    "interface": "internal",
                                    "name": "neutron",
                                    "region_name": "RegionOne",
                                    "sdk_log_level": "INFO",
                                    "sdk_log_path": null,
                                    "service_type": "network",
                                    "state": "present",
                                    "timeout": 180,
                                    "type": "network",
                                    "validate_certs": null,
                                    "wait": true
                                }
                            },
                            "service": {
                                "description": "Openstack Networking",
                                "enabled": true,
                                "id": "b8fdd800fde7458eb5da2228064ef12d",
                                "name": "neutron",
                                "service_type": "network",
                                "type": "network"
                            }
                        }
                    },
                    "task": {
                        "duration": {
                            "end": "2023-05-05T15:35:47.587665Z",
                            "start": "2023-05-05T15:35:43.574017Z"
                        },
                        "id": "fa163e8b-0830-53e2-3a02-000000000009",
                        "name": "os_keystone_service"
                    }
                }
            ]
        }
    ],
    "stats": {
        "localhost": {
            "changed": 1,
            "failures": 0,
            "ignored": 0,
            "ok": 1,
            "rescued": 0,
            "skipped": 0,
            "unreachable": 0
        }
    }
}
2023-05-05 11:35:55,534 p=606 u=ansible n=ansible | {
    "custom_stats": {},
    "global_custom_stats": {},
    "plays": [
        {
            "play": {
                "duration": {
                    "end": "2023-05-05T15:35:55.509164Z",
                    "start": "2023-05-05T15:35:50.816767Z"
                },
                "id": "fa163e8b-0830-51e3-70b5-000000000007",
                "name": "Ansible Ad-Hoc"
            },
            "tasks": [
                {
                    "hosts": {
                        "localhost": {
                            "_ansible_no_log": null,
                            "action": "os_keystone_endpoint",
                            "changed": true,
                            "endpoint": {
                                "enabled": true,
                                "id": "aa65332a85f5427181bf3dff61738dfa",
                                "interface": "internal",
                                "links": {
                                    "self": "http://169.16.1.144:5000/v3/endpoints/aa65332a85f5427181bf3dff61738dfa"
                                },
                                "region": "RegionOne",
                                "region_id": "RegionOne",
                                "service_id": "b8fdd800fde7458eb5da2228064ef12d",
                                "url": "http://169.16.1.144:9696"
                            },
                            "invocation": {
                                "module_args": {
                                    "api_timeout": null,
                                    "auth": {
                                        "auth_url": "http://169.16.1.144:5000",
                                        "password": "I5o2EAAoXCn04ynWjKpzAl747M0hqkZnPhfACGYt",
                                        "system_scope": "all",
                                        "user_domain_name": "Default",
                                        "username": "admin"
                                    },
                                    "auth_type": null,
                                    "availability_zone": null,
                                    "ca_cert": "",
                                    "cacert": "",
                                    "client_cert": null,
                                    "client_key": null,
                                    "enabled": true,
                                    "endpoint_interface": "internal",
                                    "interface": "internal",
                                    "region": "RegionOne",
                                    "region_name": "RegionOne",
                                    "sdk_log_level": "INFO",
                                    "sdk_log_path": null,
                                    "service": "neutron",
                                    "state": "present",
                                    "timeout": 180,
                                    "url": "http://169.16.1.144:9696",
                                    "validate_certs": null,
                                    "wait": true
                                }
                            }
                        }
                    },
                    "task": {
                        "duration": {
                            "end": "2023-05-05T15:35:55.509164Z",
                            "start": "2023-05-05T15:35:50.953463Z"
                        },
                        "id": "fa163e8b-0830-51e3-70b5-000000000009",
                        "name": "os_keystone_endpoint"
                    }
                }
            ]
        }
    ],
    "stats": {
        "localhost": {
            "changed": 1,
            "failures": 0,
            "ignored": 0,
            "ok": 1,
            "rescued": 0,
            "skipped": 0,
            "unreachable": 0
        }
    }
}
2023-05-05 11:36:03,162 p=630 u=ansible n=ansible | {
    "custom_stats": {},
    "global_custom_stats": {},
    "plays": [
        {
            "play": {
                "duration": {
                    "end": "2023-05-05T15:36:03.141622Z",
                    "start": "2023-05-05T15:35:58.302575Z"
                },
                "id": "fa163e8b-0830-67c3-5c90-000000000007",
                "name": "Ansible Ad-Hoc"
            },
            "tasks": [
                {
                    "hosts": {
                        "localhost": {
                            "_ansible_no_log": null,
                            "action": "os_keystone_endpoint",
                            "changed": true,
                            "endpoint": {
                                "enabled": true,
                                "id": "427b7dd48ac24a41a556c36b12509751",
                                "interface": "public",
                                "links": {
                                    "self": "http://169.16.1.144:5000/v3/endpoints/427b7dd48ac24a41a556c36b12509751"
                                },
                                "region": "RegionOne",
                                "region_id": "RegionOne",
                                "service_id": "b8fdd800fde7458eb5da2228064ef12d",
                                "url": "http://169.16.1.144:9696"
                            },
                            "invocation": {
                                "module_args": {
                                    "api_timeout": null,
                                    "auth": {
                                        "auth_url": "http://169.16.1.144:5000",
                                        "password": "I5o2EAAoXCn04ynWjKpzAl747M0hqkZnPhfACGYt",
                                        "system_scope": "all",
                                        "user_domain_name": "Default",
                                        "username": "admin"
                                    },
                                    "auth_type": null,
                                    "availability_zone": null,
                                    "ca_cert": "",
                                    "cacert": "",
                                    "client_cert": null,
                                    "client_key": null,
                                    "enabled": true,
                                    "endpoint_interface": "public",
                                    "interface": "internal",
                                    "region": "RegionOne",
                                    "region_name": "RegionOne",
                                    "sdk_log_level": "INFO",
                                    "sdk_log_path": null,
                                    "service": "neutron",
                                    "state": "present",
                                    "timeout": 180,
                                    "url": "http://169.16.1.144:9696",
                                    "validate_certs": null,
                                    "wait": true
                                }
                            }
                        }
                    },
                    "task": {
                        "duration": {
                            "end": "2023-05-05T15:36:03.141622Z",
                            "start": "2023-05-05T15:35:58.411803Z"
                        },
                        "id": "fa163e8b-0830-67c3-5c90-000000000009",
                        "name": "os_keystone_endpoint"
                    }
                }
            ]
        }
    ],
    "stats": {
        "localhost": {
            "changed": 1,
            "failures": 0,
            "ignored": 0,
            "ok": 1,
            "rescued": 0,
            "skipped": 0,
            "unreachable": 0
        }
    }
}
2023-05-05 11:36:09,580 p=654 u=ansible n=ansible | {
    "custom_stats": {},
    "global_custom_stats": {},
    "plays": [
        {
            "play": {
                "duration": {
                    "end": "2023-05-05T15:36:09.554550Z",
                    "start": "2023-05-05T15:36:05.834646Z"
                },
                "id": "fa163e8b-0830-311e-6eb4-000000000007",
                "name": "Ansible Ad-Hoc"
            },
            "tasks": [
                {
                    "hosts": {
                        "localhost": {
                            "_ansible_no_log": null,
                            "action": "os_project",
                            "changed": false,
                            "invocation": {
                                "module_args": {
                                    "api_timeout": null,
                                    "auth": {
                                        "auth_url": "http://169.16.1.144:5000",
                                        "password": "I5o2EAAoXCn04ynWjKpzAl747M0hqkZnPhfACGYt",
                                        "system_scope": "all",
                                        "user_domain_name": "Default",
                                        "username": "admin"
                                    },
                                    "auth_type": null,
                                    "availability_zone": null,
                                    "ca_cert": "",
                                    "cacert": "",
                                    "client_cert": null,
                                    "client_key": null,
                                    "description": null,
                                    "domain": "default",
                                    "domain_id": "default",
                                    "enabled": true,
                                    "interface": "internal",
                                    "name": "service",
                                    "properties": null,
                                    "region_name": "RegionOne",
                                    "sdk_log_level": "INFO",
                                    "sdk_log_path": null,
                                    "state": "present",
                                    "timeout": 180,
                                    "validate_certs": null,
                                    "wait": true
                                }
                            },
                            "project": {
                                "description": null,
                                "domain_id": "default",
                                "enabled": true,
                                "id": "8f89b0b275aa488cad23ea45cf8bff1e",
                                "is_domain": false,
                                "is_enabled": true,
                                "location": {
                                    "cloud": "defaults",
                                    "project": {
                                        "domain_id": "default",
                                        "domain_name": null,
                                        "id": "default",
                                        "name": null
                                    },
                                    "region_name": null,
                                    "zone": null
                                },
                                "name": "service",
                                "options": {},
                                "parent_id": "default",
                                "properties": {
                                    "options": {},
                                    "tags": []
                                },
                                "tags": []
                            }
                        }
                    },
                    "task": {
                        "duration": {
                            "end": "2023-05-05T15:36:09.554550Z",
                            "start": "2023-05-05T15:36:05.938512Z"
                        },
                        "id": "fa163e8b-0830-311e-6eb4-000000000009",
                        "name": "os_project"
                    }
                }
            ]
        }
    ],
    "stats": {
        "localhost": {
            "changed": 0,
            "failures": 0,
            "ignored": 0,
            "ok": 1,
            "rescued": 0,
            "skipped": 0,
            "unreachable": 0
        }
    }
}
2023-05-05 11:36:18,944 p=678 u=ansible n=ansible | {
    "custom_stats": {},
    "global_custom_stats": {},
    "plays": [
        {
            "play": {
                "duration": {
                    "end": "2023-05-05T15:36:18.922801Z",
                    "start": "2023-05-05T15:36:12.285161Z"
                },
                "id": "fa163e8b-0830-a42b-830e-000000000007",
                "name": "Ansible Ad-Hoc"
            },
            "tasks": [
                {
                    "hosts": {
                        "localhost": {
                            "_ansible_no_log": null,
                            "action": "os_user",
                            "changed": true,
                            "invocation": {
                                "module_args": {
                                    "api_timeout": null,
                                    "auth": {
                                        "auth_url": "http://169.16.1.144:5000",
                                        "password": "I5o2EAAoXCn04ynWjKpzAl747M0hqkZnPhfACGYt",
                                        "system_scope": "all",
                                        "user_domain_name": "Default",
                                        "username": "admin"
                                    },
                                    "auth_type": null,
                                    "availability_zone": null,
                                    "ca_cert": "",
                                    "cacert": "",
                                    "client_cert": null,
                                    "client_key": null,
                                    "default_project": "service",
                                    "description": null,
                                    "domain": "default",
                                    "email": null,
                                    "enabled": true,
                                    "interface": "internal",
                                    "name": "neutron",
                                    "password": "VALUE_SPECIFIED_IN_NO_LOG_PARAMETER",
                                    "region_name": "RegionOne",
                                    "sdk_log_level": "INFO",
                                    "sdk_log_path": null,
                                    "state": "present",
                                    "timeout": 180,
                                    "update_password": "on_create",
                                    "validate_certs": null,
                                    "wait": true
                                }
                            },
                            "user": {
                                "default_project_id": "8f89b0b275aa488cad23ea45cf8bff1e",
                                "description": null,
                                "domain_id": "default",
                                "email": null,
                                "enabled": true,
                                "id": "eb2d53e6493047af9175f96266728201",
                                "name": "neutron",
                                "username": null
                            },
                            "warnings": [
                                "Module did not set no_log for update_password"
                            ]
                        }
                    },
                    "task": {
                        "duration": {
                            "end": "2023-05-05T15:36:18.922801Z",
                            "start": "2023-05-05T15:36:12.397871Z"
                        },
                        "id": "fa163e8b-0830-a42b-830e-000000000009",
                        "name": "os_user"
                    }
                }
            ]
        }
    ],
    "stats": {
        "localhost": {
            "changed": 1,
            "failures": 0,
            "ignored": 0,
            "ok": 1,
            "rescued": 0,
            "skipped": 0,
            "unreachable": 0
        }
    }
}
2023-05-05 11:36:25,273 p=702 u=ansible n=ansible | {
    "custom_stats": {},
    "global_custom_stats": {},
    "plays": [
        {
            "play": {
                "duration": {
                    "end": "2023-05-05T15:36:25.248670Z",
                    "start": "2023-05-05T15:36:21.711668Z"
                },
                "id": "fa163e8b-0830-f752-3b31-000000000007",
                "name": "Ansible Ad-Hoc"
            },
            "tasks": [
                {
                    "hosts": {
                        "localhost": {
                            "_ansible_no_log": null,
                            "action": "os_keystone_role",
                            "changed": false,
                            "invocation": {
                                "module_args": {
                                    "api_timeout": null,
                                    "auth": {
                                        "auth_url": "http://169.16.1.144:5000",
                                        "password": "I5o2EAAoXCn04ynWjKpzAl747M0hqkZnPhfACGYt",
                                        "system_scope": "all",
                                        "user_domain_name": "Default",
                                        "username": "admin"
                                    },
                                    "auth_type": null,
                                    "availability_zone": null,
                                    "ca_cert": "",
                                    "cacert": "",
                                    "client_cert": null,
                                    "client_key": null,
                                    "interface": "internal",
                                    "name": "admin",
                                    "region_name": "RegionOne",
                                    "sdk_log_level": "INFO",
                                    "sdk_log_path": null,
                                    "state": "present",
                                    "timeout": 180,
                                    "validate_certs": null,
                                    "wait": true
                                }
                            },
                            "role": {
                                "domain_id": null,
                                "id": "23e35212739f47b79d5df9355ec8ae05",
                                "location": {
                                    "cloud": "defaults",
                                    "project": {
                                        "domain_id": null,
                                        "domain_name": null,
                                        "id": null,
                                        "name": null
                                    },
                                    "region_name": null,
                                    "zone": null
                                },
                                "name": "admin",
                                "properties": {}
                            }
                        }
                    },
                    "task": {
                        "duration": {
                            "end": "2023-05-05T15:36:25.248670Z",
                            "start": "2023-05-05T15:36:21.831411Z"
                        },
                        "id": "fa163e8b-0830-f752-3b31-000000000009",
                        "name": "os_keystone_role"
                    }
                }
            ]
        }
    ],
    "stats": {
        "localhost": {
            "changed": 0,
            "failures": 0,
            "ignored": 0,
            "ok": 1,
            "rescued": 0,
            "skipped": 0,
            "unreachable": 0
        }
    }
}
2023-05-05 11:36:37,275 p=727 u=ansible n=ansible | {
    "custom_stats": {},
    "global_custom_stats": {},
    "plays": [
        {
            "play": {
                "duration": {
                    "end": "2023-05-05T15:36:37.236868Z",
                    "start": "2023-05-05T15:36:27.954608Z"
                },
                "id": "fa163e8b-0830-c9cc-1076-000000000007",
                "name": "Ansible Ad-Hoc"
            },
            "tasks": [
                {
                    "hosts": {
                        "localhost": {
                            "_ansible_no_log": null,
                            "action": "os_user_role",
                            "changed": true,
                            "invocation": {
                                "module_args": {
                                    "api_timeout": null,
                                    "auth": {
                                        "auth_url": "http://169.16.1.144:5000",
                                        "password": "I5o2EAAoXCn04ynWjKpzAl747M0hqkZnPhfACGYt",
                                        "system_scope": "all",
                                        "user_domain_name": "Default",
                                        "username": "admin"
                                    },
                                    "auth_type": null,
                                    "availability_zone": null,
                                    "ca_cert": "",
                                    "cacert": "",
                                    "client_cert": null,
                                    "client_key": null,
                                    "domain": "default",
                                    "group": null,
                                    "interface": "internal",
                                    "project": "service",
                                    "region_name": "RegionOne",
                                    "role": "admin",
                                    "sdk_log_level": "INFO",
                                    "sdk_log_path": null,
                                    "state": "present",
                                    "timeout": 180,
                                    "user": "neutron",
                                    "validate_certs": null,
                                    "wait": true
                                }
                            }
                        }
                    },
                    "task": {
                        "duration": {
                            "end": "2023-05-05T15:36:37.236868Z",
                            "start": "2023-05-05T15:36:28.069008Z"
                        },
                        "id": "fa163e8b-0830-c9cc-1076-000000000009",
                        "name": "os_user_role"
                    }
                }
            ]
        }
    ],
    "stats": {
        "localhost": {
            "changed": 1,
            "failures": 0,
            "ignored": 0,
            "ok": 1,
            "rescued": 0,
            "skipped": 0,
            "unreachable": 0
        }
    }
}
2023-05-05 11:37:59,867 p=752 u=ansible n=ansible | {
    "custom_stats": {},
    "global_custom_stats": {},
    "plays": [
        {
            "play": {
                "duration": {
                    "end": "2023-05-05T15:37:59.845885Z",
                    "start": "2023-05-05T15:37:58.503440Z"
                },
                "id": "fa163e8b-0830-2dd0-64b7-000000000007",
                "name": "Ansible Ad-Hoc"
            },
            "tasks": [
                {
                    "hosts": {
                        "localhost": {
                            "_ansible_no_log": null,
                            "action": "mysql_db",
                            "changed": true,
                            "db": "neutron",
                            "db_list": [
                                "neutron"
                            ],
                            "executed_commands": [
                                "CREATE DATABASE `neutron`"
                            ],
                            "invocation": {
                                "module_args": {
                                    "ca_cert": null,
                                    "check_hostname": null,
                                    "check_implicit_admin": false,
                                    "client_cert": null,
                                    "client_key": null,
                                    "collation": "",
                                    "config_file": "/var/lib/ansible/.my.cnf",
                                    "config_overrides_defaults": false,
                                    "connect_timeout": 30,
                                    "dump_extra_args": null,
                                    "encoding": "",
                                    "force": false,
                                    "hex_blob": false,
                                    "ignore_tables": [],
                                    "login_host": "169.16.1.144",
                                    "login_password": "VALUE_SPECIFIED_IN_NO_LOG_PARAMETER",
                                    "login_port": 3306,
                                    "login_unix_socket": null,
                                    "login_user": "root",
                                    "master_data": 0,
                                    "name": [
                                        "neutron"
                                    ],
                                    "quick": true,
                                    "restrict_config_file": false,
                                    "single_transaction": false,
                                    "skip_lock_tables": false,
                                    "state": "present",
                                    "target": null,
                                    "unsafe_login_password": false,
                                    "use_shell": false
                                }
                            }
                        }
                    },
                    "task": {
                        "duration": {
                            "end": "2023-05-05T15:37:59.845885Z",
                            "start": "2023-05-05T15:37:58.614030Z"
                        },
                        "id": "fa163e8b-0830-2dd0-64b7-000000000009",
                        "name": "mysql_db"
                    }
                }
            ]
        }
    ],
    "stats": {
        "localhost": {
            "changed": 1,
            "failures": 0,
            "ignored": 0,
            "ok": 1,
            "rescued": 0,
            "skipped": 0,
            "unreachable": 0
        }
    }
}
2023-05-05 11:38:03,940 p=776 u=ansible n=ansible | {
    "custom_stats": {},
    "global_custom_stats": {},
    "plays": [
        {
            "play": {
                "duration": {
                    "end": "2023-05-05T15:38:03.914452Z",
                    "start": "2023-05-05T15:38:02.620840Z"
                },
                "id": "fa163e8b-0830-0c60-f008-000000000007",
                "name": "Ansible Ad-Hoc"
            },
            "tasks": [
                {
                    "hosts": {
                        "localhost": {
                            "_ansible_no_log": null,
                            "action": "mysql_user",
                            "changed": true,
                            "invocation": {
                                "module_args": {
                                    "append_privs": true,
                                    "ca_cert": null,
                                    "check_hostname": null,
                                    "check_implicit_admin": false,
                                    "client_cert": null,
                                    "client_key": null,
                                    "config_file": "/var/lib/ansible/.my.cnf",
                                    "connect_timeout": 30,
                                    "encrypted": false,
                                    "host": "%",
                                    "host_all": false,
                                    "login_host": "169.16.1.144",
                                    "login_password": "VALUE_SPECIFIED_IN_NO_LOG_PARAMETER",
                                    "login_port": 3306,
                                    "login_unix_socket": null,
                                    "login_user": "root",
                                    "name": "neutron",
                                    "password": "VALUE_SPECIFIED_IN_NO_LOG_PARAMETER",
                                    "plugin": null,
                                    "plugin_auth_string": null,
                                    "plugin_hash_string": null,
                                    "priv": "neutron.*:ALL",
                                    "resource_limits": null,
                                    "sql_log_bin": true,
                                    "state": "present",
                                    "tls_requires": null,
                                    "update_password": "always",
                                    "user": "neutron"
                                }
                            },
                            "msg": "User added",
                            "user": "neutron"
                        }
                    },
                    "task": {
                        "duration": {
                            "end": "2023-05-05T15:38:03.914452Z",
                            "start": "2023-05-05T15:38:02.727121Z"
                        },
                        "id": "fa163e8b-0830-0c60-f008-000000000009",
                        "name": "mysql_user"
                    }
                }
            ]
        }
    ],
    "stats": {
        "localhost": {
            "changed": 1,
            "failures": 0,
            "ignored": 0,
            "ok": 1,
            "rescued": 0,
            "skipped": 0,
            "unreachable": 0
        }
    }
}
