2023-02-13 21:31:42.001 7 DEBUG oslo_db.api [-] Loading backend 'sqlalchemy' from 'ironic.db.sqlalchemy.api' _load_backend /var/lib/kolla/venv/lib/python3.9/site-packages/oslo_db/api.py:259
2023-02-13 21:31:45.358 7 DEBUG oslo_concurrency.lockutils [-] Acquiring lock "singleton_lock" lock /var/lib/kolla/venv/lib/python3.9/site-packages/oslo_concurrency/lockutils.py:312
2023-02-13 21:31:45.360 7 DEBUG oslo_concurrency.lockutils [-] Acquired lock "singleton_lock" lock /var/lib/kolla/venv/lib/python3.9/site-packages/oslo_concurrency/lockutils.py:315
2023-02-13 21:31:45.361 7 DEBUG oslo_concurrency.lockutils [-] Releasing lock "singleton_lock" lock /var/lib/kolla/venv/lib/python3.9/site-packages/oslo_concurrency/lockutils.py:333
2023-02-13 21:31:45.369 7 DEBUG ironic.conductor.base_manager [None req-0b5e35a0-5d30-495c-8593-e11e875f9dde - - - - - -] Initializing database client for host-169-16-1-162. prepare_host /var/lib/kolla/venv/lib/python3.9/site-packages/ironic/conductor/base_manager.py:82
2023-02-13 21:31:45.370 7 DEBUG ironic.conductor.base_manager [None req-0b5e35a0-5d30-495c-8593-e11e875f9dde - - - - - -] Removing stale locks from the database matching this conductor's hostname: host-169-16-1-162 prepare_host /var/lib/kolla/venv/lib/python3.9/site-packages/ironic/conductor/base_manager.py:84
2023-02-13 21:31:45.452 7 DEBUG oslo_db.sqlalchemy.engines [None req-0b5e35a0-5d30-495c-8593-e11e875f9dde - - - - - -] MySQL server mode set to STRICT_TRANS_TABLES,STRICT_ALL_TABLES,NO_ZERO_IN_DATE,NO_ZERO_DATE,ERROR_FOR_DIVISION_BY_ZERO,TRADITIONAL,NO_AUTO_CREATE_USER,NO_ENGINE_SUBSTITUTION _check_effective_sql_mode /var/lib/kolla/venv/lib/python3.9/site-packages/oslo_db/sqlalchemy/engines.py:326
2023-02-13 21:31:46.826 7 ERROR oslo_service.service [None req-0b5e35a0-5d30-495c-8593-e11e875f9dde - - - - - -] Error starting thread.: ironic.common.exception.DriverLoadError: Driver, hardware type or interface ilo could not be loaded. Reason: invalid syntax (node.py, line 2071).
2023-02-13 21:31:46.826 7 ERROR oslo_service.service Traceback (most recent call last):
2023-02-13 21:31:46.826 7 ERROR oslo_service.service   File "/var/lib/kolla/venv/lib/python3.9/site-packages/stevedore/extension.py", line 229, in _load_plugins
2023-02-13 21:31:46.826 7 ERROR oslo_service.service     ext = self._load_one_plugin(ep,
2023-02-13 21:31:46.826 7 ERROR oslo_service.service   File "/var/lib/kolla/venv/lib/python3.9/site-packages/stevedore/named.py", line 156, in _load_one_plugin
2023-02-13 21:31:46.826 7 ERROR oslo_service.service     return super(NamedExtensionManager, self)._load_one_plugin(
2023-02-13 21:31:46.826 7 ERROR oslo_service.service   File "/var/lib/kolla/venv/lib/python3.9/site-packages/stevedore/extension.py", line 263, in _load_one_plugin
2023-02-13 21:31:46.826 7 ERROR oslo_service.service     plugin = ep.load()
2023-02-13 21:31:46.826 7 ERROR oslo_service.service   File "/usr/lib64/python3.9/importlib/metadata.py", line 86, in load
2023-02-13 21:31:46.826 7 ERROR oslo_service.service     module = import_module(match.group('module'))
2023-02-13 21:31:46.826 7 ERROR oslo_service.service   File "/usr/lib64/python3.9/importlib/__init__.py", line 127, in import_module
2023-02-13 21:31:46.826 7 ERROR oslo_service.service     return _bootstrap._gcd_import(name[level:], package, level)
2023-02-13 21:31:46.826 7 ERROR oslo_service.service   File "<frozen importlib._bootstrap>", line 1030, in _gcd_import
2023-02-13 21:31:46.826 7 ERROR oslo_service.service   File "<frozen importlib._bootstrap>", line 1007, in _find_and_load
2023-02-13 21:31:46.826 7 ERROR oslo_service.service   File "<frozen importlib._bootstrap>", line 986, in _find_and_load_unlocked
2023-02-13 21:31:46.826 7 ERROR oslo_service.service   File "<frozen importlib._bootstrap>", line 680, in _load_unlocked
2023-02-13 21:31:46.826 7 ERROR oslo_service.service   File "<frozen importlib._bootstrap_external>", line 850, in exec_module
2023-02-13 21:31:46.826 7 ERROR oslo_service.service   File "<frozen importlib._bootstrap>", line 228, in _call_with_frames_removed
2023-02-13 21:31:46.826 7 ERROR oslo_service.service   File "/var/lib/kolla/venv/lib/python3.9/site-packages/ironic/drivers/ilo.py", line 19, in <module>
2023-02-13 21:31:46.826 7 ERROR oslo_service.service     from ironic.drivers import generic
2023-02-13 21:31:46.826 7 ERROR oslo_service.service   File "/var/lib/kolla/venv/lib/python3.9/site-packages/ironic/drivers/generic.py", line 26, in <module>
2023-02-13 21:31:46.826 7 ERROR oslo_service.service     from ironic.drivers.modules.network import flat as flat_net
2023-02-13 21:31:46.826 7 ERROR oslo_service.service   File "/var/lib/kolla/venv/lib/python3.9/site-packages/ironic/drivers/modules/network/flat.py", line 23, in <module>
2023-02-13 21:31:46.826 7 ERROR oslo_service.service     from ironic.common import neutron
2023-02-13 21:31:46.826 7 ERROR oslo_service.service   File "/var/lib/kolla/venv/lib/python3.9/site-packages/ironic/common/neutron.py", line 22, in <module>
2023-02-13 21:31:46.826 7 ERROR oslo_service.service     from ironic.api.controllers.v1 import utils as api_utils
2023-02-13 21:31:46.826 7 ERROR oslo_service.service   File "/var/lib/kolla/venv/lib/python3.9/site-packages/ironic/api/controllers/v1/__init__.py", line 30, in <module>
2023-02-13 21:31:46.826 7 ERROR oslo_service.service     from ironic.api.controllers.v1 import chassis
2023-02-13 21:31:46.826 7 ERROR oslo_service.service   File "/var/lib/kolla/venv/lib/python3.9/site-packages/ironic/api/controllers/v1/chassis.py", line 25, in <module>
2023-02-13 21:31:46.826 7 ERROR oslo_service.service     from ironic.api.controllers.v1 import node
2023-02-13 21:31:46.826 7 ERROR oslo_service.service   File "/var/lib/kolla/venv/lib/python3.9/site-packages/ironic/api/controllers/v1/node.py", line 2071
2023-02-13 21:31:46.826 7 ERROR oslo_service.service     <<<<<<< HEAD
2023-02-13 21:31:46.826 7 ERROR oslo_service.service     ^
2023-02-13 21:31:46.826 7 ERROR oslo_service.service SyntaxError: invalid syntax
2023-02-13 21:31:46.826 7 ERROR oslo_service.service 
2023-02-13 21:31:46.826 7 ERROR oslo_service.service During handling of the above exception, another exception occurred:
2023-02-13 21:31:46.826 7 ERROR oslo_service.service 
2023-02-13 21:31:46.826 7 ERROR oslo_service.service Traceback (most recent call last):
2023-02-13 21:31:46.826 7 ERROR oslo_service.service   File "/var/lib/kolla/venv/lib/python3.9/site-packages/oslo_service/service.py", line 806, in run_service
2023-02-13 21:31:46.826 7 ERROR oslo_service.service     service.start()
2023-02-13 21:31:46.826 7 ERROR oslo_service.service   File "/var/lib/kolla/venv/lib/python3.9/site-packages/ironic/common/rpc_service.py", line 62, in start
2023-02-13 21:31:46.826 7 ERROR oslo_service.service     self._real_start()
2023-02-13 21:31:46.826 7 ERROR oslo_service.service   File "/var/lib/kolla/venv/lib/python3.9/site-packages/ironic/common/rpc_service.py", line 87, in _real_start
2023-02-13 21:31:46.826 7 ERROR oslo_service.service     self.manager.init_host(admin_context)
2023-02-13 21:31:46.826 7 ERROR oslo_service.service   File "/var/lib/kolla/venv/lib/python3.9/site-packages/ironic/conductor/base_manager.py", line 136, in init_host
2023-02-13 21:31:46.826 7 ERROR oslo_service.service     hardware_types = driver_factory.hardware_types()
2023-02-13 21:31:46.826 7 ERROR oslo_service.service   File "/var/lib/kolla/venv/lib/python3.9/site-packages/ironic/common/driver_factory.py", line 266, in hardware_types
2023-02-13 21:31:46.826 7 ERROR oslo_service.service     return _get_all_drivers(HardwareTypesFactory())
2023-02-13 21:31:46.826 7 ERROR oslo_service.service   File "/var/lib/kolla/venv/lib/python3.9/site-packages/ironic/common/driver_factory.py", line 336, in __init__
2023-02-13 21:31:46.826 7 ERROR oslo_service.service     self.__class__._init_extension_manager()
2023-02-13 21:31:46.826 7 ERROR oslo_service.service   File "/var/lib/kolla/venv/lib/python3.9/site-packages/ironic/common/driver_factory.py", line 407, in _init_extension_manager
2023-02-13 21:31:46.826 7 ERROR oslo_service.service     stevedore.NamedExtensionManager(
2023-02-13 21:31:46.826 7 ERROR oslo_service.service   File "/var/lib/kolla/venv/lib/python3.9/site-packages/stevedore/named.py", line 78, in __init__
2023-02-13 21:31:46.826 7 ERROR oslo_service.service     extensions = self._load_plugins(invoke_on_load,
2023-02-13 21:31:46.826 7 ERROR oslo_service.service   File "/var/lib/kolla/venv/lib/python3.9/site-packages/stevedore/extension.py", line 241, in _load_plugins
2023-02-13 21:31:46.826 7 ERROR oslo_service.service     self._on_load_failure_callback(self, ep, err)
2023-02-13 21:31:46.826 7 ERROR oslo_service.service   File "/var/lib/kolla/venv/lib/python3.9/site-packages/ironic/common/driver_factory.py", line 358, in _catch_driver_not_found
2023-02-13 21:31:46.826 7 ERROR oslo_service.service     raise exception.DriverLoadError(driver=ep.name, reason=exc)
2023-02-13 21:31:46.826 7 ERROR oslo_service.service ironic.common.exception.DriverLoadError: Driver, hardware type or interface ilo could not be loaded. Reason: invalid syntax (node.py, line 2071).
2023-02-13 21:31:46.826 7 ERROR oslo_service.service 
2023-02-13 21:32:04.096 7 DEBUG oslo_db.api [-] Loading backend 'sqlalchemy' from 'ironic.db.sqlalchemy.api' _load_backend /var/lib/kolla/venv/lib/python3.9/site-packages/oslo_db/api.py:259
2023-02-13 21:32:07.221 7 DEBUG oslo_concurrency.lockutils [-] Acquiring lock "singleton_lock" lock /var/lib/kolla/venv/lib/python3.9/site-packages/oslo_concurrency/lockutils.py:312
2023-02-13 21:32:07.222 7 DEBUG oslo_concurrency.lockutils [-] Acquired lock "singleton_lock" lock /var/lib/kolla/venv/lib/python3.9/site-packages/oslo_concurrency/lockutils.py:315
2023-02-13 21:32:07.223 7 DEBUG oslo_concurrency.lockutils [-] Releasing lock "singleton_lock" lock /var/lib/kolla/venv/lib/python3.9/site-packages/oslo_concurrency/lockutils.py:333
2023-02-13 21:32:07.224 7 DEBUG ironic.conductor.base_manager [None req-a4b8b9b1-d3da-4c92-8858-64af05a4af7a - - - - - -] Initializing database client for host-169-16-1-162. prepare_host /var/lib/kolla/venv/lib/python3.9/site-packages/ironic/conductor/base_manager.py:82
2023-02-13 21:32:07.225 7 DEBUG ironic.conductor.base_manager [None req-a4b8b9b1-d3da-4c92-8858-64af05a4af7a - - - - - -] Removing stale locks from the database matching this conductor's hostname: host-169-16-1-162 prepare_host /var/lib/kolla/venv/lib/python3.9/site-packages/ironic/conductor/base_manager.py:84
2023-02-13 21:32:07.272 7 DEBUG oslo_db.sqlalchemy.engines [None req-a4b8b9b1-d3da-4c92-8858-64af05a4af7a - - - - - -] MySQL server mode set to STRICT_TRANS_TABLES,STRICT_ALL_TABLES,NO_ZERO_IN_DATE,NO_ZERO_DATE,ERROR_FOR_DIVISION_BY_ZERO,TRADITIONAL,NO_AUTO_CREATE_USER,NO_ENGINE_SUBSTITUTION _check_effective_sql_mode /var/lib/kolla/venv/lib/python3.9/site-packages/oslo_db/sqlalchemy/engines.py:326
2023-02-13 21:32:07.799 7 ERROR oslo_service.service [None req-a4b8b9b1-d3da-4c92-8858-64af05a4af7a - - - - - -] Error starting thread.: ironic.common.exception.DriverLoadError: Driver, hardware type or interface ilo could not be loaded. Reason: invalid syntax (node.py, line 2071).
2023-02-13 21:32:07.799 7 ERROR oslo_service.service Traceback (most recent call last):
2023-02-13 21:32:07.799 7 ERROR oslo_service.service   File "/var/lib/kolla/venv/lib/python3.9/site-packages/stevedore/extension.py", line 229, in _load_plugins
2023-02-13 21:32:07.799 7 ERROR oslo_service.service     ext = self._load_one_plugin(ep,
2023-02-13 21:32:07.799 7 ERROR oslo_service.service   File "/var/lib/kolla/venv/lib/python3.9/site-packages/stevedore/named.py", line 156, in _load_one_plugin
2023-02-13 21:32:07.799 7 ERROR oslo_service.service     return super(NamedExtensionManager, self)._load_one_plugin(
2023-02-13 21:32:07.799 7 ERROR oslo_service.service   File "/var/lib/kolla/venv/lib/python3.9/site-packages/stevedore/extension.py", line 263, in _load_one_plugin
2023-02-13 21:32:07.799 7 ERROR oslo_service.service     plugin = ep.load()
2023-02-13 21:32:07.799 7 ERROR oslo_service.service   File "/usr/lib64/python3.9/importlib/metadata.py", line 86, in load
2023-02-13 21:32:07.799 7 ERROR oslo_service.service     module = import_module(match.group('module'))
2023-02-13 21:32:07.799 7 ERROR oslo_service.service   File "/usr/lib64/python3.9/importlib/__init__.py", line 127, in import_module
2023-02-13 21:32:07.799 7 ERROR oslo_service.service     return _bootstrap._gcd_import(name[level:], package, level)
2023-02-13 21:32:07.799 7 ERROR oslo_service.service   File "<frozen importlib._bootstrap>", line 1030, in _gcd_import
2023-02-13 21:32:07.799 7 ERROR oslo_service.service   File "<frozen importlib._bootstrap>", line 1007, in _find_and_load
2023-02-13 21:32:07.799 7 ERROR oslo_service.service   File "<frozen importlib._bootstrap>", line 986, in _find_and_load_unlocked
2023-02-13 21:32:07.799 7 ERROR oslo_service.service   File "<frozen importlib._bootstrap>", line 680, in _load_unlocked
2023-02-13 21:32:07.799 7 ERROR oslo_service.service   File "<frozen importlib._bootstrap_external>", line 850, in exec_module
2023-02-13 21:32:07.799 7 ERROR oslo_service.service   File "<frozen importlib._bootstrap>", line 228, in _call_with_frames_removed
2023-02-13 21:32:07.799 7 ERROR oslo_service.service   File "/var/lib/kolla/venv/lib/python3.9/site-packages/ironic/drivers/ilo.py", line 19, in <module>
2023-02-13 21:32:07.799 7 ERROR oslo_service.service     from ironic.drivers import generic
2023-02-13 21:32:07.799 7 ERROR oslo_service.service   File "/var/lib/kolla/venv/lib/python3.9/site-packages/ironic/drivers/generic.py", line 26, in <module>
2023-02-13 21:32:07.799 7 ERROR oslo_service.service     from ironic.drivers.modules.network import flat as flat_net
2023-02-13 21:32:07.799 7 ERROR oslo_service.service   File "/var/lib/kolla/venv/lib/python3.9/site-packages/ironic/drivers/modules/network/flat.py", line 23, in <module>
2023-02-13 21:32:07.799 7 ERROR oslo_service.service     from ironic.common import neutron
2023-02-13 21:32:07.799 7 ERROR oslo_service.service   File "/var/lib/kolla/venv/lib/python3.9/site-packages/ironic/common/neutron.py", line 22, in <module>
2023-02-13 21:32:07.799 7 ERROR oslo_service.service     from ironic.api.controllers.v1 import utils as api_utils
2023-02-13 21:32:07.799 7 ERROR oslo_service.service   File "/var/lib/kolla/venv/lib/python3.9/site-packages/ironic/api/controllers/v1/__init__.py", line 30, in <module>
2023-02-13 21:32:07.799 7 ERROR oslo_service.service     from ironic.api.controllers.v1 import chassis
2023-02-13 21:32:07.799 7 ERROR oslo_service.service   File "/var/lib/kolla/venv/lib/python3.9/site-packages/ironic/api/controllers/v1/chassis.py", line 25, in <module>
2023-02-13 21:32:07.799 7 ERROR oslo_service.service     from ironic.api.controllers.v1 import node
2023-02-13 21:32:07.799 7 ERROR oslo_service.service   File "/var/lib/kolla/venv/lib/python3.9/site-packages/ironic/api/controllers/v1/node.py", line 2071
2023-02-13 21:32:07.799 7 ERROR oslo_service.service     <<<<<<< HEAD
2023-02-13 21:32:07.799 7 ERROR oslo_service.service     ^
2023-02-13 21:32:07.799 7 ERROR oslo_service.service SyntaxError: invalid syntax
2023-02-13 21:32:07.799 7 ERROR oslo_service.service 
2023-02-13 21:32:07.799 7 ERROR oslo_service.service During handling of the above exception, another exception occurred:
2023-02-13 21:32:07.799 7 ERROR oslo_service.service 
2023-02-13 21:32:07.799 7 ERROR oslo_service.service Traceback (most recent call last):
2023-02-13 21:32:07.799 7 ERROR oslo_service.service   File "/var/lib/kolla/venv/lib/python3.9/site-packages/oslo_service/service.py", line 806, in run_service
2023-02-13 21:32:07.799 7 ERROR oslo_service.service     service.start()
2023-02-13 21:32:07.799 7 ERROR oslo_service.service   File "/var/lib/kolla/venv/lib/python3.9/site-packages/ironic/common/rpc_service.py", line 62, in start
2023-02-13 21:32:07.799 7 ERROR oslo_service.service     self._real_start()
2023-02-13 21:32:07.799 7 ERROR oslo_service.service   File "/var/lib/kolla/venv/lib/python3.9/site-packages/ironic/common/rpc_service.py", line 87, in _real_start
2023-02-13 21:32:07.799 7 ERROR oslo_service.service     self.manager.init_host(admin_context)
2023-02-13 21:32:07.799 7 ERROR oslo_service.service   File "/var/lib/kolla/venv/lib/python3.9/site-packages/ironic/conductor/base_manager.py", line 136, in init_host
2023-02-13 21:32:07.799 7 ERROR oslo_service.service     hardware_types = driver_factory.hardware_types()
2023-02-13 21:32:07.799 7 ERROR oslo_service.service   File "/var/lib/kolla/venv/lib/python3.9/site-packages/ironic/common/driver_factory.py", line 266, in hardware_types
2023-02-13 21:32:07.799 7 ERROR oslo_service.service     return _get_all_drivers(HardwareTypesFactory())
2023-02-13 21:32:07.799 7 ERROR oslo_service.service   File "/var/lib/kolla/venv/lib/python3.9/site-packages/ironic/common/driver_factory.py", line 336, in __init__
2023-02-13 21:32:07.799 7 ERROR oslo_service.service     self.__class__._init_extension_manager()
2023-02-13 21:32:07.799 7 ERROR oslo_service.service   File "/var/lib/kolla/venv/lib/python3.9/site-packages/ironic/common/driver_factory.py", line 407, in _init_extension_manager
2023-02-13 21:32:07.799 7 ERROR oslo_service.service     stevedore.NamedExtensionManager(
2023-02-13 21:32:07.799 7 ERROR oslo_service.service   File "/var/lib/kolla/venv/lib/python3.9/site-packages/stevedore/named.py", line 78, in __init__
2023-02-13 21:32:07.799 7 ERROR oslo_service.service     extensions = self._load_plugins(invoke_on_load,
2023-02-13 21:32:07.799 7 ERROR oslo_service.service   File "/var/lib/kolla/venv/lib/python3.9/site-packages/stevedore/extension.py", line 241, in _load_plugins
2023-02-13 21:32:07.799 7 ERROR oslo_service.service     self._on_load_failure_callback(self, ep, err)
2023-02-13 21:32:07.799 7 ERROR oslo_service.service   File "/var/lib/kolla/venv/lib/python3.9/site-packages/ironic/common/driver_factory.py", line 358, in _catch_driver_not_found
2023-02-13 21:32:07.799 7 ERROR oslo_service.service     raise exception.DriverLoadError(driver=ep.name, reason=exc)
2023-02-13 21:32:07.799 7 ERROR oslo_service.service ironic.common.exception.DriverLoadError: Driver, hardware type or interface ilo could not be loaded. Reason: invalid syntax (node.py, line 2071).
2023-02-13 21:32:07.799 7 ERROR oslo_service.service 
2023-02-13 21:32:12.814 7 DEBUG oslo_db.api [-] Loading backend 'sqlalchemy' from 'ironic.db.sqlalchemy.api' _load_backend /var/lib/kolla/venv/lib/python3.9/site-packages/oslo_db/api.py:259
2023-02-13 21:32:14.466 7 DEBUG oslo_concurrency.lockutils [-] Acquiring lock "singleton_lock" lock /var/lib/kolla/venv/lib/python3.9/site-packages/oslo_concurrency/lockutils.py:312
2023-02-13 21:32:14.468 7 DEBUG oslo_concurrency.lockutils [-] Acquired lock "singleton_lock" lock /var/lib/kolla/venv/lib/python3.9/site-packages/oslo_concurrency/lockutils.py:315
2023-02-13 21:32:14.469 7 DEBUG oslo_concurrency.lockutils [-] Releasing lock "singleton_lock" lock /var/lib/kolla/venv/lib/python3.9/site-packages/oslo_concurrency/lockutils.py:333
2023-02-13 21:32:14.471 7 DEBUG ironic.conductor.base_manager [None req-a1b7746d-927d-410f-a839-59fd919be21e - - - - - -] Initializing database client for host-169-16-1-162. prepare_host /var/lib/kolla/venv/lib/python3.9/site-packages/ironic/conductor/base_manager.py:82
2023-02-13 21:32:14.471 7 DEBUG ironic.conductor.base_manager [None req-a1b7746d-927d-410f-a839-59fd919be21e - - - - - -] Removing stale locks from the database matching this conductor's hostname: host-169-16-1-162 prepare_host /var/lib/kolla/venv/lib/python3.9/site-packages/ironic/conductor/base_manager.py:84
2023-02-13 21:32:14.507 7 DEBUG oslo_db.sqlalchemy.engines [None req-a1b7746d-927d-410f-a839-59fd919be21e - - - - - -] MySQL server mode set to STRICT_TRANS_TABLES,STRICT_ALL_TABLES,NO_ZERO_IN_DATE,NO_ZERO_DATE,ERROR_FOR_DIVISION_BY_ZERO,TRADITIONAL,NO_AUTO_CREATE_USER,NO_ENGINE_SUBSTITUTION _check_effective_sql_mode /var/lib/kolla/venv/lib/python3.9/site-packages/oslo_db/sqlalchemy/engines.py:326
2023-02-13 21:32:14.916 7 ERROR oslo_service.service [None req-a1b7746d-927d-410f-a839-59fd919be21e - - - - - -] Error starting thread.: ironic.common.exception.DriverLoadError: Driver, hardware type or interface ilo could not be loaded. Reason: invalid syntax (node.py, line 2071).
2023-02-13 21:32:14.916 7 ERROR oslo_service.service Traceback (most recent call last):
2023-02-13 21:32:14.916 7 ERROR oslo_service.service   File "/var/lib/kolla/venv/lib/python3.9/site-packages/stevedore/extension.py", line 229, in _load_plugins
2023-02-13 21:32:14.916 7 ERROR oslo_service.service     ext = self._load_one_plugin(ep,
2023-02-13 21:32:14.916 7 ERROR oslo_service.service   File "/var/lib/kolla/venv/lib/python3.9/site-packages/stevedore/named.py", line 156, in _load_one_plugin
2023-02-13 21:32:14.916 7 ERROR oslo_service.service     return super(NamedExtensionManager, self)._load_one_plugin(
2023-02-13 21:32:14.916 7 ERROR oslo_service.service   File "/var/lib/kolla/venv/lib/python3.9/site-packages/stevedore/extension.py", line 263, in _load_one_plugin
2023-02-13 21:32:14.916 7 ERROR oslo_service.service     plugin = ep.load()
2023-02-13 21:32:14.916 7 ERROR oslo_service.service   File "/usr/lib64/python3.9/importlib/metadata.py", line 86, in load
2023-02-13 21:32:14.916 7 ERROR oslo_service.service     module = import_module(match.group('module'))
2023-02-13 21:32:14.916 7 ERROR oslo_service.service   File "/usr/lib64/python3.9/importlib/__init__.py", line 127, in import_module
2023-02-13 21:32:14.916 7 ERROR oslo_service.service     return _bootstrap._gcd_import(name[level:], package, level)
2023-02-13 21:32:14.916 7 ERROR oslo_service.service   File "<frozen importlib._bootstrap>", line 1030, in _gcd_import
2023-02-13 21:32:14.916 7 ERROR oslo_service.service   File "<frozen importlib._bootstrap>", line 1007, in _find_and_load
2023-02-13 21:32:14.916 7 ERROR oslo_service.service   File "<frozen importlib._bootstrap>", line 986, in _find_and_load_unlocked
2023-02-13 21:32:14.916 7 ERROR oslo_service.service   File "<frozen importlib._bootstrap>", line 680, in _load_unlocked
2023-02-13 21:32:14.916 7 ERROR oslo_service.service   File "<frozen importlib._bootstrap_external>", line 850, in exec_module
2023-02-13 21:32:14.916 7 ERROR oslo_service.service   File "<frozen importlib._bootstrap>", line 228, in _call_with_frames_removed
2023-02-13 21:32:14.916 7 ERROR oslo_service.service   File "/var/lib/kolla/venv/lib/python3.9/site-packages/ironic/drivers/ilo.py", line 19, in <module>
2023-02-13 21:32:14.916 7 ERROR oslo_service.service     from ironic.drivers import generic
2023-02-13 21:32:14.916 7 ERROR oslo_service.service   File "/var/lib/kolla/venv/lib/python3.9/site-packages/ironic/drivers/generic.py", line 26, in <module>
2023-02-13 21:32:14.916 7 ERROR oslo_service.service     from ironic.drivers.modules.network import flat as flat_net
2023-02-13 21:32:14.916 7 ERROR oslo_service.service   File "/var/lib/kolla/venv/lib/python3.9/site-packages/ironic/drivers/modules/network/flat.py", line 23, in <module>
2023-02-13 21:32:14.916 7 ERROR oslo_service.service     from ironic.common import neutron
2023-02-13 21:32:14.916 7 ERROR oslo_service.service   File "/var/lib/kolla/venv/lib/python3.9/site-packages/ironic/common/neutron.py", line 22, in <module>
2023-02-13 21:32:14.916 7 ERROR oslo_service.service     from ironic.api.controllers.v1 import utils as api_utils
2023-02-13 21:32:14.916 7 ERROR oslo_service.service   File "/var/lib/kolla/venv/lib/python3.9/site-packages/ironic/api/controllers/v1/__init__.py", line 30, in <module>
2023-02-13 21:32:14.916 7 ERROR oslo_service.service     from ironic.api.controllers.v1 import chassis
2023-02-13 21:32:14.916 7 ERROR oslo_service.service   File "/var/lib/kolla/venv/lib/python3.9/site-packages/ironic/api/controllers/v1/chassis.py", line 25, in <module>
2023-02-13 21:32:14.916 7 ERROR oslo_service.service     from ironic.api.controllers.v1 import node
2023-02-13 21:32:14.916 7 ERROR oslo_service.service   File "/var/lib/kolla/venv/lib/python3.9/site-packages/ironic/api/controllers/v1/node.py", line 2071
2023-02-13 21:32:14.916 7 ERROR oslo_service.service     <<<<<<< HEAD
2023-02-13 21:32:14.916 7 ERROR oslo_service.service     ^
2023-02-13 21:32:14.916 7 ERROR oslo_service.service SyntaxError: invalid syntax
2023-02-13 21:32:14.916 7 ERROR oslo_service.service 
2023-02-13 21:32:14.916 7 ERROR oslo_service.service During handling of the above exception, another exception occurred:
2023-02-13 21:32:14.916 7 ERROR oslo_service.service 
2023-02-13 21:32:14.916 7 ERROR oslo_service.service Traceback (most recent call last):
2023-02-13 21:32:14.916 7 ERROR oslo_service.service   File "/var/lib/kolla/venv/lib/python3.9/site-packages/oslo_service/service.py", line 806, in run_service
2023-02-13 21:32:14.916 7 ERROR oslo_service.service     service.start()
2023-02-13 21:32:14.916 7 ERROR oslo_service.service   File "/var/lib/kolla/venv/lib/python3.9/site-packages/ironic/common/rpc_service.py", line 62, in start
2023-02-13 21:32:14.916 7 ERROR oslo_service.service     self._real_start()
2023-02-13 21:32:14.916 7 ERROR oslo_service.service   File "/var/lib/kolla/venv/lib/python3.9/site-packages/ironic/common/rpc_service.py", line 87, in _real_start
2023-02-13 21:32:14.916 7 ERROR oslo_service.service     self.manager.init_host(admin_context)
2023-02-13 21:32:14.916 7 ERROR oslo_service.service   File "/var/lib/kolla/venv/lib/python3.9/site-packages/ironic/conductor/base_manager.py", line 136, in init_host
2023-02-13 21:32:14.916 7 ERROR oslo_service.service     hardware_types = driver_factory.hardware_types()
2023-02-13 21:32:14.916 7 ERROR oslo_service.service   File "/var/lib/kolla/venv/lib/python3.9/site-packages/ironic/common/driver_factory.py", line 266, in hardware_types
2023-02-13 21:32:14.916 7 ERROR oslo_service.service     return _get_all_drivers(HardwareTypesFactory())
2023-02-13 21:32:14.916 7 ERROR oslo_service.service   File "/var/lib/kolla/venv/lib/python3.9/site-packages/ironic/common/driver_factory.py", line 336, in __init__
2023-02-13 21:32:14.916 7 ERROR oslo_service.service     self.__class__._init_extension_manager()
2023-02-13 21:32:14.916 7 ERROR oslo_service.service   File "/var/lib/kolla/venv/lib/python3.9/site-packages/ironic/common/driver_factory.py", line 407, in _init_extension_manager
2023-02-13 21:32:14.916 7 ERROR oslo_service.service     stevedore.NamedExtensionManager(
2023-02-13 21:32:14.916 7 ERROR oslo_service.service   File "/var/lib/kolla/venv/lib/python3.9/site-packages/stevedore/named.py", line 78, in __init__
2023-02-13 21:32:14.916 7 ERROR oslo_service.service     extensions = self._load_plugins(invoke_on_load,
2023-02-13 21:32:14.916 7 ERROR oslo_service.service   File "/var/lib/kolla/venv/lib/python3.9/site-packages/stevedore/extension.py", line 241, in _load_plugins
2023-02-13 21:32:14.916 7 ERROR oslo_service.service     self._on_load_failure_callback(self, ep, err)
2023-02-13 21:32:14.916 7 ERROR oslo_service.service   File "/var/lib/kolla/venv/lib/python3.9/site-packages/ironic/common/driver_factory.py", line 358, in _catch_driver_not_found
2023-02-13 21:32:14.916 7 ERROR oslo_service.service     raise exception.DriverLoadError(driver=ep.name, reason=exc)
2023-02-13 21:32:14.916 7 ERROR oslo_service.service ironic.common.exception.DriverLoadError: Driver, hardware type or interface ilo could not be loaded. Reason: invalid syntax (node.py, line 2071).
2023-02-13 21:32:14.916 7 ERROR oslo_service.service 
2023-02-13 21:32:19.129 6 DEBUG oslo_db.api [-] Loading backend 'sqlalchemy' from 'ironic.db.sqlalchemy.api' _load_backend /var/lib/kolla/venv/lib/python3.9/site-packages/oslo_db/api.py:259
2023-02-13 21:32:20.658 6 DEBUG oslo_concurrency.lockutils [-] Acquiring lock "singleton_lock" lock /var/lib/kolla/venv/lib/python3.9/site-packages/oslo_concurrency/lockutils.py:312
2023-02-13 21:32:20.660 6 DEBUG oslo_concurrency.lockutils [-] Acquired lock "singleton_lock" lock /var/lib/kolla/venv/lib/python3.9/site-packages/oslo_concurrency/lockutils.py:315
2023-02-13 21:32:20.661 6 DEBUG oslo_concurrency.lockutils [-] Releasing lock "singleton_lock" lock /var/lib/kolla/venv/lib/python3.9/site-packages/oslo_concurrency/lockutils.py:333
2023-02-13 21:32:20.662 6 DEBUG ironic.conductor.base_manager [None req-63094137-9eab-4a26-be9d-b722169d8cfd - - - - - -] Initializing database client for host-169-16-1-162. prepare_host /var/lib/kolla/venv/lib/python3.9/site-packages/ironic/conductor/base_manager.py:82
2023-02-13 21:32:20.662 6 DEBUG ironic.conductor.base_manager [None req-63094137-9eab-4a26-be9d-b722169d8cfd - - - - - -] Removing stale locks from the database matching this conductor's hostname: host-169-16-1-162 prepare_host /var/lib/kolla/venv/lib/python3.9/site-packages/ironic/conductor/base_manager.py:84
2023-02-13 21:32:20.697 6 DEBUG oslo_db.sqlalchemy.engines [None req-63094137-9eab-4a26-be9d-b722169d8cfd - - - - - -] MySQL server mode set to STRICT_TRANS_TABLES,STRICT_ALL_TABLES,NO_ZERO_IN_DATE,NO_ZERO_DATE,ERROR_FOR_DIVISION_BY_ZERO,TRADITIONAL,NO_AUTO_CREATE_USER,NO_ENGINE_SUBSTITUTION _check_effective_sql_mode /var/lib/kolla/venv/lib/python3.9/site-packages/oslo_db/sqlalchemy/engines.py:326
2023-02-13 21:32:21.088 6 ERROR oslo_service.service [None req-63094137-9eab-4a26-be9d-b722169d8cfd - - - - - -] Error starting thread.: ironic.common.exception.DriverLoadError: Driver, hardware type or interface ilo could not be loaded. Reason: invalid syntax (node.py, line 2071).
2023-02-13 21:32:21.088 6 ERROR oslo_service.service Traceback (most recent call last):
2023-02-13 21:32:21.088 6 ERROR oslo_service.service   File "/var/lib/kolla/venv/lib/python3.9/site-packages/stevedore/extension.py", line 229, in _load_plugins
2023-02-13 21:32:21.088 6 ERROR oslo_service.service     ext = self._load_one_plugin(ep,
2023-02-13 21:32:21.088 6 ERROR oslo_service.service   File "/var/lib/kolla/venv/lib/python3.9/site-packages/stevedore/named.py", line 156, in _load_one_plugin
2023-02-13 21:32:21.088 6 ERROR oslo_service.service     return super(NamedExtensionManager, self)._load_one_plugin(
2023-02-13 21:32:21.088 6 ERROR oslo_service.service   File "/var/lib/kolla/venv/lib/python3.9/site-packages/stevedore/extension.py", line 263, in _load_one_plugin
2023-02-13 21:32:21.088 6 ERROR oslo_service.service     plugin = ep.load()
2023-02-13 21:32:21.088 6 ERROR oslo_service.service   File "/usr/lib64/python3.9/importlib/metadata.py", line 86, in load
2023-02-13 21:32:21.088 6 ERROR oslo_service.service     module = import_module(match.group('module'))
2023-02-13 21:32:21.088 6 ERROR oslo_service.service   File "/usr/lib64/python3.9/importlib/__init__.py", line 127, in import_module
2023-02-13 21:32:21.088 6 ERROR oslo_service.service     return _bootstrap._gcd_import(name[level:], package, level)
2023-02-13 21:32:21.088 6 ERROR oslo_service.service   File "<frozen importlib._bootstrap>", line 1030, in _gcd_import
2023-02-13 21:32:21.088 6 ERROR oslo_service.service   File "<frozen importlib._bootstrap>", line 1007, in _find_and_load
2023-02-13 21:32:21.088 6 ERROR oslo_service.service   File "<frozen importlib._bootstrap>", line 986, in _find_and_load_unlocked
2023-02-13 21:32:21.088 6 ERROR oslo_service.service   File "<frozen importlib._bootstrap>", line 680, in _load_unlocked
2023-02-13 21:32:21.088 6 ERROR oslo_service.service   File "<frozen importlib._bootstrap_external>", line 850, in exec_module
2023-02-13 21:32:21.088 6 ERROR oslo_service.service   File "<frozen importlib._bootstrap>", line 228, in _call_with_frames_removed
2023-02-13 21:32:21.088 6 ERROR oslo_service.service   File "/var/lib/kolla/venv/lib/python3.9/site-packages/ironic/drivers/ilo.py", line 19, in <module>
2023-02-13 21:32:21.088 6 ERROR oslo_service.service     from ironic.drivers import generic
2023-02-13 21:32:21.088 6 ERROR oslo_service.service   File "/var/lib/kolla/venv/lib/python3.9/site-packages/ironic/drivers/generic.py", line 26, in <module>
2023-02-13 21:32:21.088 6 ERROR oslo_service.service     from ironic.drivers.modules.network import flat as flat_net
2023-02-13 21:32:21.088 6 ERROR oslo_service.service   File "/var/lib/kolla/venv/lib/python3.9/site-packages/ironic/drivers/modules/network/flat.py", line 23, in <module>
2023-02-13 21:32:21.088 6 ERROR oslo_service.service     from ironic.common import neutron
2023-02-13 21:32:21.088 6 ERROR oslo_service.service   File "/var/lib/kolla/venv/lib/python3.9/site-packages/ironic/common/neutron.py", line 22, in <module>
2023-02-13 21:32:21.088 6 ERROR oslo_service.service     from ironic.api.controllers.v1 import utils as api_utils
2023-02-13 21:32:21.088 6 ERROR oslo_service.service   File "/var/lib/kolla/venv/lib/python3.9/site-packages/ironic/api/controllers/v1/__init__.py", line 30, in <module>
2023-02-13 21:32:21.088 6 ERROR oslo_service.service     from ironic.api.controllers.v1 import chassis
2023-02-13 21:32:21.088 6 ERROR oslo_service.service   File "/var/lib/kolla/venv/lib/python3.9/site-packages/ironic/api/controllers/v1/chassis.py", line 25, in <module>
2023-02-13 21:32:21.088 6 ERROR oslo_service.service     from ironic.api.controllers.v1 import node
2023-02-13 21:32:21.088 6 ERROR oslo_service.service   File "/var/lib/kolla/venv/lib/python3.9/site-packages/ironic/api/controllers/v1/node.py", line 2071
2023-02-13 21:32:21.088 6 ERROR oslo_service.service     <<<<<<< HEAD
2023-02-13 21:32:21.088 6 ERROR oslo_service.service     ^
2023-02-13 21:32:21.088 6 ERROR oslo_service.service SyntaxError: invalid syntax
2023-02-13 21:32:21.088 6 ERROR oslo_service.service 
2023-02-13 21:32:21.088 6 ERROR oslo_service.service During handling of the above exception, another exception occurred:
2023-02-13 21:32:21.088 6 ERROR oslo_service.service 
2023-02-13 21:32:21.088 6 ERROR oslo_service.service Traceback (most recent call last):
2023-02-13 21:32:21.088 6 ERROR oslo_service.service   File "/var/lib/kolla/venv/lib/python3.9/site-packages/oslo_service/service.py", line 806, in run_service
2023-02-13 21:32:21.088 6 ERROR oslo_service.service     service.start()
2023-02-13 21:32:21.088 6 ERROR oslo_service.service   File "/var/lib/kolla/venv/lib/python3.9/site-packages/ironic/common/rpc_service.py", line 62, in start
2023-02-13 21:32:21.088 6 ERROR oslo_service.service     self._real_start()
2023-02-13 21:32:21.088 6 ERROR oslo_service.service   File "/var/lib/kolla/venv/lib/python3.9/site-packages/ironic/common/rpc_service.py", line 87, in _real_start
2023-02-13 21:32:21.088 6 ERROR oslo_service.service     self.manager.init_host(admin_context)
2023-02-13 21:32:21.088 6 ERROR oslo_service.service   File "/var/lib/kolla/venv/lib/python3.9/site-packages/ironic/conductor/base_manager.py", line 136, in init_host
2023-02-13 21:32:21.088 6 ERROR oslo_service.service     hardware_types = driver_factory.hardware_types()
2023-02-13 21:32:21.088 6 ERROR oslo_service.service   File "/var/lib/kolla/venv/lib/python3.9/site-packages/ironic/common/driver_factory.py", line 266, in hardware_types
2023-02-13 21:32:21.088 6 ERROR oslo_service.service     return _get_all_drivers(HardwareTypesFactory())
2023-02-13 21:32:21.088 6 ERROR oslo_service.service   File "/var/lib/kolla/venv/lib/python3.9/site-packages/ironic/common/driver_factory.py", line 336, in __init__
2023-02-13 21:32:21.088 6 ERROR oslo_service.service     self.__class__._init_extension_manager()
2023-02-13 21:32:21.088 6 ERROR oslo_service.service   File "/var/lib/kolla/venv/lib/python3.9/site-packages/ironic/common/driver_factory.py", line 407, in _init_extension_manager
2023-02-13 21:32:21.088 6 ERROR oslo_service.service     stevedore.NamedExtensionManager(
2023-02-13 21:32:21.088 6 ERROR oslo_service.service   File "/var/lib/kolla/venv/lib/python3.9/site-packages/stevedore/named.py", line 78, in __init__
2023-02-13 21:32:21.088 6 ERROR oslo_service.service     extensions = self._load_plugins(invoke_on_load,
2023-02-13 21:32:21.088 6 ERROR oslo_service.service   File "/var/lib/kolla/venv/lib/python3.9/site-packages/stevedore/extension.py", line 241, in _load_plugins
2023-02-13 21:32:21.088 6 ERROR oslo_service.service     self._on_load_failure_callback(self, ep, err)
2023-02-13 21:32:21.088 6 ERROR oslo_service.service   File "/var/lib/kolla/venv/lib/python3.9/site-packages/ironic/common/driver_factory.py", line 358, in _catch_driver_not_found
2023-02-13 21:32:21.088 6 ERROR oslo_service.service     raise exception.DriverLoadError(driver=ep.name, reason=exc)
2023-02-13 21:32:21.088 6 ERROR oslo_service.service ironic.common.exception.DriverLoadError: Driver, hardware type or interface ilo could not be loaded. Reason: invalid syntax (node.py, line 2071).
2023-02-13 21:32:21.088 6 ERROR oslo_service.service 
2023-02-13 21:32:25.106 7 DEBUG oslo_db.api [-] Loading backend 'sqlalchemy' from 'ironic.db.sqlalchemy.api' _load_backend /var/lib/kolla/venv/lib/python3.9/site-packages/oslo_db/api.py:259
2023-02-13 21:32:26.578 7 DEBUG oslo_concurrency.lockutils [-] Acquiring lock "singleton_lock" lock /var/lib/kolla/venv/lib/python3.9/site-packages/oslo_concurrency/lockutils.py:312
2023-02-13 21:32:26.580 7 DEBUG oslo_concurrency.lockutils [-] Acquired lock "singleton_lock" lock /var/lib/kolla/venv/lib/python3.9/site-packages/oslo_concurrency/lockutils.py:315
2023-02-13 21:32:26.581 7 DEBUG oslo_concurrency.lockutils [-] Releasing lock "singleton_lock" lock /var/lib/kolla/venv/lib/python3.9/site-packages/oslo_concurrency/lockutils.py:333
2023-02-13 21:32:26.582 7 DEBUG ironic.conductor.base_manager [None req-0a51c6a5-e33d-41e5-9e9a-d5aecb09e0d7 - - - - - -] Initializing database client for host-169-16-1-162. prepare_host /var/lib/kolla/venv/lib/python3.9/site-packages/ironic/conductor/base_manager.py:82
2023-02-13 21:32:26.583 7 DEBUG ironic.conductor.base_manager [None req-0a51c6a5-e33d-41e5-9e9a-d5aecb09e0d7 - - - - - -] Removing stale locks from the database matching this conductor's hostname: host-169-16-1-162 prepare_host /var/lib/kolla/venv/lib/python3.9/site-packages/ironic/conductor/base_manager.py:84
2023-02-13 21:32:26.616 7 DEBUG oslo_db.sqlalchemy.engines [None req-0a51c6a5-e33d-41e5-9e9a-d5aecb09e0d7 - - - - - -] MySQL server mode set to STRICT_TRANS_TABLES,STRICT_ALL_TABLES,NO_ZERO_IN_DATE,NO_ZERO_DATE,ERROR_FOR_DIVISION_BY_ZERO,TRADITIONAL,NO_AUTO_CREATE_USER,NO_ENGINE_SUBSTITUTION _check_effective_sql_mode /var/lib/kolla/venv/lib/python3.9/site-packages/oslo_db/sqlalchemy/engines.py:326
2023-02-13 21:32:27.045 7 ERROR oslo_service.service [None req-0a51c6a5-e33d-41e5-9e9a-d5aecb09e0d7 - - - - - -] Error starting thread.: ironic.common.exception.DriverLoadError: Driver, hardware type or interface ilo could not be loaded. Reason: invalid syntax (node.py, line 2071).
2023-02-13 21:32:27.045 7 ERROR oslo_service.service Traceback (most recent call last):
2023-02-13 21:32:27.045 7 ERROR oslo_service.service   File "/var/lib/kolla/venv/lib/python3.9/site-packages/stevedore/extension.py", line 229, in _load_plugins
2023-02-13 21:32:27.045 7 ERROR oslo_service.service     ext = self._load_one_plugin(ep,
2023-02-13 21:32:27.045 7 ERROR oslo_service.service   File "/var/lib/kolla/venv/lib/python3.9/site-packages/stevedore/named.py", line 156, in _load_one_plugin
2023-02-13 21:32:27.045 7 ERROR oslo_service.service     return super(NamedExtensionManager, self)._load_one_plugin(
2023-02-13 21:32:27.045 7 ERROR oslo_service.service   File "/var/lib/kolla/venv/lib/python3.9/site-packages/stevedore/extension.py", line 263, in _load_one_plugin
2023-02-13 21:32:27.045 7 ERROR oslo_service.service     plugin = ep.load()
2023-02-13 21:32:27.045 7 ERROR oslo_service.service   File "/usr/lib64/python3.9/importlib/metadata.py", line 86, in load
2023-02-13 21:32:27.045 7 ERROR oslo_service.service     module = import_module(match.group('module'))
2023-02-13 21:32:27.045 7 ERROR oslo_service.service   File "/usr/lib64/python3.9/importlib/__init__.py", line 127, in import_module
2023-02-13 21:32:27.045 7 ERROR oslo_service.service     return _bootstrap._gcd_import(name[level:], package, level)
2023-02-13 21:32:27.045 7 ERROR oslo_service.service   File "<frozen importlib._bootstrap>", line 1030, in _gcd_import
2023-02-13 21:32:27.045 7 ERROR oslo_service.service   File "<frozen importlib._bootstrap>", line 1007, in _find_and_load
2023-02-13 21:32:27.045 7 ERROR oslo_service.service   File "<frozen importlib._bootstrap>", line 986, in _find_and_load_unlocked
2023-02-13 21:32:27.045 7 ERROR oslo_service.service   File "<frozen importlib._bootstrap>", line 680, in _load_unlocked
2023-02-13 21:32:27.045 7 ERROR oslo_service.service   File "<frozen importlib._bootstrap_external>", line 850, in exec_module
2023-02-13 21:32:27.045 7 ERROR oslo_service.service   File "<frozen importlib._bootstrap>", line 228, in _call_with_frames_removed
2023-02-13 21:32:27.045 7 ERROR oslo_service.service   File "/var/lib/kolla/venv/lib/python3.9/site-packages/ironic/drivers/ilo.py", line 19, in <module>
2023-02-13 21:32:27.045 7 ERROR oslo_service.service     from ironic.drivers import generic
2023-02-13 21:32:27.045 7 ERROR oslo_service.service   File "/var/lib/kolla/venv/lib/python3.9/site-packages/ironic/drivers/generic.py", line 26, in <module>
2023-02-13 21:32:27.045 7 ERROR oslo_service.service     from ironic.drivers.modules.network import flat as flat_net
2023-02-13 21:32:27.045 7 ERROR oslo_service.service   File "/var/lib/kolla/venv/lib/python3.9/site-packages/ironic/drivers/modules/network/flat.py", line 23, in <module>
2023-02-13 21:32:27.045 7 ERROR oslo_service.service     from ironic.common import neutron
2023-02-13 21:32:27.045 7 ERROR oslo_service.service   File "/var/lib/kolla/venv/lib/python3.9/site-packages/ironic/common/neutron.py", line 22, in <module>
2023-02-13 21:32:27.045 7 ERROR oslo_service.service     from ironic.api.controllers.v1 import utils as api_utils
2023-02-13 21:32:27.045 7 ERROR oslo_service.service   File "/var/lib/kolla/venv/lib/python3.9/site-packages/ironic/api/controllers/v1/__init__.py", line 30, in <module>
2023-02-13 21:32:27.045 7 ERROR oslo_service.service     from ironic.api.controllers.v1 import chassis
2023-02-13 21:32:27.045 7 ERROR oslo_service.service   File "/var/lib/kolla/venv/lib/python3.9/site-packages/ironic/api/controllers/v1/chassis.py", line 25, in <module>
2023-02-13 21:32:27.045 7 ERROR oslo_service.service     from ironic.api.controllers.v1 import node
2023-02-13 21:32:27.045 7 ERROR oslo_service.service   File "/var/lib/kolla/venv/lib/python3.9/site-packages/ironic/api/controllers/v1/node.py", line 2071
2023-02-13 21:32:27.045 7 ERROR oslo_service.service     <<<<<<< HEAD
2023-02-13 21:32:27.045 7 ERROR oslo_service.service     ^
2023-02-13 21:32:27.045 7 ERROR oslo_service.service SyntaxError: invalid syntax
2023-02-13 21:32:27.045 7 ERROR oslo_service.service 
2023-02-13 21:32:27.045 7 ERROR oslo_service.service During handling of the above exception, another exception occurred:
2023-02-13 21:32:27.045 7 ERROR oslo_service.service 
2023-02-13 21:32:27.045 7 ERROR oslo_service.service Traceback (most recent call last):
2023-02-13 21:32:27.045 7 ERROR oslo_service.service   File "/var/lib/kolla/venv/lib/python3.9/site-packages/oslo_service/service.py", line 806, in run_service
2023-02-13 21:32:27.045 7 ERROR oslo_service.service     service.start()
2023-02-13 21:32:27.045 7 ERROR oslo_service.service   File "/var/lib/kolla/venv/lib/python3.9/site-packages/ironic/common/rpc_service.py", line 62, in start
2023-02-13 21:32:27.045 7 ERROR oslo_service.service     self._real_start()
2023-02-13 21:32:27.045 7 ERROR oslo_service.service   File "/var/lib/kolla/venv/lib/python3.9/site-packages/ironic/common/rpc_service.py", line 87, in _real_start
2023-02-13 21:32:27.045 7 ERROR oslo_service.service     self.manager.init_host(admin_context)
2023-02-13 21:32:27.045 7 ERROR oslo_service.service   File "/var/lib/kolla/venv/lib/python3.9/site-packages/ironic/conductor/base_manager.py", line 136, in init_host
2023-02-13 21:32:27.045 7 ERROR oslo_service.service     hardware_types = driver_factory.hardware_types()
2023-02-13 21:32:27.045 7 ERROR oslo_service.service   File "/var/lib/kolla/venv/lib/python3.9/site-packages/ironic/common/driver_factory.py", line 266, in hardware_types
2023-02-13 21:32:27.045 7 ERROR oslo_service.service     return _get_all_drivers(HardwareTypesFactory())
2023-02-13 21:32:27.045 7 ERROR oslo_service.service   File "/var/lib/kolla/venv/lib/python3.9/site-packages/ironic/common/driver_factory.py", line 336, in __init__
2023-02-13 21:32:27.045 7 ERROR oslo_service.service     self.__class__._init_extension_manager()
2023-02-13 21:32:27.045 7 ERROR oslo_service.service   File "/var/lib/kolla/venv/lib/python3.9/site-packages/ironic/common/driver_factory.py", line 407, in _init_extension_manager
2023-02-13 21:32:27.045 7 ERROR oslo_service.service     stevedore.NamedExtensionManager(
2023-02-13 21:32:27.045 7 ERROR oslo_service.service   File "/var/lib/kolla/venv/lib/python3.9/site-packages/stevedore/named.py", line 78, in __init__
2023-02-13 21:32:27.045 7 ERROR oslo_service.service     extensions = self._load_plugins(invoke_on_load,
2023-02-13 21:32:27.045 7 ERROR oslo_service.service   File "/var/lib/kolla/venv/lib/python3.9/site-packages/stevedore/extension.py", line 241, in _load_plugins
2023-02-13 21:32:27.045 7 ERROR oslo_service.service     self._on_load_failure_callback(self, ep, err)
2023-02-13 21:32:27.045 7 ERROR oslo_service.service   File "/var/lib/kolla/venv/lib/python3.9/site-packages/ironic/common/driver_factory.py", line 358, in _catch_driver_not_found
2023-02-13 21:32:27.045 7 ERROR oslo_service.service     raise exception.DriverLoadError(driver=ep.name, reason=exc)
2023-02-13 21:32:27.045 7 ERROR oslo_service.service ironic.common.exception.DriverLoadError: Driver, hardware type or interface ilo could not be loaded. Reason: invalid syntax (node.py, line 2071).
2023-02-13 21:32:27.045 7 ERROR oslo_service.service 
2023-02-13 21:32:32.250 7 DEBUG oslo_db.api [-] Loading backend 'sqlalchemy' from 'ironic.db.sqlalchemy.api' _load_backend /var/lib/kolla/venv/lib/python3.9/site-packages/oslo_db/api.py:259
2023-02-13 21:32:33.959 7 DEBUG oslo_concurrency.lockutils [-] Acquiring lock "singleton_lock" lock /var/lib/kolla/venv/lib/python3.9/site-packages/oslo_concurrency/lockutils.py:312
2023-02-13 21:32:33.961 7 DEBUG oslo_concurrency.lockutils [-] Acquired lock "singleton_lock" lock /var/lib/kolla/venv/lib/python3.9/site-packages/oslo_concurrency/lockutils.py:315
2023-02-13 21:32:33.962 7 DEBUG oslo_concurrency.lockutils [-] Releasing lock "singleton_lock" lock /var/lib/kolla/venv/lib/python3.9/site-packages/oslo_concurrency/lockutils.py:333
2023-02-13 21:32:33.963 7 DEBUG ironic.conductor.base_manager [None req-157b9515-ebb0-459d-bf30-d6e70fde855d - - - - - -] Initializing database client for host-169-16-1-162. prepare_host /var/lib/kolla/venv/lib/python3.9/site-packages/ironic/conductor/base_manager.py:82
2023-02-13 21:32:33.964 7 DEBUG ironic.conductor.base_manager [None req-157b9515-ebb0-459d-bf30-d6e70fde855d - - - - - -] Removing stale locks from the database matching this conductor's hostname: host-169-16-1-162 prepare_host /var/lib/kolla/venv/lib/python3.9/site-packages/ironic/conductor/base_manager.py:84
2023-02-13 21:32:34.005 7 DEBUG oslo_db.sqlalchemy.engines [None req-157b9515-ebb0-459d-bf30-d6e70fde855d - - - - - -] MySQL server mode set to STRICT_TRANS_TABLES,STRICT_ALL_TABLES,NO_ZERO_IN_DATE,NO_ZERO_DATE,ERROR_FOR_DIVISION_BY_ZERO,TRADITIONAL,NO_AUTO_CREATE_USER,NO_ENGINE_SUBSTITUTION _check_effective_sql_mode /var/lib/kolla/venv/lib/python3.9/site-packages/oslo_db/sqlalchemy/engines.py:326
2023-02-13 21:32:34.529 7 ERROR oslo_service.service [None req-157b9515-ebb0-459d-bf30-d6e70fde855d - - - - - -] Error starting thread.: ironic.common.exception.DriverLoadError: Driver, hardware type or interface ilo could not be loaded. Reason: invalid syntax (node.py, line 2071).
2023-02-13 21:32:34.529 7 ERROR oslo_service.service Traceback (most recent call last):
2023-02-13 21:32:34.529 7 ERROR oslo_service.service   File "/var/lib/kolla/venv/lib/python3.9/site-packages/stevedore/extension.py", line 229, in _load_plugins
2023-02-13 21:32:34.529 7 ERROR oslo_service.service     ext = self._load_one_plugin(ep,
2023-02-13 21:32:34.529 7 ERROR oslo_service.service   File "/var/lib/kolla/venv/lib/python3.9/site-packages/stevedore/named.py", line 156, in _load_one_plugin
2023-02-13 21:32:34.529 7 ERROR oslo_service.service     return super(NamedExtensionManager, self)._load_one_plugin(
2023-02-13 21:32:34.529 7 ERROR oslo_service.service   File "/var/lib/kolla/venv/lib/python3.9/site-packages/stevedore/extension.py", line 263, in _load_one_plugin
2023-02-13 21:32:34.529 7 ERROR oslo_service.service     plugin = ep.load()
2023-02-13 21:32:34.529 7 ERROR oslo_service.service   File "/usr/lib64/python3.9/importlib/metadata.py", line 86, in load
2023-02-13 21:32:34.529 7 ERROR oslo_service.service     module = import_module(match.group('module'))
2023-02-13 21:32:34.529 7 ERROR oslo_service.service   File "/usr/lib64/python3.9/importlib/__init__.py", line 127, in import_module
2023-02-13 21:32:34.529 7 ERROR oslo_service.service     return _bootstrap._gcd_import(name[level:], package, level)
2023-02-13 21:32:34.529 7 ERROR oslo_service.service   File "<frozen importlib._bootstrap>", line 1030, in _gcd_import
2023-02-13 21:32:34.529 7 ERROR oslo_service.service   File "<frozen importlib._bootstrap>", line 1007, in _find_and_load
2023-02-13 21:32:34.529 7 ERROR oslo_service.service   File "<frozen importlib._bootstrap>", line 986, in _find_and_load_unlocked
2023-02-13 21:32:34.529 7 ERROR oslo_service.service   File "<frozen importlib._bootstrap>", line 680, in _load_unlocked
2023-02-13 21:32:34.529 7 ERROR oslo_service.service   File "<frozen importlib._bootstrap_external>", line 850, in exec_module
2023-02-13 21:32:34.529 7 ERROR oslo_service.service   File "<frozen importlib._bootstrap>", line 228, in _call_with_frames_removed
2023-02-13 21:32:34.529 7 ERROR oslo_service.service   File "/var/lib/kolla/venv/lib/python3.9/site-packages/ironic/drivers/ilo.py", line 19, in <module>
2023-02-13 21:32:34.529 7 ERROR oslo_service.service     from ironic.drivers import generic
2023-02-13 21:32:34.529 7 ERROR oslo_service.service   File "/var/lib/kolla/venv/lib/python3.9/site-packages/ironic/drivers/generic.py", line 26, in <module>
2023-02-13 21:32:34.529 7 ERROR oslo_service.service     from ironic.drivers.modules.network import flat as flat_net
2023-02-13 21:32:34.529 7 ERROR oslo_service.service   File "/var/lib/kolla/venv/lib/python3.9/site-packages/ironic/drivers/modules/network/flat.py", line 23, in <module>
2023-02-13 21:32:34.529 7 ERROR oslo_service.service     from ironic.common import neutron
2023-02-13 21:32:34.529 7 ERROR oslo_service.service   File "/var/lib/kolla/venv/lib/python3.9/site-packages/ironic/common/neutron.py", line 22, in <module>
2023-02-13 21:32:34.529 7 ERROR oslo_service.service     from ironic.api.controllers.v1 import utils as api_utils
2023-02-13 21:32:34.529 7 ERROR oslo_service.service   File "/var/lib/kolla/venv/lib/python3.9/site-packages/ironic/api/controllers/v1/__init__.py", line 30, in <module>
2023-02-13 21:32:34.529 7 ERROR oslo_service.service     from ironic.api.controllers.v1 import chassis
2023-02-13 21:32:34.529 7 ERROR oslo_service.service   File "/var/lib/kolla/venv/lib/python3.9/site-packages/ironic/api/controllers/v1/chassis.py", line 25, in <module>
2023-02-13 21:32:34.529 7 ERROR oslo_service.service     from ironic.api.controllers.v1 import node
2023-02-13 21:32:34.529 7 ERROR oslo_service.service   File "/var/lib/kolla/venv/lib/python3.9/site-packages/ironic/api/controllers/v1/node.py", line 2071
2023-02-13 21:32:34.529 7 ERROR oslo_service.service     <<<<<<< HEAD
2023-02-13 21:32:34.529 7 ERROR oslo_service.service     ^
2023-02-13 21:32:34.529 7 ERROR oslo_service.service SyntaxError: invalid syntax
2023-02-13 21:32:34.529 7 ERROR oslo_service.service 
2023-02-13 21:32:34.529 7 ERROR oslo_service.service During handling of the above exception, another exception occurred:
2023-02-13 21:32:34.529 7 ERROR oslo_service.service 
2023-02-13 21:32:34.529 7 ERROR oslo_service.service Traceback (most recent call last):
2023-02-13 21:32:34.529 7 ERROR oslo_service.service   File "/var/lib/kolla/venv/lib/python3.9/site-packages/oslo_service/service.py", line 806, in run_service
2023-02-13 21:32:34.529 7 ERROR oslo_service.service     service.start()
2023-02-13 21:32:34.529 7 ERROR oslo_service.service   File "/var/lib/kolla/venv/lib/python3.9/site-packages/ironic/common/rpc_service.py", line 62, in start
2023-02-13 21:32:34.529 7 ERROR oslo_service.service     self._real_start()
2023-02-13 21:32:34.529 7 ERROR oslo_service.service   File "/var/lib/kolla/venv/lib/python3.9/site-packages/ironic/common/rpc_service.py", line 87, in _real_start
2023-02-13 21:32:34.529 7 ERROR oslo_service.service     self.manager.init_host(admin_context)
2023-02-13 21:32:34.529 7 ERROR oslo_service.service   File "/var/lib/kolla/venv/lib/python3.9/site-packages/ironic/conductor/base_manager.py", line 136, in init_host
2023-02-13 21:32:34.529 7 ERROR oslo_service.service     hardware_types = driver_factory.hardware_types()
2023-02-13 21:32:34.529 7 ERROR oslo_service.service   File "/var/lib/kolla/venv/lib/python3.9/site-packages/ironic/common/driver_factory.py", line 266, in hardware_types
2023-02-13 21:32:34.529 7 ERROR oslo_service.service     return _get_all_drivers(HardwareTypesFactory())
2023-02-13 21:32:34.529 7 ERROR oslo_service.service   File "/var/lib/kolla/venv/lib/python3.9/site-packages/ironic/common/driver_factory.py", line 336, in __init__
2023-02-13 21:32:34.529 7 ERROR oslo_service.service     self.__class__._init_extension_manager()
2023-02-13 21:32:34.529 7 ERROR oslo_service.service   File "/var/lib/kolla/venv/lib/python3.9/site-packages/ironic/common/driver_factory.py", line 407, in _init_extension_manager
2023-02-13 21:32:34.529 7 ERROR oslo_service.service     stevedore.NamedExtensionManager(
2023-02-13 21:32:34.529 7 ERROR oslo_service.service   File "/var/lib/kolla/venv/lib/python3.9/site-packages/stevedore/named.py", line 78, in __init__
2023-02-13 21:32:34.529 7 ERROR oslo_service.service     extensions = self._load_plugins(invoke_on_load,
2023-02-13 21:32:34.529 7 ERROR oslo_service.service   File "/var/lib/kolla/venv/lib/python3.9/site-packages/stevedore/extension.py", line 241, in _load_plugins
2023-02-13 21:32:34.529 7 ERROR oslo_service.service     self._on_load_failure_callback(self, ep, err)
2023-02-13 21:32:34.529 7 ERROR oslo_service.service   File "/var/lib/kolla/venv/lib/python3.9/site-packages/ironic/common/driver_factory.py", line 358, in _catch_driver_not_found
2023-02-13 21:32:34.529 7 ERROR oslo_service.service     raise exception.DriverLoadError(driver=ep.name, reason=exc)
2023-02-13 21:32:34.529 7 ERROR oslo_service.service ironic.common.exception.DriverLoadError: Driver, hardware type or interface ilo could not be loaded. Reason: invalid syntax (node.py, line 2071).
2023-02-13 21:32:34.529 7 ERROR oslo_service.service 
2023-02-13 21:32:40.187 7 DEBUG oslo_db.api [-] Loading backend 'sqlalchemy' from 'ironic.db.sqlalchemy.api' _load_backend /var/lib/kolla/venv/lib/python3.9/site-packages/oslo_db/api.py:259
2023-02-13 21:32:41.917 7 DEBUG oslo_concurrency.lockutils [-] Acquiring lock "singleton_lock" lock /var/lib/kolla/venv/lib/python3.9/site-packages/oslo_concurrency/lockutils.py:312
2023-02-13 21:32:41.919 7 DEBUG oslo_concurrency.lockutils [-] Acquired lock "singleton_lock" lock /var/lib/kolla/venv/lib/python3.9/site-packages/oslo_concurrency/lockutils.py:315
2023-02-13 21:32:41.919 7 DEBUG oslo_concurrency.lockutils [-] Releasing lock "singleton_lock" lock /var/lib/kolla/venv/lib/python3.9/site-packages/oslo_concurrency/lockutils.py:333
2023-02-13 21:32:41.920 7 DEBUG ironic.conductor.base_manager [None req-3615da65-0d3c-43d4-9cb6-2ed91124eb9a - - - - - -] Initializing database client for host-169-16-1-162. prepare_host /var/lib/kolla/venv/lib/python3.9/site-packages/ironic/conductor/base_manager.py:82
2023-02-13 21:32:41.921 7 DEBUG ironic.conductor.base_manager [None req-3615da65-0d3c-43d4-9cb6-2ed91124eb9a - - - - - -] Removing stale locks from the database matching this conductor's hostname: host-169-16-1-162 prepare_host /var/lib/kolla/venv/lib/python3.9/site-packages/ironic/conductor/base_manager.py:84
2023-02-13 21:32:41.953 7 DEBUG oslo_db.sqlalchemy.engines [None req-3615da65-0d3c-43d4-9cb6-2ed91124eb9a - - - - - -] MySQL server mode set to STRICT_TRANS_TABLES,STRICT_ALL_TABLES,NO_ZERO_IN_DATE,NO_ZERO_DATE,ERROR_FOR_DIVISION_BY_ZERO,TRADITIONAL,NO_AUTO_CREATE_USER,NO_ENGINE_SUBSTITUTION _check_effective_sql_mode /var/lib/kolla/venv/lib/python3.9/site-packages/oslo_db/sqlalchemy/engines.py:326
2023-02-13 21:32:42.385 7 ERROR oslo_service.service [None req-3615da65-0d3c-43d4-9cb6-2ed91124eb9a - - - - - -] Error starting thread.: ironic.common.exception.DriverLoadError: Driver, hardware type or interface ilo could not be loaded. Reason: invalid syntax (node.py, line 2071).
2023-02-13 21:32:42.385 7 ERROR oslo_service.service Traceback (most recent call last):
2023-02-13 21:32:42.385 7 ERROR oslo_service.service   File "/var/lib/kolla/venv/lib/python3.9/site-packages/stevedore/extension.py", line 229, in _load_plugins
2023-02-13 21:32:42.385 7 ERROR oslo_service.service     ext = self._load_one_plugin(ep,
2023-02-13 21:32:42.385 7 ERROR oslo_service.service   File "/var/lib/kolla/venv/lib/python3.9/site-packages/stevedore/named.py", line 156, in _load_one_plugin
2023-02-13 21:32:42.385 7 ERROR oslo_service.service     return super(NamedExtensionManager, self)._load_one_plugin(
2023-02-13 21:32:42.385 7 ERROR oslo_service.service   File "/var/lib/kolla/venv/lib/python3.9/site-packages/stevedore/extension.py", line 263, in _load_one_plugin
2023-02-13 21:32:42.385 7 ERROR oslo_service.service     plugin = ep.load()
2023-02-13 21:32:42.385 7 ERROR oslo_service.service   File "/usr/lib64/python3.9/importlib/metadata.py", line 86, in load
2023-02-13 21:32:42.385 7 ERROR oslo_service.service     module = import_module(match.group('module'))
2023-02-13 21:32:42.385 7 ERROR oslo_service.service   File "/usr/lib64/python3.9/importlib/__init__.py", line 127, in import_module
2023-02-13 21:32:42.385 7 ERROR oslo_service.service     return _bootstrap._gcd_import(name[level:], package, level)
2023-02-13 21:32:42.385 7 ERROR oslo_service.service   File "<frozen importlib._bootstrap>", line 1030, in _gcd_import
2023-02-13 21:32:42.385 7 ERROR oslo_service.service   File "<frozen importlib._bootstrap>", line 1007, in _find_and_load
2023-02-13 21:32:42.385 7 ERROR oslo_service.service   File "<frozen importlib._bootstrap>", line 986, in _find_and_load_unlocked
2023-02-13 21:32:42.385 7 ERROR oslo_service.service   File "<frozen importlib._bootstrap>", line 680, in _load_unlocked
2023-02-13 21:32:42.385 7 ERROR oslo_service.service   File "<frozen importlib._bootstrap_external>", line 850, in exec_module
2023-02-13 21:32:42.385 7 ERROR oslo_service.service   File "<frozen importlib._bootstrap>", line 228, in _call_with_frames_removed
2023-02-13 21:32:42.385 7 ERROR oslo_service.service   File "/var/lib/kolla/venv/lib/python3.9/site-packages/ironic/drivers/ilo.py", line 19, in <module>
2023-02-13 21:32:42.385 7 ERROR oslo_service.service     from ironic.drivers import generic
2023-02-13 21:32:42.385 7 ERROR oslo_service.service   File "/var/lib/kolla/venv/lib/python3.9/site-packages/ironic/drivers/generic.py", line 26, in <module>
2023-02-13 21:32:42.385 7 ERROR oslo_service.service     from ironic.drivers.modules.network import flat as flat_net
2023-02-13 21:32:42.385 7 ERROR oslo_service.service   File "/var/lib/kolla/venv/lib/python3.9/site-packages/ironic/drivers/modules/network/flat.py", line 23, in <module>
2023-02-13 21:32:42.385 7 ERROR oslo_service.service     from ironic.common import neutron
2023-02-13 21:32:42.385 7 ERROR oslo_service.service   File "/var/lib/kolla/venv/lib/python3.9/site-packages/ironic/common/neutron.py", line 22, in <module>
2023-02-13 21:32:42.385 7 ERROR oslo_service.service     from ironic.api.controllers.v1 import utils as api_utils
2023-02-13 21:32:42.385 7 ERROR oslo_service.service   File "/var/lib/kolla/venv/lib/python3.9/site-packages/ironic/api/controllers/v1/__init__.py", line 30, in <module>
2023-02-13 21:32:42.385 7 ERROR oslo_service.service     from ironic.api.controllers.v1 import chassis
2023-02-13 21:32:42.385 7 ERROR oslo_service.service   File "/var/lib/kolla/venv/lib/python3.9/site-packages/ironic/api/controllers/v1/chassis.py", line 25, in <module>
2023-02-13 21:32:42.385 7 ERROR oslo_service.service     from ironic.api.controllers.v1 import node
2023-02-13 21:32:42.385 7 ERROR oslo_service.service   File "/var/lib/kolla/venv/lib/python3.9/site-packages/ironic/api/controllers/v1/node.py", line 2071
2023-02-13 21:32:42.385 7 ERROR oslo_service.service     <<<<<<< HEAD
2023-02-13 21:32:42.385 7 ERROR oslo_service.service     ^
2023-02-13 21:32:42.385 7 ERROR oslo_service.service SyntaxError: invalid syntax
2023-02-13 21:32:42.385 7 ERROR oslo_service.service 
2023-02-13 21:32:42.385 7 ERROR oslo_service.service During handling of the above exception, another exception occurred:
2023-02-13 21:32:42.385 7 ERROR oslo_service.service 
2023-02-13 21:32:42.385 7 ERROR oslo_service.service Traceback (most recent call last):
2023-02-13 21:32:42.385 7 ERROR oslo_service.service   File "/var/lib/kolla/venv/lib/python3.9/site-packages/oslo_service/service.py", line 806, in run_service
2023-02-13 21:32:42.385 7 ERROR oslo_service.service     service.start()
2023-02-13 21:32:42.385 7 ERROR oslo_service.service   File "/var/lib/kolla/venv/lib/python3.9/site-packages/ironic/common/rpc_service.py", line 62, in start
2023-02-13 21:32:42.385 7 ERROR oslo_service.service     self._real_start()
2023-02-13 21:32:42.385 7 ERROR oslo_service.service   File "/var/lib/kolla/venv/lib/python3.9/site-packages/ironic/common/rpc_service.py", line 87, in _real_start
2023-02-13 21:32:42.385 7 ERROR oslo_service.service     self.manager.init_host(admin_context)
2023-02-13 21:32:42.385 7 ERROR oslo_service.service   File "/var/lib/kolla/venv/lib/python3.9/site-packages/ironic/conductor/base_manager.py", line 136, in init_host
2023-02-13 21:32:42.385 7 ERROR oslo_service.service     hardware_types = driver_factory.hardware_types()
2023-02-13 21:32:42.385 7 ERROR oslo_service.service   File "/var/lib/kolla/venv/lib/python3.9/site-packages/ironic/common/driver_factory.py", line 266, in hardware_types
2023-02-13 21:32:42.385 7 ERROR oslo_service.service     return _get_all_drivers(HardwareTypesFactory())
2023-02-13 21:32:42.385 7 ERROR oslo_service.service   File "/var/lib/kolla/venv/lib/python3.9/site-packages/ironic/common/driver_factory.py", line 336, in __init__
2023-02-13 21:32:42.385 7 ERROR oslo_service.service     self.__class__._init_extension_manager()
2023-02-13 21:32:42.385 7 ERROR oslo_service.service   File "/var/lib/kolla/venv/lib/python3.9/site-packages/ironic/common/driver_factory.py", line 407, in _init_extension_manager
2023-02-13 21:32:42.385 7 ERROR oslo_service.service     stevedore.NamedExtensionManager(
2023-02-13 21:32:42.385 7 ERROR oslo_service.service   File "/var/lib/kolla/venv/lib/python3.9/site-packages/stevedore/named.py", line 78, in __init__
2023-02-13 21:32:42.385 7 ERROR oslo_service.service     extensions = self._load_plugins(invoke_on_load,
2023-02-13 21:32:42.385 7 ERROR oslo_service.service   File "/var/lib/kolla/venv/lib/python3.9/site-packages/stevedore/extension.py", line 241, in _load_plugins
2023-02-13 21:32:42.385 7 ERROR oslo_service.service     self._on_load_failure_callback(self, ep, err)
2023-02-13 21:32:42.385 7 ERROR oslo_service.service   File "/var/lib/kolla/venv/lib/python3.9/site-packages/ironic/common/driver_factory.py", line 358, in _catch_driver_not_found
2023-02-13 21:32:42.385 7 ERROR oslo_service.service     raise exception.DriverLoadError(driver=ep.name, reason=exc)
2023-02-13 21:32:42.385 7 ERROR oslo_service.service ironic.common.exception.DriverLoadError: Driver, hardware type or interface ilo could not be loaded. Reason: invalid syntax (node.py, line 2071).
2023-02-13 21:32:42.385 7 ERROR oslo_service.service 
2023-02-13 21:32:49.863 7 DEBUG oslo_db.api [-] Loading backend 'sqlalchemy' from 'ironic.db.sqlalchemy.api' _load_backend /var/lib/kolla/venv/lib/python3.9/site-packages/oslo_db/api.py:259
2023-02-13 21:32:51.707 7 DEBUG oslo_concurrency.lockutils [-] Acquiring lock "singleton_lock" lock /var/lib/kolla/venv/lib/python3.9/site-packages/oslo_concurrency/lockutils.py:312
2023-02-13 21:32:51.708 7 DEBUG oslo_concurrency.lockutils [-] Acquired lock "singleton_lock" lock /var/lib/kolla/venv/lib/python3.9/site-packages/oslo_concurrency/lockutils.py:315
2023-02-13 21:32:51.709 7 DEBUG oslo_concurrency.lockutils [-] Releasing lock "singleton_lock" lock /var/lib/kolla/venv/lib/python3.9/site-packages/oslo_concurrency/lockutils.py:333
2023-02-13 21:32:51.710 7 DEBUG ironic.conductor.base_manager [None req-334aaf23-bdfc-451f-9319-55fa53ce758f - - - - - -] Initializing database client for host-169-16-1-162. prepare_host /var/lib/kolla/venv/lib/python3.9/site-packages/ironic/conductor/base_manager.py:82
2023-02-13 21:32:51.710 7 DEBUG ironic.conductor.base_manager [None req-334aaf23-bdfc-451f-9319-55fa53ce758f - - - - - -] Removing stale locks from the database matching this conductor's hostname: host-169-16-1-162 prepare_host /var/lib/kolla/venv/lib/python3.9/site-packages/ironic/conductor/base_manager.py:84
2023-02-13 21:32:51.748 7 DEBUG oslo_db.sqlalchemy.engines [None req-334aaf23-bdfc-451f-9319-55fa53ce758f - - - - - -] MySQL server mode set to STRICT_TRANS_TABLES,STRICT_ALL_TABLES,NO_ZERO_IN_DATE,NO_ZERO_DATE,ERROR_FOR_DIVISION_BY_ZERO,TRADITIONAL,NO_AUTO_CREATE_USER,NO_ENGINE_SUBSTITUTION _check_effective_sql_mode /var/lib/kolla/venv/lib/python3.9/site-packages/oslo_db/sqlalchemy/engines.py:326
2023-02-13 21:32:52.147 7 ERROR oslo_service.service [None req-334aaf23-bdfc-451f-9319-55fa53ce758f - - - - - -] Error starting thread.: ironic.common.exception.DriverLoadError: Driver, hardware type or interface ilo could not be loaded. Reason: invalid syntax (node.py, line 2071).
2023-02-13 21:32:52.147 7 ERROR oslo_service.service Traceback (most recent call last):
2023-02-13 21:32:52.147 7 ERROR oslo_service.service   File "/var/lib/kolla/venv/lib/python3.9/site-packages/stevedore/extension.py", line 229, in _load_plugins
2023-02-13 21:32:52.147 7 ERROR oslo_service.service     ext = self._load_one_plugin(ep,
2023-02-13 21:32:52.147 7 ERROR oslo_service.service   File "/var/lib/kolla/venv/lib/python3.9/site-packages/stevedore/named.py", line 156, in _load_one_plugin
2023-02-13 21:32:52.147 7 ERROR oslo_service.service     return super(NamedExtensionManager, self)._load_one_plugin(
2023-02-13 21:32:52.147 7 ERROR oslo_service.service   File "/var/lib/kolla/venv/lib/python3.9/site-packages/stevedore/extension.py", line 263, in _load_one_plugin
2023-02-13 21:32:52.147 7 ERROR oslo_service.service     plugin = ep.load()
2023-02-13 21:32:52.147 7 ERROR oslo_service.service   File "/usr/lib64/python3.9/importlib/metadata.py", line 86, in load
2023-02-13 21:32:52.147 7 ERROR oslo_service.service     module = import_module(match.group('module'))
2023-02-13 21:32:52.147 7 ERROR oslo_service.service   File "/usr/lib64/python3.9/importlib/__init__.py", line 127, in import_module
2023-02-13 21:32:52.147 7 ERROR oslo_service.service     return _bootstrap._gcd_import(name[level:], package, level)
2023-02-13 21:32:52.147 7 ERROR oslo_service.service   File "<frozen importlib._bootstrap>", line 1030, in _gcd_import
2023-02-13 21:32:52.147 7 ERROR oslo_service.service   File "<frozen importlib._bootstrap>", line 1007, in _find_and_load
2023-02-13 21:32:52.147 7 ERROR oslo_service.service   File "<frozen importlib._bootstrap>", line 986, in _find_and_load_unlocked
2023-02-13 21:32:52.147 7 ERROR oslo_service.service   File "<frozen importlib._bootstrap>", line 680, in _load_unlocked
2023-02-13 21:32:52.147 7 ERROR oslo_service.service   File "<frozen importlib._bootstrap_external>", line 850, in exec_module
2023-02-13 21:32:52.147 7 ERROR oslo_service.service   File "<frozen importlib._bootstrap>", line 228, in _call_with_frames_removed
2023-02-13 21:32:52.147 7 ERROR oslo_service.service   File "/var/lib/kolla/venv/lib/python3.9/site-packages/ironic/drivers/ilo.py", line 19, in <module>
2023-02-13 21:32:52.147 7 ERROR oslo_service.service     from ironic.drivers import generic
2023-02-13 21:32:52.147 7 ERROR oslo_service.service   File "/var/lib/kolla/venv/lib/python3.9/site-packages/ironic/drivers/generic.py", line 26, in <module>
2023-02-13 21:32:52.147 7 ERROR oslo_service.service     from ironic.drivers.modules.network import flat as flat_net
2023-02-13 21:32:52.147 7 ERROR oslo_service.service   File "/var/lib/kolla/venv/lib/python3.9/site-packages/ironic/drivers/modules/network/flat.py", line 23, in <module>
2023-02-13 21:32:52.147 7 ERROR oslo_service.service     from ironic.common import neutron
2023-02-13 21:32:52.147 7 ERROR oslo_service.service   File "/var/lib/kolla/venv/lib/python3.9/site-packages/ironic/common/neutron.py", line 22, in <module>
2023-02-13 21:32:52.147 7 ERROR oslo_service.service     from ironic.api.controllers.v1 import utils as api_utils
2023-02-13 21:32:52.147 7 ERROR oslo_service.service   File "/var/lib/kolla/venv/lib/python3.9/site-packages/ironic/api/controllers/v1/__init__.py", line 30, in <module>
2023-02-13 21:32:52.147 7 ERROR oslo_service.service     from ironic.api.controllers.v1 import chassis
2023-02-13 21:32:52.147 7 ERROR oslo_service.service   File "/var/lib/kolla/venv/lib/python3.9/site-packages/ironic/api/controllers/v1/chassis.py", line 25, in <module>
2023-02-13 21:32:52.147 7 ERROR oslo_service.service     from ironic.api.controllers.v1 import node
2023-02-13 21:32:52.147 7 ERROR oslo_service.service   File "/var/lib/kolla/venv/lib/python3.9/site-packages/ironic/api/controllers/v1/node.py", line 2071
2023-02-13 21:32:52.147 7 ERROR oslo_service.service     <<<<<<< HEAD
2023-02-13 21:32:52.147 7 ERROR oslo_service.service     ^
2023-02-13 21:32:52.147 7 ERROR oslo_service.service SyntaxError: invalid syntax
2023-02-13 21:32:52.147 7 ERROR oslo_service.service 
2023-02-13 21:32:52.147 7 ERROR oslo_service.service During handling of the above exception, another exception occurred:
2023-02-13 21:32:52.147 7 ERROR oslo_service.service 
2023-02-13 21:32:52.147 7 ERROR oslo_service.service Traceback (most recent call last):
2023-02-13 21:32:52.147 7 ERROR oslo_service.service   File "/var/lib/kolla/venv/lib/python3.9/site-packages/oslo_service/service.py", line 806, in run_service
2023-02-13 21:32:52.147 7 ERROR oslo_service.service     service.start()
2023-02-13 21:32:52.147 7 ERROR oslo_service.service   File "/var/lib/kolla/venv/lib/python3.9/site-packages/ironic/common/rpc_service.py", line 62, in start
2023-02-13 21:32:52.147 7 ERROR oslo_service.service     self._real_start()
2023-02-13 21:32:52.147 7 ERROR oslo_service.service   File "/var/lib/kolla/venv/lib/python3.9/site-packages/ironic/common/rpc_service.py", line 87, in _real_start
2023-02-13 21:32:52.147 7 ERROR oslo_service.service     self.manager.init_host(admin_context)
2023-02-13 21:32:52.147 7 ERROR oslo_service.service   File "/var/lib/kolla/venv/lib/python3.9/site-packages/ironic/conductor/base_manager.py", line 136, in init_host
2023-02-13 21:32:52.147 7 ERROR oslo_service.service     hardware_types = driver_factory.hardware_types()
2023-02-13 21:32:52.147 7 ERROR oslo_service.service   File "/var/lib/kolla/venv/lib/python3.9/site-packages/ironic/common/driver_factory.py", line 266, in hardware_types
2023-02-13 21:32:52.147 7 ERROR oslo_service.service     return _get_all_drivers(HardwareTypesFactory())
2023-02-13 21:32:52.147 7 ERROR oslo_service.service   File "/var/lib/kolla/venv/lib/python3.9/site-packages/ironic/common/driver_factory.py", line 336, in __init__
2023-02-13 21:32:52.147 7 ERROR oslo_service.service     self.__class__._init_extension_manager()
2023-02-13 21:32:52.147 7 ERROR oslo_service.service   File "/var/lib/kolla/venv/lib/python3.9/site-packages/ironic/common/driver_factory.py", line 407, in _init_extension_manager
2023-02-13 21:32:52.147 7 ERROR oslo_service.service     stevedore.NamedExtensionManager(
2023-02-13 21:32:52.147 7 ERROR oslo_service.service   File "/var/lib/kolla/venv/lib/python3.9/site-packages/stevedore/named.py", line 78, in __init__
2023-02-13 21:32:52.147 7 ERROR oslo_service.service     extensions = self._load_plugins(invoke_on_load,
2023-02-13 21:32:52.147 7 ERROR oslo_service.service   File "/var/lib/kolla/venv/lib/python3.9/site-packages/stevedore/extension.py", line 241, in _load_plugins
2023-02-13 21:32:52.147 7 ERROR oslo_service.service     self._on_load_failure_callback(self, ep, err)
2023-02-13 21:32:52.147 7 ERROR oslo_service.service   File "/var/lib/kolla/venv/lib/python3.9/site-packages/ironic/common/driver_factory.py", line 358, in _catch_driver_not_found
2023-02-13 21:32:52.147 7 ERROR oslo_service.service     raise exception.DriverLoadError(driver=ep.name, reason=exc)
2023-02-13 21:32:52.147 7 ERROR oslo_service.service ironic.common.exception.DriverLoadError: Driver, hardware type or interface ilo could not be loaded. Reason: invalid syntax (node.py, line 2071).
2023-02-13 21:32:52.147 7 ERROR oslo_service.service 
2023-02-13 21:33:02.243 8 DEBUG oslo_db.api [-] Loading backend 'sqlalchemy' from 'ironic.db.sqlalchemy.api' _load_backend /var/lib/kolla/venv/lib/python3.9/site-packages/oslo_db/api.py:259
2023-02-13 21:33:04.114 8 DEBUG oslo_concurrency.lockutils [-] Acquiring lock "singleton_lock" lock /var/lib/kolla/venv/lib/python3.9/site-packages/oslo_concurrency/lockutils.py:312
2023-02-13 21:33:04.116 8 DEBUG oslo_concurrency.lockutils [-] Acquired lock "singleton_lock" lock /var/lib/kolla/venv/lib/python3.9/site-packages/oslo_concurrency/lockutils.py:315
2023-02-13 21:33:04.117 8 DEBUG oslo_concurrency.lockutils [-] Releasing lock "singleton_lock" lock /var/lib/kolla/venv/lib/python3.9/site-packages/oslo_concurrency/lockutils.py:333
2023-02-13 21:33:04.118 8 DEBUG ironic.conductor.base_manager [None req-8bc230ec-b64b-4ef0-befc-d835cfbfcf35 - - - - - -] Initializing database client for host-169-16-1-162. prepare_host /var/lib/kolla/venv/lib/python3.9/site-packages/ironic/conductor/base_manager.py:82
2023-02-13 21:33:04.118 8 DEBUG ironic.conductor.base_manager [None req-8bc230ec-b64b-4ef0-befc-d835cfbfcf35 - - - - - -] Removing stale locks from the database matching this conductor's hostname: host-169-16-1-162 prepare_host /var/lib/kolla/venv/lib/python3.9/site-packages/ironic/conductor/base_manager.py:84
2023-02-13 21:33:04.159 8 DEBUG oslo_db.sqlalchemy.engines [None req-8bc230ec-b64b-4ef0-befc-d835cfbfcf35 - - - - - -] MySQL server mode set to STRICT_TRANS_TABLES,STRICT_ALL_TABLES,NO_ZERO_IN_DATE,NO_ZERO_DATE,ERROR_FOR_DIVISION_BY_ZERO,TRADITIONAL,NO_AUTO_CREATE_USER,NO_ENGINE_SUBSTITUTION _check_effective_sql_mode /var/lib/kolla/venv/lib/python3.9/site-packages/oslo_db/sqlalchemy/engines.py:326
2023-02-13 21:33:04.593 8 ERROR oslo_service.service [None req-8bc230ec-b64b-4ef0-befc-d835cfbfcf35 - - - - - -] Error starting thread.: ironic.common.exception.DriverLoadError: Driver, hardware type or interface ilo could not be loaded. Reason: invalid syntax (node.py, line 2071).
2023-02-13 21:33:04.593 8 ERROR oslo_service.service Traceback (most recent call last):
2023-02-13 21:33:04.593 8 ERROR oslo_service.service   File "/var/lib/kolla/venv/lib/python3.9/site-packages/stevedore/extension.py", line 229, in _load_plugins
2023-02-13 21:33:04.593 8 ERROR oslo_service.service     ext = self._load_one_plugin(ep,
2023-02-13 21:33:04.593 8 ERROR oslo_service.service   File "/var/lib/kolla/venv/lib/python3.9/site-packages/stevedore/named.py", line 156, in _load_one_plugin
2023-02-13 21:33:04.593 8 ERROR oslo_service.service     return super(NamedExtensionManager, self)._load_one_plugin(
2023-02-13 21:33:04.593 8 ERROR oslo_service.service   File "/var/lib/kolla/venv/lib/python3.9/site-packages/stevedore/extension.py", line 263, in _load_one_plugin
2023-02-13 21:33:04.593 8 ERROR oslo_service.service     plugin = ep.load()
2023-02-13 21:33:04.593 8 ERROR oslo_service.service   File "/usr/lib64/python3.9/importlib/metadata.py", line 86, in load
2023-02-13 21:33:04.593 8 ERROR oslo_service.service     module = import_module(match.group('module'))
2023-02-13 21:33:04.593 8 ERROR oslo_service.service   File "/usr/lib64/python3.9/importlib/__init__.py", line 127, in import_module
2023-02-13 21:33:04.593 8 ERROR oslo_service.service     return _bootstrap._gcd_import(name[level:], package, level)
2023-02-13 21:33:04.593 8 ERROR oslo_service.service   File "<frozen importlib._bootstrap>", line 1030, in _gcd_import
2023-02-13 21:33:04.593 8 ERROR oslo_service.service   File "<frozen importlib._bootstrap>", line 1007, in _find_and_load
2023-02-13 21:33:04.593 8 ERROR oslo_service.service   File "<frozen importlib._bootstrap>", line 986, in _find_and_load_unlocked
2023-02-13 21:33:04.593 8 ERROR oslo_service.service   File "<frozen importlib._bootstrap>", line 680, in _load_unlocked
2023-02-13 21:33:04.593 8 ERROR oslo_service.service   File "<frozen importlib._bootstrap_external>", line 850, in exec_module
2023-02-13 21:33:04.593 8 ERROR oslo_service.service   File "<frozen importlib._bootstrap>", line 228, in _call_with_frames_removed
2023-02-13 21:33:04.593 8 ERROR oslo_service.service   File "/var/lib/kolla/venv/lib/python3.9/site-packages/ironic/drivers/ilo.py", line 19, in <module>
2023-02-13 21:33:04.593 8 ERROR oslo_service.service     from ironic.drivers import generic
2023-02-13 21:33:04.593 8 ERROR oslo_service.service   File "/var/lib/kolla/venv/lib/python3.9/site-packages/ironic/drivers/generic.py", line 26, in <module>
2023-02-13 21:33:04.593 8 ERROR oslo_service.service     from ironic.drivers.modules.network import flat as flat_net
2023-02-13 21:33:04.593 8 ERROR oslo_service.service   File "/var/lib/kolla/venv/lib/python3.9/site-packages/ironic/drivers/modules/network/flat.py", line 23, in <module>
2023-02-13 21:33:04.593 8 ERROR oslo_service.service     from ironic.common import neutron
2023-02-13 21:33:04.593 8 ERROR oslo_service.service   File "/var/lib/kolla/venv/lib/python3.9/site-packages/ironic/common/neutron.py", line 22, in <module>
2023-02-13 21:33:04.593 8 ERROR oslo_service.service     from ironic.api.controllers.v1 import utils as api_utils
2023-02-13 21:33:04.593 8 ERROR oslo_service.service   File "/var/lib/kolla/venv/lib/python3.9/site-packages/ironic/api/controllers/v1/__init__.py", line 30, in <module>
2023-02-13 21:33:04.593 8 ERROR oslo_service.service     from ironic.api.controllers.v1 import chassis
2023-02-13 21:33:04.593 8 ERROR oslo_service.service   File "/var/lib/kolla/venv/lib/python3.9/site-packages/ironic/api/controllers/v1/chassis.py", line 25, in <module>
2023-02-13 21:33:04.593 8 ERROR oslo_service.service     from ironic.api.controllers.v1 import node
2023-02-13 21:33:04.593 8 ERROR oslo_service.service   File "/var/lib/kolla/venv/lib/python3.9/site-packages/ironic/api/controllers/v1/node.py", line 2071
2023-02-13 21:33:04.593 8 ERROR oslo_service.service     <<<<<<< HEAD
2023-02-13 21:33:04.593 8 ERROR oslo_service.service     ^
2023-02-13 21:33:04.593 8 ERROR oslo_service.service SyntaxError: invalid syntax
2023-02-13 21:33:04.593 8 ERROR oslo_service.service 
2023-02-13 21:33:04.593 8 ERROR oslo_service.service During handling of the above exception, another exception occurred:
2023-02-13 21:33:04.593 8 ERROR oslo_service.service 
2023-02-13 21:33:04.593 8 ERROR oslo_service.service Traceback (most recent call last):
2023-02-13 21:33:04.593 8 ERROR oslo_service.service   File "/var/lib/kolla/venv/lib/python3.9/site-packages/oslo_service/service.py", line 806, in run_service
2023-02-13 21:33:04.593 8 ERROR oslo_service.service     service.start()
2023-02-13 21:33:04.593 8 ERROR oslo_service.service   File "/var/lib/kolla/venv/lib/python3.9/site-packages/ironic/common/rpc_service.py", line 62, in start
2023-02-13 21:33:04.593 8 ERROR oslo_service.service     self._real_start()
2023-02-13 21:33:04.593 8 ERROR oslo_service.service   File "/var/lib/kolla/venv/lib/python3.9/site-packages/ironic/common/rpc_service.py", line 87, in _real_start
2023-02-13 21:33:04.593 8 ERROR oslo_service.service     self.manager.init_host(admin_context)
2023-02-13 21:33:04.593 8 ERROR oslo_service.service   File "/var/lib/kolla/venv/lib/python3.9/site-packages/ironic/conductor/base_manager.py", line 136, in init_host
2023-02-13 21:33:04.593 8 ERROR oslo_service.service     hardware_types = driver_factory.hardware_types()
2023-02-13 21:33:04.593 8 ERROR oslo_service.service   File "/var/lib/kolla/venv/lib/python3.9/site-packages/ironic/common/driver_factory.py", line 266, in hardware_types
2023-02-13 21:33:04.593 8 ERROR oslo_service.service     return _get_all_drivers(HardwareTypesFactory())
2023-02-13 21:33:04.593 8 ERROR oslo_service.service   File "/var/lib/kolla/venv/lib/python3.9/site-packages/ironic/common/driver_factory.py", line 336, in __init__
2023-02-13 21:33:04.593 8 ERROR oslo_service.service     self.__class__._init_extension_manager()
2023-02-13 21:33:04.593 8 ERROR oslo_service.service   File "/var/lib/kolla/venv/lib/python3.9/site-packages/ironic/common/driver_factory.py", line 407, in _init_extension_manager
2023-02-13 21:33:04.593 8 ERROR oslo_service.service     stevedore.NamedExtensionManager(
2023-02-13 21:33:04.593 8 ERROR oslo_service.service   File "/var/lib/kolla/venv/lib/python3.9/site-packages/stevedore/named.py", line 78, in __init__
2023-02-13 21:33:04.593 8 ERROR oslo_service.service     extensions = self._load_plugins(invoke_on_load,
2023-02-13 21:33:04.593 8 ERROR oslo_service.service   File "/var/lib/kolla/venv/lib/python3.9/site-packages/stevedore/extension.py", line 241, in _load_plugins
2023-02-13 21:33:04.593 8 ERROR oslo_service.service     self._on_load_failure_callback(self, ep, err)
2023-02-13 21:33:04.593 8 ERROR oslo_service.service   File "/var/lib/kolla/venv/lib/python3.9/site-packages/ironic/common/driver_factory.py", line 358, in _catch_driver_not_found
2023-02-13 21:33:04.593 8 ERROR oslo_service.service     raise exception.DriverLoadError(driver=ep.name, reason=exc)
2023-02-13 21:33:04.593 8 ERROR oslo_service.service ironic.common.exception.DriverLoadError: Driver, hardware type or interface ilo could not be loaded. Reason: invalid syntax (node.py, line 2071).
2023-02-13 21:33:04.593 8 ERROR oslo_service.service 
2023-02-13 21:33:22.772 7 DEBUG oslo_db.api [-] Loading backend 'sqlalchemy' from 'ironic.db.sqlalchemy.api' _load_backend /var/lib/kolla/venv/lib/python3.9/site-packages/oslo_db/api.py:259
2023-02-13 21:33:25.035 7 DEBUG oslo_concurrency.lockutils [-] Acquiring lock "singleton_lock" lock /var/lib/kolla/venv/lib/python3.9/site-packages/oslo_concurrency/lockutils.py:312
2023-02-13 21:33:25.036 7 DEBUG oslo_concurrency.lockutils [-] Acquired lock "singleton_lock" lock /var/lib/kolla/venv/lib/python3.9/site-packages/oslo_concurrency/lockutils.py:315
2023-02-13 21:33:25.037 7 DEBUG oslo_concurrency.lockutils [-] Releasing lock "singleton_lock" lock /var/lib/kolla/venv/lib/python3.9/site-packages/oslo_concurrency/lockutils.py:333
2023-02-13 21:33:25.038 7 DEBUG ironic.conductor.base_manager [None req-d86a5f6e-e3cd-4f19-90ce-48cd818436bc - - - - - -] Initializing database client for host-169-16-1-162. prepare_host /var/lib/kolla/venv/lib/python3.9/site-packages/ironic/conductor/base_manager.py:82
2023-02-13 21:33:25.039 7 DEBUG ironic.conductor.base_manager [None req-d86a5f6e-e3cd-4f19-90ce-48cd818436bc - - - - - -] Removing stale locks from the database matching this conductor's hostname: host-169-16-1-162 prepare_host /var/lib/kolla/venv/lib/python3.9/site-packages/ironic/conductor/base_manager.py:84
2023-02-13 21:33:25.075 7 DEBUG oslo_db.sqlalchemy.engines [None req-d86a5f6e-e3cd-4f19-90ce-48cd818436bc - - - - - -] MySQL server mode set to STRICT_TRANS_TABLES,STRICT_ALL_TABLES,NO_ZERO_IN_DATE,NO_ZERO_DATE,ERROR_FOR_DIVISION_BY_ZERO,TRADITIONAL,NO_AUTO_CREATE_USER,NO_ENGINE_SUBSTITUTION _check_effective_sql_mode /var/lib/kolla/venv/lib/python3.9/site-packages/oslo_db/sqlalchemy/engines.py:326
2023-02-13 21:33:25.546 7 ERROR oslo_service.service [None req-d86a5f6e-e3cd-4f19-90ce-48cd818436bc - - - - - -] Error starting thread.: ironic.common.exception.DriverLoadError: Driver, hardware type or interface ilo could not be loaded. Reason: invalid syntax (node.py, line 2071).
2023-02-13 21:33:25.546 7 ERROR oslo_service.service Traceback (most recent call last):
2023-02-13 21:33:25.546 7 ERROR oslo_service.service   File "/var/lib/kolla/venv/lib/python3.9/site-packages/stevedore/extension.py", line 229, in _load_plugins
2023-02-13 21:33:25.546 7 ERROR oslo_service.service     ext = self._load_one_plugin(ep,
2023-02-13 21:33:25.546 7 ERROR oslo_service.service   File "/var/lib/kolla/venv/lib/python3.9/site-packages/stevedore/named.py", line 156, in _load_one_plugin
2023-02-13 21:33:25.546 7 ERROR oslo_service.service     return super(NamedExtensionManager, self)._load_one_plugin(
2023-02-13 21:33:25.546 7 ERROR oslo_service.service   File "/var/lib/kolla/venv/lib/python3.9/site-packages/stevedore/extension.py", line 263, in _load_one_plugin
2023-02-13 21:33:25.546 7 ERROR oslo_service.service     plugin = ep.load()
2023-02-13 21:33:25.546 7 ERROR oslo_service.service   File "/usr/lib64/python3.9/importlib/metadata.py", line 86, in load
2023-02-13 21:33:25.546 7 ERROR oslo_service.service     module = import_module(match.group('module'))
2023-02-13 21:33:25.546 7 ERROR oslo_service.service   File "/usr/lib64/python3.9/importlib/__init__.py", line 127, in import_module
2023-02-13 21:33:25.546 7 ERROR oslo_service.service     return _bootstrap._gcd_import(name[level:], package, level)
2023-02-13 21:33:25.546 7 ERROR oslo_service.service   File "<frozen importlib._bootstrap>", line 1030, in _gcd_import
2023-02-13 21:33:25.546 7 ERROR oslo_service.service   File "<frozen importlib._bootstrap>", line 1007, in _find_and_load
2023-02-13 21:33:25.546 7 ERROR oslo_service.service   File "<frozen importlib._bootstrap>", line 986, in _find_and_load_unlocked
2023-02-13 21:33:25.546 7 ERROR oslo_service.service   File "<frozen importlib._bootstrap>", line 680, in _load_unlocked
2023-02-13 21:33:25.546 7 ERROR oslo_service.service   File "<frozen importlib._bootstrap_external>", line 850, in exec_module
2023-02-13 21:33:25.546 7 ERROR oslo_service.service   File "<frozen importlib._bootstrap>", line 228, in _call_with_frames_removed
2023-02-13 21:33:25.546 7 ERROR oslo_service.service   File "/var/lib/kolla/venv/lib/python3.9/site-packages/ironic/drivers/ilo.py", line 19, in <module>
2023-02-13 21:33:25.546 7 ERROR oslo_service.service     from ironic.drivers import generic
2023-02-13 21:33:25.546 7 ERROR oslo_service.service   File "/var/lib/kolla/venv/lib/python3.9/site-packages/ironic/drivers/generic.py", line 26, in <module>
2023-02-13 21:33:25.546 7 ERROR oslo_service.service     from ironic.drivers.modules.network import flat as flat_net
2023-02-13 21:33:25.546 7 ERROR oslo_service.service   File "/var/lib/kolla/venv/lib/python3.9/site-packages/ironic/drivers/modules/network/flat.py", line 23, in <module>
2023-02-13 21:33:25.546 7 ERROR oslo_service.service     from ironic.common import neutron
2023-02-13 21:33:25.546 7 ERROR oslo_service.service   File "/var/lib/kolla/venv/lib/python3.9/site-packages/ironic/common/neutron.py", line 22, in <module>
2023-02-13 21:33:25.546 7 ERROR oslo_service.service     from ironic.api.controllers.v1 import utils as api_utils
2023-02-13 21:33:25.546 7 ERROR oslo_service.service   File "/var/lib/kolla/venv/lib/python3.9/site-packages/ironic/api/controllers/v1/__init__.py", line 30, in <module>
2023-02-13 21:33:25.546 7 ERROR oslo_service.service     from ironic.api.controllers.v1 import chassis
2023-02-13 21:33:25.546 7 ERROR oslo_service.service   File "/var/lib/kolla/venv/lib/python3.9/site-packages/ironic/api/controllers/v1/chassis.py", line 25, in <module>
2023-02-13 21:33:25.546 7 ERROR oslo_service.service     from ironic.api.controllers.v1 import node
2023-02-13 21:33:25.546 7 ERROR oslo_service.service   File "/var/lib/kolla/venv/lib/python3.9/site-packages/ironic/api/controllers/v1/node.py", line 2071
2023-02-13 21:33:25.546 7 ERROR oslo_service.service     <<<<<<< HEAD
2023-02-13 21:33:25.546 7 ERROR oslo_service.service     ^
2023-02-13 21:33:25.546 7 ERROR oslo_service.service SyntaxError: invalid syntax
2023-02-13 21:33:25.546 7 ERROR oslo_service.service 
2023-02-13 21:33:25.546 7 ERROR oslo_service.service During handling of the above exception, another exception occurred:
2023-02-13 21:33:25.546 7 ERROR oslo_service.service 
2023-02-13 21:33:25.546 7 ERROR oslo_service.service Traceback (most recent call last):
2023-02-13 21:33:25.546 7 ERROR oslo_service.service   File "/var/lib/kolla/venv/lib/python3.9/site-packages/oslo_service/service.py", line 806, in run_service
2023-02-13 21:33:25.546 7 ERROR oslo_service.service     service.start()
2023-02-13 21:33:25.546 7 ERROR oslo_service.service   File "/var/lib/kolla/venv/lib/python3.9/site-packages/ironic/common/rpc_service.py", line 62, in start
2023-02-13 21:33:25.546 7 ERROR oslo_service.service     self._real_start()
2023-02-13 21:33:25.546 7 ERROR oslo_service.service   File "/var/lib/kolla/venv/lib/python3.9/site-packages/ironic/common/rpc_service.py", line 87, in _real_start
2023-02-13 21:33:25.546 7 ERROR oslo_service.service     self.manager.init_host(admin_context)
2023-02-13 21:33:25.546 7 ERROR oslo_service.service   File "/var/lib/kolla/venv/lib/python3.9/site-packages/ironic/conductor/base_manager.py", line 136, in init_host
2023-02-13 21:33:25.546 7 ERROR oslo_service.service     hardware_types = driver_factory.hardware_types()
2023-02-13 21:33:25.546 7 ERROR oslo_service.service   File "/var/lib/kolla/venv/lib/python3.9/site-packages/ironic/common/driver_factory.py", line 266, in hardware_types
2023-02-13 21:33:25.546 7 ERROR oslo_service.service     return _get_all_drivers(HardwareTypesFactory())
2023-02-13 21:33:25.546 7 ERROR oslo_service.service   File "/var/lib/kolla/venv/lib/python3.9/site-packages/ironic/common/driver_factory.py", line 336, in __init__
2023-02-13 21:33:25.546 7 ERROR oslo_service.service     self.__class__._init_extension_manager()
2023-02-13 21:33:25.546 7 ERROR oslo_service.service   File "/var/lib/kolla/venv/lib/python3.9/site-packages/ironic/common/driver_factory.py", line 407, in _init_extension_manager
2023-02-13 21:33:25.546 7 ERROR oslo_service.service     stevedore.NamedExtensionManager(
2023-02-13 21:33:25.546 7 ERROR oslo_service.service   File "/var/lib/kolla/venv/lib/python3.9/site-packages/stevedore/named.py", line 78, in __init__
2023-02-13 21:33:25.546 7 ERROR oslo_service.service     extensions = self._load_plugins(invoke_on_load,
2023-02-13 21:33:25.546 7 ERROR oslo_service.service   File "/var/lib/kolla/venv/lib/python3.9/site-packages/stevedore/extension.py", line 241, in _load_plugins
2023-02-13 21:33:25.546 7 ERROR oslo_service.service     self._on_load_failure_callback(self, ep, err)
2023-02-13 21:33:25.546 7 ERROR oslo_service.service   File "/var/lib/kolla/venv/lib/python3.9/site-packages/ironic/common/driver_factory.py", line 358, in _catch_driver_not_found
2023-02-13 21:33:25.546 7 ERROR oslo_service.service     raise exception.DriverLoadError(driver=ep.name, reason=exc)
2023-02-13 21:33:25.546 7 ERROR oslo_service.service ironic.common.exception.DriverLoadError: Driver, hardware type or interface ilo could not be loaded. Reason: invalid syntax (node.py, line 2071).
2023-02-13 21:33:25.546 7 ERROR oslo_service.service 
2023-02-13 21:33:56.701 7 DEBUG oslo_db.api [-] Loading backend 'sqlalchemy' from 'ironic.db.sqlalchemy.api' _load_backend /var/lib/kolla/venv/lib/python3.9/site-packages/oslo_db/api.py:259
2023-02-13 21:33:59.426 7 DEBUG oslo_concurrency.lockutils [-] Acquiring lock "singleton_lock" lock /var/lib/kolla/venv/lib/python3.9/site-packages/oslo_concurrency/lockutils.py:312
2023-02-13 21:33:59.427 7 DEBUG oslo_concurrency.lockutils [-] Acquired lock "singleton_lock" lock /var/lib/kolla/venv/lib/python3.9/site-packages/oslo_concurrency/lockutils.py:315
2023-02-13 21:33:59.428 7 DEBUG oslo_concurrency.lockutils [-] Releasing lock "singleton_lock" lock /var/lib/kolla/venv/lib/python3.9/site-packages/oslo_concurrency/lockutils.py:333
2023-02-13 21:33:59.429 7 DEBUG ironic.conductor.base_manager [None req-e52fca2f-2d62-462a-8f41-8807702ccf1f - - - - - -] Initializing database client for host-169-16-1-162. prepare_host /var/lib/kolla/venv/lib/python3.9/site-packages/ironic/conductor/base_manager.py:82
2023-02-13 21:33:59.429 7 DEBUG ironic.conductor.base_manager [None req-e52fca2f-2d62-462a-8f41-8807702ccf1f - - - - - -] Removing stale locks from the database matching this conductor's hostname: host-169-16-1-162 prepare_host /var/lib/kolla/venv/lib/python3.9/site-packages/ironic/conductor/base_manager.py:84
2023-02-13 21:33:59.483 7 DEBUG oslo_db.sqlalchemy.engines [None req-e52fca2f-2d62-462a-8f41-8807702ccf1f - - - - - -] MySQL server mode set to STRICT_TRANS_TABLES,STRICT_ALL_TABLES,NO_ZERO_IN_DATE,NO_ZERO_DATE,ERROR_FOR_DIVISION_BY_ZERO,TRADITIONAL,NO_AUTO_CREATE_USER,NO_ENGINE_SUBSTITUTION _check_effective_sql_mode /var/lib/kolla/venv/lib/python3.9/site-packages/oslo_db/sqlalchemy/engines.py:326
2023-02-13 21:34:00.097 7 ERROR oslo_service.service [None req-e52fca2f-2d62-462a-8f41-8807702ccf1f - - - - - -] Error starting thread.: ironic.common.exception.DriverLoadError: Driver, hardware type or interface ilo could not be loaded. Reason: invalid syntax (node.py, line 2071).
2023-02-13 21:34:00.097 7 ERROR oslo_service.service Traceback (most recent call last):
2023-02-13 21:34:00.097 7 ERROR oslo_service.service   File "/var/lib/kolla/venv/lib/python3.9/site-packages/stevedore/extension.py", line 229, in _load_plugins
2023-02-13 21:34:00.097 7 ERROR oslo_service.service     ext = self._load_one_plugin(ep,
2023-02-13 21:34:00.097 7 ERROR oslo_service.service   File "/var/lib/kolla/venv/lib/python3.9/site-packages/stevedore/named.py", line 156, in _load_one_plugin
2023-02-13 21:34:00.097 7 ERROR oslo_service.service     return super(NamedExtensionManager, self)._load_one_plugin(
2023-02-13 21:34:00.097 7 ERROR oslo_service.service   File "/var/lib/kolla/venv/lib/python3.9/site-packages/stevedore/extension.py", line 263, in _load_one_plugin
2023-02-13 21:34:00.097 7 ERROR oslo_service.service     plugin = ep.load()
2023-02-13 21:34:00.097 7 ERROR oslo_service.service   File "/usr/lib64/python3.9/importlib/metadata.py", line 86, in load
2023-02-13 21:34:00.097 7 ERROR oslo_service.service     module = import_module(match.group('module'))
2023-02-13 21:34:00.097 7 ERROR oslo_service.service   File "/usr/lib64/python3.9/importlib/__init__.py", line 127, in import_module
2023-02-13 21:34:00.097 7 ERROR oslo_service.service     return _bootstrap._gcd_import(name[level:], package, level)
2023-02-13 21:34:00.097 7 ERROR oslo_service.service   File "<frozen importlib._bootstrap>", line 1030, in _gcd_import
2023-02-13 21:34:00.097 7 ERROR oslo_service.service   File "<frozen importlib._bootstrap>", line 1007, in _find_and_load
2023-02-13 21:34:00.097 7 ERROR oslo_service.service   File "<frozen importlib._bootstrap>", line 986, in _find_and_load_unlocked
2023-02-13 21:34:00.097 7 ERROR oslo_service.service   File "<frozen importlib._bootstrap>", line 680, in _load_unlocked
2023-02-13 21:34:00.097 7 ERROR oslo_service.service   File "<frozen importlib._bootstrap_external>", line 850, in exec_module
2023-02-13 21:34:00.097 7 ERROR oslo_service.service   File "<frozen importlib._bootstrap>", line 228, in _call_with_frames_removed
2023-02-13 21:34:00.097 7 ERROR oslo_service.service   File "/var/lib/kolla/venv/lib/python3.9/site-packages/ironic/drivers/ilo.py", line 19, in <module>
2023-02-13 21:34:00.097 7 ERROR oslo_service.service     from ironic.drivers import generic
2023-02-13 21:34:00.097 7 ERROR oslo_service.service   File "/var/lib/kolla/venv/lib/python3.9/site-packages/ironic/drivers/generic.py", line 26, in <module>
2023-02-13 21:34:00.097 7 ERROR oslo_service.service     from ironic.drivers.modules.network import flat as flat_net
2023-02-13 21:34:00.097 7 ERROR oslo_service.service   File "/var/lib/kolla/venv/lib/python3.9/site-packages/ironic/drivers/modules/network/flat.py", line 23, in <module>
2023-02-13 21:34:00.097 7 ERROR oslo_service.service     from ironic.common import neutron
2023-02-13 21:34:00.097 7 ERROR oslo_service.service   File "/var/lib/kolla/venv/lib/python3.9/site-packages/ironic/common/neutron.py", line 22, in <module>
2023-02-13 21:34:00.097 7 ERROR oslo_service.service     from ironic.api.controllers.v1 import utils as api_utils
2023-02-13 21:34:00.097 7 ERROR oslo_service.service   File "/var/lib/kolla/venv/lib/python3.9/site-packages/ironic/api/controllers/v1/__init__.py", line 30, in <module>
2023-02-13 21:34:00.097 7 ERROR oslo_service.service     from ironic.api.controllers.v1 import chassis
2023-02-13 21:34:00.097 7 ERROR oslo_service.service   File "/var/lib/kolla/venv/lib/python3.9/site-packages/ironic/api/controllers/v1/chassis.py", line 25, in <module>
2023-02-13 21:34:00.097 7 ERROR oslo_service.service     from ironic.api.controllers.v1 import node
2023-02-13 21:34:00.097 7 ERROR oslo_service.service   File "/var/lib/kolla/venv/lib/python3.9/site-packages/ironic/api/controllers/v1/node.py", line 2071
2023-02-13 21:34:00.097 7 ERROR oslo_service.service     <<<<<<< HEAD
2023-02-13 21:34:00.097 7 ERROR oslo_service.service     ^
2023-02-13 21:34:00.097 7 ERROR oslo_service.service SyntaxError: invalid syntax
2023-02-13 21:34:00.097 7 ERROR oslo_service.service 
2023-02-13 21:34:00.097 7 ERROR oslo_service.service During handling of the above exception, another exception occurred:
2023-02-13 21:34:00.097 7 ERROR oslo_service.service 
2023-02-13 21:34:00.097 7 ERROR oslo_service.service Traceback (most recent call last):
2023-02-13 21:34:00.097 7 ERROR oslo_service.service   File "/var/lib/kolla/venv/lib/python3.9/site-packages/oslo_service/service.py", line 806, in run_service
2023-02-13 21:34:00.097 7 ERROR oslo_service.service     service.start()
2023-02-13 21:34:00.097 7 ERROR oslo_service.service   File "/var/lib/kolla/venv/lib/python3.9/site-packages/ironic/common/rpc_service.py", line 62, in start
2023-02-13 21:34:00.097 7 ERROR oslo_service.service     self._real_start()
2023-02-13 21:34:00.097 7 ERROR oslo_service.service   File "/var/lib/kolla/venv/lib/python3.9/site-packages/ironic/common/rpc_service.py", line 87, in _real_start
2023-02-13 21:34:00.097 7 ERROR oslo_service.service     self.manager.init_host(admin_context)
2023-02-13 21:34:00.097 7 ERROR oslo_service.service   File "/var/lib/kolla/venv/lib/python3.9/site-packages/ironic/conductor/base_manager.py", line 136, in init_host
2023-02-13 21:34:00.097 7 ERROR oslo_service.service     hardware_types = driver_factory.hardware_types()
2023-02-13 21:34:00.097 7 ERROR oslo_service.service   File "/var/lib/kolla/venv/lib/python3.9/site-packages/ironic/common/driver_factory.py", line 266, in hardware_types
2023-02-13 21:34:00.097 7 ERROR oslo_service.service     return _get_all_drivers(HardwareTypesFactory())
2023-02-13 21:34:00.097 7 ERROR oslo_service.service   File "/var/lib/kolla/venv/lib/python3.9/site-packages/ironic/common/driver_factory.py", line 336, in __init__
2023-02-13 21:34:00.097 7 ERROR oslo_service.service     self.__class__._init_extension_manager()
2023-02-13 21:34:00.097 7 ERROR oslo_service.service   File "/var/lib/kolla/venv/lib/python3.9/site-packages/ironic/common/driver_factory.py", line 407, in _init_extension_manager
2023-02-13 21:34:00.097 7 ERROR oslo_service.service     stevedore.NamedExtensionManager(
2023-02-13 21:34:00.097 7 ERROR oslo_service.service   File "/var/lib/kolla/venv/lib/python3.9/site-packages/stevedore/named.py", line 78, in __init__
2023-02-13 21:34:00.097 7 ERROR oslo_service.service     extensions = self._load_plugins(invoke_on_load,
2023-02-13 21:34:00.097 7 ERROR oslo_service.service   File "/var/lib/kolla/venv/lib/python3.9/site-packages/stevedore/extension.py", line 241, in _load_plugins
2023-02-13 21:34:00.097 7 ERROR oslo_service.service     self._on_load_failure_callback(self, ep, err)
2023-02-13 21:34:00.097 7 ERROR oslo_service.service   File "/var/lib/kolla/venv/lib/python3.9/site-packages/ironic/common/driver_factory.py", line 358, in _catch_driver_not_found
2023-02-13 21:34:00.097 7 ERROR oslo_service.service     raise exception.DriverLoadError(driver=ep.name, reason=exc)
2023-02-13 21:34:00.097 7 ERROR oslo_service.service ironic.common.exception.DriverLoadError: Driver, hardware type or interface ilo could not be loaded. Reason: invalid syntax (node.py, line 2071).
2023-02-13 21:34:00.097 7 ERROR oslo_service.service 
2023-02-13 21:34:55.847 7 DEBUG oslo_db.api [-] Loading backend 'sqlalchemy' from 'ironic.db.sqlalchemy.api' _load_backend /var/lib/kolla/venv/lib/python3.9/site-packages/oslo_db/api.py:259
2023-02-13 21:34:57.408 7 DEBUG oslo_concurrency.lockutils [-] Acquiring lock "singleton_lock" lock /var/lib/kolla/venv/lib/python3.9/site-packages/oslo_concurrency/lockutils.py:312
2023-02-13 21:34:57.410 7 DEBUG oslo_concurrency.lockutils [-] Acquired lock "singleton_lock" lock /var/lib/kolla/venv/lib/python3.9/site-packages/oslo_concurrency/lockutils.py:315
2023-02-13 21:34:57.410 7 DEBUG oslo_concurrency.lockutils [-] Releasing lock "singleton_lock" lock /var/lib/kolla/venv/lib/python3.9/site-packages/oslo_concurrency/lockutils.py:333
2023-02-13 21:34:57.411 7 DEBUG ironic.conductor.base_manager [None req-ad11a075-e518-4db8-9466-8ac2af6e08dd - - - - - -] Initializing database client for host-169-16-1-162. prepare_host /var/lib/kolla/venv/lib/python3.9/site-packages/ironic/conductor/base_manager.py:82
2023-02-13 21:34:57.412 7 DEBUG ironic.conductor.base_manager [None req-ad11a075-e518-4db8-9466-8ac2af6e08dd - - - - - -] Removing stale locks from the database matching this conductor's hostname: host-169-16-1-162 prepare_host /var/lib/kolla/venv/lib/python3.9/site-packages/ironic/conductor/base_manager.py:84
2023-02-13 21:34:57.454 7 DEBUG oslo_db.sqlalchemy.engines [None req-ad11a075-e518-4db8-9466-8ac2af6e08dd - - - - - -] MySQL server mode set to STRICT_TRANS_TABLES,STRICT_ALL_TABLES,NO_ZERO_IN_DATE,NO_ZERO_DATE,ERROR_FOR_DIVISION_BY_ZERO,TRADITIONAL,NO_AUTO_CREATE_USER,NO_ENGINE_SUBSTITUTION _check_effective_sql_mode /var/lib/kolla/venv/lib/python3.9/site-packages/oslo_db/sqlalchemy/engines.py:326
2023-02-13 21:34:57.891 7 ERROR oslo_service.service [None req-ad11a075-e518-4db8-9466-8ac2af6e08dd - - - - - -] Error starting thread.: ironic.common.exception.DriverLoadError: Driver, hardware type or interface ilo could not be loaded. Reason: invalid syntax (node.py, line 2071).
2023-02-13 21:34:57.891 7 ERROR oslo_service.service Traceback (most recent call last):
2023-02-13 21:34:57.891 7 ERROR oslo_service.service   File "/var/lib/kolla/venv/lib/python3.9/site-packages/stevedore/extension.py", line 229, in _load_plugins
2023-02-13 21:34:57.891 7 ERROR oslo_service.service     ext = self._load_one_plugin(ep,
2023-02-13 21:34:57.891 7 ERROR oslo_service.service   File "/var/lib/kolla/venv/lib/python3.9/site-packages/stevedore/named.py", line 156, in _load_one_plugin
2023-02-13 21:34:57.891 7 ERROR oslo_service.service     return super(NamedExtensionManager, self)._load_one_plugin(
2023-02-13 21:34:57.891 7 ERROR oslo_service.service   File "/var/lib/kolla/venv/lib/python3.9/site-packages/stevedore/extension.py", line 263, in _load_one_plugin
2023-02-13 21:34:57.891 7 ERROR oslo_service.service     plugin = ep.load()
2023-02-13 21:34:57.891 7 ERROR oslo_service.service   File "/usr/lib64/python3.9/importlib/metadata.py", line 86, in load
2023-02-13 21:34:57.891 7 ERROR oslo_service.service     module = import_module(match.group('module'))
2023-02-13 21:34:57.891 7 ERROR oslo_service.service   File "/usr/lib64/python3.9/importlib/__init__.py", line 127, in import_module
2023-02-13 21:34:57.891 7 ERROR oslo_service.service     return _bootstrap._gcd_import(name[level:], package, level)
2023-02-13 21:34:57.891 7 ERROR oslo_service.service   File "<frozen importlib._bootstrap>", line 1030, in _gcd_import
2023-02-13 21:34:57.891 7 ERROR oslo_service.service   File "<frozen importlib._bootstrap>", line 1007, in _find_and_load
2023-02-13 21:34:57.891 7 ERROR oslo_service.service   File "<frozen importlib._bootstrap>", line 986, in _find_and_load_unlocked
2023-02-13 21:34:57.891 7 ERROR oslo_service.service   File "<frozen importlib._bootstrap>", line 680, in _load_unlocked
2023-02-13 21:34:57.891 7 ERROR oslo_service.service   File "<frozen importlib._bootstrap_external>", line 850, in exec_module
2023-02-13 21:34:57.891 7 ERROR oslo_service.service   File "<frozen importlib._bootstrap>", line 228, in _call_with_frames_removed
2023-02-13 21:34:57.891 7 ERROR oslo_service.service   File "/var/lib/kolla/venv/lib/python3.9/site-packages/ironic/drivers/ilo.py", line 19, in <module>
2023-02-13 21:34:57.891 7 ERROR oslo_service.service     from ironic.drivers import generic
2023-02-13 21:34:57.891 7 ERROR oslo_service.service   File "/var/lib/kolla/venv/lib/python3.9/site-packages/ironic/drivers/generic.py", line 26, in <module>
2023-02-13 21:34:57.891 7 ERROR oslo_service.service     from ironic.drivers.modules.network import flat as flat_net
2023-02-13 21:34:57.891 7 ERROR oslo_service.service   File "/var/lib/kolla/venv/lib/python3.9/site-packages/ironic/drivers/modules/network/flat.py", line 23, in <module>
2023-02-13 21:34:57.891 7 ERROR oslo_service.service     from ironic.common import neutron
2023-02-13 21:34:57.891 7 ERROR oslo_service.service   File "/var/lib/kolla/venv/lib/python3.9/site-packages/ironic/common/neutron.py", line 22, in <module>
2023-02-13 21:34:57.891 7 ERROR oslo_service.service     from ironic.api.controllers.v1 import utils as api_utils
2023-02-13 21:34:57.891 7 ERROR oslo_service.service   File "/var/lib/kolla/venv/lib/python3.9/site-packages/ironic/api/controllers/v1/__init__.py", line 30, in <module>
2023-02-13 21:34:57.891 7 ERROR oslo_service.service     from ironic.api.controllers.v1 import chassis
2023-02-13 21:34:57.891 7 ERROR oslo_service.service   File "/var/lib/kolla/venv/lib/python3.9/site-packages/ironic/api/controllers/v1/chassis.py", line 25, in <module>
2023-02-13 21:34:57.891 7 ERROR oslo_service.service     from ironic.api.controllers.v1 import node
2023-02-13 21:34:57.891 7 ERROR oslo_service.service   File "/var/lib/kolla/venv/lib/python3.9/site-packages/ironic/api/controllers/v1/node.py", line 2071
2023-02-13 21:34:57.891 7 ERROR oslo_service.service     <<<<<<< HEAD
2023-02-13 21:34:57.891 7 ERROR oslo_service.service     ^
2023-02-13 21:34:57.891 7 ERROR oslo_service.service SyntaxError: invalid syntax
2023-02-13 21:34:57.891 7 ERROR oslo_service.service 
2023-02-13 21:34:57.891 7 ERROR oslo_service.service During handling of the above exception, another exception occurred:
2023-02-13 21:34:57.891 7 ERROR oslo_service.service 
2023-02-13 21:34:57.891 7 ERROR oslo_service.service Traceback (most recent call last):
2023-02-13 21:34:57.891 7 ERROR oslo_service.service   File "/var/lib/kolla/venv/lib/python3.9/site-packages/oslo_service/service.py", line 806, in run_service
2023-02-13 21:34:57.891 7 ERROR oslo_service.service     service.start()
2023-02-13 21:34:57.891 7 ERROR oslo_service.service   File "/var/lib/kolla/venv/lib/python3.9/site-packages/ironic/common/rpc_service.py", line 62, in start
2023-02-13 21:34:57.891 7 ERROR oslo_service.service     self._real_start()
2023-02-13 21:34:57.891 7 ERROR oslo_service.service   File "/var/lib/kolla/venv/lib/python3.9/site-packages/ironic/common/rpc_service.py", line 87, in _real_start
2023-02-13 21:34:57.891 7 ERROR oslo_service.service     self.manager.init_host(admin_context)
2023-02-13 21:34:57.891 7 ERROR oslo_service.service   File "/var/lib/kolla/venv/lib/python3.9/site-packages/ironic/conductor/base_manager.py", line 136, in init_host
2023-02-13 21:34:57.891 7 ERROR oslo_service.service     hardware_types = driver_factory.hardware_types()
2023-02-13 21:34:57.891 7 ERROR oslo_service.service   File "/var/lib/kolla/venv/lib/python3.9/site-packages/ironic/common/driver_factory.py", line 266, in hardware_types
2023-02-13 21:34:57.891 7 ERROR oslo_service.service     return _get_all_drivers(HardwareTypesFactory())
2023-02-13 21:34:57.891 7 ERROR oslo_service.service   File "/var/lib/kolla/venv/lib/python3.9/site-packages/ironic/common/driver_factory.py", line 336, in __init__
2023-02-13 21:34:57.891 7 ERROR oslo_service.service     self.__class__._init_extension_manager()
2023-02-13 21:34:57.891 7 ERROR oslo_service.service   File "/var/lib/kolla/venv/lib/python3.9/site-packages/ironic/common/driver_factory.py", line 407, in _init_extension_manager
2023-02-13 21:34:57.891 7 ERROR oslo_service.service     stevedore.NamedExtensionManager(
2023-02-13 21:34:57.891 7 ERROR oslo_service.service   File "/var/lib/kolla/venv/lib/python3.9/site-packages/stevedore/named.py", line 78, in __init__
2023-02-13 21:34:57.891 7 ERROR oslo_service.service     extensions = self._load_plugins(invoke_on_load,
2023-02-13 21:34:57.891 7 ERROR oslo_service.service   File "/var/lib/kolla/venv/lib/python3.9/site-packages/stevedore/extension.py", line 241, in _load_plugins
2023-02-13 21:34:57.891 7 ERROR oslo_service.service     self._on_load_failure_callback(self, ep, err)
2023-02-13 21:34:57.891 7 ERROR oslo_service.service   File "/var/lib/kolla/venv/lib/python3.9/site-packages/ironic/common/driver_factory.py", line 358, in _catch_driver_not_found
2023-02-13 21:34:57.891 7 ERROR oslo_service.service     raise exception.DriverLoadError(driver=ep.name, reason=exc)
2023-02-13 21:34:57.891 7 ERROR oslo_service.service ironic.common.exception.DriverLoadError: Driver, hardware type or interface ilo could not be loaded. Reason: invalid syntax (node.py, line 2071).
2023-02-13 21:34:57.891 7 ERROR oslo_service.service 
2023-02-13 21:35:11.680 7 DEBUG oslo_db.api [-] Loading backend 'sqlalchemy' from 'ironic.db.sqlalchemy.api' _load_backend /var/lib/kolla/venv/lib/python3.9/site-packages/oslo_db/api.py:259
2023-02-13 21:35:13.980 7 DEBUG oslo_concurrency.lockutils [-] Acquiring lock "singleton_lock" lock /var/lib/kolla/venv/lib/python3.9/site-packages/oslo_concurrency/lockutils.py:312
2023-02-13 21:35:13.982 7 DEBUG oslo_concurrency.lockutils [-] Acquired lock "singleton_lock" lock /var/lib/kolla/venv/lib/python3.9/site-packages/oslo_concurrency/lockutils.py:315
2023-02-13 21:35:13.982 7 DEBUG oslo_concurrency.lockutils [-] Releasing lock "singleton_lock" lock /var/lib/kolla/venv/lib/python3.9/site-packages/oslo_concurrency/lockutils.py:333
2023-02-13 21:35:13.983 7 DEBUG ironic.conductor.base_manager [None req-4471f170-7ca5-493a-8577-dd7ef8123e12 - - - - - -] Initializing database client for host-169-16-1-162. prepare_host /var/lib/kolla/venv/lib/python3.9/site-packages/ironic/conductor/base_manager.py:82
2023-02-13 21:35:13.984 7 DEBUG ironic.conductor.base_manager [None req-4471f170-7ca5-493a-8577-dd7ef8123e12 - - - - - -] Removing stale locks from the database matching this conductor's hostname: host-169-16-1-162 prepare_host /var/lib/kolla/venv/lib/python3.9/site-packages/ironic/conductor/base_manager.py:84
2023-02-13 21:35:14.022 7 DEBUG oslo_db.sqlalchemy.engines [None req-4471f170-7ca5-493a-8577-dd7ef8123e12 - - - - - -] MySQL server mode set to STRICT_TRANS_TABLES,STRICT_ALL_TABLES,NO_ZERO_IN_DATE,NO_ZERO_DATE,ERROR_FOR_DIVISION_BY_ZERO,TRADITIONAL,NO_AUTO_CREATE_USER,NO_ENGINE_SUBSTITUTION _check_effective_sql_mode /var/lib/kolla/venv/lib/python3.9/site-packages/oslo_db/sqlalchemy/engines.py:326
2023-02-13 21:35:14.465 7 ERROR oslo_service.service [None req-4471f170-7ca5-493a-8577-dd7ef8123e12 - - - - - -] Error starting thread.: ironic.common.exception.DriverLoadError: Driver, hardware type or interface ilo could not be loaded. Reason: invalid syntax (node.py, line 2071).
2023-02-13 21:35:14.465 7 ERROR oslo_service.service Traceback (most recent call last):
2023-02-13 21:35:14.465 7 ERROR oslo_service.service   File "/var/lib/kolla/venv/lib/python3.9/site-packages/stevedore/extension.py", line 229, in _load_plugins
2023-02-13 21:35:14.465 7 ERROR oslo_service.service     ext = self._load_one_plugin(ep,
2023-02-13 21:35:14.465 7 ERROR oslo_service.service   File "/var/lib/kolla/venv/lib/python3.9/site-packages/stevedore/named.py", line 156, in _load_one_plugin
2023-02-13 21:35:14.465 7 ERROR oslo_service.service     return super(NamedExtensionManager, self)._load_one_plugin(
2023-02-13 21:35:14.465 7 ERROR oslo_service.service   File "/var/lib/kolla/venv/lib/python3.9/site-packages/stevedore/extension.py", line 263, in _load_one_plugin
2023-02-13 21:35:14.465 7 ERROR oslo_service.service     plugin = ep.load()
2023-02-13 21:35:14.465 7 ERROR oslo_service.service   File "/usr/lib64/python3.9/importlib/metadata.py", line 86, in load
2023-02-13 21:35:14.465 7 ERROR oslo_service.service     module = import_module(match.group('module'))
2023-02-13 21:35:14.465 7 ERROR oslo_service.service   File "/usr/lib64/python3.9/importlib/__init__.py", line 127, in import_module
2023-02-13 21:35:14.465 7 ERROR oslo_service.service     return _bootstrap._gcd_import(name[level:], package, level)
2023-02-13 21:35:14.465 7 ERROR oslo_service.service   File "<frozen importlib._bootstrap>", line 1030, in _gcd_import
2023-02-13 21:35:14.465 7 ERROR oslo_service.service   File "<frozen importlib._bootstrap>", line 1007, in _find_and_load
2023-02-13 21:35:14.465 7 ERROR oslo_service.service   File "<frozen importlib._bootstrap>", line 986, in _find_and_load_unlocked
2023-02-13 21:35:14.465 7 ERROR oslo_service.service   File "<frozen importlib._bootstrap>", line 680, in _load_unlocked
2023-02-13 21:35:14.465 7 ERROR oslo_service.service   File "<frozen importlib._bootstrap_external>", line 850, in exec_module
2023-02-13 21:35:14.465 7 ERROR oslo_service.service   File "<frozen importlib._bootstrap>", line 228, in _call_with_frames_removed
2023-02-13 21:35:14.465 7 ERROR oslo_service.service   File "/var/lib/kolla/venv/lib/python3.9/site-packages/ironic/drivers/ilo.py", line 19, in <module>
2023-02-13 21:35:14.465 7 ERROR oslo_service.service     from ironic.drivers import generic
2023-02-13 21:35:14.465 7 ERROR oslo_service.service   File "/var/lib/kolla/venv/lib/python3.9/site-packages/ironic/drivers/generic.py", line 26, in <module>
2023-02-13 21:35:14.465 7 ERROR oslo_service.service     from ironic.drivers.modules.network import flat as flat_net
2023-02-13 21:35:14.465 7 ERROR oslo_service.service   File "/var/lib/kolla/venv/lib/python3.9/site-packages/ironic/drivers/modules/network/flat.py", line 23, in <module>
2023-02-13 21:35:14.465 7 ERROR oslo_service.service     from ironic.common import neutron
2023-02-13 21:35:14.465 7 ERROR oslo_service.service   File "/var/lib/kolla/venv/lib/python3.9/site-packages/ironic/common/neutron.py", line 22, in <module>
2023-02-13 21:35:14.465 7 ERROR oslo_service.service     from ironic.api.controllers.v1 import utils as api_utils
2023-02-13 21:35:14.465 7 ERROR oslo_service.service   File "/var/lib/kolla/venv/lib/python3.9/site-packages/ironic/api/controllers/v1/__init__.py", line 30, in <module>
2023-02-13 21:35:14.465 7 ERROR oslo_service.service     from ironic.api.controllers.v1 import chassis
2023-02-13 21:35:14.465 7 ERROR oslo_service.service   File "/var/lib/kolla/venv/lib/python3.9/site-packages/ironic/api/controllers/v1/chassis.py", line 25, in <module>
2023-02-13 21:35:14.465 7 ERROR oslo_service.service     from ironic.api.controllers.v1 import node
2023-02-13 21:35:14.465 7 ERROR oslo_service.service   File "/var/lib/kolla/venv/lib/python3.9/site-packages/ironic/api/controllers/v1/node.py", line 2071
2023-02-13 21:35:14.465 7 ERROR oslo_service.service     <<<<<<< HEAD
2023-02-13 21:35:14.465 7 ERROR oslo_service.service     ^
2023-02-13 21:35:14.465 7 ERROR oslo_service.service SyntaxError: invalid syntax
2023-02-13 21:35:14.465 7 ERROR oslo_service.service 
2023-02-13 21:35:14.465 7 ERROR oslo_service.service During handling of the above exception, another exception occurred:
2023-02-13 21:35:14.465 7 ERROR oslo_service.service 
2023-02-13 21:35:14.465 7 ERROR oslo_service.service Traceback (most recent call last):
2023-02-13 21:35:14.465 7 ERROR oslo_service.service   File "/var/lib/kolla/venv/lib/python3.9/site-packages/oslo_service/service.py", line 806, in run_service
2023-02-13 21:35:14.465 7 ERROR oslo_service.service     service.start()
2023-02-13 21:35:14.465 7 ERROR oslo_service.service   File "/var/lib/kolla/venv/lib/python3.9/site-packages/ironic/common/rpc_service.py", line 62, in start
2023-02-13 21:35:14.465 7 ERROR oslo_service.service     self._real_start()
2023-02-13 21:35:14.465 7 ERROR oslo_service.service   File "/var/lib/kolla/venv/lib/python3.9/site-packages/ironic/common/rpc_service.py", line 87, in _real_start
2023-02-13 21:35:14.465 7 ERROR oslo_service.service     self.manager.init_host(admin_context)
2023-02-13 21:35:14.465 7 ERROR oslo_service.service   File "/var/lib/kolla/venv/lib/python3.9/site-packages/ironic/conductor/base_manager.py", line 136, in init_host
2023-02-13 21:35:14.465 7 ERROR oslo_service.service     hardware_types = driver_factory.hardware_types()
2023-02-13 21:35:14.465 7 ERROR oslo_service.service   File "/var/lib/kolla/venv/lib/python3.9/site-packages/ironic/common/driver_factory.py", line 266, in hardware_types
2023-02-13 21:35:14.465 7 ERROR oslo_service.service     return _get_all_drivers(HardwareTypesFactory())
2023-02-13 21:35:14.465 7 ERROR oslo_service.service   File "/var/lib/kolla/venv/lib/python3.9/site-packages/ironic/common/driver_factory.py", line 336, in __init__
2023-02-13 21:35:14.465 7 ERROR oslo_service.service     self.__class__._init_extension_manager()
2023-02-13 21:35:14.465 7 ERROR oslo_service.service   File "/var/lib/kolla/venv/lib/python3.9/site-packages/ironic/common/driver_factory.py", line 407, in _init_extension_manager
2023-02-13 21:35:14.465 7 ERROR oslo_service.service     stevedore.NamedExtensionManager(
2023-02-13 21:35:14.465 7 ERROR oslo_service.service   File "/var/lib/kolla/venv/lib/python3.9/site-packages/stevedore/named.py", line 78, in __init__
2023-02-13 21:35:14.465 7 ERROR oslo_service.service     extensions = self._load_plugins(invoke_on_load,
2023-02-13 21:35:14.465 7 ERROR oslo_service.service   File "/var/lib/kolla/venv/lib/python3.9/site-packages/stevedore/extension.py", line 241, in _load_plugins
2023-02-13 21:35:14.465 7 ERROR oslo_service.service     self._on_load_failure_callback(self, ep, err)
2023-02-13 21:35:14.465 7 ERROR oslo_service.service   File "/var/lib/kolla/venv/lib/python3.9/site-packages/ironic/common/driver_factory.py", line 358, in _catch_driver_not_found
2023-02-13 21:35:14.465 7 ERROR oslo_service.service     raise exception.DriverLoadError(driver=ep.name, reason=exc)
2023-02-13 21:35:14.465 7 ERROR oslo_service.service ironic.common.exception.DriverLoadError: Driver, hardware type or interface ilo could not be loaded. Reason: invalid syntax (node.py, line 2071).
2023-02-13 21:35:14.465 7 ERROR oslo_service.service 
2023-02-13 21:35:20.636 8 DEBUG oslo_db.api [-] Loading backend 'sqlalchemy' from 'ironic.db.sqlalchemy.api' _load_backend /var/lib/kolla/venv/lib/python3.9/site-packages/oslo_db/api.py:259
2023-02-13 21:35:23.015 8 DEBUG oslo_concurrency.lockutils [-] Acquiring lock "singleton_lock" lock /var/lib/kolla/venv/lib/python3.9/site-packages/oslo_concurrency/lockutils.py:312
2023-02-13 21:35:23.017 8 DEBUG oslo_concurrency.lockutils [-] Acquired lock "singleton_lock" lock /var/lib/kolla/venv/lib/python3.9/site-packages/oslo_concurrency/lockutils.py:315
2023-02-13 21:35:23.018 8 DEBUG oslo_concurrency.lockutils [-] Releasing lock "singleton_lock" lock /var/lib/kolla/venv/lib/python3.9/site-packages/oslo_concurrency/lockutils.py:333
2023-02-13 21:35:23.019 8 DEBUG ironic.conductor.base_manager [None req-cfa87071-6d5f-4107-b2db-5180540a4316 - - - - - -] Initializing database client for host-169-16-1-162. prepare_host /var/lib/kolla/venv/lib/python3.9/site-packages/ironic/conductor/base_manager.py:82
2023-02-13 21:35:23.020 8 DEBUG ironic.conductor.base_manager [None req-cfa87071-6d5f-4107-b2db-5180540a4316 - - - - - -] Removing stale locks from the database matching this conductor's hostname: host-169-16-1-162 prepare_host /var/lib/kolla/venv/lib/python3.9/site-packages/ironic/conductor/base_manager.py:84
2023-02-13 21:35:23.057 8 DEBUG oslo_db.sqlalchemy.engines [None req-cfa87071-6d5f-4107-b2db-5180540a4316 - - - - - -] MySQL server mode set to STRICT_TRANS_TABLES,STRICT_ALL_TABLES,NO_ZERO_IN_DATE,NO_ZERO_DATE,ERROR_FOR_DIVISION_BY_ZERO,TRADITIONAL,NO_AUTO_CREATE_USER,NO_ENGINE_SUBSTITUTION _check_effective_sql_mode /var/lib/kolla/venv/lib/python3.9/site-packages/oslo_db/sqlalchemy/engines.py:326
2023-02-13 21:35:23.493 8 ERROR oslo_service.service [None req-cfa87071-6d5f-4107-b2db-5180540a4316 - - - - - -] Error starting thread.: ironic.common.exception.DriverLoadError: Driver, hardware type or interface ilo could not be loaded. Reason: invalid syntax (node.py, line 2071).
2023-02-13 21:35:23.493 8 ERROR oslo_service.service Traceback (most recent call last):
2023-02-13 21:35:23.493 8 ERROR oslo_service.service   File "/var/lib/kolla/venv/lib/python3.9/site-packages/stevedore/extension.py", line 229, in _load_plugins
2023-02-13 21:35:23.493 8 ERROR oslo_service.service     ext = self._load_one_plugin(ep,
2023-02-13 21:35:23.493 8 ERROR oslo_service.service   File "/var/lib/kolla/venv/lib/python3.9/site-packages/stevedore/named.py", line 156, in _load_one_plugin
2023-02-13 21:35:23.493 8 ERROR oslo_service.service     return super(NamedExtensionManager, self)._load_one_plugin(
2023-02-13 21:35:23.493 8 ERROR oslo_service.service   File "/var/lib/kolla/venv/lib/python3.9/site-packages/stevedore/extension.py", line 263, in _load_one_plugin
2023-02-13 21:35:23.493 8 ERROR oslo_service.service     plugin = ep.load()
2023-02-13 21:35:23.493 8 ERROR oslo_service.service   File "/usr/lib64/python3.9/importlib/metadata.py", line 86, in load
2023-02-13 21:35:23.493 8 ERROR oslo_service.service     module = import_module(match.group('module'))
2023-02-13 21:35:23.493 8 ERROR oslo_service.service   File "/usr/lib64/python3.9/importlib/__init__.py", line 127, in import_module
2023-02-13 21:35:23.493 8 ERROR oslo_service.service     return _bootstrap._gcd_import(name[level:], package, level)
2023-02-13 21:35:23.493 8 ERROR oslo_service.service   File "<frozen importlib._bootstrap>", line 1030, in _gcd_import
2023-02-13 21:35:23.493 8 ERROR oslo_service.service   File "<frozen importlib._bootstrap>", line 1007, in _find_and_load
2023-02-13 21:35:23.493 8 ERROR oslo_service.service   File "<frozen importlib._bootstrap>", line 986, in _find_and_load_unlocked
2023-02-13 21:35:23.493 8 ERROR oslo_service.service   File "<frozen importlib._bootstrap>", line 680, in _load_unlocked
2023-02-13 21:35:23.493 8 ERROR oslo_service.service   File "<frozen importlib._bootstrap_external>", line 850, in exec_module
2023-02-13 21:35:23.493 8 ERROR oslo_service.service   File "<frozen importlib._bootstrap>", line 228, in _call_with_frames_removed
2023-02-13 21:35:23.493 8 ERROR oslo_service.service   File "/var/lib/kolla/venv/lib/python3.9/site-packages/ironic/drivers/ilo.py", line 19, in <module>
2023-02-13 21:35:23.493 8 ERROR oslo_service.service     from ironic.drivers import generic
2023-02-13 21:35:23.493 8 ERROR oslo_service.service   File "/var/lib/kolla/venv/lib/python3.9/site-packages/ironic/drivers/generic.py", line 26, in <module>
2023-02-13 21:35:23.493 8 ERROR oslo_service.service     from ironic.drivers.modules.network import flat as flat_net
2023-02-13 21:35:23.493 8 ERROR oslo_service.service   File "/var/lib/kolla/venv/lib/python3.9/site-packages/ironic/drivers/modules/network/flat.py", line 23, in <module>
2023-02-13 21:35:23.493 8 ERROR oslo_service.service     from ironic.common import neutron
2023-02-13 21:35:23.493 8 ERROR oslo_service.service   File "/var/lib/kolla/venv/lib/python3.9/site-packages/ironic/common/neutron.py", line 22, in <module>
2023-02-13 21:35:23.493 8 ERROR oslo_service.service     from ironic.api.controllers.v1 import utils as api_utils
2023-02-13 21:35:23.493 8 ERROR oslo_service.service   File "/var/lib/kolla/venv/lib/python3.9/site-packages/ironic/api/controllers/v1/__init__.py", line 30, in <module>
2023-02-13 21:35:23.493 8 ERROR oslo_service.service     from ironic.api.controllers.v1 import chassis
2023-02-13 21:35:23.493 8 ERROR oslo_service.service   File "/var/lib/kolla/venv/lib/python3.9/site-packages/ironic/api/controllers/v1/chassis.py", line 25, in <module>
2023-02-13 21:35:23.493 8 ERROR oslo_service.service     from ironic.api.controllers.v1 import node
2023-02-13 21:35:23.493 8 ERROR oslo_service.service   File "/var/lib/kolla/venv/lib/python3.9/site-packages/ironic/api/controllers/v1/node.py", line 2071
2023-02-13 21:35:23.493 8 ERROR oslo_service.service     <<<<<<< HEAD
2023-02-13 21:35:23.493 8 ERROR oslo_service.service     ^
2023-02-13 21:35:23.493 8 ERROR oslo_service.service SyntaxError: invalid syntax
2023-02-13 21:35:23.493 8 ERROR oslo_service.service 
2023-02-13 21:35:23.493 8 ERROR oslo_service.service During handling of the above exception, another exception occurred:
2023-02-13 21:35:23.493 8 ERROR oslo_service.service 
2023-02-13 21:35:23.493 8 ERROR oslo_service.service Traceback (most recent call last):
2023-02-13 21:35:23.493 8 ERROR oslo_service.service   File "/var/lib/kolla/venv/lib/python3.9/site-packages/oslo_service/service.py", line 806, in run_service
2023-02-13 21:35:23.493 8 ERROR oslo_service.service     service.start()
2023-02-13 21:35:23.493 8 ERROR oslo_service.service   File "/var/lib/kolla/venv/lib/python3.9/site-packages/ironic/common/rpc_service.py", line 62, in start
2023-02-13 21:35:23.493 8 ERROR oslo_service.service     self._real_start()
2023-02-13 21:35:23.493 8 ERROR oslo_service.service   File "/var/lib/kolla/venv/lib/python3.9/site-packages/ironic/common/rpc_service.py", line 87, in _real_start
2023-02-13 21:35:23.493 8 ERROR oslo_service.service     self.manager.init_host(admin_context)
2023-02-13 21:35:23.493 8 ERROR oslo_service.service   File "/var/lib/kolla/venv/lib/python3.9/site-packages/ironic/conductor/base_manager.py", line 136, in init_host
2023-02-13 21:35:23.493 8 ERROR oslo_service.service     hardware_types = driver_factory.hardware_types()
2023-02-13 21:35:23.493 8 ERROR oslo_service.service   File "/var/lib/kolla/venv/lib/python3.9/site-packages/ironic/common/driver_factory.py", line 266, in hardware_types
2023-02-13 21:35:23.493 8 ERROR oslo_service.service     return _get_all_drivers(HardwareTypesFactory())
2023-02-13 21:35:23.493 8 ERROR oslo_service.service   File "/var/lib/kolla/venv/lib/python3.9/site-packages/ironic/common/driver_factory.py", line 336, in __init__
2023-02-13 21:35:23.493 8 ERROR oslo_service.service     self.__class__._init_extension_manager()
2023-02-13 21:35:23.493 8 ERROR oslo_service.service   File "/var/lib/kolla/venv/lib/python3.9/site-packages/ironic/common/driver_factory.py", line 407, in _init_extension_manager
2023-02-13 21:35:23.493 8 ERROR oslo_service.service     stevedore.NamedExtensionManager(
2023-02-13 21:35:23.493 8 ERROR oslo_service.service   File "/var/lib/kolla/venv/lib/python3.9/site-packages/stevedore/named.py", line 78, in __init__
2023-02-13 21:35:23.493 8 ERROR oslo_service.service     extensions = self._load_plugins(invoke_on_load,
2023-02-13 21:35:23.493 8 ERROR oslo_service.service   File "/var/lib/kolla/venv/lib/python3.9/site-packages/stevedore/extension.py", line 241, in _load_plugins
2023-02-13 21:35:23.493 8 ERROR oslo_service.service     self._on_load_failure_callback(self, ep, err)
2023-02-13 21:35:23.493 8 ERROR oslo_service.service   File "/var/lib/kolla/venv/lib/python3.9/site-packages/ironic/common/driver_factory.py", line 358, in _catch_driver_not_found
2023-02-13 21:35:23.493 8 ERROR oslo_service.service     raise exception.DriverLoadError(driver=ep.name, reason=exc)
2023-02-13 21:35:23.493 8 ERROR oslo_service.service ironic.common.exception.DriverLoadError: Driver, hardware type or interface ilo could not be loaded. Reason: invalid syntax (node.py, line 2071).
2023-02-13 21:35:23.493 8 ERROR oslo_service.service 
2023-02-13 21:35:28.728 7 DEBUG oslo_db.api [-] Loading backend 'sqlalchemy' from 'ironic.db.sqlalchemy.api' _load_backend /var/lib/kolla/venv/lib/python3.9/site-packages/oslo_db/api.py:259
2023-02-13 21:35:30.742 7 DEBUG oslo_concurrency.lockutils [-] Acquiring lock "singleton_lock" lock /var/lib/kolla/venv/lib/python3.9/site-packages/oslo_concurrency/lockutils.py:312
2023-02-13 21:35:30.743 7 DEBUG oslo_concurrency.lockutils [-] Acquired lock "singleton_lock" lock /var/lib/kolla/venv/lib/python3.9/site-packages/oslo_concurrency/lockutils.py:315
2023-02-13 21:35:30.744 7 DEBUG oslo_concurrency.lockutils [-] Releasing lock "singleton_lock" lock /var/lib/kolla/venv/lib/python3.9/site-packages/oslo_concurrency/lockutils.py:333
2023-02-13 21:35:30.745 7 DEBUG ironic.conductor.base_manager [None req-c7420add-4903-49d1-9406-2941f4bb8783 - - - - - -] Initializing database client for host-169-16-1-162. prepare_host /var/lib/kolla/venv/lib/python3.9/site-packages/ironic/conductor/base_manager.py:82
2023-02-13 21:35:30.746 7 DEBUG ironic.conductor.base_manager [None req-c7420add-4903-49d1-9406-2941f4bb8783 - - - - - -] Removing stale locks from the database matching this conductor's hostname: host-169-16-1-162 prepare_host /var/lib/kolla/venv/lib/python3.9/site-packages/ironic/conductor/base_manager.py:84
2023-02-13 21:35:30.793 7 DEBUG oslo_db.sqlalchemy.engines [None req-c7420add-4903-49d1-9406-2941f4bb8783 - - - - - -] MySQL server mode set to STRICT_TRANS_TABLES,STRICT_ALL_TABLES,NO_ZERO_IN_DATE,NO_ZERO_DATE,ERROR_FOR_DIVISION_BY_ZERO,TRADITIONAL,NO_AUTO_CREATE_USER,NO_ENGINE_SUBSTITUTION _check_effective_sql_mode /var/lib/kolla/venv/lib/python3.9/site-packages/oslo_db/sqlalchemy/engines.py:326
2023-02-13 21:35:31.423 7 ERROR oslo_service.service [None req-c7420add-4903-49d1-9406-2941f4bb8783 - - - - - -] Error starting thread.: ironic.common.exception.DriverLoadError: Driver, hardware type or interface ilo could not be loaded. Reason: invalid syntax (node.py, line 2071).
2023-02-13 21:35:31.423 7 ERROR oslo_service.service Traceback (most recent call last):
2023-02-13 21:35:31.423 7 ERROR oslo_service.service   File "/var/lib/kolla/venv/lib/python3.9/site-packages/stevedore/extension.py", line 229, in _load_plugins
2023-02-13 21:35:31.423 7 ERROR oslo_service.service     ext = self._load_one_plugin(ep,
2023-02-13 21:35:31.423 7 ERROR oslo_service.service   File "/var/lib/kolla/venv/lib/python3.9/site-packages/stevedore/named.py", line 156, in _load_one_plugin
2023-02-13 21:35:31.423 7 ERROR oslo_service.service     return super(NamedExtensionManager, self)._load_one_plugin(
2023-02-13 21:35:31.423 7 ERROR oslo_service.service   File "/var/lib/kolla/venv/lib/python3.9/site-packages/stevedore/extension.py", line 263, in _load_one_plugin
2023-02-13 21:35:31.423 7 ERROR oslo_service.service     plugin = ep.load()
2023-02-13 21:35:31.423 7 ERROR oslo_service.service   File "/usr/lib64/python3.9/importlib/metadata.py", line 86, in load
2023-02-13 21:35:31.423 7 ERROR oslo_service.service     module = import_module(match.group('module'))
2023-02-13 21:35:31.423 7 ERROR oslo_service.service   File "/usr/lib64/python3.9/importlib/__init__.py", line 127, in import_module
2023-02-13 21:35:31.423 7 ERROR oslo_service.service     return _bootstrap._gcd_import(name[level:], package, level)
2023-02-13 21:35:31.423 7 ERROR oslo_service.service   File "<frozen importlib._bootstrap>", line 1030, in _gcd_import
2023-02-13 21:35:31.423 7 ERROR oslo_service.service   File "<frozen importlib._bootstrap>", line 1007, in _find_and_load
2023-02-13 21:35:31.423 7 ERROR oslo_service.service   File "<frozen importlib._bootstrap>", line 986, in _find_and_load_unlocked
2023-02-13 21:35:31.423 7 ERROR oslo_service.service   File "<frozen importlib._bootstrap>", line 680, in _load_unlocked
2023-02-13 21:35:31.423 7 ERROR oslo_service.service   File "<frozen importlib._bootstrap_external>", line 850, in exec_module
2023-02-13 21:35:31.423 7 ERROR oslo_service.service   File "<frozen importlib._bootstrap>", line 228, in _call_with_frames_removed
2023-02-13 21:35:31.423 7 ERROR oslo_service.service   File "/var/lib/kolla/venv/lib/python3.9/site-packages/ironic/drivers/ilo.py", line 19, in <module>
2023-02-13 21:35:31.423 7 ERROR oslo_service.service     from ironic.drivers import generic
2023-02-13 21:35:31.423 7 ERROR oslo_service.service   File "/var/lib/kolla/venv/lib/python3.9/site-packages/ironic/drivers/generic.py", line 26, in <module>
2023-02-13 21:35:31.423 7 ERROR oslo_service.service     from ironic.drivers.modules.network import flat as flat_net
2023-02-13 21:35:31.423 7 ERROR oslo_service.service   File "/var/lib/kolla/venv/lib/python3.9/site-packages/ironic/drivers/modules/network/flat.py", line 23, in <module>
2023-02-13 21:35:31.423 7 ERROR oslo_service.service     from ironic.common import neutron
2023-02-13 21:35:31.423 7 ERROR oslo_service.service   File "/var/lib/kolla/venv/lib/python3.9/site-packages/ironic/common/neutron.py", line 22, in <module>
2023-02-13 21:35:31.423 7 ERROR oslo_service.service     from ironic.api.controllers.v1 import utils as api_utils
2023-02-13 21:35:31.423 7 ERROR oslo_service.service   File "/var/lib/kolla/venv/lib/python3.9/site-packages/ironic/api/controllers/v1/__init__.py", line 30, in <module>
2023-02-13 21:35:31.423 7 ERROR oslo_service.service     from ironic.api.controllers.v1 import chassis
2023-02-13 21:35:31.423 7 ERROR oslo_service.service   File "/var/lib/kolla/venv/lib/python3.9/site-packages/ironic/api/controllers/v1/chassis.py", line 25, in <module>
2023-02-13 21:35:31.423 7 ERROR oslo_service.service     from ironic.api.controllers.v1 import node
2023-02-13 21:35:31.423 7 ERROR oslo_service.service   File "/var/lib/kolla/venv/lib/python3.9/site-packages/ironic/api/controllers/v1/node.py", line 2071
2023-02-13 21:35:31.423 7 ERROR oslo_service.service     <<<<<<< HEAD
2023-02-13 21:35:31.423 7 ERROR oslo_service.service     ^
2023-02-13 21:35:31.423 7 ERROR oslo_service.service SyntaxError: invalid syntax
2023-02-13 21:35:31.423 7 ERROR oslo_service.service 
2023-02-13 21:35:31.423 7 ERROR oslo_service.service During handling of the above exception, another exception occurred:
2023-02-13 21:35:31.423 7 ERROR oslo_service.service 
2023-02-13 21:35:31.423 7 ERROR oslo_service.service Traceback (most recent call last):
2023-02-13 21:35:31.423 7 ERROR oslo_service.service   File "/var/lib/kolla/venv/lib/python3.9/site-packages/oslo_service/service.py", line 806, in run_service
2023-02-13 21:35:31.423 7 ERROR oslo_service.service     service.start()
2023-02-13 21:35:31.423 7 ERROR oslo_service.service   File "/var/lib/kolla/venv/lib/python3.9/site-packages/ironic/common/rpc_service.py", line 62, in start
2023-02-13 21:35:31.423 7 ERROR oslo_service.service     self._real_start()
2023-02-13 21:35:31.423 7 ERROR oslo_service.service   File "/var/lib/kolla/venv/lib/python3.9/site-packages/ironic/common/rpc_service.py", line 87, in _real_start
2023-02-13 21:35:31.423 7 ERROR oslo_service.service     self.manager.init_host(admin_context)
2023-02-13 21:35:31.423 7 ERROR oslo_service.service   File "/var/lib/kolla/venv/lib/python3.9/site-packages/ironic/conductor/base_manager.py", line 136, in init_host
2023-02-13 21:35:31.423 7 ERROR oslo_service.service     hardware_types = driver_factory.hardware_types()
2023-02-13 21:35:31.423 7 ERROR oslo_service.service   File "/var/lib/kolla/venv/lib/python3.9/site-packages/ironic/common/driver_factory.py", line 266, in hardware_types
2023-02-13 21:35:31.423 7 ERROR oslo_service.service     return _get_all_drivers(HardwareTypesFactory())
2023-02-13 21:35:31.423 7 ERROR oslo_service.service   File "/var/lib/kolla/venv/lib/python3.9/site-packages/ironic/common/driver_factory.py", line 336, in __init__
2023-02-13 21:35:31.423 7 ERROR oslo_service.service     self.__class__._init_extension_manager()
2023-02-13 21:35:31.423 7 ERROR oslo_service.service   File "/var/lib/kolla/venv/lib/python3.9/site-packages/ironic/common/driver_factory.py", line 407, in _init_extension_manager
2023-02-13 21:35:31.423 7 ERROR oslo_service.service     stevedore.NamedExtensionManager(
2023-02-13 21:35:31.423 7 ERROR oslo_service.service   File "/var/lib/kolla/venv/lib/python3.9/site-packages/stevedore/named.py", line 78, in __init__
2023-02-13 21:35:31.423 7 ERROR oslo_service.service     extensions = self._load_plugins(invoke_on_load,
2023-02-13 21:35:31.423 7 ERROR oslo_service.service   File "/var/lib/kolla/venv/lib/python3.9/site-packages/stevedore/extension.py", line 241, in _load_plugins
2023-02-13 21:35:31.423 7 ERROR oslo_service.service     self._on_load_failure_callback(self, ep, err)
2023-02-13 21:35:31.423 7 ERROR oslo_service.service   File "/var/lib/kolla/venv/lib/python3.9/site-packages/ironic/common/driver_factory.py", line 358, in _catch_driver_not_found
2023-02-13 21:35:31.423 7 ERROR oslo_service.service     raise exception.DriverLoadError(driver=ep.name, reason=exc)
2023-02-13 21:35:31.423 7 ERROR oslo_service.service ironic.common.exception.DriverLoadError: Driver, hardware type or interface ilo could not be loaded. Reason: invalid syntax (node.py, line 2071).
2023-02-13 21:35:31.423 7 ERROR oslo_service.service 
2023-02-13 21:35:36.725 7 DEBUG oslo_db.api [-] Loading backend 'sqlalchemy' from 'ironic.db.sqlalchemy.api' _load_backend /var/lib/kolla/venv/lib/python3.9/site-packages/oslo_db/api.py:259
2023-02-13 21:35:38.470 7 DEBUG oslo_concurrency.lockutils [-] Acquiring lock "singleton_lock" lock /var/lib/kolla/venv/lib/python3.9/site-packages/oslo_concurrency/lockutils.py:312
2023-02-13 21:35:38.473 7 DEBUG oslo_concurrency.lockutils [-] Acquired lock "singleton_lock" lock /var/lib/kolla/venv/lib/python3.9/site-packages/oslo_concurrency/lockutils.py:315
2023-02-13 21:35:38.474 7 DEBUG oslo_concurrency.lockutils [-] Releasing lock "singleton_lock" lock /var/lib/kolla/venv/lib/python3.9/site-packages/oslo_concurrency/lockutils.py:333
2023-02-13 21:35:38.475 7 DEBUG ironic.conductor.base_manager [None req-6375c643-8cd6-42d1-ad4c-34cacd5879d2 - - - - - -] Initializing database client for host-169-16-1-162. prepare_host /var/lib/kolla/venv/lib/python3.9/site-packages/ironic/conductor/base_manager.py:82
2023-02-13 21:35:38.476 7 DEBUG ironic.conductor.base_manager [None req-6375c643-8cd6-42d1-ad4c-34cacd5879d2 - - - - - -] Removing stale locks from the database matching this conductor's hostname: host-169-16-1-162 prepare_host /var/lib/kolla/venv/lib/python3.9/site-packages/ironic/conductor/base_manager.py:84
2023-02-13 21:35:38.510 7 DEBUG oslo_db.sqlalchemy.engines [None req-6375c643-8cd6-42d1-ad4c-34cacd5879d2 - - - - - -] MySQL server mode set to STRICT_TRANS_TABLES,STRICT_ALL_TABLES,NO_ZERO_IN_DATE,NO_ZERO_DATE,ERROR_FOR_DIVISION_BY_ZERO,TRADITIONAL,NO_AUTO_CREATE_USER,NO_ENGINE_SUBSTITUTION _check_effective_sql_mode /var/lib/kolla/venv/lib/python3.9/site-packages/oslo_db/sqlalchemy/engines.py:326
2023-02-13 21:35:38.922 7 ERROR oslo_service.service [None req-6375c643-8cd6-42d1-ad4c-34cacd5879d2 - - - - - -] Error starting thread.: ironic.common.exception.DriverLoadError: Driver, hardware type or interface ilo could not be loaded. Reason: invalid syntax (node.py, line 2071).
2023-02-13 21:35:38.922 7 ERROR oslo_service.service Traceback (most recent call last):
2023-02-13 21:35:38.922 7 ERROR oslo_service.service   File "/var/lib/kolla/venv/lib/python3.9/site-packages/stevedore/extension.py", line 229, in _load_plugins
2023-02-13 21:35:38.922 7 ERROR oslo_service.service     ext = self._load_one_plugin(ep,
2023-02-13 21:35:38.922 7 ERROR oslo_service.service   File "/var/lib/kolla/venv/lib/python3.9/site-packages/stevedore/named.py", line 156, in _load_one_plugin
2023-02-13 21:35:38.922 7 ERROR oslo_service.service     return super(NamedExtensionManager, self)._load_one_plugin(
2023-02-13 21:35:38.922 7 ERROR oslo_service.service   File "/var/lib/kolla/venv/lib/python3.9/site-packages/stevedore/extension.py", line 263, in _load_one_plugin
2023-02-13 21:35:38.922 7 ERROR oslo_service.service     plugin = ep.load()
2023-02-13 21:35:38.922 7 ERROR oslo_service.service   File "/usr/lib64/python3.9/importlib/metadata.py", line 86, in load
2023-02-13 21:35:38.922 7 ERROR oslo_service.service     module = import_module(match.group('module'))
2023-02-13 21:35:38.922 7 ERROR oslo_service.service   File "/usr/lib64/python3.9/importlib/__init__.py", line 127, in import_module
2023-02-13 21:35:38.922 7 ERROR oslo_service.service     return _bootstrap._gcd_import(name[level:], package, level)
2023-02-13 21:35:38.922 7 ERROR oslo_service.service   File "<frozen importlib._bootstrap>", line 1030, in _gcd_import
2023-02-13 21:35:38.922 7 ERROR oslo_service.service   File "<frozen importlib._bootstrap>", line 1007, in _find_and_load
2023-02-13 21:35:38.922 7 ERROR oslo_service.service   File "<frozen importlib._bootstrap>", line 986, in _find_and_load_unlocked
2023-02-13 21:35:38.922 7 ERROR oslo_service.service   File "<frozen importlib._bootstrap>", line 680, in _load_unlocked
2023-02-13 21:35:38.922 7 ERROR oslo_service.service   File "<frozen importlib._bootstrap_external>", line 850, in exec_module
2023-02-13 21:35:38.922 7 ERROR oslo_service.service   File "<frozen importlib._bootstrap>", line 228, in _call_with_frames_removed
2023-02-13 21:35:38.922 7 ERROR oslo_service.service   File "/var/lib/kolla/venv/lib/python3.9/site-packages/ironic/drivers/ilo.py", line 19, in <module>
2023-02-13 21:35:38.922 7 ERROR oslo_service.service     from ironic.drivers import generic
2023-02-13 21:35:38.922 7 ERROR oslo_service.service   File "/var/lib/kolla/venv/lib/python3.9/site-packages/ironic/drivers/generic.py", line 26, in <module>
2023-02-13 21:35:38.922 7 ERROR oslo_service.service     from ironic.drivers.modules.network import flat as flat_net
2023-02-13 21:35:38.922 7 ERROR oslo_service.service   File "/var/lib/kolla/venv/lib/python3.9/site-packages/ironic/drivers/modules/network/flat.py", line 23, in <module>
2023-02-13 21:35:38.922 7 ERROR oslo_service.service     from ironic.common import neutron
2023-02-13 21:35:38.922 7 ERROR oslo_service.service   File "/var/lib/kolla/venv/lib/python3.9/site-packages/ironic/common/neutron.py", line 22, in <module>
2023-02-13 21:35:38.922 7 ERROR oslo_service.service     from ironic.api.controllers.v1 import utils as api_utils
2023-02-13 21:35:38.922 7 ERROR oslo_service.service   File "/var/lib/kolla/venv/lib/python3.9/site-packages/ironic/api/controllers/v1/__init__.py", line 30, in <module>
2023-02-13 21:35:38.922 7 ERROR oslo_service.service     from ironic.api.controllers.v1 import chassis
2023-02-13 21:35:38.922 7 ERROR oslo_service.service   File "/var/lib/kolla/venv/lib/python3.9/site-packages/ironic/api/controllers/v1/chassis.py", line 25, in <module>
2023-02-13 21:35:38.922 7 ERROR oslo_service.service     from ironic.api.controllers.v1 import node
2023-02-13 21:35:38.922 7 ERROR oslo_service.service   File "/var/lib/kolla/venv/lib/python3.9/site-packages/ironic/api/controllers/v1/node.py", line 2071
2023-02-13 21:35:38.922 7 ERROR oslo_service.service     <<<<<<< HEAD
2023-02-13 21:35:38.922 7 ERROR oslo_service.service     ^
2023-02-13 21:35:38.922 7 ERROR oslo_service.service SyntaxError: invalid syntax
2023-02-13 21:35:38.922 7 ERROR oslo_service.service 
2023-02-13 21:35:38.922 7 ERROR oslo_service.service During handling of the above exception, another exception occurred:
2023-02-13 21:35:38.922 7 ERROR oslo_service.service 
2023-02-13 21:35:38.922 7 ERROR oslo_service.service Traceback (most recent call last):
2023-02-13 21:35:38.922 7 ERROR oslo_service.service   File "/var/lib/kolla/venv/lib/python3.9/site-packages/oslo_service/service.py", line 806, in run_service
2023-02-13 21:35:38.922 7 ERROR oslo_service.service     service.start()
2023-02-13 21:35:38.922 7 ERROR oslo_service.service   File "/var/lib/kolla/venv/lib/python3.9/site-packages/ironic/common/rpc_service.py", line 62, in start
2023-02-13 21:35:38.922 7 ERROR oslo_service.service     self._real_start()
2023-02-13 21:35:38.922 7 ERROR oslo_service.service   File "/var/lib/kolla/venv/lib/python3.9/site-packages/ironic/common/rpc_service.py", line 87, in _real_start
2023-02-13 21:35:38.922 7 ERROR oslo_service.service     self.manager.init_host(admin_context)
2023-02-13 21:35:38.922 7 ERROR oslo_service.service   File "/var/lib/kolla/venv/lib/python3.9/site-packages/ironic/conductor/base_manager.py", line 136, in init_host
2023-02-13 21:35:38.922 7 ERROR oslo_service.service     hardware_types = driver_factory.hardware_types()
2023-02-13 21:35:38.922 7 ERROR oslo_service.service   File "/var/lib/kolla/venv/lib/python3.9/site-packages/ironic/common/driver_factory.py", line 266, in hardware_types
2023-02-13 21:35:38.922 7 ERROR oslo_service.service     return _get_all_drivers(HardwareTypesFactory())
2023-02-13 21:35:38.922 7 ERROR oslo_service.service   File "/var/lib/kolla/venv/lib/python3.9/site-packages/ironic/common/driver_factory.py", line 336, in __init__
2023-02-13 21:35:38.922 7 ERROR oslo_service.service     self.__class__._init_extension_manager()
2023-02-13 21:35:38.922 7 ERROR oslo_service.service   File "/var/lib/kolla/venv/lib/python3.9/site-packages/ironic/common/driver_factory.py", line 407, in _init_extension_manager
2023-02-13 21:35:38.922 7 ERROR oslo_service.service     stevedore.NamedExtensionManager(
2023-02-13 21:35:38.922 7 ERROR oslo_service.service   File "/var/lib/kolla/venv/lib/python3.9/site-packages/stevedore/named.py", line 78, in __init__
2023-02-13 21:35:38.922 7 ERROR oslo_service.service     extensions = self._load_plugins(invoke_on_load,
2023-02-13 21:35:38.922 7 ERROR oslo_service.service   File "/var/lib/kolla/venv/lib/python3.9/site-packages/stevedore/extension.py", line 241, in _load_plugins
2023-02-13 21:35:38.922 7 ERROR oslo_service.service     self._on_load_failure_callback(self, ep, err)
2023-02-13 21:35:38.922 7 ERROR oslo_service.service   File "/var/lib/kolla/venv/lib/python3.9/site-packages/ironic/common/driver_factory.py", line 358, in _catch_driver_not_found
2023-02-13 21:35:38.922 7 ERROR oslo_service.service     raise exception.DriverLoadError(driver=ep.name, reason=exc)
2023-02-13 21:35:38.922 7 ERROR oslo_service.service ironic.common.exception.DriverLoadError: Driver, hardware type or interface ilo could not be loaded. Reason: invalid syntax (node.py, line 2071).
2023-02-13 21:35:38.922 7 ERROR oslo_service.service 
2023-02-13 21:35:43.758 7 DEBUG oslo_db.api [-] Loading backend 'sqlalchemy' from 'ironic.db.sqlalchemy.api' _load_backend /var/lib/kolla/venv/lib/python3.9/site-packages/oslo_db/api.py:259
2023-02-13 21:35:45.834 7 DEBUG oslo_concurrency.lockutils [-] Acquiring lock "singleton_lock" lock /var/lib/kolla/venv/lib/python3.9/site-packages/oslo_concurrency/lockutils.py:312
2023-02-13 21:35:45.836 7 DEBUG oslo_concurrency.lockutils [-] Acquired lock "singleton_lock" lock /var/lib/kolla/venv/lib/python3.9/site-packages/oslo_concurrency/lockutils.py:315
2023-02-13 21:35:45.837 7 DEBUG oslo_concurrency.lockutils [-] Releasing lock "singleton_lock" lock /var/lib/kolla/venv/lib/python3.9/site-packages/oslo_concurrency/lockutils.py:333
2023-02-13 21:35:45.838 7 DEBUG ironic.conductor.base_manager [None req-b98c83b4-1cd2-45a5-955e-172cc38da974 - - - - - -] Initializing database client for host-169-16-1-162. prepare_host /var/lib/kolla/venv/lib/python3.9/site-packages/ironic/conductor/base_manager.py:82
2023-02-13 21:35:45.838 7 DEBUG ironic.conductor.base_manager [None req-b98c83b4-1cd2-45a5-955e-172cc38da974 - - - - - -] Removing stale locks from the database matching this conductor's hostname: host-169-16-1-162 prepare_host /var/lib/kolla/venv/lib/python3.9/site-packages/ironic/conductor/base_manager.py:84
2023-02-13 21:35:45.917 7 DEBUG oslo_db.sqlalchemy.engines [None req-b98c83b4-1cd2-45a5-955e-172cc38da974 - - - - - -] MySQL server mode set to STRICT_TRANS_TABLES,STRICT_ALL_TABLES,NO_ZERO_IN_DATE,NO_ZERO_DATE,ERROR_FOR_DIVISION_BY_ZERO,TRADITIONAL,NO_AUTO_CREATE_USER,NO_ENGINE_SUBSTITUTION _check_effective_sql_mode /var/lib/kolla/venv/lib/python3.9/site-packages/oslo_db/sqlalchemy/engines.py:326
2023-02-13 21:35:46.555 7 ERROR oslo_service.service [None req-b98c83b4-1cd2-45a5-955e-172cc38da974 - - - - - -] Error starting thread.: ironic.common.exception.DriverLoadError: Driver, hardware type or interface ilo could not be loaded. Reason: invalid syntax (node.py, line 2071).
2023-02-13 21:35:46.555 7 ERROR oslo_service.service Traceback (most recent call last):
2023-02-13 21:35:46.555 7 ERROR oslo_service.service   File "/var/lib/kolla/venv/lib/python3.9/site-packages/stevedore/extension.py", line 229, in _load_plugins
2023-02-13 21:35:46.555 7 ERROR oslo_service.service     ext = self._load_one_plugin(ep,
2023-02-13 21:35:46.555 7 ERROR oslo_service.service   File "/var/lib/kolla/venv/lib/python3.9/site-packages/stevedore/named.py", line 156, in _load_one_plugin
2023-02-13 21:35:46.555 7 ERROR oslo_service.service     return super(NamedExtensionManager, self)._load_one_plugin(
2023-02-13 21:35:46.555 7 ERROR oslo_service.service   File "/var/lib/kolla/venv/lib/python3.9/site-packages/stevedore/extension.py", line 263, in _load_one_plugin
2023-02-13 21:35:46.555 7 ERROR oslo_service.service     plugin = ep.load()
2023-02-13 21:35:46.555 7 ERROR oslo_service.service   File "/usr/lib64/python3.9/importlib/metadata.py", line 86, in load
2023-02-13 21:35:46.555 7 ERROR oslo_service.service     module = import_module(match.group('module'))
2023-02-13 21:35:46.555 7 ERROR oslo_service.service   File "/usr/lib64/python3.9/importlib/__init__.py", line 127, in import_module
2023-02-13 21:35:46.555 7 ERROR oslo_service.service     return _bootstrap._gcd_import(name[level:], package, level)
2023-02-13 21:35:46.555 7 ERROR oslo_service.service   File "<frozen importlib._bootstrap>", line 1030, in _gcd_import
2023-02-13 21:35:46.555 7 ERROR oslo_service.service   File "<frozen importlib._bootstrap>", line 1007, in _find_and_load
2023-02-13 21:35:46.555 7 ERROR oslo_service.service   File "<frozen importlib._bootstrap>", line 986, in _find_and_load_unlocked
2023-02-13 21:35:46.555 7 ERROR oslo_service.service   File "<frozen importlib._bootstrap>", line 680, in _load_unlocked
2023-02-13 21:35:46.555 7 ERROR oslo_service.service   File "<frozen importlib._bootstrap_external>", line 850, in exec_module
2023-02-13 21:35:46.555 7 ERROR oslo_service.service   File "<frozen importlib._bootstrap>", line 228, in _call_with_frames_removed
2023-02-13 21:35:46.555 7 ERROR oslo_service.service   File "/var/lib/kolla/venv/lib/python3.9/site-packages/ironic/drivers/ilo.py", line 19, in <module>
2023-02-13 21:35:46.555 7 ERROR oslo_service.service     from ironic.drivers import generic
2023-02-13 21:35:46.555 7 ERROR oslo_service.service   File "/var/lib/kolla/venv/lib/python3.9/site-packages/ironic/drivers/generic.py", line 26, in <module>
2023-02-13 21:35:46.555 7 ERROR oslo_service.service     from ironic.drivers.modules.network import flat as flat_net
2023-02-13 21:35:46.555 7 ERROR oslo_service.service   File "/var/lib/kolla/venv/lib/python3.9/site-packages/ironic/drivers/modules/network/flat.py", line 23, in <module>
2023-02-13 21:35:46.555 7 ERROR oslo_service.service     from ironic.common import neutron
2023-02-13 21:35:46.555 7 ERROR oslo_service.service   File "/var/lib/kolla/venv/lib/python3.9/site-packages/ironic/common/neutron.py", line 22, in <module>
2023-02-13 21:35:46.555 7 ERROR oslo_service.service     from ironic.api.controllers.v1 import utils as api_utils
2023-02-13 21:35:46.555 7 ERROR oslo_service.service   File "/var/lib/kolla/venv/lib/python3.9/site-packages/ironic/api/controllers/v1/__init__.py", line 30, in <module>
2023-02-13 21:35:46.555 7 ERROR oslo_service.service     from ironic.api.controllers.v1 import chassis
2023-02-13 21:35:46.555 7 ERROR oslo_service.service   File "/var/lib/kolla/venv/lib/python3.9/site-packages/ironic/api/controllers/v1/chassis.py", line 25, in <module>
2023-02-13 21:35:46.555 7 ERROR oslo_service.service     from ironic.api.controllers.v1 import node
2023-02-13 21:35:46.555 7 ERROR oslo_service.service   File "/var/lib/kolla/venv/lib/python3.9/site-packages/ironic/api/controllers/v1/node.py", line 2071
2023-02-13 21:35:46.555 7 ERROR oslo_service.service     <<<<<<< HEAD
2023-02-13 21:35:46.555 7 ERROR oslo_service.service     ^
2023-02-13 21:35:46.555 7 ERROR oslo_service.service SyntaxError: invalid syntax
2023-02-13 21:35:46.555 7 ERROR oslo_service.service 
2023-02-13 21:35:46.555 7 ERROR oslo_service.service During handling of the above exception, another exception occurred:
2023-02-13 21:35:46.555 7 ERROR oslo_service.service 
2023-02-13 21:35:46.555 7 ERROR oslo_service.service Traceback (most recent call last):
2023-02-13 21:35:46.555 7 ERROR oslo_service.service   File "/var/lib/kolla/venv/lib/python3.9/site-packages/oslo_service/service.py", line 806, in run_service
2023-02-13 21:35:46.555 7 ERROR oslo_service.service     service.start()
2023-02-13 21:35:46.555 7 ERROR oslo_service.service   File "/var/lib/kolla/venv/lib/python3.9/site-packages/ironic/common/rpc_service.py", line 62, in start
2023-02-13 21:35:46.555 7 ERROR oslo_service.service     self._real_start()
2023-02-13 21:35:46.555 7 ERROR oslo_service.service   File "/var/lib/kolla/venv/lib/python3.9/site-packages/ironic/common/rpc_service.py", line 87, in _real_start
2023-02-13 21:35:46.555 7 ERROR oslo_service.service     self.manager.init_host(admin_context)
2023-02-13 21:35:46.555 7 ERROR oslo_service.service   File "/var/lib/kolla/venv/lib/python3.9/site-packages/ironic/conductor/base_manager.py", line 136, in init_host
2023-02-13 21:35:46.555 7 ERROR oslo_service.service     hardware_types = driver_factory.hardware_types()
2023-02-13 21:35:46.555 7 ERROR oslo_service.service   File "/var/lib/kolla/venv/lib/python3.9/site-packages/ironic/common/driver_factory.py", line 266, in hardware_types
2023-02-13 21:35:46.555 7 ERROR oslo_service.service     return _get_all_drivers(HardwareTypesFactory())
2023-02-13 21:35:46.555 7 ERROR oslo_service.service   File "/var/lib/kolla/venv/lib/python3.9/site-packages/ironic/common/driver_factory.py", line 336, in __init__
2023-02-13 21:35:46.555 7 ERROR oslo_service.service     self.__class__._init_extension_manager()
2023-02-13 21:35:46.555 7 ERROR oslo_service.service   File "/var/lib/kolla/venv/lib/python3.9/site-packages/ironic/common/driver_factory.py", line 407, in _init_extension_manager
2023-02-13 21:35:46.555 7 ERROR oslo_service.service     stevedore.NamedExtensionManager(
2023-02-13 21:35:46.555 7 ERROR oslo_service.service   File "/var/lib/kolla/venv/lib/python3.9/site-packages/stevedore/named.py", line 78, in __init__
2023-02-13 21:35:46.555 7 ERROR oslo_service.service     extensions = self._load_plugins(invoke_on_load,
2023-02-13 21:35:46.555 7 ERROR oslo_service.service   File "/var/lib/kolla/venv/lib/python3.9/site-packages/stevedore/extension.py", line 241, in _load_plugins
2023-02-13 21:35:46.555 7 ERROR oslo_service.service     self._on_load_failure_callback(self, ep, err)
2023-02-13 21:35:46.555 7 ERROR oslo_service.service   File "/var/lib/kolla/venv/lib/python3.9/site-packages/ironic/common/driver_factory.py", line 358, in _catch_driver_not_found
2023-02-13 21:35:46.555 7 ERROR oslo_service.service     raise exception.DriverLoadError(driver=ep.name, reason=exc)
2023-02-13 21:35:46.555 7 ERROR oslo_service.service ironic.common.exception.DriverLoadError: Driver, hardware type or interface ilo could not be loaded. Reason: invalid syntax (node.py, line 2071).
2023-02-13 21:35:46.555 7 ERROR oslo_service.service 
2023-02-13 21:35:54.845 8 DEBUG oslo_db.api [-] Loading backend 'sqlalchemy' from 'ironic.db.sqlalchemy.api' _load_backend /var/lib/kolla/venv/lib/python3.9/site-packages/oslo_db/api.py:259
2023-02-13 21:35:56.491 8 DEBUG oslo_concurrency.lockutils [-] Acquiring lock "singleton_lock" lock /var/lib/kolla/venv/lib/python3.9/site-packages/oslo_concurrency/lockutils.py:312
2023-02-13 21:35:56.493 8 DEBUG oslo_concurrency.lockutils [-] Acquired lock "singleton_lock" lock /var/lib/kolla/venv/lib/python3.9/site-packages/oslo_concurrency/lockutils.py:315
2023-02-13 21:35:56.493 8 DEBUG oslo_concurrency.lockutils [-] Releasing lock "singleton_lock" lock /var/lib/kolla/venv/lib/python3.9/site-packages/oslo_concurrency/lockutils.py:333
2023-02-13 21:35:56.494 8 DEBUG ironic.conductor.base_manager [None req-71178f49-1e9d-4d8b-bfd1-fe7b8024d653 - - - - - -] Initializing database client for host-169-16-1-162. prepare_host /var/lib/kolla/venv/lib/python3.9/site-packages/ironic/conductor/base_manager.py:82
2023-02-13 21:35:56.495 8 DEBUG ironic.conductor.base_manager [None req-71178f49-1e9d-4d8b-bfd1-fe7b8024d653 - - - - - -] Removing stale locks from the database matching this conductor's hostname: host-169-16-1-162 prepare_host /var/lib/kolla/venv/lib/python3.9/site-packages/ironic/conductor/base_manager.py:84
2023-02-13 21:35:56.540 8 DEBUG oslo_db.sqlalchemy.engines [None req-71178f49-1e9d-4d8b-bfd1-fe7b8024d653 - - - - - -] MySQL server mode set to STRICT_TRANS_TABLES,STRICT_ALL_TABLES,NO_ZERO_IN_DATE,NO_ZERO_DATE,ERROR_FOR_DIVISION_BY_ZERO,TRADITIONAL,NO_AUTO_CREATE_USER,NO_ENGINE_SUBSTITUTION _check_effective_sql_mode /var/lib/kolla/venv/lib/python3.9/site-packages/oslo_db/sqlalchemy/engines.py:326
2023-02-13 21:35:56.971 8 ERROR oslo_service.service [None req-71178f49-1e9d-4d8b-bfd1-fe7b8024d653 - - - - - -] Error starting thread.: ironic.common.exception.DriverLoadError: Driver, hardware type or interface ilo could not be loaded. Reason: invalid syntax (node.py, line 2071).
2023-02-13 21:35:56.971 8 ERROR oslo_service.service Traceback (most recent call last):
2023-02-13 21:35:56.971 8 ERROR oslo_service.service   File "/var/lib/kolla/venv/lib/python3.9/site-packages/stevedore/extension.py", line 229, in _load_plugins
2023-02-13 21:35:56.971 8 ERROR oslo_service.service     ext = self._load_one_plugin(ep,
2023-02-13 21:35:56.971 8 ERROR oslo_service.service   File "/var/lib/kolla/venv/lib/python3.9/site-packages/stevedore/named.py", line 156, in _load_one_plugin
2023-02-13 21:35:56.971 8 ERROR oslo_service.service     return super(NamedExtensionManager, self)._load_one_plugin(
2023-02-13 21:35:56.971 8 ERROR oslo_service.service   File "/var/lib/kolla/venv/lib/python3.9/site-packages/stevedore/extension.py", line 263, in _load_one_plugin
2023-02-13 21:35:56.971 8 ERROR oslo_service.service     plugin = ep.load()
2023-02-13 21:35:56.971 8 ERROR oslo_service.service   File "/usr/lib64/python3.9/importlib/metadata.py", line 86, in load
2023-02-13 21:35:56.971 8 ERROR oslo_service.service     module = import_module(match.group('module'))
2023-02-13 21:35:56.971 8 ERROR oslo_service.service   File "/usr/lib64/python3.9/importlib/__init__.py", line 127, in import_module
2023-02-13 21:35:56.971 8 ERROR oslo_service.service     return _bootstrap._gcd_import(name[level:], package, level)
2023-02-13 21:35:56.971 8 ERROR oslo_service.service   File "<frozen importlib._bootstrap>", line 1030, in _gcd_import
2023-02-13 21:35:56.971 8 ERROR oslo_service.service   File "<frozen importlib._bootstrap>", line 1007, in _find_and_load
2023-02-13 21:35:56.971 8 ERROR oslo_service.service   File "<frozen importlib._bootstrap>", line 986, in _find_and_load_unlocked
2023-02-13 21:35:56.971 8 ERROR oslo_service.service   File "<frozen importlib._bootstrap>", line 680, in _load_unlocked
2023-02-13 21:35:56.971 8 ERROR oslo_service.service   File "<frozen importlib._bootstrap_external>", line 850, in exec_module
2023-02-13 21:35:56.971 8 ERROR oslo_service.service   File "<frozen importlib._bootstrap>", line 228, in _call_with_frames_removed
2023-02-13 21:35:56.971 8 ERROR oslo_service.service   File "/var/lib/kolla/venv/lib/python3.9/site-packages/ironic/drivers/ilo.py", line 19, in <module>
2023-02-13 21:35:56.971 8 ERROR oslo_service.service     from ironic.drivers import generic
2023-02-13 21:35:56.971 8 ERROR oslo_service.service   File "/var/lib/kolla/venv/lib/python3.9/site-packages/ironic/drivers/generic.py", line 26, in <module>
2023-02-13 21:35:56.971 8 ERROR oslo_service.service     from ironic.drivers.modules.network import flat as flat_net
2023-02-13 21:35:56.971 8 ERROR oslo_service.service   File "/var/lib/kolla/venv/lib/python3.9/site-packages/ironic/drivers/modules/network/flat.py", line 23, in <module>
2023-02-13 21:35:56.971 8 ERROR oslo_service.service     from ironic.common import neutron
2023-02-13 21:35:56.971 8 ERROR oslo_service.service   File "/var/lib/kolla/venv/lib/python3.9/site-packages/ironic/common/neutron.py", line 22, in <module>
2023-02-13 21:35:56.971 8 ERROR oslo_service.service     from ironic.api.controllers.v1 import utils as api_utils
2023-02-13 21:35:56.971 8 ERROR oslo_service.service   File "/var/lib/kolla/venv/lib/python3.9/site-packages/ironic/api/controllers/v1/__init__.py", line 30, in <module>
2023-02-13 21:35:56.971 8 ERROR oslo_service.service     from ironic.api.controllers.v1 import chassis
2023-02-13 21:35:56.971 8 ERROR oslo_service.service   File "/var/lib/kolla/venv/lib/python3.9/site-packages/ironic/api/controllers/v1/chassis.py", line 25, in <module>
2023-02-13 21:35:56.971 8 ERROR oslo_service.service     from ironic.api.controllers.v1 import node
2023-02-13 21:35:56.971 8 ERROR oslo_service.service   File "/var/lib/kolla/venv/lib/python3.9/site-packages/ironic/api/controllers/v1/node.py", line 2071
2023-02-13 21:35:56.971 8 ERROR oslo_service.service     <<<<<<< HEAD
2023-02-13 21:35:56.971 8 ERROR oslo_service.service     ^
2023-02-13 21:35:56.971 8 ERROR oslo_service.service SyntaxError: invalid syntax
2023-02-13 21:35:56.971 8 ERROR oslo_service.service 
2023-02-13 21:35:56.971 8 ERROR oslo_service.service During handling of the above exception, another exception occurred:
2023-02-13 21:35:56.971 8 ERROR oslo_service.service 
2023-02-13 21:35:56.971 8 ERROR oslo_service.service Traceback (most recent call last):
2023-02-13 21:35:56.971 8 ERROR oslo_service.service   File "/var/lib/kolla/venv/lib/python3.9/site-packages/oslo_service/service.py", line 806, in run_service
2023-02-13 21:35:56.971 8 ERROR oslo_service.service     service.start()
2023-02-13 21:35:56.971 8 ERROR oslo_service.service   File "/var/lib/kolla/venv/lib/python3.9/site-packages/ironic/common/rpc_service.py", line 62, in start
2023-02-13 21:35:56.971 8 ERROR oslo_service.service     self._real_start()
2023-02-13 21:35:56.971 8 ERROR oslo_service.service   File "/var/lib/kolla/venv/lib/python3.9/site-packages/ironic/common/rpc_service.py", line 87, in _real_start
2023-02-13 21:35:56.971 8 ERROR oslo_service.service     self.manager.init_host(admin_context)
2023-02-13 21:35:56.971 8 ERROR oslo_service.service   File "/var/lib/kolla/venv/lib/python3.9/site-packages/ironic/conductor/base_manager.py", line 136, in init_host
2023-02-13 21:35:56.971 8 ERROR oslo_service.service     hardware_types = driver_factory.hardware_types()
2023-02-13 21:35:56.971 8 ERROR oslo_service.service   File "/var/lib/kolla/venv/lib/python3.9/site-packages/ironic/common/driver_factory.py", line 266, in hardware_types
2023-02-13 21:35:56.971 8 ERROR oslo_service.service     return _get_all_drivers(HardwareTypesFactory())
2023-02-13 21:35:56.971 8 ERROR oslo_service.service   File "/var/lib/kolla/venv/lib/python3.9/site-packages/ironic/common/driver_factory.py", line 336, in __init__
2023-02-13 21:35:56.971 8 ERROR oslo_service.service     self.__class__._init_extension_manager()
2023-02-13 21:35:56.971 8 ERROR oslo_service.service   File "/var/lib/kolla/venv/lib/python3.9/site-packages/ironic/common/driver_factory.py", line 407, in _init_extension_manager
2023-02-13 21:35:56.971 8 ERROR oslo_service.service     stevedore.NamedExtensionManager(
2023-02-13 21:35:56.971 8 ERROR oslo_service.service   File "/var/lib/kolla/venv/lib/python3.9/site-packages/stevedore/named.py", line 78, in __init__
2023-02-13 21:35:56.971 8 ERROR oslo_service.service     extensions = self._load_plugins(invoke_on_load,
2023-02-13 21:35:56.971 8 ERROR oslo_service.service   File "/var/lib/kolla/venv/lib/python3.9/site-packages/stevedore/extension.py", line 241, in _load_plugins
2023-02-13 21:35:56.971 8 ERROR oslo_service.service     self._on_load_failure_callback(self, ep, err)
2023-02-13 21:35:56.971 8 ERROR oslo_service.service   File "/var/lib/kolla/venv/lib/python3.9/site-packages/ironic/common/driver_factory.py", line 358, in _catch_driver_not_found
2023-02-13 21:35:56.971 8 ERROR oslo_service.service     raise exception.DriverLoadError(driver=ep.name, reason=exc)
2023-02-13 21:35:56.971 8 ERROR oslo_service.service ironic.common.exception.DriverLoadError: Driver, hardware type or interface ilo could not be loaded. Reason: invalid syntax (node.py, line 2071).
2023-02-13 21:35:56.971 8 ERROR oslo_service.service 
2023-02-13 21:36:04.997 7 DEBUG oslo_db.api [-] Loading backend 'sqlalchemy' from 'ironic.db.sqlalchemy.api' _load_backend /var/lib/kolla/venv/lib/python3.9/site-packages/oslo_db/api.py:259
2023-02-13 21:36:07.307 7 DEBUG oslo_concurrency.lockutils [-] Acquiring lock "singleton_lock" lock /var/lib/kolla/venv/lib/python3.9/site-packages/oslo_concurrency/lockutils.py:312
2023-02-13 21:36:07.309 7 DEBUG oslo_concurrency.lockutils [-] Acquired lock "singleton_lock" lock /var/lib/kolla/venv/lib/python3.9/site-packages/oslo_concurrency/lockutils.py:315
2023-02-13 21:36:07.310 7 DEBUG oslo_concurrency.lockutils [-] Releasing lock "singleton_lock" lock /var/lib/kolla/venv/lib/python3.9/site-packages/oslo_concurrency/lockutils.py:333
2023-02-13 21:36:07.311 7 DEBUG ironic.conductor.base_manager [None req-e8218a0c-4da7-4a09-9517-c9ae6518d0cc - - - - - -] Initializing database client for host-169-16-1-162. prepare_host /var/lib/kolla/venv/lib/python3.9/site-packages/ironic/conductor/base_manager.py:82
2023-02-13 21:36:07.312 7 DEBUG ironic.conductor.base_manager [None req-e8218a0c-4da7-4a09-9517-c9ae6518d0cc - - - - - -] Removing stale locks from the database matching this conductor's hostname: host-169-16-1-162 prepare_host /var/lib/kolla/venv/lib/python3.9/site-packages/ironic/conductor/base_manager.py:84
2023-02-13 21:36:07.350 7 DEBUG oslo_db.sqlalchemy.engines [None req-e8218a0c-4da7-4a09-9517-c9ae6518d0cc - - - - - -] MySQL server mode set to STRICT_TRANS_TABLES,STRICT_ALL_TABLES,NO_ZERO_IN_DATE,NO_ZERO_DATE,ERROR_FOR_DIVISION_BY_ZERO,TRADITIONAL,NO_AUTO_CREATE_USER,NO_ENGINE_SUBSTITUTION _check_effective_sql_mode /var/lib/kolla/venv/lib/python3.9/site-packages/oslo_db/sqlalchemy/engines.py:326
2023-02-13 21:36:07.786 7 ERROR oslo_service.service [None req-e8218a0c-4da7-4a09-9517-c9ae6518d0cc - - - - - -] Error starting thread.: ironic.common.exception.DriverLoadError: Driver, hardware type or interface ilo could not be loaded. Reason: invalid syntax (node.py, line 2071).
2023-02-13 21:36:07.786 7 ERROR oslo_service.service Traceback (most recent call last):
2023-02-13 21:36:07.786 7 ERROR oslo_service.service   File "/var/lib/kolla/venv/lib/python3.9/site-packages/stevedore/extension.py", line 229, in _load_plugins
2023-02-13 21:36:07.786 7 ERROR oslo_service.service     ext = self._load_one_plugin(ep,
2023-02-13 21:36:07.786 7 ERROR oslo_service.service   File "/var/lib/kolla/venv/lib/python3.9/site-packages/stevedore/named.py", line 156, in _load_one_plugin
2023-02-13 21:36:07.786 7 ERROR oslo_service.service     return super(NamedExtensionManager, self)._load_one_plugin(
2023-02-13 21:36:07.786 7 ERROR oslo_service.service   File "/var/lib/kolla/venv/lib/python3.9/site-packages/stevedore/extension.py", line 263, in _load_one_plugin
2023-02-13 21:36:07.786 7 ERROR oslo_service.service     plugin = ep.load()
2023-02-13 21:36:07.786 7 ERROR oslo_service.service   File "/usr/lib64/python3.9/importlib/metadata.py", line 86, in load
2023-02-13 21:36:07.786 7 ERROR oslo_service.service     module = import_module(match.group('module'))
2023-02-13 21:36:07.786 7 ERROR oslo_service.service   File "/usr/lib64/python3.9/importlib/__init__.py", line 127, in import_module
2023-02-13 21:36:07.786 7 ERROR oslo_service.service     return _bootstrap._gcd_import(name[level:], package, level)
2023-02-13 21:36:07.786 7 ERROR oslo_service.service   File "<frozen importlib._bootstrap>", line 1030, in _gcd_import
2023-02-13 21:36:07.786 7 ERROR oslo_service.service   File "<frozen importlib._bootstrap>", line 1007, in _find_and_load
2023-02-13 21:36:07.786 7 ERROR oslo_service.service   File "<frozen importlib._bootstrap>", line 986, in _find_and_load_unlocked
2023-02-13 21:36:07.786 7 ERROR oslo_service.service   File "<frozen importlib._bootstrap>", line 680, in _load_unlocked
2023-02-13 21:36:07.786 7 ERROR oslo_service.service   File "<frozen importlib._bootstrap_external>", line 850, in exec_module
2023-02-13 21:36:07.786 7 ERROR oslo_service.service   File "<frozen importlib._bootstrap>", line 228, in _call_with_frames_removed
2023-02-13 21:36:07.786 7 ERROR oslo_service.service   File "/var/lib/kolla/venv/lib/python3.9/site-packages/ironic/drivers/ilo.py", line 19, in <module>
2023-02-13 21:36:07.786 7 ERROR oslo_service.service     from ironic.drivers import generic
2023-02-13 21:36:07.786 7 ERROR oslo_service.service   File "/var/lib/kolla/venv/lib/python3.9/site-packages/ironic/drivers/generic.py", line 26, in <module>
2023-02-13 21:36:07.786 7 ERROR oslo_service.service     from ironic.drivers.modules.network import flat as flat_net
2023-02-13 21:36:07.786 7 ERROR oslo_service.service   File "/var/lib/kolla/venv/lib/python3.9/site-packages/ironic/drivers/modules/network/flat.py", line 23, in <module>
2023-02-13 21:36:07.786 7 ERROR oslo_service.service     from ironic.common import neutron
2023-02-13 21:36:07.786 7 ERROR oslo_service.service   File "/var/lib/kolla/venv/lib/python3.9/site-packages/ironic/common/neutron.py", line 22, in <module>
2023-02-13 21:36:07.786 7 ERROR oslo_service.service     from ironic.api.controllers.v1 import utils as api_utils
2023-02-13 21:36:07.786 7 ERROR oslo_service.service   File "/var/lib/kolla/venv/lib/python3.9/site-packages/ironic/api/controllers/v1/__init__.py", line 30, in <module>
2023-02-13 21:36:07.786 7 ERROR oslo_service.service     from ironic.api.controllers.v1 import chassis
2023-02-13 21:36:07.786 7 ERROR oslo_service.service   File "/var/lib/kolla/venv/lib/python3.9/site-packages/ironic/api/controllers/v1/chassis.py", line 25, in <module>
2023-02-13 21:36:07.786 7 ERROR oslo_service.service     from ironic.api.controllers.v1 import node
2023-02-13 21:36:07.786 7 ERROR oslo_service.service   File "/var/lib/kolla/venv/lib/python3.9/site-packages/ironic/api/controllers/v1/node.py", line 2071
2023-02-13 21:36:07.786 7 ERROR oslo_service.service     <<<<<<< HEAD
2023-02-13 21:36:07.786 7 ERROR oslo_service.service     ^
2023-02-13 21:36:07.786 7 ERROR oslo_service.service SyntaxError: invalid syntax
2023-02-13 21:36:07.786 7 ERROR oslo_service.service 
2023-02-13 21:36:07.786 7 ERROR oslo_service.service During handling of the above exception, another exception occurred:
2023-02-13 21:36:07.786 7 ERROR oslo_service.service 
2023-02-13 21:36:07.786 7 ERROR oslo_service.service Traceback (most recent call last):
2023-02-13 21:36:07.786 7 ERROR oslo_service.service   File "/var/lib/kolla/venv/lib/python3.9/site-packages/oslo_service/service.py", line 806, in run_service
2023-02-13 21:36:07.786 7 ERROR oslo_service.service     service.start()
2023-02-13 21:36:07.786 7 ERROR oslo_service.service   File "/var/lib/kolla/venv/lib/python3.9/site-packages/ironic/common/rpc_service.py", line 62, in start
2023-02-13 21:36:07.786 7 ERROR oslo_service.service     self._real_start()
2023-02-13 21:36:07.786 7 ERROR oslo_service.service   File "/var/lib/kolla/venv/lib/python3.9/site-packages/ironic/common/rpc_service.py", line 87, in _real_start
2023-02-13 21:36:07.786 7 ERROR oslo_service.service     self.manager.init_host(admin_context)
2023-02-13 21:36:07.786 7 ERROR oslo_service.service   File "/var/lib/kolla/venv/lib/python3.9/site-packages/ironic/conductor/base_manager.py", line 136, in init_host
2023-02-13 21:36:07.786 7 ERROR oslo_service.service     hardware_types = driver_factory.hardware_types()
2023-02-13 21:36:07.786 7 ERROR oslo_service.service   File "/var/lib/kolla/venv/lib/python3.9/site-packages/ironic/common/driver_factory.py", line 266, in hardware_types
2023-02-13 21:36:07.786 7 ERROR oslo_service.service     return _get_all_drivers(HardwareTypesFactory())
2023-02-13 21:36:07.786 7 ERROR oslo_service.service   File "/var/lib/kolla/venv/lib/python3.9/site-packages/ironic/common/driver_factory.py", line 336, in __init__
2023-02-13 21:36:07.786 7 ERROR oslo_service.service     self.__class__._init_extension_manager()
2023-02-13 21:36:07.786 7 ERROR oslo_service.service   File "/var/lib/kolla/venv/lib/python3.9/site-packages/ironic/common/driver_factory.py", line 407, in _init_extension_manager
2023-02-13 21:36:07.786 7 ERROR oslo_service.service     stevedore.NamedExtensionManager(
2023-02-13 21:36:07.786 7 ERROR oslo_service.service   File "/var/lib/kolla/venv/lib/python3.9/site-packages/stevedore/named.py", line 78, in __init__
2023-02-13 21:36:07.786 7 ERROR oslo_service.service     extensions = self._load_plugins(invoke_on_load,
2023-02-13 21:36:07.786 7 ERROR oslo_service.service   File "/var/lib/kolla/venv/lib/python3.9/site-packages/stevedore/extension.py", line 241, in _load_plugins
2023-02-13 21:36:07.786 7 ERROR oslo_service.service     self._on_load_failure_callback(self, ep, err)
2023-02-13 21:36:07.786 7 ERROR oslo_service.service   File "/var/lib/kolla/venv/lib/python3.9/site-packages/ironic/common/driver_factory.py", line 358, in _catch_driver_not_found
2023-02-13 21:36:07.786 7 ERROR oslo_service.service     raise exception.DriverLoadError(driver=ep.name, reason=exc)
2023-02-13 21:36:07.786 7 ERROR oslo_service.service ironic.common.exception.DriverLoadError: Driver, hardware type or interface ilo could not be loaded. Reason: invalid syntax (node.py, line 2071).
2023-02-13 21:36:07.786 7 ERROR oslo_service.service 
2023-02-13 21:36:18.307 7 DEBUG oslo_db.api [-] Loading backend 'sqlalchemy' from 'ironic.db.sqlalchemy.api' _load_backend /var/lib/kolla/venv/lib/python3.9/site-packages/oslo_db/api.py:259
2023-02-13 21:36:19.998 7 DEBUG oslo_concurrency.lockutils [-] Acquiring lock "singleton_lock" lock /var/lib/kolla/venv/lib/python3.9/site-packages/oslo_concurrency/lockutils.py:312
2023-02-13 21:36:20.001 7 DEBUG oslo_concurrency.lockutils [-] Acquired lock "singleton_lock" lock /var/lib/kolla/venv/lib/python3.9/site-packages/oslo_concurrency/lockutils.py:315
2023-02-13 21:36:20.002 7 DEBUG oslo_concurrency.lockutils [-] Releasing lock "singleton_lock" lock /var/lib/kolla/venv/lib/python3.9/site-packages/oslo_concurrency/lockutils.py:333
2023-02-13 21:36:20.003 7 DEBUG ironic.conductor.base_manager [None req-d5f0eab0-dd9c-464a-8eea-49bacaaab6a1 - - - - - -] Initializing database client for host-169-16-1-162. prepare_host /var/lib/kolla/venv/lib/python3.9/site-packages/ironic/conductor/base_manager.py:82
2023-02-13 21:36:20.004 7 DEBUG ironic.conductor.base_manager [None req-d5f0eab0-dd9c-464a-8eea-49bacaaab6a1 - - - - - -] Removing stale locks from the database matching this conductor's hostname: host-169-16-1-162 prepare_host /var/lib/kolla/venv/lib/python3.9/site-packages/ironic/conductor/base_manager.py:84
2023-02-13 21:36:20.041 7 DEBUG oslo_db.sqlalchemy.engines [None req-d5f0eab0-dd9c-464a-8eea-49bacaaab6a1 - - - - - -] MySQL server mode set to STRICT_TRANS_TABLES,STRICT_ALL_TABLES,NO_ZERO_IN_DATE,NO_ZERO_DATE,ERROR_FOR_DIVISION_BY_ZERO,TRADITIONAL,NO_AUTO_CREATE_USER,NO_ENGINE_SUBSTITUTION _check_effective_sql_mode /var/lib/kolla/venv/lib/python3.9/site-packages/oslo_db/sqlalchemy/engines.py:326
2023-02-13 21:36:20.666 7 ERROR oslo_service.service [None req-d5f0eab0-dd9c-464a-8eea-49bacaaab6a1 - - - - - -] Error starting thread.: ironic.common.exception.DriverLoadError: Driver, hardware type or interface ilo could not be loaded. Reason: invalid syntax (node.py, line 2071).
2023-02-13 21:36:20.666 7 ERROR oslo_service.service Traceback (most recent call last):
2023-02-13 21:36:20.666 7 ERROR oslo_service.service   File "/var/lib/kolla/venv/lib/python3.9/site-packages/stevedore/extension.py", line 229, in _load_plugins
2023-02-13 21:36:20.666 7 ERROR oslo_service.service     ext = self._load_one_plugin(ep,
2023-02-13 21:36:20.666 7 ERROR oslo_service.service   File "/var/lib/kolla/venv/lib/python3.9/site-packages/stevedore/named.py", line 156, in _load_one_plugin
2023-02-13 21:36:20.666 7 ERROR oslo_service.service     return super(NamedExtensionManager, self)._load_one_plugin(
2023-02-13 21:36:20.666 7 ERROR oslo_service.service   File "/var/lib/kolla/venv/lib/python3.9/site-packages/stevedore/extension.py", line 263, in _load_one_plugin
2023-02-13 21:36:20.666 7 ERROR oslo_service.service     plugin = ep.load()
2023-02-13 21:36:20.666 7 ERROR oslo_service.service   File "/usr/lib64/python3.9/importlib/metadata.py", line 86, in load
2023-02-13 21:36:20.666 7 ERROR oslo_service.service     module = import_module(match.group('module'))
2023-02-13 21:36:20.666 7 ERROR oslo_service.service   File "/usr/lib64/python3.9/importlib/__init__.py", line 127, in import_module
2023-02-13 21:36:20.666 7 ERROR oslo_service.service     return _bootstrap._gcd_import(name[level:], package, level)
2023-02-13 21:36:20.666 7 ERROR oslo_service.service   File "<frozen importlib._bootstrap>", line 1030, in _gcd_import
2023-02-13 21:36:20.666 7 ERROR oslo_service.service   File "<frozen importlib._bootstrap>", line 1007, in _find_and_load
2023-02-13 21:36:20.666 7 ERROR oslo_service.service   File "<frozen importlib._bootstrap>", line 986, in _find_and_load_unlocked
2023-02-13 21:36:20.666 7 ERROR oslo_service.service   File "<frozen importlib._bootstrap>", line 680, in _load_unlocked
2023-02-13 21:36:20.666 7 ERROR oslo_service.service   File "<frozen importlib._bootstrap_external>", line 850, in exec_module
2023-02-13 21:36:20.666 7 ERROR oslo_service.service   File "<frozen importlib._bootstrap>", line 228, in _call_with_frames_removed
2023-02-13 21:36:20.666 7 ERROR oslo_service.service   File "/var/lib/kolla/venv/lib/python3.9/site-packages/ironic/drivers/ilo.py", line 19, in <module>
2023-02-13 21:36:20.666 7 ERROR oslo_service.service     from ironic.drivers import generic
2023-02-13 21:36:20.666 7 ERROR oslo_service.service   File "/var/lib/kolla/venv/lib/python3.9/site-packages/ironic/drivers/generic.py", line 26, in <module>
2023-02-13 21:36:20.666 7 ERROR oslo_service.service     from ironic.drivers.modules.network import flat as flat_net
2023-02-13 21:36:20.666 7 ERROR oslo_service.service   File "/var/lib/kolla/venv/lib/python3.9/site-packages/ironic/drivers/modules/network/flat.py", line 23, in <module>
2023-02-13 21:36:20.666 7 ERROR oslo_service.service     from ironic.common import neutron
2023-02-13 21:36:20.666 7 ERROR oslo_service.service   File "/var/lib/kolla/venv/lib/python3.9/site-packages/ironic/common/neutron.py", line 22, in <module>
2023-02-13 21:36:20.666 7 ERROR oslo_service.service     from ironic.api.controllers.v1 import utils as api_utils
2023-02-13 21:36:20.666 7 ERROR oslo_service.service   File "/var/lib/kolla/venv/lib/python3.9/site-packages/ironic/api/controllers/v1/__init__.py", line 30, in <module>
2023-02-13 21:36:20.666 7 ERROR oslo_service.service     from ironic.api.controllers.v1 import chassis
2023-02-13 21:36:20.666 7 ERROR oslo_service.service   File "/var/lib/kolla/venv/lib/python3.9/site-packages/ironic/api/controllers/v1/chassis.py", line 25, in <module>
2023-02-13 21:36:20.666 7 ERROR oslo_service.service     from ironic.api.controllers.v1 import node
2023-02-13 21:36:20.666 7 ERROR oslo_service.service   File "/var/lib/kolla/venv/lib/python3.9/site-packages/ironic/api/controllers/v1/node.py", line 2071
2023-02-13 21:36:20.666 7 ERROR oslo_service.service     <<<<<<< HEAD
2023-02-13 21:36:20.666 7 ERROR oslo_service.service     ^
2023-02-13 21:36:20.666 7 ERROR oslo_service.service SyntaxError: invalid syntax
2023-02-13 21:36:20.666 7 ERROR oslo_service.service 
2023-02-13 21:36:20.666 7 ERROR oslo_service.service During handling of the above exception, another exception occurred:
2023-02-13 21:36:20.666 7 ERROR oslo_service.service 
2023-02-13 21:36:20.666 7 ERROR oslo_service.service Traceback (most recent call last):
2023-02-13 21:36:20.666 7 ERROR oslo_service.service   File "/var/lib/kolla/venv/lib/python3.9/site-packages/oslo_service/service.py", line 806, in run_service
2023-02-13 21:36:20.666 7 ERROR oslo_service.service     service.start()
2023-02-13 21:36:20.666 7 ERROR oslo_service.service   File "/var/lib/kolla/venv/lib/python3.9/site-packages/ironic/common/rpc_service.py", line 62, in start
2023-02-13 21:36:20.666 7 ERROR oslo_service.service     self._real_start()
2023-02-13 21:36:20.666 7 ERROR oslo_service.service   File "/var/lib/kolla/venv/lib/python3.9/site-packages/ironic/common/rpc_service.py", line 87, in _real_start
2023-02-13 21:36:20.666 7 ERROR oslo_service.service     self.manager.init_host(admin_context)
2023-02-13 21:36:20.666 7 ERROR oslo_service.service   File "/var/lib/kolla/venv/lib/python3.9/site-packages/ironic/conductor/base_manager.py", line 136, in init_host
2023-02-13 21:36:20.666 7 ERROR oslo_service.service     hardware_types = driver_factory.hardware_types()
2023-02-13 21:36:20.666 7 ERROR oslo_service.service   File "/var/lib/kolla/venv/lib/python3.9/site-packages/ironic/common/driver_factory.py", line 266, in hardware_types
2023-02-13 21:36:20.666 7 ERROR oslo_service.service     return _get_all_drivers(HardwareTypesFactory())
2023-02-13 21:36:20.666 7 ERROR oslo_service.service   File "/var/lib/kolla/venv/lib/python3.9/site-packages/ironic/common/driver_factory.py", line 336, in __init__
2023-02-13 21:36:20.666 7 ERROR oslo_service.service     self.__class__._init_extension_manager()
2023-02-13 21:36:20.666 7 ERROR oslo_service.service   File "/var/lib/kolla/venv/lib/python3.9/site-packages/ironic/common/driver_factory.py", line 407, in _init_extension_manager
2023-02-13 21:36:20.666 7 ERROR oslo_service.service     stevedore.NamedExtensionManager(
2023-02-13 21:36:20.666 7 ERROR oslo_service.service   File "/var/lib/kolla/venv/lib/python3.9/site-packages/stevedore/named.py", line 78, in __init__
2023-02-13 21:36:20.666 7 ERROR oslo_service.service     extensions = self._load_plugins(invoke_on_load,
2023-02-13 21:36:20.666 7 ERROR oslo_service.service   File "/var/lib/kolla/venv/lib/python3.9/site-packages/stevedore/extension.py", line 241, in _load_plugins
2023-02-13 21:36:20.666 7 ERROR oslo_service.service     self._on_load_failure_callback(self, ep, err)
2023-02-13 21:36:20.666 7 ERROR oslo_service.service   File "/var/lib/kolla/venv/lib/python3.9/site-packages/ironic/common/driver_factory.py", line 358, in _catch_driver_not_found
2023-02-13 21:36:20.666 7 ERROR oslo_service.service     raise exception.DriverLoadError(driver=ep.name, reason=exc)
2023-02-13 21:36:20.666 7 ERROR oslo_service.service ironic.common.exception.DriverLoadError: Driver, hardware type or interface ilo could not be loaded. Reason: invalid syntax (node.py, line 2071).
2023-02-13 21:36:20.666 7 ERROR oslo_service.service 
