2023-02-13 21:40:47.061 8 DEBUG oslo_db.api [-] Loading backend 'sqlalchemy' from 'ironic.db.sqlalchemy.api' _load_backend /var/lib/kolla/venv/lib/python3.9/site-packages/oslo_db/api.py:259
2023-02-13 21:40:51.319 8 DEBUG oslo_concurrency.lockutils [-] Acquiring lock "singleton_lock" lock /var/lib/kolla/venv/lib/python3.9/site-packages/oslo_concurrency/lockutils.py:312
2023-02-13 21:40:51.321 8 DEBUG oslo_concurrency.lockutils [-] Acquired lock "singleton_lock" lock /var/lib/kolla/venv/lib/python3.9/site-packages/oslo_concurrency/lockutils.py:315
2023-02-13 21:40:51.322 8 DEBUG oslo_concurrency.lockutils [-] Releasing lock "singleton_lock" lock /var/lib/kolla/venv/lib/python3.9/site-packages/oslo_concurrency/lockutils.py:333
2023-02-13 21:40:51.324 8 DEBUG ironic.conductor.base_manager [None req-f2d54664-89e0-42df-b6e9-16854de1a998 - - - - - -] Initializing database client for host-169-16-1-142. prepare_host /var/lib/kolla/venv/lib/python3.9/site-packages/ironic/conductor/base_manager.py:82
2023-02-13 21:40:51.324 8 DEBUG ironic.conductor.base_manager [None req-f2d54664-89e0-42df-b6e9-16854de1a998 - - - - - -] Removing stale locks from the database matching this conductor's hostname: host-169-16-1-142 prepare_host /var/lib/kolla/venv/lib/python3.9/site-packages/ironic/conductor/base_manager.py:84
2023-02-13 21:40:51.451 8 DEBUG oslo_db.sqlalchemy.engines [None req-f2d54664-89e0-42df-b6e9-16854de1a998 - - - - - -] MySQL server mode set to STRICT_TRANS_TABLES,STRICT_ALL_TABLES,NO_ZERO_IN_DATE,NO_ZERO_DATE,ERROR_FOR_DIVISION_BY_ZERO,TRADITIONAL,NO_AUTO_CREATE_USER,NO_ENGINE_SUBSTITUTION _check_effective_sql_mode /var/lib/kolla/venv/lib/python3.9/site-packages/oslo_db/sqlalchemy/engines.py:326
2023-02-13 21:40:53.277 8 ERROR oslo_service.service [None req-f2d54664-89e0-42df-b6e9-16854de1a998 - - - - - -] Error starting thread.: ironic.common.exception.DriverLoadError: Driver, hardware type or interface ilo could not be loaded. Reason: invalid syntax (node.py, line 2071).
2023-02-13 21:40:53.277 8 ERROR oslo_service.service Traceback (most recent call last):
2023-02-13 21:40:53.277 8 ERROR oslo_service.service   File "/var/lib/kolla/venv/lib/python3.9/site-packages/stevedore/extension.py", line 229, in _load_plugins
2023-02-13 21:40:53.277 8 ERROR oslo_service.service     ext = self._load_one_plugin(ep,
2023-02-13 21:40:53.277 8 ERROR oslo_service.service   File "/var/lib/kolla/venv/lib/python3.9/site-packages/stevedore/named.py", line 156, in _load_one_plugin
2023-02-13 21:40:53.277 8 ERROR oslo_service.service     return super(NamedExtensionManager, self)._load_one_plugin(
2023-02-13 21:40:53.277 8 ERROR oslo_service.service   File "/var/lib/kolla/venv/lib/python3.9/site-packages/stevedore/extension.py", line 263, in _load_one_plugin
2023-02-13 21:40:53.277 8 ERROR oslo_service.service     plugin = ep.load()
2023-02-13 21:40:53.277 8 ERROR oslo_service.service   File "/usr/lib64/python3.9/importlib/metadata.py", line 86, in load
2023-02-13 21:40:53.277 8 ERROR oslo_service.service     module = import_module(match.group('module'))
2023-02-13 21:40:53.277 8 ERROR oslo_service.service   File "/usr/lib64/python3.9/importlib/__init__.py", line 127, in import_module
2023-02-13 21:40:53.277 8 ERROR oslo_service.service     return _bootstrap._gcd_import(name[level:], package, level)
2023-02-13 21:40:53.277 8 ERROR oslo_service.service   File "<frozen importlib._bootstrap>", line 1030, in _gcd_import
2023-02-13 21:40:53.277 8 ERROR oslo_service.service   File "<frozen importlib._bootstrap>", line 1007, in _find_and_load
2023-02-13 21:40:53.277 8 ERROR oslo_service.service   File "<frozen importlib._bootstrap>", line 986, in _find_and_load_unlocked
2023-02-13 21:40:53.277 8 ERROR oslo_service.service   File "<frozen importlib._bootstrap>", line 680, in _load_unlocked
2023-02-13 21:40:53.277 8 ERROR oslo_service.service   File "<frozen importlib._bootstrap_external>", line 850, in exec_module
2023-02-13 21:40:53.277 8 ERROR oslo_service.service   File "<frozen importlib._bootstrap>", line 228, in _call_with_frames_removed
2023-02-13 21:40:53.277 8 ERROR oslo_service.service   File "/var/lib/kolla/venv/lib/python3.9/site-packages/ironic/drivers/ilo.py", line 19, in <module>
2023-02-13 21:40:53.277 8 ERROR oslo_service.service     from ironic.drivers import generic
2023-02-13 21:40:53.277 8 ERROR oslo_service.service   File "/var/lib/kolla/venv/lib/python3.9/site-packages/ironic/drivers/generic.py", line 26, in <module>
2023-02-13 21:40:53.277 8 ERROR oslo_service.service     from ironic.drivers.modules.network import flat as flat_net
2023-02-13 21:40:53.277 8 ERROR oslo_service.service   File "/var/lib/kolla/venv/lib/python3.9/site-packages/ironic/drivers/modules/network/flat.py", line 23, in <module>
2023-02-13 21:40:53.277 8 ERROR oslo_service.service     from ironic.common import neutron
2023-02-13 21:40:53.277 8 ERROR oslo_service.service   File "/var/lib/kolla/venv/lib/python3.9/site-packages/ironic/common/neutron.py", line 22, in <module>
2023-02-13 21:40:53.277 8 ERROR oslo_service.service     from ironic.api.controllers.v1 import utils as api_utils
2023-02-13 21:40:53.277 8 ERROR oslo_service.service   File "/var/lib/kolla/venv/lib/python3.9/site-packages/ironic/api/controllers/v1/__init__.py", line 30, in <module>
2023-02-13 21:40:53.277 8 ERROR oslo_service.service     from ironic.api.controllers.v1 import chassis
2023-02-13 21:40:53.277 8 ERROR oslo_service.service   File "/var/lib/kolla/venv/lib/python3.9/site-packages/ironic/api/controllers/v1/chassis.py", line 25, in <module>
2023-02-13 21:40:53.277 8 ERROR oslo_service.service     from ironic.api.controllers.v1 import node
2023-02-13 21:40:53.277 8 ERROR oslo_service.service   File "/var/lib/kolla/venv/lib/python3.9/site-packages/ironic/api/controllers/v1/node.py", line 2071
2023-02-13 21:40:53.277 8 ERROR oslo_service.service     <<<<<<< HEAD
2023-02-13 21:40:53.277 8 ERROR oslo_service.service     ^
2023-02-13 21:40:53.277 8 ERROR oslo_service.service SyntaxError: invalid syntax
2023-02-13 21:40:53.277 8 ERROR oslo_service.service 
2023-02-13 21:40:53.277 8 ERROR oslo_service.service During handling of the above exception, another exception occurred:
2023-02-13 21:40:53.277 8 ERROR oslo_service.service 
2023-02-13 21:40:53.277 8 ERROR oslo_service.service Traceback (most recent call last):
2023-02-13 21:40:53.277 8 ERROR oslo_service.service   File "/var/lib/kolla/venv/lib/python3.9/site-packages/oslo_service/service.py", line 806, in run_service
2023-02-13 21:40:53.277 8 ERROR oslo_service.service     service.start()
2023-02-13 21:40:53.277 8 ERROR oslo_service.service   File "/var/lib/kolla/venv/lib/python3.9/site-packages/ironic/common/rpc_service.py", line 62, in start
2023-02-13 21:40:53.277 8 ERROR oslo_service.service     self._real_start()
2023-02-13 21:40:53.277 8 ERROR oslo_service.service   File "/var/lib/kolla/venv/lib/python3.9/site-packages/ironic/common/rpc_service.py", line 87, in _real_start
2023-02-13 21:40:53.277 8 ERROR oslo_service.service     self.manager.init_host(admin_context)
2023-02-13 21:40:53.277 8 ERROR oslo_service.service   File "/var/lib/kolla/venv/lib/python3.9/site-packages/ironic/conductor/base_manager.py", line 136, in init_host
2023-02-13 21:40:53.277 8 ERROR oslo_service.service     hardware_types = driver_factory.hardware_types()
2023-02-13 21:40:53.277 8 ERROR oslo_service.service   File "/var/lib/kolla/venv/lib/python3.9/site-packages/ironic/common/driver_factory.py", line 266, in hardware_types
2023-02-13 21:40:53.277 8 ERROR oslo_service.service     return _get_all_drivers(HardwareTypesFactory())
2023-02-13 21:40:53.277 8 ERROR oslo_service.service   File "/var/lib/kolla/venv/lib/python3.9/site-packages/ironic/common/driver_factory.py", line 336, in __init__
2023-02-13 21:40:53.277 8 ERROR oslo_service.service     self.__class__._init_extension_manager()
2023-02-13 21:40:53.277 8 ERROR oslo_service.service   File "/var/lib/kolla/venv/lib/python3.9/site-packages/ironic/common/driver_factory.py", line 407, in _init_extension_manager
2023-02-13 21:40:53.277 8 ERROR oslo_service.service     stevedore.NamedExtensionManager(
2023-02-13 21:40:53.277 8 ERROR oslo_service.service   File "/var/lib/kolla/venv/lib/python3.9/site-packages/stevedore/named.py", line 78, in __init__
2023-02-13 21:40:53.277 8 ERROR oslo_service.service     extensions = self._load_plugins(invoke_on_load,
2023-02-13 21:40:53.277 8 ERROR oslo_service.service   File "/var/lib/kolla/venv/lib/python3.9/site-packages/stevedore/extension.py", line 241, in _load_plugins
2023-02-13 21:40:53.277 8 ERROR oslo_service.service     self._on_load_failure_callback(self, ep, err)
2023-02-13 21:40:53.277 8 ERROR oslo_service.service   File "/var/lib/kolla/venv/lib/python3.9/site-packages/ironic/common/driver_factory.py", line 358, in _catch_driver_not_found
2023-02-13 21:40:53.277 8 ERROR oslo_service.service     raise exception.DriverLoadError(driver=ep.name, reason=exc)
2023-02-13 21:40:53.277 8 ERROR oslo_service.service ironic.common.exception.DriverLoadError: Driver, hardware type or interface ilo could not be loaded. Reason: invalid syntax (node.py, line 2071).
2023-02-13 21:40:53.277 8 ERROR oslo_service.service 
2023-02-13 21:41:07.184 7 DEBUG oslo_db.api [-] Loading backend 'sqlalchemy' from 'ironic.db.sqlalchemy.api' _load_backend /var/lib/kolla/venv/lib/python3.9/site-packages/oslo_db/api.py:259
2023-02-13 21:41:10.060 7 DEBUG oslo_concurrency.lockutils [-] Acquiring lock "singleton_lock" lock /var/lib/kolla/venv/lib/python3.9/site-packages/oslo_concurrency/lockutils.py:312
2023-02-13 21:41:10.062 7 DEBUG oslo_concurrency.lockutils [-] Acquired lock "singleton_lock" lock /var/lib/kolla/venv/lib/python3.9/site-packages/oslo_concurrency/lockutils.py:315
2023-02-13 21:41:10.063 7 DEBUG oslo_concurrency.lockutils [-] Releasing lock "singleton_lock" lock /var/lib/kolla/venv/lib/python3.9/site-packages/oslo_concurrency/lockutils.py:333
2023-02-13 21:41:10.063 7 DEBUG ironic.conductor.base_manager [None req-99ce809a-acd5-4fd4-9d85-d0f402cd05ca - - - - - -] Initializing database client for host-169-16-1-142. prepare_host /var/lib/kolla/venv/lib/python3.9/site-packages/ironic/conductor/base_manager.py:82
2023-02-13 21:41:10.064 7 DEBUG ironic.conductor.base_manager [None req-99ce809a-acd5-4fd4-9d85-d0f402cd05ca - - - - - -] Removing stale locks from the database matching this conductor's hostname: host-169-16-1-142 prepare_host /var/lib/kolla/venv/lib/python3.9/site-packages/ironic/conductor/base_manager.py:84
2023-02-13 21:41:10.099 7 DEBUG oslo_db.sqlalchemy.engines [None req-99ce809a-acd5-4fd4-9d85-d0f402cd05ca - - - - - -] MySQL server mode set to STRICT_TRANS_TABLES,STRICT_ALL_TABLES,NO_ZERO_IN_DATE,NO_ZERO_DATE,ERROR_FOR_DIVISION_BY_ZERO,TRADITIONAL,NO_AUTO_CREATE_USER,NO_ENGINE_SUBSTITUTION _check_effective_sql_mode /var/lib/kolla/venv/lib/python3.9/site-packages/oslo_db/sqlalchemy/engines.py:326
2023-02-13 21:41:10.666 7 ERROR oslo_service.service [None req-99ce809a-acd5-4fd4-9d85-d0f402cd05ca - - - - - -] Error starting thread.: ironic.common.exception.DriverLoadError: Driver, hardware type or interface ilo could not be loaded. Reason: invalid syntax (node.py, line 2071).
2023-02-13 21:41:10.666 7 ERROR oslo_service.service Traceback (most recent call last):
2023-02-13 21:41:10.666 7 ERROR oslo_service.service   File "/var/lib/kolla/venv/lib/python3.9/site-packages/stevedore/extension.py", line 229, in _load_plugins
2023-02-13 21:41:10.666 7 ERROR oslo_service.service     ext = self._load_one_plugin(ep,
2023-02-13 21:41:10.666 7 ERROR oslo_service.service   File "/var/lib/kolla/venv/lib/python3.9/site-packages/stevedore/named.py", line 156, in _load_one_plugin
2023-02-13 21:41:10.666 7 ERROR oslo_service.service     return super(NamedExtensionManager, self)._load_one_plugin(
2023-02-13 21:41:10.666 7 ERROR oslo_service.service   File "/var/lib/kolla/venv/lib/python3.9/site-packages/stevedore/extension.py", line 263, in _load_one_plugin
2023-02-13 21:41:10.666 7 ERROR oslo_service.service     plugin = ep.load()
2023-02-13 21:41:10.666 7 ERROR oslo_service.service   File "/usr/lib64/python3.9/importlib/metadata.py", line 86, in load
2023-02-13 21:41:10.666 7 ERROR oslo_service.service     module = import_module(match.group('module'))
2023-02-13 21:41:10.666 7 ERROR oslo_service.service   File "/usr/lib64/python3.9/importlib/__init__.py", line 127, in import_module
2023-02-13 21:41:10.666 7 ERROR oslo_service.service     return _bootstrap._gcd_import(name[level:], package, level)
2023-02-13 21:41:10.666 7 ERROR oslo_service.service   File "<frozen importlib._bootstrap>", line 1030, in _gcd_import
2023-02-13 21:41:10.666 7 ERROR oslo_service.service   File "<frozen importlib._bootstrap>", line 1007, in _find_and_load
2023-02-13 21:41:10.666 7 ERROR oslo_service.service   File "<frozen importlib._bootstrap>", line 986, in _find_and_load_unlocked
2023-02-13 21:41:10.666 7 ERROR oslo_service.service   File "<frozen importlib._bootstrap>", line 680, in _load_unlocked
2023-02-13 21:41:10.666 7 ERROR oslo_service.service   File "<frozen importlib._bootstrap_external>", line 850, in exec_module
2023-02-13 21:41:10.666 7 ERROR oslo_service.service   File "<frozen importlib._bootstrap>", line 228, in _call_with_frames_removed
2023-02-13 21:41:10.666 7 ERROR oslo_service.service   File "/var/lib/kolla/venv/lib/python3.9/site-packages/ironic/drivers/ilo.py", line 19, in <module>
2023-02-13 21:41:10.666 7 ERROR oslo_service.service     from ironic.drivers import generic
2023-02-13 21:41:10.666 7 ERROR oslo_service.service   File "/var/lib/kolla/venv/lib/python3.9/site-packages/ironic/drivers/generic.py", line 26, in <module>
2023-02-13 21:41:10.666 7 ERROR oslo_service.service     from ironic.drivers.modules.network import flat as flat_net
2023-02-13 21:41:10.666 7 ERROR oslo_service.service   File "/var/lib/kolla/venv/lib/python3.9/site-packages/ironic/drivers/modules/network/flat.py", line 23, in <module>
2023-02-13 21:41:10.666 7 ERROR oslo_service.service     from ironic.common import neutron
2023-02-13 21:41:10.666 7 ERROR oslo_service.service   File "/var/lib/kolla/venv/lib/python3.9/site-packages/ironic/common/neutron.py", line 22, in <module>
2023-02-13 21:41:10.666 7 ERROR oslo_service.service     from ironic.api.controllers.v1 import utils as api_utils
2023-02-13 21:41:10.666 7 ERROR oslo_service.service   File "/var/lib/kolla/venv/lib/python3.9/site-packages/ironic/api/controllers/v1/__init__.py", line 30, in <module>
2023-02-13 21:41:10.666 7 ERROR oslo_service.service     from ironic.api.controllers.v1 import chassis
2023-02-13 21:41:10.666 7 ERROR oslo_service.service   File "/var/lib/kolla/venv/lib/python3.9/site-packages/ironic/api/controllers/v1/chassis.py", line 25, in <module>
2023-02-13 21:41:10.666 7 ERROR oslo_service.service     from ironic.api.controllers.v1 import node
2023-02-13 21:41:10.666 7 ERROR oslo_service.service   File "/var/lib/kolla/venv/lib/python3.9/site-packages/ironic/api/controllers/v1/node.py", line 2071
2023-02-13 21:41:10.666 7 ERROR oslo_service.service     <<<<<<< HEAD
2023-02-13 21:41:10.666 7 ERROR oslo_service.service     ^
2023-02-13 21:41:10.666 7 ERROR oslo_service.service SyntaxError: invalid syntax
2023-02-13 21:41:10.666 7 ERROR oslo_service.service 
2023-02-13 21:41:10.666 7 ERROR oslo_service.service During handling of the above exception, another exception occurred:
2023-02-13 21:41:10.666 7 ERROR oslo_service.service 
2023-02-13 21:41:10.666 7 ERROR oslo_service.service Traceback (most recent call last):
2023-02-13 21:41:10.666 7 ERROR oslo_service.service   File "/var/lib/kolla/venv/lib/python3.9/site-packages/oslo_service/service.py", line 806, in run_service
2023-02-13 21:41:10.666 7 ERROR oslo_service.service     service.start()
2023-02-13 21:41:10.666 7 ERROR oslo_service.service   File "/var/lib/kolla/venv/lib/python3.9/site-packages/ironic/common/rpc_service.py", line 62, in start
2023-02-13 21:41:10.666 7 ERROR oslo_service.service     self._real_start()
2023-02-13 21:41:10.666 7 ERROR oslo_service.service   File "/var/lib/kolla/venv/lib/python3.9/site-packages/ironic/common/rpc_service.py", line 87, in _real_start
2023-02-13 21:41:10.666 7 ERROR oslo_service.service     self.manager.init_host(admin_context)
2023-02-13 21:41:10.666 7 ERROR oslo_service.service   File "/var/lib/kolla/venv/lib/python3.9/site-packages/ironic/conductor/base_manager.py", line 136, in init_host
2023-02-13 21:41:10.666 7 ERROR oslo_service.service     hardware_types = driver_factory.hardware_types()
2023-02-13 21:41:10.666 7 ERROR oslo_service.service   File "/var/lib/kolla/venv/lib/python3.9/site-packages/ironic/common/driver_factory.py", line 266, in hardware_types
2023-02-13 21:41:10.666 7 ERROR oslo_service.service     return _get_all_drivers(HardwareTypesFactory())
2023-02-13 21:41:10.666 7 ERROR oslo_service.service   File "/var/lib/kolla/venv/lib/python3.9/site-packages/ironic/common/driver_factory.py", line 336, in __init__
2023-02-13 21:41:10.666 7 ERROR oslo_service.service     self.__class__._init_extension_manager()
2023-02-13 21:41:10.666 7 ERROR oslo_service.service   File "/var/lib/kolla/venv/lib/python3.9/site-packages/ironic/common/driver_factory.py", line 407, in _init_extension_manager
2023-02-13 21:41:10.666 7 ERROR oslo_service.service     stevedore.NamedExtensionManager(
2023-02-13 21:41:10.666 7 ERROR oslo_service.service   File "/var/lib/kolla/venv/lib/python3.9/site-packages/stevedore/named.py", line 78, in __init__
2023-02-13 21:41:10.666 7 ERROR oslo_service.service     extensions = self._load_plugins(invoke_on_load,
2023-02-13 21:41:10.666 7 ERROR oslo_service.service   File "/var/lib/kolla/venv/lib/python3.9/site-packages/stevedore/extension.py", line 241, in _load_plugins
2023-02-13 21:41:10.666 7 ERROR oslo_service.service     self._on_load_failure_callback(self, ep, err)
2023-02-13 21:41:10.666 7 ERROR oslo_service.service   File "/var/lib/kolla/venv/lib/python3.9/site-packages/ironic/common/driver_factory.py", line 358, in _catch_driver_not_found
2023-02-13 21:41:10.666 7 ERROR oslo_service.service     raise exception.DriverLoadError(driver=ep.name, reason=exc)
2023-02-13 21:41:10.666 7 ERROR oslo_service.service ironic.common.exception.DriverLoadError: Driver, hardware type or interface ilo could not be loaded. Reason: invalid syntax (node.py, line 2071).
2023-02-13 21:41:10.666 7 ERROR oslo_service.service 
2023-02-13 21:41:16.258 7 DEBUG oslo_db.api [-] Loading backend 'sqlalchemy' from 'ironic.db.sqlalchemy.api' _load_backend /var/lib/kolla/venv/lib/python3.9/site-packages/oslo_db/api.py:259
2023-02-13 21:41:17.744 7 DEBUG oslo_concurrency.lockutils [-] Acquiring lock "singleton_lock" lock /var/lib/kolla/venv/lib/python3.9/site-packages/oslo_concurrency/lockutils.py:312
2023-02-13 21:41:17.746 7 DEBUG oslo_concurrency.lockutils [-] Acquired lock "singleton_lock" lock /var/lib/kolla/venv/lib/python3.9/site-packages/oslo_concurrency/lockutils.py:315
2023-02-13 21:41:17.747 7 DEBUG oslo_concurrency.lockutils [-] Releasing lock "singleton_lock" lock /var/lib/kolla/venv/lib/python3.9/site-packages/oslo_concurrency/lockutils.py:333
2023-02-13 21:41:17.748 7 DEBUG ironic.conductor.base_manager [None req-7025b612-339b-4f72-93ed-efec43d2fa6f - - - - - -] Initializing database client for host-169-16-1-142. prepare_host /var/lib/kolla/venv/lib/python3.9/site-packages/ironic/conductor/base_manager.py:82
2023-02-13 21:41:17.749 7 DEBUG ironic.conductor.base_manager [None req-7025b612-339b-4f72-93ed-efec43d2fa6f - - - - - -] Removing stale locks from the database matching this conductor's hostname: host-169-16-1-142 prepare_host /var/lib/kolla/venv/lib/python3.9/site-packages/ironic/conductor/base_manager.py:84
2023-02-13 21:41:17.784 7 DEBUG oslo_db.sqlalchemy.engines [None req-7025b612-339b-4f72-93ed-efec43d2fa6f - - - - - -] MySQL server mode set to STRICT_TRANS_TABLES,STRICT_ALL_TABLES,NO_ZERO_IN_DATE,NO_ZERO_DATE,ERROR_FOR_DIVISION_BY_ZERO,TRADITIONAL,NO_AUTO_CREATE_USER,NO_ENGINE_SUBSTITUTION _check_effective_sql_mode /var/lib/kolla/venv/lib/python3.9/site-packages/oslo_db/sqlalchemy/engines.py:326
2023-02-13 21:41:18.192 7 ERROR oslo_service.service [None req-7025b612-339b-4f72-93ed-efec43d2fa6f - - - - - -] Error starting thread.: ironic.common.exception.DriverLoadError: Driver, hardware type or interface ilo could not be loaded. Reason: invalid syntax (node.py, line 2071).
2023-02-13 21:41:18.192 7 ERROR oslo_service.service Traceback (most recent call last):
2023-02-13 21:41:18.192 7 ERROR oslo_service.service   File "/var/lib/kolla/venv/lib/python3.9/site-packages/stevedore/extension.py", line 229, in _load_plugins
2023-02-13 21:41:18.192 7 ERROR oslo_service.service     ext = self._load_one_plugin(ep,
2023-02-13 21:41:18.192 7 ERROR oslo_service.service   File "/var/lib/kolla/venv/lib/python3.9/site-packages/stevedore/named.py", line 156, in _load_one_plugin
2023-02-13 21:41:18.192 7 ERROR oslo_service.service     return super(NamedExtensionManager, self)._load_one_plugin(
2023-02-13 21:41:18.192 7 ERROR oslo_service.service   File "/var/lib/kolla/venv/lib/python3.9/site-packages/stevedore/extension.py", line 263, in _load_one_plugin
2023-02-13 21:41:18.192 7 ERROR oslo_service.service     plugin = ep.load()
2023-02-13 21:41:18.192 7 ERROR oslo_service.service   File "/usr/lib64/python3.9/importlib/metadata.py", line 86, in load
2023-02-13 21:41:18.192 7 ERROR oslo_service.service     module = import_module(match.group('module'))
2023-02-13 21:41:18.192 7 ERROR oslo_service.service   File "/usr/lib64/python3.9/importlib/__init__.py", line 127, in import_module
2023-02-13 21:41:18.192 7 ERROR oslo_service.service     return _bootstrap._gcd_import(name[level:], package, level)
2023-02-13 21:41:18.192 7 ERROR oslo_service.service   File "<frozen importlib._bootstrap>", line 1030, in _gcd_import
2023-02-13 21:41:18.192 7 ERROR oslo_service.service   File "<frozen importlib._bootstrap>", line 1007, in _find_and_load
2023-02-13 21:41:18.192 7 ERROR oslo_service.service   File "<frozen importlib._bootstrap>", line 986, in _find_and_load_unlocked
2023-02-13 21:41:18.192 7 ERROR oslo_service.service   File "<frozen importlib._bootstrap>", line 680, in _load_unlocked
2023-02-13 21:41:18.192 7 ERROR oslo_service.service   File "<frozen importlib._bootstrap_external>", line 850, in exec_module
2023-02-13 21:41:18.192 7 ERROR oslo_service.service   File "<frozen importlib._bootstrap>", line 228, in _call_with_frames_removed
2023-02-13 21:41:18.192 7 ERROR oslo_service.service   File "/var/lib/kolla/venv/lib/python3.9/site-packages/ironic/drivers/ilo.py", line 19, in <module>
2023-02-13 21:41:18.192 7 ERROR oslo_service.service     from ironic.drivers import generic
2023-02-13 21:41:18.192 7 ERROR oslo_service.service   File "/var/lib/kolla/venv/lib/python3.9/site-packages/ironic/drivers/generic.py", line 26, in <module>
2023-02-13 21:41:18.192 7 ERROR oslo_service.service     from ironic.drivers.modules.network import flat as flat_net
2023-02-13 21:41:18.192 7 ERROR oslo_service.service   File "/var/lib/kolla/venv/lib/python3.9/site-packages/ironic/drivers/modules/network/flat.py", line 23, in <module>
2023-02-13 21:41:18.192 7 ERROR oslo_service.service     from ironic.common import neutron
2023-02-13 21:41:18.192 7 ERROR oslo_service.service   File "/var/lib/kolla/venv/lib/python3.9/site-packages/ironic/common/neutron.py", line 22, in <module>
2023-02-13 21:41:18.192 7 ERROR oslo_service.service     from ironic.api.controllers.v1 import utils as api_utils
2023-02-13 21:41:18.192 7 ERROR oslo_service.service   File "/var/lib/kolla/venv/lib/python3.9/site-packages/ironic/api/controllers/v1/__init__.py", line 30, in <module>
2023-02-13 21:41:18.192 7 ERROR oslo_service.service     from ironic.api.controllers.v1 import chassis
2023-02-13 21:41:18.192 7 ERROR oslo_service.service   File "/var/lib/kolla/venv/lib/python3.9/site-packages/ironic/api/controllers/v1/chassis.py", line 25, in <module>
2023-02-13 21:41:18.192 7 ERROR oslo_service.service     from ironic.api.controllers.v1 import node
2023-02-13 21:41:18.192 7 ERROR oslo_service.service   File "/var/lib/kolla/venv/lib/python3.9/site-packages/ironic/api/controllers/v1/node.py", line 2071
2023-02-13 21:41:18.192 7 ERROR oslo_service.service     <<<<<<< HEAD
2023-02-13 21:41:18.192 7 ERROR oslo_service.service     ^
2023-02-13 21:41:18.192 7 ERROR oslo_service.service SyntaxError: invalid syntax
2023-02-13 21:41:18.192 7 ERROR oslo_service.service 
2023-02-13 21:41:18.192 7 ERROR oslo_service.service During handling of the above exception, another exception occurred:
2023-02-13 21:41:18.192 7 ERROR oslo_service.service 
2023-02-13 21:41:18.192 7 ERROR oslo_service.service Traceback (most recent call last):
2023-02-13 21:41:18.192 7 ERROR oslo_service.service   File "/var/lib/kolla/venv/lib/python3.9/site-packages/oslo_service/service.py", line 806, in run_service
2023-02-13 21:41:18.192 7 ERROR oslo_service.service     service.start()
2023-02-13 21:41:18.192 7 ERROR oslo_service.service   File "/var/lib/kolla/venv/lib/python3.9/site-packages/ironic/common/rpc_service.py", line 62, in start
2023-02-13 21:41:18.192 7 ERROR oslo_service.service     self._real_start()
2023-02-13 21:41:18.192 7 ERROR oslo_service.service   File "/var/lib/kolla/venv/lib/python3.9/site-packages/ironic/common/rpc_service.py", line 87, in _real_start
2023-02-13 21:41:18.192 7 ERROR oslo_service.service     self.manager.init_host(admin_context)
2023-02-13 21:41:18.192 7 ERROR oslo_service.service   File "/var/lib/kolla/venv/lib/python3.9/site-packages/ironic/conductor/base_manager.py", line 136, in init_host
2023-02-13 21:41:18.192 7 ERROR oslo_service.service     hardware_types = driver_factory.hardware_types()
2023-02-13 21:41:18.192 7 ERROR oslo_service.service   File "/var/lib/kolla/venv/lib/python3.9/site-packages/ironic/common/driver_factory.py", line 266, in hardware_types
2023-02-13 21:41:18.192 7 ERROR oslo_service.service     return _get_all_drivers(HardwareTypesFactory())
2023-02-13 21:41:18.192 7 ERROR oslo_service.service   File "/var/lib/kolla/venv/lib/python3.9/site-packages/ironic/common/driver_factory.py", line 336, in __init__
2023-02-13 21:41:18.192 7 ERROR oslo_service.service     self.__class__._init_extension_manager()
2023-02-13 21:41:18.192 7 ERROR oslo_service.service   File "/var/lib/kolla/venv/lib/python3.9/site-packages/ironic/common/driver_factory.py", line 407, in _init_extension_manager
2023-02-13 21:41:18.192 7 ERROR oslo_service.service     stevedore.NamedExtensionManager(
2023-02-13 21:41:18.192 7 ERROR oslo_service.service   File "/var/lib/kolla/venv/lib/python3.9/site-packages/stevedore/named.py", line 78, in __init__
2023-02-13 21:41:18.192 7 ERROR oslo_service.service     extensions = self._load_plugins(invoke_on_load,
2023-02-13 21:41:18.192 7 ERROR oslo_service.service   File "/var/lib/kolla/venv/lib/python3.9/site-packages/stevedore/extension.py", line 241, in _load_plugins
2023-02-13 21:41:18.192 7 ERROR oslo_service.service     self._on_load_failure_callback(self, ep, err)
2023-02-13 21:41:18.192 7 ERROR oslo_service.service   File "/var/lib/kolla/venv/lib/python3.9/site-packages/ironic/common/driver_factory.py", line 358, in _catch_driver_not_found
2023-02-13 21:41:18.192 7 ERROR oslo_service.service     raise exception.DriverLoadError(driver=ep.name, reason=exc)
2023-02-13 21:41:18.192 7 ERROR oslo_service.service ironic.common.exception.DriverLoadError: Driver, hardware type or interface ilo could not be loaded. Reason: invalid syntax (node.py, line 2071).
2023-02-13 21:41:18.192 7 ERROR oslo_service.service 
2023-02-13 21:41:22.740 8 DEBUG oslo_db.api [-] Loading backend 'sqlalchemy' from 'ironic.db.sqlalchemy.api' _load_backend /var/lib/kolla/venv/lib/python3.9/site-packages/oslo_db/api.py:259
2023-02-13 21:41:24.381 8 DEBUG oslo_concurrency.lockutils [-] Acquiring lock "singleton_lock" lock /var/lib/kolla/venv/lib/python3.9/site-packages/oslo_concurrency/lockutils.py:312
2023-02-13 21:41:24.383 8 DEBUG oslo_concurrency.lockutils [-] Acquired lock "singleton_lock" lock /var/lib/kolla/venv/lib/python3.9/site-packages/oslo_concurrency/lockutils.py:315
2023-02-13 21:41:24.384 8 DEBUG oslo_concurrency.lockutils [-] Releasing lock "singleton_lock" lock /var/lib/kolla/venv/lib/python3.9/site-packages/oslo_concurrency/lockutils.py:333
2023-02-13 21:41:24.386 8 DEBUG ironic.conductor.base_manager [None req-2dd38ea2-e366-4fce-adde-918b05d32e28 - - - - - -] Initializing database client for host-169-16-1-142. prepare_host /var/lib/kolla/venv/lib/python3.9/site-packages/ironic/conductor/base_manager.py:82
2023-02-13 21:41:24.387 8 DEBUG ironic.conductor.base_manager [None req-2dd38ea2-e366-4fce-adde-918b05d32e28 - - - - - -] Removing stale locks from the database matching this conductor's hostname: host-169-16-1-142 prepare_host /var/lib/kolla/venv/lib/python3.9/site-packages/ironic/conductor/base_manager.py:84
2023-02-13 21:41:24.425 8 DEBUG oslo_db.sqlalchemy.engines [None req-2dd38ea2-e366-4fce-adde-918b05d32e28 - - - - - -] MySQL server mode set to STRICT_TRANS_TABLES,STRICT_ALL_TABLES,NO_ZERO_IN_DATE,NO_ZERO_DATE,ERROR_FOR_DIVISION_BY_ZERO,TRADITIONAL,NO_AUTO_CREATE_USER,NO_ENGINE_SUBSTITUTION _check_effective_sql_mode /var/lib/kolla/venv/lib/python3.9/site-packages/oslo_db/sqlalchemy/engines.py:326
2023-02-13 21:41:24.794 8 ERROR oslo_service.service [None req-2dd38ea2-e366-4fce-adde-918b05d32e28 - - - - - -] Error starting thread.: ironic.common.exception.DriverLoadError: Driver, hardware type or interface ilo could not be loaded. Reason: invalid syntax (node.py, line 2071).
2023-02-13 21:41:24.794 8 ERROR oslo_service.service Traceback (most recent call last):
2023-02-13 21:41:24.794 8 ERROR oslo_service.service   File "/var/lib/kolla/venv/lib/python3.9/site-packages/stevedore/extension.py", line 229, in _load_plugins
2023-02-13 21:41:24.794 8 ERROR oslo_service.service     ext = self._load_one_plugin(ep,
2023-02-13 21:41:24.794 8 ERROR oslo_service.service   File "/var/lib/kolla/venv/lib/python3.9/site-packages/stevedore/named.py", line 156, in _load_one_plugin
2023-02-13 21:41:24.794 8 ERROR oslo_service.service     return super(NamedExtensionManager, self)._load_one_plugin(
2023-02-13 21:41:24.794 8 ERROR oslo_service.service   File "/var/lib/kolla/venv/lib/python3.9/site-packages/stevedore/extension.py", line 263, in _load_one_plugin
2023-02-13 21:41:24.794 8 ERROR oslo_service.service     plugin = ep.load()
2023-02-13 21:41:24.794 8 ERROR oslo_service.service   File "/usr/lib64/python3.9/importlib/metadata.py", line 86, in load
2023-02-13 21:41:24.794 8 ERROR oslo_service.service     module = import_module(match.group('module'))
2023-02-13 21:41:24.794 8 ERROR oslo_service.service   File "/usr/lib64/python3.9/importlib/__init__.py", line 127, in import_module
2023-02-13 21:41:24.794 8 ERROR oslo_service.service     return _bootstrap._gcd_import(name[level:], package, level)
2023-02-13 21:41:24.794 8 ERROR oslo_service.service   File "<frozen importlib._bootstrap>", line 1030, in _gcd_import
2023-02-13 21:41:24.794 8 ERROR oslo_service.service   File "<frozen importlib._bootstrap>", line 1007, in _find_and_load
2023-02-13 21:41:24.794 8 ERROR oslo_service.service   File "<frozen importlib._bootstrap>", line 986, in _find_and_load_unlocked
2023-02-13 21:41:24.794 8 ERROR oslo_service.service   File "<frozen importlib._bootstrap>", line 680, in _load_unlocked
2023-02-13 21:41:24.794 8 ERROR oslo_service.service   File "<frozen importlib._bootstrap_external>", line 850, in exec_module
2023-02-13 21:41:24.794 8 ERROR oslo_service.service   File "<frozen importlib._bootstrap>", line 228, in _call_with_frames_removed
2023-02-13 21:41:24.794 8 ERROR oslo_service.service   File "/var/lib/kolla/venv/lib/python3.9/site-packages/ironic/drivers/ilo.py", line 19, in <module>
2023-02-13 21:41:24.794 8 ERROR oslo_service.service     from ironic.drivers import generic
2023-02-13 21:41:24.794 8 ERROR oslo_service.service   File "/var/lib/kolla/venv/lib/python3.9/site-packages/ironic/drivers/generic.py", line 26, in <module>
2023-02-13 21:41:24.794 8 ERROR oslo_service.service     from ironic.drivers.modules.network import flat as flat_net
2023-02-13 21:41:24.794 8 ERROR oslo_service.service   File "/var/lib/kolla/venv/lib/python3.9/site-packages/ironic/drivers/modules/network/flat.py", line 23, in <module>
2023-02-13 21:41:24.794 8 ERROR oslo_service.service     from ironic.common import neutron
2023-02-13 21:41:24.794 8 ERROR oslo_service.service   File "/var/lib/kolla/venv/lib/python3.9/site-packages/ironic/common/neutron.py", line 22, in <module>
2023-02-13 21:41:24.794 8 ERROR oslo_service.service     from ironic.api.controllers.v1 import utils as api_utils
2023-02-13 21:41:24.794 8 ERROR oslo_service.service   File "/var/lib/kolla/venv/lib/python3.9/site-packages/ironic/api/controllers/v1/__init__.py", line 30, in <module>
2023-02-13 21:41:24.794 8 ERROR oslo_service.service     from ironic.api.controllers.v1 import chassis
2023-02-13 21:41:24.794 8 ERROR oslo_service.service   File "/var/lib/kolla/venv/lib/python3.9/site-packages/ironic/api/controllers/v1/chassis.py", line 25, in <module>
2023-02-13 21:41:24.794 8 ERROR oslo_service.service     from ironic.api.controllers.v1 import node
2023-02-13 21:41:24.794 8 ERROR oslo_service.service   File "/var/lib/kolla/venv/lib/python3.9/site-packages/ironic/api/controllers/v1/node.py", line 2071
2023-02-13 21:41:24.794 8 ERROR oslo_service.service     <<<<<<< HEAD
2023-02-13 21:41:24.794 8 ERROR oslo_service.service     ^
2023-02-13 21:41:24.794 8 ERROR oslo_service.service SyntaxError: invalid syntax
2023-02-13 21:41:24.794 8 ERROR oslo_service.service 
2023-02-13 21:41:24.794 8 ERROR oslo_service.service During handling of the above exception, another exception occurred:
2023-02-13 21:41:24.794 8 ERROR oslo_service.service 
2023-02-13 21:41:24.794 8 ERROR oslo_service.service Traceback (most recent call last):
2023-02-13 21:41:24.794 8 ERROR oslo_service.service   File "/var/lib/kolla/venv/lib/python3.9/site-packages/oslo_service/service.py", line 806, in run_service
2023-02-13 21:41:24.794 8 ERROR oslo_service.service     service.start()
2023-02-13 21:41:24.794 8 ERROR oslo_service.service   File "/var/lib/kolla/venv/lib/python3.9/site-packages/ironic/common/rpc_service.py", line 62, in start
2023-02-13 21:41:24.794 8 ERROR oslo_service.service     self._real_start()
2023-02-13 21:41:24.794 8 ERROR oslo_service.service   File "/var/lib/kolla/venv/lib/python3.9/site-packages/ironic/common/rpc_service.py", line 87, in _real_start
2023-02-13 21:41:24.794 8 ERROR oslo_service.service     self.manager.init_host(admin_context)
2023-02-13 21:41:24.794 8 ERROR oslo_service.service   File "/var/lib/kolla/venv/lib/python3.9/site-packages/ironic/conductor/base_manager.py", line 136, in init_host
2023-02-13 21:41:24.794 8 ERROR oslo_service.service     hardware_types = driver_factory.hardware_types()
2023-02-13 21:41:24.794 8 ERROR oslo_service.service   File "/var/lib/kolla/venv/lib/python3.9/site-packages/ironic/common/driver_factory.py", line 266, in hardware_types
2023-02-13 21:41:24.794 8 ERROR oslo_service.service     return _get_all_drivers(HardwareTypesFactory())
2023-02-13 21:41:24.794 8 ERROR oslo_service.service   File "/var/lib/kolla/venv/lib/python3.9/site-packages/ironic/common/driver_factory.py", line 336, in __init__
2023-02-13 21:41:24.794 8 ERROR oslo_service.service     self.__class__._init_extension_manager()
2023-02-13 21:41:24.794 8 ERROR oslo_service.service   File "/var/lib/kolla/venv/lib/python3.9/site-packages/ironic/common/driver_factory.py", line 407, in _init_extension_manager
2023-02-13 21:41:24.794 8 ERROR oslo_service.service     stevedore.NamedExtensionManager(
2023-02-13 21:41:24.794 8 ERROR oslo_service.service   File "/var/lib/kolla/venv/lib/python3.9/site-packages/stevedore/named.py", line 78, in __init__
2023-02-13 21:41:24.794 8 ERROR oslo_service.service     extensions = self._load_plugins(invoke_on_load,
2023-02-13 21:41:24.794 8 ERROR oslo_service.service   File "/var/lib/kolla/venv/lib/python3.9/site-packages/stevedore/extension.py", line 241, in _load_plugins
2023-02-13 21:41:24.794 8 ERROR oslo_service.service     self._on_load_failure_callback(self, ep, err)
2023-02-13 21:41:24.794 8 ERROR oslo_service.service   File "/var/lib/kolla/venv/lib/python3.9/site-packages/ironic/common/driver_factory.py", line 358, in _catch_driver_not_found
2023-02-13 21:41:24.794 8 ERROR oslo_service.service     raise exception.DriverLoadError(driver=ep.name, reason=exc)
2023-02-13 21:41:24.794 8 ERROR oslo_service.service ironic.common.exception.DriverLoadError: Driver, hardware type or interface ilo could not be loaded. Reason: invalid syntax (node.py, line 2071).
2023-02-13 21:41:24.794 8 ERROR oslo_service.service 
2023-02-13 21:41:29.341 8 DEBUG oslo_db.api [-] Loading backend 'sqlalchemy' from 'ironic.db.sqlalchemy.api' _load_backend /var/lib/kolla/venv/lib/python3.9/site-packages/oslo_db/api.py:259
2023-02-13 21:41:30.910 8 DEBUG oslo_concurrency.lockutils [-] Acquiring lock "singleton_lock" lock /var/lib/kolla/venv/lib/python3.9/site-packages/oslo_concurrency/lockutils.py:312
2023-02-13 21:41:30.912 8 DEBUG oslo_concurrency.lockutils [-] Acquired lock "singleton_lock" lock /var/lib/kolla/venv/lib/python3.9/site-packages/oslo_concurrency/lockutils.py:315
2023-02-13 21:41:30.912 8 DEBUG oslo_concurrency.lockutils [-] Releasing lock "singleton_lock" lock /var/lib/kolla/venv/lib/python3.9/site-packages/oslo_concurrency/lockutils.py:333
2023-02-13 21:41:30.914 8 DEBUG ironic.conductor.base_manager [None req-e938179f-db05-4d5e-a689-4563f64cbf99 - - - - - -] Initializing database client for host-169-16-1-142. prepare_host /var/lib/kolla/venv/lib/python3.9/site-packages/ironic/conductor/base_manager.py:82
2023-02-13 21:41:30.914 8 DEBUG ironic.conductor.base_manager [None req-e938179f-db05-4d5e-a689-4563f64cbf99 - - - - - -] Removing stale locks from the database matching this conductor's hostname: host-169-16-1-142 prepare_host /var/lib/kolla/venv/lib/python3.9/site-packages/ironic/conductor/base_manager.py:84
2023-02-13 21:41:30.952 8 DEBUG oslo_db.sqlalchemy.engines [None req-e938179f-db05-4d5e-a689-4563f64cbf99 - - - - - -] MySQL server mode set to STRICT_TRANS_TABLES,STRICT_ALL_TABLES,NO_ZERO_IN_DATE,NO_ZERO_DATE,ERROR_FOR_DIVISION_BY_ZERO,TRADITIONAL,NO_AUTO_CREATE_USER,NO_ENGINE_SUBSTITUTION _check_effective_sql_mode /var/lib/kolla/venv/lib/python3.9/site-packages/oslo_db/sqlalchemy/engines.py:326
2023-02-13 21:41:31.376 8 ERROR oslo_service.service [None req-e938179f-db05-4d5e-a689-4563f64cbf99 - - - - - -] Error starting thread.: ironic.common.exception.DriverLoadError: Driver, hardware type or interface ilo could not be loaded. Reason: invalid syntax (node.py, line 2071).
2023-02-13 21:41:31.376 8 ERROR oslo_service.service Traceback (most recent call last):
2023-02-13 21:41:31.376 8 ERROR oslo_service.service   File "/var/lib/kolla/venv/lib/python3.9/site-packages/stevedore/extension.py", line 229, in _load_plugins
2023-02-13 21:41:31.376 8 ERROR oslo_service.service     ext = self._load_one_plugin(ep,
2023-02-13 21:41:31.376 8 ERROR oslo_service.service   File "/var/lib/kolla/venv/lib/python3.9/site-packages/stevedore/named.py", line 156, in _load_one_plugin
2023-02-13 21:41:31.376 8 ERROR oslo_service.service     return super(NamedExtensionManager, self)._load_one_plugin(
2023-02-13 21:41:31.376 8 ERROR oslo_service.service   File "/var/lib/kolla/venv/lib/python3.9/site-packages/stevedore/extension.py", line 263, in _load_one_plugin
2023-02-13 21:41:31.376 8 ERROR oslo_service.service     plugin = ep.load()
2023-02-13 21:41:31.376 8 ERROR oslo_service.service   File "/usr/lib64/python3.9/importlib/metadata.py", line 86, in load
2023-02-13 21:41:31.376 8 ERROR oslo_service.service     module = import_module(match.group('module'))
2023-02-13 21:41:31.376 8 ERROR oslo_service.service   File "/usr/lib64/python3.9/importlib/__init__.py", line 127, in import_module
2023-02-13 21:41:31.376 8 ERROR oslo_service.service     return _bootstrap._gcd_import(name[level:], package, level)
2023-02-13 21:41:31.376 8 ERROR oslo_service.service   File "<frozen importlib._bootstrap>", line 1030, in _gcd_import
2023-02-13 21:41:31.376 8 ERROR oslo_service.service   File "<frozen importlib._bootstrap>", line 1007, in _find_and_load
2023-02-13 21:41:31.376 8 ERROR oslo_service.service   File "<frozen importlib._bootstrap>", line 986, in _find_and_load_unlocked
2023-02-13 21:41:31.376 8 ERROR oslo_service.service   File "<frozen importlib._bootstrap>", line 680, in _load_unlocked
2023-02-13 21:41:31.376 8 ERROR oslo_service.service   File "<frozen importlib._bootstrap_external>", line 850, in exec_module
2023-02-13 21:41:31.376 8 ERROR oslo_service.service   File "<frozen importlib._bootstrap>", line 228, in _call_with_frames_removed
2023-02-13 21:41:31.376 8 ERROR oslo_service.service   File "/var/lib/kolla/venv/lib/python3.9/site-packages/ironic/drivers/ilo.py", line 19, in <module>
2023-02-13 21:41:31.376 8 ERROR oslo_service.service     from ironic.drivers import generic
2023-02-13 21:41:31.376 8 ERROR oslo_service.service   File "/var/lib/kolla/venv/lib/python3.9/site-packages/ironic/drivers/generic.py", line 26, in <module>
2023-02-13 21:41:31.376 8 ERROR oslo_service.service     from ironic.drivers.modules.network import flat as flat_net
2023-02-13 21:41:31.376 8 ERROR oslo_service.service   File "/var/lib/kolla/venv/lib/python3.9/site-packages/ironic/drivers/modules/network/flat.py", line 23, in <module>
2023-02-13 21:41:31.376 8 ERROR oslo_service.service     from ironic.common import neutron
2023-02-13 21:41:31.376 8 ERROR oslo_service.service   File "/var/lib/kolla/venv/lib/python3.9/site-packages/ironic/common/neutron.py", line 22, in <module>
2023-02-13 21:41:31.376 8 ERROR oslo_service.service     from ironic.api.controllers.v1 import utils as api_utils
2023-02-13 21:41:31.376 8 ERROR oslo_service.service   File "/var/lib/kolla/venv/lib/python3.9/site-packages/ironic/api/controllers/v1/__init__.py", line 30, in <module>
2023-02-13 21:41:31.376 8 ERROR oslo_service.service     from ironic.api.controllers.v1 import chassis
2023-02-13 21:41:31.376 8 ERROR oslo_service.service   File "/var/lib/kolla/venv/lib/python3.9/site-packages/ironic/api/controllers/v1/chassis.py", line 25, in <module>
2023-02-13 21:41:31.376 8 ERROR oslo_service.service     from ironic.api.controllers.v1 import node
2023-02-13 21:41:31.376 8 ERROR oslo_service.service   File "/var/lib/kolla/venv/lib/python3.9/site-packages/ironic/api/controllers/v1/node.py", line 2071
2023-02-13 21:41:31.376 8 ERROR oslo_service.service     <<<<<<< HEAD
2023-02-13 21:41:31.376 8 ERROR oslo_service.service     ^
2023-02-13 21:41:31.376 8 ERROR oslo_service.service SyntaxError: invalid syntax
2023-02-13 21:41:31.376 8 ERROR oslo_service.service 
2023-02-13 21:41:31.376 8 ERROR oslo_service.service During handling of the above exception, another exception occurred:
2023-02-13 21:41:31.376 8 ERROR oslo_service.service 
2023-02-13 21:41:31.376 8 ERROR oslo_service.service Traceback (most recent call last):
2023-02-13 21:41:31.376 8 ERROR oslo_service.service   File "/var/lib/kolla/venv/lib/python3.9/site-packages/oslo_service/service.py", line 806, in run_service
2023-02-13 21:41:31.376 8 ERROR oslo_service.service     service.start()
2023-02-13 21:41:31.376 8 ERROR oslo_service.service   File "/var/lib/kolla/venv/lib/python3.9/site-packages/ironic/common/rpc_service.py", line 62, in start
2023-02-13 21:41:31.376 8 ERROR oslo_service.service     self._real_start()
2023-02-13 21:41:31.376 8 ERROR oslo_service.service   File "/var/lib/kolla/venv/lib/python3.9/site-packages/ironic/common/rpc_service.py", line 87, in _real_start
2023-02-13 21:41:31.376 8 ERROR oslo_service.service     self.manager.init_host(admin_context)
2023-02-13 21:41:31.376 8 ERROR oslo_service.service   File "/var/lib/kolla/venv/lib/python3.9/site-packages/ironic/conductor/base_manager.py", line 136, in init_host
2023-02-13 21:41:31.376 8 ERROR oslo_service.service     hardware_types = driver_factory.hardware_types()
2023-02-13 21:41:31.376 8 ERROR oslo_service.service   File "/var/lib/kolla/venv/lib/python3.9/site-packages/ironic/common/driver_factory.py", line 266, in hardware_types
2023-02-13 21:41:31.376 8 ERROR oslo_service.service     return _get_all_drivers(HardwareTypesFactory())
2023-02-13 21:41:31.376 8 ERROR oslo_service.service   File "/var/lib/kolla/venv/lib/python3.9/site-packages/ironic/common/driver_factory.py", line 336, in __init__
2023-02-13 21:41:31.376 8 ERROR oslo_service.service     self.__class__._init_extension_manager()
2023-02-13 21:41:31.376 8 ERROR oslo_service.service   File "/var/lib/kolla/venv/lib/python3.9/site-packages/ironic/common/driver_factory.py", line 407, in _init_extension_manager
2023-02-13 21:41:31.376 8 ERROR oslo_service.service     stevedore.NamedExtensionManager(
2023-02-13 21:41:31.376 8 ERROR oslo_service.service   File "/var/lib/kolla/venv/lib/python3.9/site-packages/stevedore/named.py", line 78, in __init__
2023-02-13 21:41:31.376 8 ERROR oslo_service.service     extensions = self._load_plugins(invoke_on_load,
2023-02-13 21:41:31.376 8 ERROR oslo_service.service   File "/var/lib/kolla/venv/lib/python3.9/site-packages/stevedore/extension.py", line 241, in _load_plugins
2023-02-13 21:41:31.376 8 ERROR oslo_service.service     self._on_load_failure_callback(self, ep, err)
2023-02-13 21:41:31.376 8 ERROR oslo_service.service   File "/var/lib/kolla/venv/lib/python3.9/site-packages/ironic/common/driver_factory.py", line 358, in _catch_driver_not_found
2023-02-13 21:41:31.376 8 ERROR oslo_service.service     raise exception.DriverLoadError(driver=ep.name, reason=exc)
2023-02-13 21:41:31.376 8 ERROR oslo_service.service ironic.common.exception.DriverLoadError: Driver, hardware type or interface ilo could not be loaded. Reason: invalid syntax (node.py, line 2071).
2023-02-13 21:41:31.376 8 ERROR oslo_service.service 
2023-02-13 21:41:36.297 7 DEBUG oslo_db.api [-] Loading backend 'sqlalchemy' from 'ironic.db.sqlalchemy.api' _load_backend /var/lib/kolla/venv/lib/python3.9/site-packages/oslo_db/api.py:259
2023-02-13 21:41:37.821 7 DEBUG oslo_concurrency.lockutils [-] Acquiring lock "singleton_lock" lock /var/lib/kolla/venv/lib/python3.9/site-packages/oslo_concurrency/lockutils.py:312
2023-02-13 21:41:37.823 7 DEBUG oslo_concurrency.lockutils [-] Acquired lock "singleton_lock" lock /var/lib/kolla/venv/lib/python3.9/site-packages/oslo_concurrency/lockutils.py:315
2023-02-13 21:41:37.824 7 DEBUG oslo_concurrency.lockutils [-] Releasing lock "singleton_lock" lock /var/lib/kolla/venv/lib/python3.9/site-packages/oslo_concurrency/lockutils.py:333
2023-02-13 21:41:37.826 7 DEBUG ironic.conductor.base_manager [None req-727c0291-2399-41ef-996d-6ca4195ab7db - - - - - -] Initializing database client for host-169-16-1-142. prepare_host /var/lib/kolla/venv/lib/python3.9/site-packages/ironic/conductor/base_manager.py:82
2023-02-13 21:41:37.827 7 DEBUG ironic.conductor.base_manager [None req-727c0291-2399-41ef-996d-6ca4195ab7db - - - - - -] Removing stale locks from the database matching this conductor's hostname: host-169-16-1-142 prepare_host /var/lib/kolla/venv/lib/python3.9/site-packages/ironic/conductor/base_manager.py:84
2023-02-13 21:41:37.878 7 DEBUG oslo_db.sqlalchemy.engines [None req-727c0291-2399-41ef-996d-6ca4195ab7db - - - - - -] MySQL server mode set to STRICT_TRANS_TABLES,STRICT_ALL_TABLES,NO_ZERO_IN_DATE,NO_ZERO_DATE,ERROR_FOR_DIVISION_BY_ZERO,TRADITIONAL,NO_AUTO_CREATE_USER,NO_ENGINE_SUBSTITUTION _check_effective_sql_mode /var/lib/kolla/venv/lib/python3.9/site-packages/oslo_db/sqlalchemy/engines.py:326
2023-02-13 21:41:38.345 7 ERROR oslo_service.service [None req-727c0291-2399-41ef-996d-6ca4195ab7db - - - - - -] Error starting thread.: ironic.common.exception.DriverLoadError: Driver, hardware type or interface ilo could not be loaded. Reason: invalid syntax (node.py, line 2071).
2023-02-13 21:41:38.345 7 ERROR oslo_service.service Traceback (most recent call last):
2023-02-13 21:41:38.345 7 ERROR oslo_service.service   File "/var/lib/kolla/venv/lib/python3.9/site-packages/stevedore/extension.py", line 229, in _load_plugins
2023-02-13 21:41:38.345 7 ERROR oslo_service.service     ext = self._load_one_plugin(ep,
2023-02-13 21:41:38.345 7 ERROR oslo_service.service   File "/var/lib/kolla/venv/lib/python3.9/site-packages/stevedore/named.py", line 156, in _load_one_plugin
2023-02-13 21:41:38.345 7 ERROR oslo_service.service     return super(NamedExtensionManager, self)._load_one_plugin(
2023-02-13 21:41:38.345 7 ERROR oslo_service.service   File "/var/lib/kolla/venv/lib/python3.9/site-packages/stevedore/extension.py", line 263, in _load_one_plugin
2023-02-13 21:41:38.345 7 ERROR oslo_service.service     plugin = ep.load()
2023-02-13 21:41:38.345 7 ERROR oslo_service.service   File "/usr/lib64/python3.9/importlib/metadata.py", line 86, in load
2023-02-13 21:41:38.345 7 ERROR oslo_service.service     module = import_module(match.group('module'))
2023-02-13 21:41:38.345 7 ERROR oslo_service.service   File "/usr/lib64/python3.9/importlib/__init__.py", line 127, in import_module
2023-02-13 21:41:38.345 7 ERROR oslo_service.service     return _bootstrap._gcd_import(name[level:], package, level)
2023-02-13 21:41:38.345 7 ERROR oslo_service.service   File "<frozen importlib._bootstrap>", line 1030, in _gcd_import
2023-02-13 21:41:38.345 7 ERROR oslo_service.service   File "<frozen importlib._bootstrap>", line 1007, in _find_and_load
2023-02-13 21:41:38.345 7 ERROR oslo_service.service   File "<frozen importlib._bootstrap>", line 986, in _find_and_load_unlocked
2023-02-13 21:41:38.345 7 ERROR oslo_service.service   File "<frozen importlib._bootstrap>", line 680, in _load_unlocked
2023-02-13 21:41:38.345 7 ERROR oslo_service.service   File "<frozen importlib._bootstrap_external>", line 850, in exec_module
2023-02-13 21:41:38.345 7 ERROR oslo_service.service   File "<frozen importlib._bootstrap>", line 228, in _call_with_frames_removed
2023-02-13 21:41:38.345 7 ERROR oslo_service.service   File "/var/lib/kolla/venv/lib/python3.9/site-packages/ironic/drivers/ilo.py", line 19, in <module>
2023-02-13 21:41:38.345 7 ERROR oslo_service.service     from ironic.drivers import generic
2023-02-13 21:41:38.345 7 ERROR oslo_service.service   File "/var/lib/kolla/venv/lib/python3.9/site-packages/ironic/drivers/generic.py", line 26, in <module>
2023-02-13 21:41:38.345 7 ERROR oslo_service.service     from ironic.drivers.modules.network import flat as flat_net
2023-02-13 21:41:38.345 7 ERROR oslo_service.service   File "/var/lib/kolla/venv/lib/python3.9/site-packages/ironic/drivers/modules/network/flat.py", line 23, in <module>
2023-02-13 21:41:38.345 7 ERROR oslo_service.service     from ironic.common import neutron
2023-02-13 21:41:38.345 7 ERROR oslo_service.service   File "/var/lib/kolla/venv/lib/python3.9/site-packages/ironic/common/neutron.py", line 22, in <module>
2023-02-13 21:41:38.345 7 ERROR oslo_service.service     from ironic.api.controllers.v1 import utils as api_utils
2023-02-13 21:41:38.345 7 ERROR oslo_service.service   File "/var/lib/kolla/venv/lib/python3.9/site-packages/ironic/api/controllers/v1/__init__.py", line 30, in <module>
2023-02-13 21:41:38.345 7 ERROR oslo_service.service     from ironic.api.controllers.v1 import chassis
2023-02-13 21:41:38.345 7 ERROR oslo_service.service   File "/var/lib/kolla/venv/lib/python3.9/site-packages/ironic/api/controllers/v1/chassis.py", line 25, in <module>
2023-02-13 21:41:38.345 7 ERROR oslo_service.service     from ironic.api.controllers.v1 import node
2023-02-13 21:41:38.345 7 ERROR oslo_service.service   File "/var/lib/kolla/venv/lib/python3.9/site-packages/ironic/api/controllers/v1/node.py", line 2071
2023-02-13 21:41:38.345 7 ERROR oslo_service.service     <<<<<<< HEAD
2023-02-13 21:41:38.345 7 ERROR oslo_service.service     ^
2023-02-13 21:41:38.345 7 ERROR oslo_service.service SyntaxError: invalid syntax
2023-02-13 21:41:38.345 7 ERROR oslo_service.service 
2023-02-13 21:41:38.345 7 ERROR oslo_service.service During handling of the above exception, another exception occurred:
2023-02-13 21:41:38.345 7 ERROR oslo_service.service 
2023-02-13 21:41:38.345 7 ERROR oslo_service.service Traceback (most recent call last):
2023-02-13 21:41:38.345 7 ERROR oslo_service.service   File "/var/lib/kolla/venv/lib/python3.9/site-packages/oslo_service/service.py", line 806, in run_service
2023-02-13 21:41:38.345 7 ERROR oslo_service.service     service.start()
2023-02-13 21:41:38.345 7 ERROR oslo_service.service   File "/var/lib/kolla/venv/lib/python3.9/site-packages/ironic/common/rpc_service.py", line 62, in start
2023-02-13 21:41:38.345 7 ERROR oslo_service.service     self._real_start()
2023-02-13 21:41:38.345 7 ERROR oslo_service.service   File "/var/lib/kolla/venv/lib/python3.9/site-packages/ironic/common/rpc_service.py", line 87, in _real_start
2023-02-13 21:41:38.345 7 ERROR oslo_service.service     self.manager.init_host(admin_context)
2023-02-13 21:41:38.345 7 ERROR oslo_service.service   File "/var/lib/kolla/venv/lib/python3.9/site-packages/ironic/conductor/base_manager.py", line 136, in init_host
2023-02-13 21:41:38.345 7 ERROR oslo_service.service     hardware_types = driver_factory.hardware_types()
2023-02-13 21:41:38.345 7 ERROR oslo_service.service   File "/var/lib/kolla/venv/lib/python3.9/site-packages/ironic/common/driver_factory.py", line 266, in hardware_types
2023-02-13 21:41:38.345 7 ERROR oslo_service.service     return _get_all_drivers(HardwareTypesFactory())
2023-02-13 21:41:38.345 7 ERROR oslo_service.service   File "/var/lib/kolla/venv/lib/python3.9/site-packages/ironic/common/driver_factory.py", line 336, in __init__
2023-02-13 21:41:38.345 7 ERROR oslo_service.service     self.__class__._init_extension_manager()
2023-02-13 21:41:38.345 7 ERROR oslo_service.service   File "/var/lib/kolla/venv/lib/python3.9/site-packages/ironic/common/driver_factory.py", line 407, in _init_extension_manager
2023-02-13 21:41:38.345 7 ERROR oslo_service.service     stevedore.NamedExtensionManager(
2023-02-13 21:41:38.345 7 ERROR oslo_service.service   File "/var/lib/kolla/venv/lib/python3.9/site-packages/stevedore/named.py", line 78, in __init__
2023-02-13 21:41:38.345 7 ERROR oslo_service.service     extensions = self._load_plugins(invoke_on_load,
2023-02-13 21:41:38.345 7 ERROR oslo_service.service   File "/var/lib/kolla/venv/lib/python3.9/site-packages/stevedore/extension.py", line 241, in _load_plugins
2023-02-13 21:41:38.345 7 ERROR oslo_service.service     self._on_load_failure_callback(self, ep, err)
2023-02-13 21:41:38.345 7 ERROR oslo_service.service   File "/var/lib/kolla/venv/lib/python3.9/site-packages/ironic/common/driver_factory.py", line 358, in _catch_driver_not_found
2023-02-13 21:41:38.345 7 ERROR oslo_service.service     raise exception.DriverLoadError(driver=ep.name, reason=exc)
2023-02-13 21:41:38.345 7 ERROR oslo_service.service ironic.common.exception.DriverLoadError: Driver, hardware type or interface ilo could not be loaded. Reason: invalid syntax (node.py, line 2071).
2023-02-13 21:41:38.345 7 ERROR oslo_service.service 
2023-02-13 21:41:45.907 7 DEBUG oslo_db.api [-] Loading backend 'sqlalchemy' from 'ironic.db.sqlalchemy.api' _load_backend /var/lib/kolla/venv/lib/python3.9/site-packages/oslo_db/api.py:259
2023-02-13 21:41:47.785 7 DEBUG oslo_concurrency.lockutils [-] Acquiring lock "singleton_lock" lock /var/lib/kolla/venv/lib/python3.9/site-packages/oslo_concurrency/lockutils.py:312
2023-02-13 21:41:47.787 7 DEBUG oslo_concurrency.lockutils [-] Acquired lock "singleton_lock" lock /var/lib/kolla/venv/lib/python3.9/site-packages/oslo_concurrency/lockutils.py:315
2023-02-13 21:41:47.788 7 DEBUG oslo_concurrency.lockutils [-] Releasing lock "singleton_lock" lock /var/lib/kolla/venv/lib/python3.9/site-packages/oslo_concurrency/lockutils.py:333
2023-02-13 21:41:47.789 7 DEBUG ironic.conductor.base_manager [None req-cff8216d-15b8-4825-a625-71b84df62d80 - - - - - -] Initializing database client for host-169-16-1-142. prepare_host /var/lib/kolla/venv/lib/python3.9/site-packages/ironic/conductor/base_manager.py:82
2023-02-13 21:41:47.790 7 DEBUG ironic.conductor.base_manager [None req-cff8216d-15b8-4825-a625-71b84df62d80 - - - - - -] Removing stale locks from the database matching this conductor's hostname: host-169-16-1-142 prepare_host /var/lib/kolla/venv/lib/python3.9/site-packages/ironic/conductor/base_manager.py:84
2023-02-13 21:41:47.824 7 DEBUG oslo_db.sqlalchemy.engines [None req-cff8216d-15b8-4825-a625-71b84df62d80 - - - - - -] MySQL server mode set to STRICT_TRANS_TABLES,STRICT_ALL_TABLES,NO_ZERO_IN_DATE,NO_ZERO_DATE,ERROR_FOR_DIVISION_BY_ZERO,TRADITIONAL,NO_AUTO_CREATE_USER,NO_ENGINE_SUBSTITUTION _check_effective_sql_mode /var/lib/kolla/venv/lib/python3.9/site-packages/oslo_db/sqlalchemy/engines.py:326
2023-02-13 21:41:48.281 7 ERROR oslo_service.service [None req-cff8216d-15b8-4825-a625-71b84df62d80 - - - - - -] Error starting thread.: ironic.common.exception.DriverLoadError: Driver, hardware type or interface ilo could not be loaded. Reason: invalid syntax (node.py, line 2071).
2023-02-13 21:41:48.281 7 ERROR oslo_service.service Traceback (most recent call last):
2023-02-13 21:41:48.281 7 ERROR oslo_service.service   File "/var/lib/kolla/venv/lib/python3.9/site-packages/stevedore/extension.py", line 229, in _load_plugins
2023-02-13 21:41:48.281 7 ERROR oslo_service.service     ext = self._load_one_plugin(ep,
2023-02-13 21:41:48.281 7 ERROR oslo_service.service   File "/var/lib/kolla/venv/lib/python3.9/site-packages/stevedore/named.py", line 156, in _load_one_plugin
2023-02-13 21:41:48.281 7 ERROR oslo_service.service     return super(NamedExtensionManager, self)._load_one_plugin(
2023-02-13 21:41:48.281 7 ERROR oslo_service.service   File "/var/lib/kolla/venv/lib/python3.9/site-packages/stevedore/extension.py", line 263, in _load_one_plugin
2023-02-13 21:41:48.281 7 ERROR oslo_service.service     plugin = ep.load()
2023-02-13 21:41:48.281 7 ERROR oslo_service.service   File "/usr/lib64/python3.9/importlib/metadata.py", line 86, in load
2023-02-13 21:41:48.281 7 ERROR oslo_service.service     module = import_module(match.group('module'))
2023-02-13 21:41:48.281 7 ERROR oslo_service.service   File "/usr/lib64/python3.9/importlib/__init__.py", line 127, in import_module
2023-02-13 21:41:48.281 7 ERROR oslo_service.service     return _bootstrap._gcd_import(name[level:], package, level)
2023-02-13 21:41:48.281 7 ERROR oslo_service.service   File "<frozen importlib._bootstrap>", line 1030, in _gcd_import
2023-02-13 21:41:48.281 7 ERROR oslo_service.service   File "<frozen importlib._bootstrap>", line 1007, in _find_and_load
2023-02-13 21:41:48.281 7 ERROR oslo_service.service   File "<frozen importlib._bootstrap>", line 986, in _find_and_load_unlocked
2023-02-13 21:41:48.281 7 ERROR oslo_service.service   File "<frozen importlib._bootstrap>", line 680, in _load_unlocked
2023-02-13 21:41:48.281 7 ERROR oslo_service.service   File "<frozen importlib._bootstrap_external>", line 850, in exec_module
2023-02-13 21:41:48.281 7 ERROR oslo_service.service   File "<frozen importlib._bootstrap>", line 228, in _call_with_frames_removed
2023-02-13 21:41:48.281 7 ERROR oslo_service.service   File "/var/lib/kolla/venv/lib/python3.9/site-packages/ironic/drivers/ilo.py", line 19, in <module>
2023-02-13 21:41:48.281 7 ERROR oslo_service.service     from ironic.drivers import generic
2023-02-13 21:41:48.281 7 ERROR oslo_service.service   File "/var/lib/kolla/venv/lib/python3.9/site-packages/ironic/drivers/generic.py", line 26, in <module>
2023-02-13 21:41:48.281 7 ERROR oslo_service.service     from ironic.drivers.modules.network import flat as flat_net
2023-02-13 21:41:48.281 7 ERROR oslo_service.service   File "/var/lib/kolla/venv/lib/python3.9/site-packages/ironic/drivers/modules/network/flat.py", line 23, in <module>
2023-02-13 21:41:48.281 7 ERROR oslo_service.service     from ironic.common import neutron
2023-02-13 21:41:48.281 7 ERROR oslo_service.service   File "/var/lib/kolla/venv/lib/python3.9/site-packages/ironic/common/neutron.py", line 22, in <module>
2023-02-13 21:41:48.281 7 ERROR oslo_service.service     from ironic.api.controllers.v1 import utils as api_utils
2023-02-13 21:41:48.281 7 ERROR oslo_service.service   File "/var/lib/kolla/venv/lib/python3.9/site-packages/ironic/api/controllers/v1/__init__.py", line 30, in <module>
2023-02-13 21:41:48.281 7 ERROR oslo_service.service     from ironic.api.controllers.v1 import chassis
2023-02-13 21:41:48.281 7 ERROR oslo_service.service   File "/var/lib/kolla/venv/lib/python3.9/site-packages/ironic/api/controllers/v1/chassis.py", line 25, in <module>
2023-02-13 21:41:48.281 7 ERROR oslo_service.service     from ironic.api.controllers.v1 import node
2023-02-13 21:41:48.281 7 ERROR oslo_service.service   File "/var/lib/kolla/venv/lib/python3.9/site-packages/ironic/api/controllers/v1/node.py", line 2071
2023-02-13 21:41:48.281 7 ERROR oslo_service.service     <<<<<<< HEAD
2023-02-13 21:41:48.281 7 ERROR oslo_service.service     ^
2023-02-13 21:41:48.281 7 ERROR oslo_service.service SyntaxError: invalid syntax
2023-02-13 21:41:48.281 7 ERROR oslo_service.service 
2023-02-13 21:41:48.281 7 ERROR oslo_service.service During handling of the above exception, another exception occurred:
2023-02-13 21:41:48.281 7 ERROR oslo_service.service 
2023-02-13 21:41:48.281 7 ERROR oslo_service.service Traceback (most recent call last):
2023-02-13 21:41:48.281 7 ERROR oslo_service.service   File "/var/lib/kolla/venv/lib/python3.9/site-packages/oslo_service/service.py", line 806, in run_service
2023-02-13 21:41:48.281 7 ERROR oslo_service.service     service.start()
2023-02-13 21:41:48.281 7 ERROR oslo_service.service   File "/var/lib/kolla/venv/lib/python3.9/site-packages/ironic/common/rpc_service.py", line 62, in start
2023-02-13 21:41:48.281 7 ERROR oslo_service.service     self._real_start()
2023-02-13 21:41:48.281 7 ERROR oslo_service.service   File "/var/lib/kolla/venv/lib/python3.9/site-packages/ironic/common/rpc_service.py", line 87, in _real_start
2023-02-13 21:41:48.281 7 ERROR oslo_service.service     self.manager.init_host(admin_context)
2023-02-13 21:41:48.281 7 ERROR oslo_service.service   File "/var/lib/kolla/venv/lib/python3.9/site-packages/ironic/conductor/base_manager.py", line 136, in init_host
2023-02-13 21:41:48.281 7 ERROR oslo_service.service     hardware_types = driver_factory.hardware_types()
2023-02-13 21:41:48.281 7 ERROR oslo_service.service   File "/var/lib/kolla/venv/lib/python3.9/site-packages/ironic/common/driver_factory.py", line 266, in hardware_types
2023-02-13 21:41:48.281 7 ERROR oslo_service.service     return _get_all_drivers(HardwareTypesFactory())
2023-02-13 21:41:48.281 7 ERROR oslo_service.service   File "/var/lib/kolla/venv/lib/python3.9/site-packages/ironic/common/driver_factory.py", line 336, in __init__
2023-02-13 21:41:48.281 7 ERROR oslo_service.service     self.__class__._init_extension_manager()
2023-02-13 21:41:48.281 7 ERROR oslo_service.service   File "/var/lib/kolla/venv/lib/python3.9/site-packages/ironic/common/driver_factory.py", line 407, in _init_extension_manager
2023-02-13 21:41:48.281 7 ERROR oslo_service.service     stevedore.NamedExtensionManager(
2023-02-13 21:41:48.281 7 ERROR oslo_service.service   File "/var/lib/kolla/venv/lib/python3.9/site-packages/stevedore/named.py", line 78, in __init__
2023-02-13 21:41:48.281 7 ERROR oslo_service.service     extensions = self._load_plugins(invoke_on_load,
2023-02-13 21:41:48.281 7 ERROR oslo_service.service   File "/var/lib/kolla/venv/lib/python3.9/site-packages/stevedore/extension.py", line 241, in _load_plugins
2023-02-13 21:41:48.281 7 ERROR oslo_service.service     self._on_load_failure_callback(self, ep, err)
2023-02-13 21:41:48.281 7 ERROR oslo_service.service   File "/var/lib/kolla/venv/lib/python3.9/site-packages/ironic/common/driver_factory.py", line 358, in _catch_driver_not_found
2023-02-13 21:41:48.281 7 ERROR oslo_service.service     raise exception.DriverLoadError(driver=ep.name, reason=exc)
2023-02-13 21:41:48.281 7 ERROR oslo_service.service ironic.common.exception.DriverLoadError: Driver, hardware type or interface ilo could not be loaded. Reason: invalid syntax (node.py, line 2071).
2023-02-13 21:41:48.281 7 ERROR oslo_service.service 
2023-02-13 21:41:55.488 6 DEBUG oslo_db.api [-] Loading backend 'sqlalchemy' from 'ironic.db.sqlalchemy.api' _load_backend /var/lib/kolla/venv/lib/python3.9/site-packages/oslo_db/api.py:259
2023-02-13 21:41:57.307 6 DEBUG oslo_concurrency.lockutils [-] Acquiring lock "singleton_lock" lock /var/lib/kolla/venv/lib/python3.9/site-packages/oslo_concurrency/lockutils.py:312
2023-02-13 21:41:57.308 6 DEBUG oslo_concurrency.lockutils [-] Acquired lock "singleton_lock" lock /var/lib/kolla/venv/lib/python3.9/site-packages/oslo_concurrency/lockutils.py:315
2023-02-13 21:41:57.309 6 DEBUG oslo_concurrency.lockutils [-] Releasing lock "singleton_lock" lock /var/lib/kolla/venv/lib/python3.9/site-packages/oslo_concurrency/lockutils.py:333
2023-02-13 21:41:57.310 6 DEBUG ironic.conductor.base_manager [None req-8b76e180-1e08-432e-9367-352ad47a5d94 - - - - - -] Initializing database client for host-169-16-1-142. prepare_host /var/lib/kolla/venv/lib/python3.9/site-packages/ironic/conductor/base_manager.py:82
2023-02-13 21:41:57.311 6 DEBUG ironic.conductor.base_manager [None req-8b76e180-1e08-432e-9367-352ad47a5d94 - - - - - -] Removing stale locks from the database matching this conductor's hostname: host-169-16-1-142 prepare_host /var/lib/kolla/venv/lib/python3.9/site-packages/ironic/conductor/base_manager.py:84
2023-02-13 21:41:57.352 6 DEBUG oslo_db.sqlalchemy.engines [None req-8b76e180-1e08-432e-9367-352ad47a5d94 - - - - - -] MySQL server mode set to STRICT_TRANS_TABLES,STRICT_ALL_TABLES,NO_ZERO_IN_DATE,NO_ZERO_DATE,ERROR_FOR_DIVISION_BY_ZERO,TRADITIONAL,NO_AUTO_CREATE_USER,NO_ENGINE_SUBSTITUTION _check_effective_sql_mode /var/lib/kolla/venv/lib/python3.9/site-packages/oslo_db/sqlalchemy/engines.py:326
2023-02-13 21:41:57.814 6 ERROR oslo_service.service [None req-8b76e180-1e08-432e-9367-352ad47a5d94 - - - - - -] Error starting thread.: ironic.common.exception.DriverLoadError: Driver, hardware type or interface ilo could not be loaded. Reason: invalid syntax (node.py, line 2071).
2023-02-13 21:41:57.814 6 ERROR oslo_service.service Traceback (most recent call last):
2023-02-13 21:41:57.814 6 ERROR oslo_service.service   File "/var/lib/kolla/venv/lib/python3.9/site-packages/stevedore/extension.py", line 229, in _load_plugins
2023-02-13 21:41:57.814 6 ERROR oslo_service.service     ext = self._load_one_plugin(ep,
2023-02-13 21:41:57.814 6 ERROR oslo_service.service   File "/var/lib/kolla/venv/lib/python3.9/site-packages/stevedore/named.py", line 156, in _load_one_plugin
2023-02-13 21:41:57.814 6 ERROR oslo_service.service     return super(NamedExtensionManager, self)._load_one_plugin(
2023-02-13 21:41:57.814 6 ERROR oslo_service.service   File "/var/lib/kolla/venv/lib/python3.9/site-packages/stevedore/extension.py", line 263, in _load_one_plugin
2023-02-13 21:41:57.814 6 ERROR oslo_service.service     plugin = ep.load()
2023-02-13 21:41:57.814 6 ERROR oslo_service.service   File "/usr/lib64/python3.9/importlib/metadata.py", line 86, in load
2023-02-13 21:41:57.814 6 ERROR oslo_service.service     module = import_module(match.group('module'))
2023-02-13 21:41:57.814 6 ERROR oslo_service.service   File "/usr/lib64/python3.9/importlib/__init__.py", line 127, in import_module
2023-02-13 21:41:57.814 6 ERROR oslo_service.service     return _bootstrap._gcd_import(name[level:], package, level)
2023-02-13 21:41:57.814 6 ERROR oslo_service.service   File "<frozen importlib._bootstrap>", line 1030, in _gcd_import
2023-02-13 21:41:57.814 6 ERROR oslo_service.service   File "<frozen importlib._bootstrap>", line 1007, in _find_and_load
2023-02-13 21:41:57.814 6 ERROR oslo_service.service   File "<frozen importlib._bootstrap>", line 986, in _find_and_load_unlocked
2023-02-13 21:41:57.814 6 ERROR oslo_service.service   File "<frozen importlib._bootstrap>", line 680, in _load_unlocked
2023-02-13 21:41:57.814 6 ERROR oslo_service.service   File "<frozen importlib._bootstrap_external>", line 850, in exec_module
2023-02-13 21:41:57.814 6 ERROR oslo_service.service   File "<frozen importlib._bootstrap>", line 228, in _call_with_frames_removed
2023-02-13 21:41:57.814 6 ERROR oslo_service.service   File "/var/lib/kolla/venv/lib/python3.9/site-packages/ironic/drivers/ilo.py", line 19, in <module>
2023-02-13 21:41:57.814 6 ERROR oslo_service.service     from ironic.drivers import generic
2023-02-13 21:41:57.814 6 ERROR oslo_service.service   File "/var/lib/kolla/venv/lib/python3.9/site-packages/ironic/drivers/generic.py", line 26, in <module>
2023-02-13 21:41:57.814 6 ERROR oslo_service.service     from ironic.drivers.modules.network import flat as flat_net
2023-02-13 21:41:57.814 6 ERROR oslo_service.service   File "/var/lib/kolla/venv/lib/python3.9/site-packages/ironic/drivers/modules/network/flat.py", line 23, in <module>
2023-02-13 21:41:57.814 6 ERROR oslo_service.service     from ironic.common import neutron
2023-02-13 21:41:57.814 6 ERROR oslo_service.service   File "/var/lib/kolla/venv/lib/python3.9/site-packages/ironic/common/neutron.py", line 22, in <module>
2023-02-13 21:41:57.814 6 ERROR oslo_service.service     from ironic.api.controllers.v1 import utils as api_utils
2023-02-13 21:41:57.814 6 ERROR oslo_service.service   File "/var/lib/kolla/venv/lib/python3.9/site-packages/ironic/api/controllers/v1/__init__.py", line 30, in <module>
2023-02-13 21:41:57.814 6 ERROR oslo_service.service     from ironic.api.controllers.v1 import chassis
2023-02-13 21:41:57.814 6 ERROR oslo_service.service   File "/var/lib/kolla/venv/lib/python3.9/site-packages/ironic/api/controllers/v1/chassis.py", line 25, in <module>
2023-02-13 21:41:57.814 6 ERROR oslo_service.service     from ironic.api.controllers.v1 import node
2023-02-13 21:41:57.814 6 ERROR oslo_service.service   File "/var/lib/kolla/venv/lib/python3.9/site-packages/ironic/api/controllers/v1/node.py", line 2071
2023-02-13 21:41:57.814 6 ERROR oslo_service.service     <<<<<<< HEAD
2023-02-13 21:41:57.814 6 ERROR oslo_service.service     ^
2023-02-13 21:41:57.814 6 ERROR oslo_service.service SyntaxError: invalid syntax
2023-02-13 21:41:57.814 6 ERROR oslo_service.service 
2023-02-13 21:41:57.814 6 ERROR oslo_service.service During handling of the above exception, another exception occurred:
2023-02-13 21:41:57.814 6 ERROR oslo_service.service 
2023-02-13 21:41:57.814 6 ERROR oslo_service.service Traceback (most recent call last):
2023-02-13 21:41:57.814 6 ERROR oslo_service.service   File "/var/lib/kolla/venv/lib/python3.9/site-packages/oslo_service/service.py", line 806, in run_service
2023-02-13 21:41:57.814 6 ERROR oslo_service.service     service.start()
2023-02-13 21:41:57.814 6 ERROR oslo_service.service   File "/var/lib/kolla/venv/lib/python3.9/site-packages/ironic/common/rpc_service.py", line 62, in start
2023-02-13 21:41:57.814 6 ERROR oslo_service.service     self._real_start()
2023-02-13 21:41:57.814 6 ERROR oslo_service.service   File "/var/lib/kolla/venv/lib/python3.9/site-packages/ironic/common/rpc_service.py", line 87, in _real_start
2023-02-13 21:41:57.814 6 ERROR oslo_service.service     self.manager.init_host(admin_context)
2023-02-13 21:41:57.814 6 ERROR oslo_service.service   File "/var/lib/kolla/venv/lib/python3.9/site-packages/ironic/conductor/base_manager.py", line 136, in init_host
2023-02-13 21:41:57.814 6 ERROR oslo_service.service     hardware_types = driver_factory.hardware_types()
2023-02-13 21:41:57.814 6 ERROR oslo_service.service   File "/var/lib/kolla/venv/lib/python3.9/site-packages/ironic/common/driver_factory.py", line 266, in hardware_types
2023-02-13 21:41:57.814 6 ERROR oslo_service.service     return _get_all_drivers(HardwareTypesFactory())
2023-02-13 21:41:57.814 6 ERROR oslo_service.service   File "/var/lib/kolla/venv/lib/python3.9/site-packages/ironic/common/driver_factory.py", line 336, in __init__
2023-02-13 21:41:57.814 6 ERROR oslo_service.service     self.__class__._init_extension_manager()
2023-02-13 21:41:57.814 6 ERROR oslo_service.service   File "/var/lib/kolla/venv/lib/python3.9/site-packages/ironic/common/driver_factory.py", line 407, in _init_extension_manager
2023-02-13 21:41:57.814 6 ERROR oslo_service.service     stevedore.NamedExtensionManager(
2023-02-13 21:41:57.814 6 ERROR oslo_service.service   File "/var/lib/kolla/venv/lib/python3.9/site-packages/stevedore/named.py", line 78, in __init__
2023-02-13 21:41:57.814 6 ERROR oslo_service.service     extensions = self._load_plugins(invoke_on_load,
2023-02-13 21:41:57.814 6 ERROR oslo_service.service   File "/var/lib/kolla/venv/lib/python3.9/site-packages/stevedore/extension.py", line 241, in _load_plugins
2023-02-13 21:41:57.814 6 ERROR oslo_service.service     self._on_load_failure_callback(self, ep, err)
2023-02-13 21:41:57.814 6 ERROR oslo_service.service   File "/var/lib/kolla/venv/lib/python3.9/site-packages/ironic/common/driver_factory.py", line 358, in _catch_driver_not_found
2023-02-13 21:41:57.814 6 ERROR oslo_service.service     raise exception.DriverLoadError(driver=ep.name, reason=exc)
2023-02-13 21:41:57.814 6 ERROR oslo_service.service ironic.common.exception.DriverLoadError: Driver, hardware type or interface ilo could not be loaded. Reason: invalid syntax (node.py, line 2071).
2023-02-13 21:41:57.814 6 ERROR oslo_service.service 
2023-02-13 21:42:09.223 7 DEBUG oslo_db.api [-] Loading backend 'sqlalchemy' from 'ironic.db.sqlalchemy.api' _load_backend /var/lib/kolla/venv/lib/python3.9/site-packages/oslo_db/api.py:259
2023-02-13 21:42:12.250 7 DEBUG oslo_concurrency.lockutils [-] Acquiring lock "singleton_lock" lock /var/lib/kolla/venv/lib/python3.9/site-packages/oslo_concurrency/lockutils.py:312
2023-02-13 21:42:12.253 7 DEBUG oslo_concurrency.lockutils [-] Acquired lock "singleton_lock" lock /var/lib/kolla/venv/lib/python3.9/site-packages/oslo_concurrency/lockutils.py:315
2023-02-13 21:42:12.254 7 DEBUG oslo_concurrency.lockutils [-] Releasing lock "singleton_lock" lock /var/lib/kolla/venv/lib/python3.9/site-packages/oslo_concurrency/lockutils.py:333
2023-02-13 21:42:12.254 7 DEBUG ironic.conductor.base_manager [None req-0917d588-7006-4887-8dfd-cd4e9cba97c9 - - - - - -] Initializing database client for host-169-16-1-142. prepare_host /var/lib/kolla/venv/lib/python3.9/site-packages/ironic/conductor/base_manager.py:82
2023-02-13 21:42:12.255 7 DEBUG ironic.conductor.base_manager [None req-0917d588-7006-4887-8dfd-cd4e9cba97c9 - - - - - -] Removing stale locks from the database matching this conductor's hostname: host-169-16-1-142 prepare_host /var/lib/kolla/venv/lib/python3.9/site-packages/ironic/conductor/base_manager.py:84
2023-02-13 21:42:12.292 7 DEBUG oslo_db.sqlalchemy.engines [None req-0917d588-7006-4887-8dfd-cd4e9cba97c9 - - - - - -] MySQL server mode set to STRICT_TRANS_TABLES,STRICT_ALL_TABLES,NO_ZERO_IN_DATE,NO_ZERO_DATE,ERROR_FOR_DIVISION_BY_ZERO,TRADITIONAL,NO_AUTO_CREATE_USER,NO_ENGINE_SUBSTITUTION _check_effective_sql_mode /var/lib/kolla/venv/lib/python3.9/site-packages/oslo_db/sqlalchemy/engines.py:326
2023-02-13 21:42:12.902 7 ERROR oslo_service.service [None req-0917d588-7006-4887-8dfd-cd4e9cba97c9 - - - - - -] Error starting thread.: ironic.common.exception.DriverLoadError: Driver, hardware type or interface ilo could not be loaded. Reason: invalid syntax (node.py, line 2071).
2023-02-13 21:42:12.902 7 ERROR oslo_service.service Traceback (most recent call last):
2023-02-13 21:42:12.902 7 ERROR oslo_service.service   File "/var/lib/kolla/venv/lib/python3.9/site-packages/stevedore/extension.py", line 229, in _load_plugins
2023-02-13 21:42:12.902 7 ERROR oslo_service.service     ext = self._load_one_plugin(ep,
2023-02-13 21:42:12.902 7 ERROR oslo_service.service   File "/var/lib/kolla/venv/lib/python3.9/site-packages/stevedore/named.py", line 156, in _load_one_plugin
2023-02-13 21:42:12.902 7 ERROR oslo_service.service     return super(NamedExtensionManager, self)._load_one_plugin(
2023-02-13 21:42:12.902 7 ERROR oslo_service.service   File "/var/lib/kolla/venv/lib/python3.9/site-packages/stevedore/extension.py", line 263, in _load_one_plugin
2023-02-13 21:42:12.902 7 ERROR oslo_service.service     plugin = ep.load()
2023-02-13 21:42:12.902 7 ERROR oslo_service.service   File "/usr/lib64/python3.9/importlib/metadata.py", line 86, in load
2023-02-13 21:42:12.902 7 ERROR oslo_service.service     module = import_module(match.group('module'))
2023-02-13 21:42:12.902 7 ERROR oslo_service.service   File "/usr/lib64/python3.9/importlib/__init__.py", line 127, in import_module
2023-02-13 21:42:12.902 7 ERROR oslo_service.service     return _bootstrap._gcd_import(name[level:], package, level)
2023-02-13 21:42:12.902 7 ERROR oslo_service.service   File "<frozen importlib._bootstrap>", line 1030, in _gcd_import
2023-02-13 21:42:12.902 7 ERROR oslo_service.service   File "<frozen importlib._bootstrap>", line 1007, in _find_and_load
2023-02-13 21:42:12.902 7 ERROR oslo_service.service   File "<frozen importlib._bootstrap>", line 986, in _find_and_load_unlocked
2023-02-13 21:42:12.902 7 ERROR oslo_service.service   File "<frozen importlib._bootstrap>", line 680, in _load_unlocked
2023-02-13 21:42:12.902 7 ERROR oslo_service.service   File "<frozen importlib._bootstrap_external>", line 850, in exec_module
2023-02-13 21:42:12.902 7 ERROR oslo_service.service   File "<frozen importlib._bootstrap>", line 228, in _call_with_frames_removed
2023-02-13 21:42:12.902 7 ERROR oslo_service.service   File "/var/lib/kolla/venv/lib/python3.9/site-packages/ironic/drivers/ilo.py", line 19, in <module>
2023-02-13 21:42:12.902 7 ERROR oslo_service.service     from ironic.drivers import generic
2023-02-13 21:42:12.902 7 ERROR oslo_service.service   File "/var/lib/kolla/venv/lib/python3.9/site-packages/ironic/drivers/generic.py", line 26, in <module>
2023-02-13 21:42:12.902 7 ERROR oslo_service.service     from ironic.drivers.modules.network import flat as flat_net
2023-02-13 21:42:12.902 7 ERROR oslo_service.service   File "/var/lib/kolla/venv/lib/python3.9/site-packages/ironic/drivers/modules/network/flat.py", line 23, in <module>
2023-02-13 21:42:12.902 7 ERROR oslo_service.service     from ironic.common import neutron
2023-02-13 21:42:12.902 7 ERROR oslo_service.service   File "/var/lib/kolla/venv/lib/python3.9/site-packages/ironic/common/neutron.py", line 22, in <module>
2023-02-13 21:42:12.902 7 ERROR oslo_service.service     from ironic.api.controllers.v1 import utils as api_utils
2023-02-13 21:42:12.902 7 ERROR oslo_service.service   File "/var/lib/kolla/venv/lib/python3.9/site-packages/ironic/api/controllers/v1/__init__.py", line 30, in <module>
2023-02-13 21:42:12.902 7 ERROR oslo_service.service     from ironic.api.controllers.v1 import chassis
2023-02-13 21:42:12.902 7 ERROR oslo_service.service   File "/var/lib/kolla/venv/lib/python3.9/site-packages/ironic/api/controllers/v1/chassis.py", line 25, in <module>
2023-02-13 21:42:12.902 7 ERROR oslo_service.service     from ironic.api.controllers.v1 import node
2023-02-13 21:42:12.902 7 ERROR oslo_service.service   File "/var/lib/kolla/venv/lib/python3.9/site-packages/ironic/api/controllers/v1/node.py", line 2071
2023-02-13 21:42:12.902 7 ERROR oslo_service.service     <<<<<<< HEAD
2023-02-13 21:42:12.902 7 ERROR oslo_service.service     ^
2023-02-13 21:42:12.902 7 ERROR oslo_service.service SyntaxError: invalid syntax
2023-02-13 21:42:12.902 7 ERROR oslo_service.service 
2023-02-13 21:42:12.902 7 ERROR oslo_service.service During handling of the above exception, another exception occurred:
2023-02-13 21:42:12.902 7 ERROR oslo_service.service 
2023-02-13 21:42:12.902 7 ERROR oslo_service.service Traceback (most recent call last):
2023-02-13 21:42:12.902 7 ERROR oslo_service.service   File "/var/lib/kolla/venv/lib/python3.9/site-packages/oslo_service/service.py", line 806, in run_service
2023-02-13 21:42:12.902 7 ERROR oslo_service.service     service.start()
2023-02-13 21:42:12.902 7 ERROR oslo_service.service   File "/var/lib/kolla/venv/lib/python3.9/site-packages/ironic/common/rpc_service.py", line 62, in start
2023-02-13 21:42:12.902 7 ERROR oslo_service.service     self._real_start()
2023-02-13 21:42:12.902 7 ERROR oslo_service.service   File "/var/lib/kolla/venv/lib/python3.9/site-packages/ironic/common/rpc_service.py", line 87, in _real_start
2023-02-13 21:42:12.902 7 ERROR oslo_service.service     self.manager.init_host(admin_context)
2023-02-13 21:42:12.902 7 ERROR oslo_service.service   File "/var/lib/kolla/venv/lib/python3.9/site-packages/ironic/conductor/base_manager.py", line 136, in init_host
2023-02-13 21:42:12.902 7 ERROR oslo_service.service     hardware_types = driver_factory.hardware_types()
2023-02-13 21:42:12.902 7 ERROR oslo_service.service   File "/var/lib/kolla/venv/lib/python3.9/site-packages/ironic/common/driver_factory.py", line 266, in hardware_types
2023-02-13 21:42:12.902 7 ERROR oslo_service.service     return _get_all_drivers(HardwareTypesFactory())
2023-02-13 21:42:12.902 7 ERROR oslo_service.service   File "/var/lib/kolla/venv/lib/python3.9/site-packages/ironic/common/driver_factory.py", line 336, in __init__
2023-02-13 21:42:12.902 7 ERROR oslo_service.service     self.__class__._init_extension_manager()
2023-02-13 21:42:12.902 7 ERROR oslo_service.service   File "/var/lib/kolla/venv/lib/python3.9/site-packages/ironic/common/driver_factory.py", line 407, in _init_extension_manager
2023-02-13 21:42:12.902 7 ERROR oslo_service.service     stevedore.NamedExtensionManager(
2023-02-13 21:42:12.902 7 ERROR oslo_service.service   File "/var/lib/kolla/venv/lib/python3.9/site-packages/stevedore/named.py", line 78, in __init__
2023-02-13 21:42:12.902 7 ERROR oslo_service.service     extensions = self._load_plugins(invoke_on_load,
2023-02-13 21:42:12.902 7 ERROR oslo_service.service   File "/var/lib/kolla/venv/lib/python3.9/site-packages/stevedore/extension.py", line 241, in _load_plugins
2023-02-13 21:42:12.902 7 ERROR oslo_service.service     self._on_load_failure_callback(self, ep, err)
2023-02-13 21:42:12.902 7 ERROR oslo_service.service   File "/var/lib/kolla/venv/lib/python3.9/site-packages/ironic/common/driver_factory.py", line 358, in _catch_driver_not_found
2023-02-13 21:42:12.902 7 ERROR oslo_service.service     raise exception.DriverLoadError(driver=ep.name, reason=exc)
2023-02-13 21:42:12.902 7 ERROR oslo_service.service ironic.common.exception.DriverLoadError: Driver, hardware type or interface ilo could not be loaded. Reason: invalid syntax (node.py, line 2071).
2023-02-13 21:42:12.902 7 ERROR oslo_service.service 
2023-02-13 21:42:31.509 6 DEBUG oslo_db.api [-] Loading backend 'sqlalchemy' from 'ironic.db.sqlalchemy.api' _load_backend /var/lib/kolla/venv/lib/python3.9/site-packages/oslo_db/api.py:259
2023-02-13 21:42:33.368 6 DEBUG oslo_concurrency.lockutils [-] Acquiring lock "singleton_lock" lock /var/lib/kolla/venv/lib/python3.9/site-packages/oslo_concurrency/lockutils.py:312
2023-02-13 21:42:33.369 6 DEBUG oslo_concurrency.lockutils [-] Acquired lock "singleton_lock" lock /var/lib/kolla/venv/lib/python3.9/site-packages/oslo_concurrency/lockutils.py:315
2023-02-13 21:42:33.370 6 DEBUG oslo_concurrency.lockutils [-] Releasing lock "singleton_lock" lock /var/lib/kolla/venv/lib/python3.9/site-packages/oslo_concurrency/lockutils.py:333
2023-02-13 21:42:33.371 6 DEBUG ironic.conductor.base_manager [None req-cc891f63-e68c-421b-84bf-f24352852f25 - - - - - -] Initializing database client for host-169-16-1-142. prepare_host /var/lib/kolla/venv/lib/python3.9/site-packages/ironic/conductor/base_manager.py:82
2023-02-13 21:42:33.372 6 DEBUG ironic.conductor.base_manager [None req-cc891f63-e68c-421b-84bf-f24352852f25 - - - - - -] Removing stale locks from the database matching this conductor's hostname: host-169-16-1-142 prepare_host /var/lib/kolla/venv/lib/python3.9/site-packages/ironic/conductor/base_manager.py:84
2023-02-13 21:42:33.406 6 DEBUG oslo_db.sqlalchemy.engines [None req-cc891f63-e68c-421b-84bf-f24352852f25 - - - - - -] MySQL server mode set to STRICT_TRANS_TABLES,STRICT_ALL_TABLES,NO_ZERO_IN_DATE,NO_ZERO_DATE,ERROR_FOR_DIVISION_BY_ZERO,TRADITIONAL,NO_AUTO_CREATE_USER,NO_ENGINE_SUBSTITUTION _check_effective_sql_mode /var/lib/kolla/venv/lib/python3.9/site-packages/oslo_db/sqlalchemy/engines.py:326
2023-02-13 21:42:33.820 6 ERROR oslo_service.service [None req-cc891f63-e68c-421b-84bf-f24352852f25 - - - - - -] Error starting thread.: ironic.common.exception.DriverLoadError: Driver, hardware type or interface ilo could not be loaded. Reason: invalid syntax (node.py, line 2071).
2023-02-13 21:42:33.820 6 ERROR oslo_service.service Traceback (most recent call last):
2023-02-13 21:42:33.820 6 ERROR oslo_service.service   File "/var/lib/kolla/venv/lib/python3.9/site-packages/stevedore/extension.py", line 229, in _load_plugins
2023-02-13 21:42:33.820 6 ERROR oslo_service.service     ext = self._load_one_plugin(ep,
2023-02-13 21:42:33.820 6 ERROR oslo_service.service   File "/var/lib/kolla/venv/lib/python3.9/site-packages/stevedore/named.py", line 156, in _load_one_plugin
2023-02-13 21:42:33.820 6 ERROR oslo_service.service     return super(NamedExtensionManager, self)._load_one_plugin(
2023-02-13 21:42:33.820 6 ERROR oslo_service.service   File "/var/lib/kolla/venv/lib/python3.9/site-packages/stevedore/extension.py", line 263, in _load_one_plugin
2023-02-13 21:42:33.820 6 ERROR oslo_service.service     plugin = ep.load()
2023-02-13 21:42:33.820 6 ERROR oslo_service.service   File "/usr/lib64/python3.9/importlib/metadata.py", line 86, in load
2023-02-13 21:42:33.820 6 ERROR oslo_service.service     module = import_module(match.group('module'))
2023-02-13 21:42:33.820 6 ERROR oslo_service.service   File "/usr/lib64/python3.9/importlib/__init__.py", line 127, in import_module
2023-02-13 21:42:33.820 6 ERROR oslo_service.service     return _bootstrap._gcd_import(name[level:], package, level)
2023-02-13 21:42:33.820 6 ERROR oslo_service.service   File "<frozen importlib._bootstrap>", line 1030, in _gcd_import
2023-02-13 21:42:33.820 6 ERROR oslo_service.service   File "<frozen importlib._bootstrap>", line 1007, in _find_and_load
2023-02-13 21:42:33.820 6 ERROR oslo_service.service   File "<frozen importlib._bootstrap>", line 986, in _find_and_load_unlocked
2023-02-13 21:42:33.820 6 ERROR oslo_service.service   File "<frozen importlib._bootstrap>", line 680, in _load_unlocked
2023-02-13 21:42:33.820 6 ERROR oslo_service.service   File "<frozen importlib._bootstrap_external>", line 850, in exec_module
2023-02-13 21:42:33.820 6 ERROR oslo_service.service   File "<frozen importlib._bootstrap>", line 228, in _call_with_frames_removed
2023-02-13 21:42:33.820 6 ERROR oslo_service.service   File "/var/lib/kolla/venv/lib/python3.9/site-packages/ironic/drivers/ilo.py", line 19, in <module>
2023-02-13 21:42:33.820 6 ERROR oslo_service.service     from ironic.drivers import generic
2023-02-13 21:42:33.820 6 ERROR oslo_service.service   File "/var/lib/kolla/venv/lib/python3.9/site-packages/ironic/drivers/generic.py", line 26, in <module>
2023-02-13 21:42:33.820 6 ERROR oslo_service.service     from ironic.drivers.modules.network import flat as flat_net
2023-02-13 21:42:33.820 6 ERROR oslo_service.service   File "/var/lib/kolla/venv/lib/python3.9/site-packages/ironic/drivers/modules/network/flat.py", line 23, in <module>
2023-02-13 21:42:33.820 6 ERROR oslo_service.service     from ironic.common import neutron
2023-02-13 21:42:33.820 6 ERROR oslo_service.service   File "/var/lib/kolla/venv/lib/python3.9/site-packages/ironic/common/neutron.py", line 22, in <module>
2023-02-13 21:42:33.820 6 ERROR oslo_service.service     from ironic.api.controllers.v1 import utils as api_utils
2023-02-13 21:42:33.820 6 ERROR oslo_service.service   File "/var/lib/kolla/venv/lib/python3.9/site-packages/ironic/api/controllers/v1/__init__.py", line 30, in <module>
2023-02-13 21:42:33.820 6 ERROR oslo_service.service     from ironic.api.controllers.v1 import chassis
2023-02-13 21:42:33.820 6 ERROR oslo_service.service   File "/var/lib/kolla/venv/lib/python3.9/site-packages/ironic/api/controllers/v1/chassis.py", line 25, in <module>
2023-02-13 21:42:33.820 6 ERROR oslo_service.service     from ironic.api.controllers.v1 import node
2023-02-13 21:42:33.820 6 ERROR oslo_service.service   File "/var/lib/kolla/venv/lib/python3.9/site-packages/ironic/api/controllers/v1/node.py", line 2071
2023-02-13 21:42:33.820 6 ERROR oslo_service.service     <<<<<<< HEAD
2023-02-13 21:42:33.820 6 ERROR oslo_service.service     ^
2023-02-13 21:42:33.820 6 ERROR oslo_service.service SyntaxError: invalid syntax
2023-02-13 21:42:33.820 6 ERROR oslo_service.service 
2023-02-13 21:42:33.820 6 ERROR oslo_service.service During handling of the above exception, another exception occurred:
2023-02-13 21:42:33.820 6 ERROR oslo_service.service 
2023-02-13 21:42:33.820 6 ERROR oslo_service.service Traceback (most recent call last):
2023-02-13 21:42:33.820 6 ERROR oslo_service.service   File "/var/lib/kolla/venv/lib/python3.9/site-packages/oslo_service/service.py", line 806, in run_service
2023-02-13 21:42:33.820 6 ERROR oslo_service.service     service.start()
2023-02-13 21:42:33.820 6 ERROR oslo_service.service   File "/var/lib/kolla/venv/lib/python3.9/site-packages/ironic/common/rpc_service.py", line 62, in start
2023-02-13 21:42:33.820 6 ERROR oslo_service.service     self._real_start()
2023-02-13 21:42:33.820 6 ERROR oslo_service.service   File "/var/lib/kolla/venv/lib/python3.9/site-packages/ironic/common/rpc_service.py", line 87, in _real_start
2023-02-13 21:42:33.820 6 ERROR oslo_service.service     self.manager.init_host(admin_context)
2023-02-13 21:42:33.820 6 ERROR oslo_service.service   File "/var/lib/kolla/venv/lib/python3.9/site-packages/ironic/conductor/base_manager.py", line 136, in init_host
2023-02-13 21:42:33.820 6 ERROR oslo_service.service     hardware_types = driver_factory.hardware_types()
2023-02-13 21:42:33.820 6 ERROR oslo_service.service   File "/var/lib/kolla/venv/lib/python3.9/site-packages/ironic/common/driver_factory.py", line 266, in hardware_types
2023-02-13 21:42:33.820 6 ERROR oslo_service.service     return _get_all_drivers(HardwareTypesFactory())
2023-02-13 21:42:33.820 6 ERROR oslo_service.service   File "/var/lib/kolla/venv/lib/python3.9/site-packages/ironic/common/driver_factory.py", line 336, in __init__
2023-02-13 21:42:33.820 6 ERROR oslo_service.service     self.__class__._init_extension_manager()
2023-02-13 21:42:33.820 6 ERROR oslo_service.service   File "/var/lib/kolla/venv/lib/python3.9/site-packages/ironic/common/driver_factory.py", line 407, in _init_extension_manager
2023-02-13 21:42:33.820 6 ERROR oslo_service.service     stevedore.NamedExtensionManager(
2023-02-13 21:42:33.820 6 ERROR oslo_service.service   File "/var/lib/kolla/venv/lib/python3.9/site-packages/stevedore/named.py", line 78, in __init__
2023-02-13 21:42:33.820 6 ERROR oslo_service.service     extensions = self._load_plugins(invoke_on_load,
2023-02-13 21:42:33.820 6 ERROR oslo_service.service   File "/var/lib/kolla/venv/lib/python3.9/site-packages/stevedore/extension.py", line 241, in _load_plugins
2023-02-13 21:42:33.820 6 ERROR oslo_service.service     self._on_load_failure_callback(self, ep, err)
2023-02-13 21:42:33.820 6 ERROR oslo_service.service   File "/var/lib/kolla/venv/lib/python3.9/site-packages/ironic/common/driver_factory.py", line 358, in _catch_driver_not_found
2023-02-13 21:42:33.820 6 ERROR oslo_service.service     raise exception.DriverLoadError(driver=ep.name, reason=exc)
2023-02-13 21:42:33.820 6 ERROR oslo_service.service ironic.common.exception.DriverLoadError: Driver, hardware type or interface ilo could not be loaded. Reason: invalid syntax (node.py, line 2071).
2023-02-13 21:42:33.820 6 ERROR oslo_service.service 
2023-02-13 21:43:06.764 6 DEBUG oslo_db.api [-] Loading backend 'sqlalchemy' from 'ironic.db.sqlalchemy.api' _load_backend /var/lib/kolla/venv/lib/python3.9/site-packages/oslo_db/api.py:259
2023-02-13 21:43:09.402 6 DEBUG oslo_concurrency.lockutils [-] Acquiring lock "singleton_lock" lock /var/lib/kolla/venv/lib/python3.9/site-packages/oslo_concurrency/lockutils.py:312
2023-02-13 21:43:09.404 6 DEBUG oslo_concurrency.lockutils [-] Acquired lock "singleton_lock" lock /var/lib/kolla/venv/lib/python3.9/site-packages/oslo_concurrency/lockutils.py:315
2023-02-13 21:43:09.404 6 DEBUG oslo_concurrency.lockutils [-] Releasing lock "singleton_lock" lock /var/lib/kolla/venv/lib/python3.9/site-packages/oslo_concurrency/lockutils.py:333
2023-02-13 21:43:09.406 6 DEBUG ironic.conductor.base_manager [None req-5c7fdbb8-b939-450d-898c-451d5e756add - - - - - -] Initializing database client for host-169-16-1-142. prepare_host /var/lib/kolla/venv/lib/python3.9/site-packages/ironic/conductor/base_manager.py:82
2023-02-13 21:43:09.406 6 DEBUG ironic.conductor.base_manager [None req-5c7fdbb8-b939-450d-898c-451d5e756add - - - - - -] Removing stale locks from the database matching this conductor's hostname: host-169-16-1-142 prepare_host /var/lib/kolla/venv/lib/python3.9/site-packages/ironic/conductor/base_manager.py:84
2023-02-13 21:43:09.451 6 DEBUG oslo_db.sqlalchemy.engines [None req-5c7fdbb8-b939-450d-898c-451d5e756add - - - - - -] MySQL server mode set to STRICT_TRANS_TABLES,STRICT_ALL_TABLES,NO_ZERO_IN_DATE,NO_ZERO_DATE,ERROR_FOR_DIVISION_BY_ZERO,TRADITIONAL,NO_AUTO_CREATE_USER,NO_ENGINE_SUBSTITUTION _check_effective_sql_mode /var/lib/kolla/venv/lib/python3.9/site-packages/oslo_db/sqlalchemy/engines.py:326
2023-02-13 21:43:10.226 6 ERROR oslo_service.service [None req-5c7fdbb8-b939-450d-898c-451d5e756add - - - - - -] Error starting thread.: ironic.common.exception.DriverLoadError: Driver, hardware type or interface ilo could not be loaded. Reason: invalid syntax (node.py, line 2071).
2023-02-13 21:43:10.226 6 ERROR oslo_service.service Traceback (most recent call last):
2023-02-13 21:43:10.226 6 ERROR oslo_service.service   File "/var/lib/kolla/venv/lib/python3.9/site-packages/stevedore/extension.py", line 229, in _load_plugins
2023-02-13 21:43:10.226 6 ERROR oslo_service.service     ext = self._load_one_plugin(ep,
2023-02-13 21:43:10.226 6 ERROR oslo_service.service   File "/var/lib/kolla/venv/lib/python3.9/site-packages/stevedore/named.py", line 156, in _load_one_plugin
2023-02-13 21:43:10.226 6 ERROR oslo_service.service     return super(NamedExtensionManager, self)._load_one_plugin(
2023-02-13 21:43:10.226 6 ERROR oslo_service.service   File "/var/lib/kolla/venv/lib/python3.9/site-packages/stevedore/extension.py", line 263, in _load_one_plugin
2023-02-13 21:43:10.226 6 ERROR oslo_service.service     plugin = ep.load()
2023-02-13 21:43:10.226 6 ERROR oslo_service.service   File "/usr/lib64/python3.9/importlib/metadata.py", line 86, in load
2023-02-13 21:43:10.226 6 ERROR oslo_service.service     module = import_module(match.group('module'))
2023-02-13 21:43:10.226 6 ERROR oslo_service.service   File "/usr/lib64/python3.9/importlib/__init__.py", line 127, in import_module
2023-02-13 21:43:10.226 6 ERROR oslo_service.service     return _bootstrap._gcd_import(name[level:], package, level)
2023-02-13 21:43:10.226 6 ERROR oslo_service.service   File "<frozen importlib._bootstrap>", line 1030, in _gcd_import
2023-02-13 21:43:10.226 6 ERROR oslo_service.service   File "<frozen importlib._bootstrap>", line 1007, in _find_and_load
2023-02-13 21:43:10.226 6 ERROR oslo_service.service   File "<frozen importlib._bootstrap>", line 986, in _find_and_load_unlocked
2023-02-13 21:43:10.226 6 ERROR oslo_service.service   File "<frozen importlib._bootstrap>", line 680, in _load_unlocked
2023-02-13 21:43:10.226 6 ERROR oslo_service.service   File "<frozen importlib._bootstrap_external>", line 850, in exec_module
2023-02-13 21:43:10.226 6 ERROR oslo_service.service   File "<frozen importlib._bootstrap>", line 228, in _call_with_frames_removed
2023-02-13 21:43:10.226 6 ERROR oslo_service.service   File "/var/lib/kolla/venv/lib/python3.9/site-packages/ironic/drivers/ilo.py", line 19, in <module>
2023-02-13 21:43:10.226 6 ERROR oslo_service.service     from ironic.drivers import generic
2023-02-13 21:43:10.226 6 ERROR oslo_service.service   File "/var/lib/kolla/venv/lib/python3.9/site-packages/ironic/drivers/generic.py", line 26, in <module>
2023-02-13 21:43:10.226 6 ERROR oslo_service.service     from ironic.drivers.modules.network import flat as flat_net
2023-02-13 21:43:10.226 6 ERROR oslo_service.service   File "/var/lib/kolla/venv/lib/python3.9/site-packages/ironic/drivers/modules/network/flat.py", line 23, in <module>
2023-02-13 21:43:10.226 6 ERROR oslo_service.service     from ironic.common import neutron
2023-02-13 21:43:10.226 6 ERROR oslo_service.service   File "/var/lib/kolla/venv/lib/python3.9/site-packages/ironic/common/neutron.py", line 22, in <module>
2023-02-13 21:43:10.226 6 ERROR oslo_service.service     from ironic.api.controllers.v1 import utils as api_utils
2023-02-13 21:43:10.226 6 ERROR oslo_service.service   File "/var/lib/kolla/venv/lib/python3.9/site-packages/ironic/api/controllers/v1/__init__.py", line 30, in <module>
2023-02-13 21:43:10.226 6 ERROR oslo_service.service     from ironic.api.controllers.v1 import chassis
2023-02-13 21:43:10.226 6 ERROR oslo_service.service   File "/var/lib/kolla/venv/lib/python3.9/site-packages/ironic/api/controllers/v1/chassis.py", line 25, in <module>
2023-02-13 21:43:10.226 6 ERROR oslo_service.service     from ironic.api.controllers.v1 import node
2023-02-13 21:43:10.226 6 ERROR oslo_service.service   File "/var/lib/kolla/venv/lib/python3.9/site-packages/ironic/api/controllers/v1/node.py", line 2071
2023-02-13 21:43:10.226 6 ERROR oslo_service.service     <<<<<<< HEAD
2023-02-13 21:43:10.226 6 ERROR oslo_service.service     ^
2023-02-13 21:43:10.226 6 ERROR oslo_service.service SyntaxError: invalid syntax
2023-02-13 21:43:10.226 6 ERROR oslo_service.service 
2023-02-13 21:43:10.226 6 ERROR oslo_service.service During handling of the above exception, another exception occurred:
2023-02-13 21:43:10.226 6 ERROR oslo_service.service 
2023-02-13 21:43:10.226 6 ERROR oslo_service.service Traceback (most recent call last):
2023-02-13 21:43:10.226 6 ERROR oslo_service.service   File "/var/lib/kolla/venv/lib/python3.9/site-packages/oslo_service/service.py", line 806, in run_service
2023-02-13 21:43:10.226 6 ERROR oslo_service.service     service.start()
2023-02-13 21:43:10.226 6 ERROR oslo_service.service   File "/var/lib/kolla/venv/lib/python3.9/site-packages/ironic/common/rpc_service.py", line 62, in start
2023-02-13 21:43:10.226 6 ERROR oslo_service.service     self._real_start()
2023-02-13 21:43:10.226 6 ERROR oslo_service.service   File "/var/lib/kolla/venv/lib/python3.9/site-packages/ironic/common/rpc_service.py", line 87, in _real_start
2023-02-13 21:43:10.226 6 ERROR oslo_service.service     self.manager.init_host(admin_context)
2023-02-13 21:43:10.226 6 ERROR oslo_service.service   File "/var/lib/kolla/venv/lib/python3.9/site-packages/ironic/conductor/base_manager.py", line 136, in init_host
2023-02-13 21:43:10.226 6 ERROR oslo_service.service     hardware_types = driver_factory.hardware_types()
2023-02-13 21:43:10.226 6 ERROR oslo_service.service   File "/var/lib/kolla/venv/lib/python3.9/site-packages/ironic/common/driver_factory.py", line 266, in hardware_types
2023-02-13 21:43:10.226 6 ERROR oslo_service.service     return _get_all_drivers(HardwareTypesFactory())
2023-02-13 21:43:10.226 6 ERROR oslo_service.service   File "/var/lib/kolla/venv/lib/python3.9/site-packages/ironic/common/driver_factory.py", line 336, in __init__
2023-02-13 21:43:10.226 6 ERROR oslo_service.service     self.__class__._init_extension_manager()
2023-02-13 21:43:10.226 6 ERROR oslo_service.service   File "/var/lib/kolla/venv/lib/python3.9/site-packages/ironic/common/driver_factory.py", line 407, in _init_extension_manager
2023-02-13 21:43:10.226 6 ERROR oslo_service.service     stevedore.NamedExtensionManager(
2023-02-13 21:43:10.226 6 ERROR oslo_service.service   File "/var/lib/kolla/venv/lib/python3.9/site-packages/stevedore/named.py", line 78, in __init__
2023-02-13 21:43:10.226 6 ERROR oslo_service.service     extensions = self._load_plugins(invoke_on_load,
2023-02-13 21:43:10.226 6 ERROR oslo_service.service   File "/var/lib/kolla/venv/lib/python3.9/site-packages/stevedore/extension.py", line 241, in _load_plugins
2023-02-13 21:43:10.226 6 ERROR oslo_service.service     self._on_load_failure_callback(self, ep, err)
2023-02-13 21:43:10.226 6 ERROR oslo_service.service   File "/var/lib/kolla/venv/lib/python3.9/site-packages/ironic/common/driver_factory.py", line 358, in _catch_driver_not_found
2023-02-13 21:43:10.226 6 ERROR oslo_service.service     raise exception.DriverLoadError(driver=ep.name, reason=exc)
2023-02-13 21:43:10.226 6 ERROR oslo_service.service ironic.common.exception.DriverLoadError: Driver, hardware type or interface ilo could not be loaded. Reason: invalid syntax (node.py, line 2071).
2023-02-13 21:43:10.226 6 ERROR oslo_service.service 
2023-02-13 21:43:15.571 7 DEBUG oslo_db.api [-] Loading backend 'sqlalchemy' from 'ironic.db.sqlalchemy.api' _load_backend /var/lib/kolla/venv/lib/python3.9/site-packages/oslo_db/api.py:259
2023-02-13 21:43:17.153 7 DEBUG oslo_concurrency.lockutils [-] Acquiring lock "singleton_lock" lock /var/lib/kolla/venv/lib/python3.9/site-packages/oslo_concurrency/lockutils.py:312
2023-02-13 21:43:17.154 7 DEBUG oslo_concurrency.lockutils [-] Acquired lock "singleton_lock" lock /var/lib/kolla/venv/lib/python3.9/site-packages/oslo_concurrency/lockutils.py:315
2023-02-13 21:43:17.155 7 DEBUG oslo_concurrency.lockutils [-] Releasing lock "singleton_lock" lock /var/lib/kolla/venv/lib/python3.9/site-packages/oslo_concurrency/lockutils.py:333
2023-02-13 21:43:17.156 7 DEBUG ironic.conductor.base_manager [None req-2a08d0f7-6049-48a9-94aa-cd3bb8e55867 - - - - - -] Initializing database client for host-169-16-1-142. prepare_host /var/lib/kolla/venv/lib/python3.9/site-packages/ironic/conductor/base_manager.py:82
2023-02-13 21:43:17.157 7 DEBUG ironic.conductor.base_manager [None req-2a08d0f7-6049-48a9-94aa-cd3bb8e55867 - - - - - -] Removing stale locks from the database matching this conductor's hostname: host-169-16-1-142 prepare_host /var/lib/kolla/venv/lib/python3.9/site-packages/ironic/conductor/base_manager.py:84
2023-02-13 21:43:17.191 7 DEBUG oslo_db.sqlalchemy.engines [None req-2a08d0f7-6049-48a9-94aa-cd3bb8e55867 - - - - - -] MySQL server mode set to STRICT_TRANS_TABLES,STRICT_ALL_TABLES,NO_ZERO_IN_DATE,NO_ZERO_DATE,ERROR_FOR_DIVISION_BY_ZERO,TRADITIONAL,NO_AUTO_CREATE_USER,NO_ENGINE_SUBSTITUTION _check_effective_sql_mode /var/lib/kolla/venv/lib/python3.9/site-packages/oslo_db/sqlalchemy/engines.py:326
2023-02-13 21:43:17.624 7 ERROR oslo_service.service [None req-2a08d0f7-6049-48a9-94aa-cd3bb8e55867 - - - - - -] Error starting thread.: ironic.common.exception.DriverLoadError: Driver, hardware type or interface ilo could not be loaded. Reason: invalid syntax (node.py, line 2071).
2023-02-13 21:43:17.624 7 ERROR oslo_service.service Traceback (most recent call last):
2023-02-13 21:43:17.624 7 ERROR oslo_service.service   File "/var/lib/kolla/venv/lib/python3.9/site-packages/stevedore/extension.py", line 229, in _load_plugins
2023-02-13 21:43:17.624 7 ERROR oslo_service.service     ext = self._load_one_plugin(ep,
2023-02-13 21:43:17.624 7 ERROR oslo_service.service   File "/var/lib/kolla/venv/lib/python3.9/site-packages/stevedore/named.py", line 156, in _load_one_plugin
2023-02-13 21:43:17.624 7 ERROR oslo_service.service     return super(NamedExtensionManager, self)._load_one_plugin(
2023-02-13 21:43:17.624 7 ERROR oslo_service.service   File "/var/lib/kolla/venv/lib/python3.9/site-packages/stevedore/extension.py", line 263, in _load_one_plugin
2023-02-13 21:43:17.624 7 ERROR oslo_service.service     plugin = ep.load()
2023-02-13 21:43:17.624 7 ERROR oslo_service.service   File "/usr/lib64/python3.9/importlib/metadata.py", line 86, in load
2023-02-13 21:43:17.624 7 ERROR oslo_service.service     module = import_module(match.group('module'))
2023-02-13 21:43:17.624 7 ERROR oslo_service.service   File "/usr/lib64/python3.9/importlib/__init__.py", line 127, in import_module
2023-02-13 21:43:17.624 7 ERROR oslo_service.service     return _bootstrap._gcd_import(name[level:], package, level)
2023-02-13 21:43:17.624 7 ERROR oslo_service.service   File "<frozen importlib._bootstrap>", line 1030, in _gcd_import
2023-02-13 21:43:17.624 7 ERROR oslo_service.service   File "<frozen importlib._bootstrap>", line 1007, in _find_and_load
2023-02-13 21:43:17.624 7 ERROR oslo_service.service   File "<frozen importlib._bootstrap>", line 986, in _find_and_load_unlocked
2023-02-13 21:43:17.624 7 ERROR oslo_service.service   File "<frozen importlib._bootstrap>", line 680, in _load_unlocked
2023-02-13 21:43:17.624 7 ERROR oslo_service.service   File "<frozen importlib._bootstrap_external>", line 850, in exec_module
2023-02-13 21:43:17.624 7 ERROR oslo_service.service   File "<frozen importlib._bootstrap>", line 228, in _call_with_frames_removed
2023-02-13 21:43:17.624 7 ERROR oslo_service.service   File "/var/lib/kolla/venv/lib/python3.9/site-packages/ironic/drivers/ilo.py", line 19, in <module>
2023-02-13 21:43:17.624 7 ERROR oslo_service.service     from ironic.drivers import generic
2023-02-13 21:43:17.624 7 ERROR oslo_service.service   File "/var/lib/kolla/venv/lib/python3.9/site-packages/ironic/drivers/generic.py", line 26, in <module>
2023-02-13 21:43:17.624 7 ERROR oslo_service.service     from ironic.drivers.modules.network import flat as flat_net
2023-02-13 21:43:17.624 7 ERROR oslo_service.service   File "/var/lib/kolla/venv/lib/python3.9/site-packages/ironic/drivers/modules/network/flat.py", line 23, in <module>
2023-02-13 21:43:17.624 7 ERROR oslo_service.service     from ironic.common import neutron
2023-02-13 21:43:17.624 7 ERROR oslo_service.service   File "/var/lib/kolla/venv/lib/python3.9/site-packages/ironic/common/neutron.py", line 22, in <module>
2023-02-13 21:43:17.624 7 ERROR oslo_service.service     from ironic.api.controllers.v1 import utils as api_utils
2023-02-13 21:43:17.624 7 ERROR oslo_service.service   File "/var/lib/kolla/venv/lib/python3.9/site-packages/ironic/api/controllers/v1/__init__.py", line 30, in <module>
2023-02-13 21:43:17.624 7 ERROR oslo_service.service     from ironic.api.controllers.v1 import chassis
2023-02-13 21:43:17.624 7 ERROR oslo_service.service   File "/var/lib/kolla/venv/lib/python3.9/site-packages/ironic/api/controllers/v1/chassis.py", line 25, in <module>
2023-02-13 21:43:17.624 7 ERROR oslo_service.service     from ironic.api.controllers.v1 import node
2023-02-13 21:43:17.624 7 ERROR oslo_service.service   File "/var/lib/kolla/venv/lib/python3.9/site-packages/ironic/api/controllers/v1/node.py", line 2071
2023-02-13 21:43:17.624 7 ERROR oslo_service.service     <<<<<<< HEAD
2023-02-13 21:43:17.624 7 ERROR oslo_service.service     ^
2023-02-13 21:43:17.624 7 ERROR oslo_service.service SyntaxError: invalid syntax
2023-02-13 21:43:17.624 7 ERROR oslo_service.service 
2023-02-13 21:43:17.624 7 ERROR oslo_service.service During handling of the above exception, another exception occurred:
2023-02-13 21:43:17.624 7 ERROR oslo_service.service 
2023-02-13 21:43:17.624 7 ERROR oslo_service.service Traceback (most recent call last):
2023-02-13 21:43:17.624 7 ERROR oslo_service.service   File "/var/lib/kolla/venv/lib/python3.9/site-packages/oslo_service/service.py", line 806, in run_service
2023-02-13 21:43:17.624 7 ERROR oslo_service.service     service.start()
2023-02-13 21:43:17.624 7 ERROR oslo_service.service   File "/var/lib/kolla/venv/lib/python3.9/site-packages/ironic/common/rpc_service.py", line 62, in start
2023-02-13 21:43:17.624 7 ERROR oslo_service.service     self._real_start()
2023-02-13 21:43:17.624 7 ERROR oslo_service.service   File "/var/lib/kolla/venv/lib/python3.9/site-packages/ironic/common/rpc_service.py", line 87, in _real_start
2023-02-13 21:43:17.624 7 ERROR oslo_service.service     self.manager.init_host(admin_context)
2023-02-13 21:43:17.624 7 ERROR oslo_service.service   File "/var/lib/kolla/venv/lib/python3.9/site-packages/ironic/conductor/base_manager.py", line 136, in init_host
2023-02-13 21:43:17.624 7 ERROR oslo_service.service     hardware_types = driver_factory.hardware_types()
2023-02-13 21:43:17.624 7 ERROR oslo_service.service   File "/var/lib/kolla/venv/lib/python3.9/site-packages/ironic/common/driver_factory.py", line 266, in hardware_types
2023-02-13 21:43:17.624 7 ERROR oslo_service.service     return _get_all_drivers(HardwareTypesFactory())
2023-02-13 21:43:17.624 7 ERROR oslo_service.service   File "/var/lib/kolla/venv/lib/python3.9/site-packages/ironic/common/driver_factory.py", line 336, in __init__
2023-02-13 21:43:17.624 7 ERROR oslo_service.service     self.__class__._init_extension_manager()
2023-02-13 21:43:17.624 7 ERROR oslo_service.service   File "/var/lib/kolla/venv/lib/python3.9/site-packages/ironic/common/driver_factory.py", line 407, in _init_extension_manager
2023-02-13 21:43:17.624 7 ERROR oslo_service.service     stevedore.NamedExtensionManager(
2023-02-13 21:43:17.624 7 ERROR oslo_service.service   File "/var/lib/kolla/venv/lib/python3.9/site-packages/stevedore/named.py", line 78, in __init__
2023-02-13 21:43:17.624 7 ERROR oslo_service.service     extensions = self._load_plugins(invoke_on_load,
2023-02-13 21:43:17.624 7 ERROR oslo_service.service   File "/var/lib/kolla/venv/lib/python3.9/site-packages/stevedore/extension.py", line 241, in _load_plugins
2023-02-13 21:43:17.624 7 ERROR oslo_service.service     self._on_load_failure_callback(self, ep, err)
2023-02-13 21:43:17.624 7 ERROR oslo_service.service   File "/var/lib/kolla/venv/lib/python3.9/site-packages/ironic/common/driver_factory.py", line 358, in _catch_driver_not_found
2023-02-13 21:43:17.624 7 ERROR oslo_service.service     raise exception.DriverLoadError(driver=ep.name, reason=exc)
2023-02-13 21:43:17.624 7 ERROR oslo_service.service ironic.common.exception.DriverLoadError: Driver, hardware type or interface ilo could not be loaded. Reason: invalid syntax (node.py, line 2071).
2023-02-13 21:43:17.624 7 ERROR oslo_service.service 
2023-02-13 21:43:22.711 7 DEBUG oslo_db.api [-] Loading backend 'sqlalchemy' from 'ironic.db.sqlalchemy.api' _load_backend /var/lib/kolla/venv/lib/python3.9/site-packages/oslo_db/api.py:259
2023-02-13 21:43:25.228 7 DEBUG oslo_concurrency.lockutils [-] Acquiring lock "singleton_lock" lock /var/lib/kolla/venv/lib/python3.9/site-packages/oslo_concurrency/lockutils.py:312
2023-02-13 21:43:25.230 7 DEBUG oslo_concurrency.lockutils [-] Acquired lock "singleton_lock" lock /var/lib/kolla/venv/lib/python3.9/site-packages/oslo_concurrency/lockutils.py:315
2023-02-13 21:43:25.230 7 DEBUG oslo_concurrency.lockutils [-] Releasing lock "singleton_lock" lock /var/lib/kolla/venv/lib/python3.9/site-packages/oslo_concurrency/lockutils.py:333
2023-02-13 21:43:25.231 7 DEBUG ironic.conductor.base_manager [None req-6630ff2b-b7e0-4a36-a4de-5c958632fe03 - - - - - -] Initializing database client for host-169-16-1-142. prepare_host /var/lib/kolla/venv/lib/python3.9/site-packages/ironic/conductor/base_manager.py:82
2023-02-13 21:43:25.232 7 DEBUG ironic.conductor.base_manager [None req-6630ff2b-b7e0-4a36-a4de-5c958632fe03 - - - - - -] Removing stale locks from the database matching this conductor's hostname: host-169-16-1-142 prepare_host /var/lib/kolla/venv/lib/python3.9/site-packages/ironic/conductor/base_manager.py:84
2023-02-13 21:43:25.295 7 DEBUG oslo_db.sqlalchemy.engines [None req-6630ff2b-b7e0-4a36-a4de-5c958632fe03 - - - - - -] MySQL server mode set to STRICT_TRANS_TABLES,STRICT_ALL_TABLES,NO_ZERO_IN_DATE,NO_ZERO_DATE,ERROR_FOR_DIVISION_BY_ZERO,TRADITIONAL,NO_AUTO_CREATE_USER,NO_ENGINE_SUBSTITUTION _check_effective_sql_mode /var/lib/kolla/venv/lib/python3.9/site-packages/oslo_db/sqlalchemy/engines.py:326
2023-02-13 21:43:25.812 7 ERROR oslo_service.service [None req-6630ff2b-b7e0-4a36-a4de-5c958632fe03 - - - - - -] Error starting thread.: ironic.common.exception.DriverLoadError: Driver, hardware type or interface ilo could not be loaded. Reason: invalid syntax (node.py, line 2071).
2023-02-13 21:43:25.812 7 ERROR oslo_service.service Traceback (most recent call last):
2023-02-13 21:43:25.812 7 ERROR oslo_service.service   File "/var/lib/kolla/venv/lib/python3.9/site-packages/stevedore/extension.py", line 229, in _load_plugins
2023-02-13 21:43:25.812 7 ERROR oslo_service.service     ext = self._load_one_plugin(ep,
2023-02-13 21:43:25.812 7 ERROR oslo_service.service   File "/var/lib/kolla/venv/lib/python3.9/site-packages/stevedore/named.py", line 156, in _load_one_plugin
2023-02-13 21:43:25.812 7 ERROR oslo_service.service     return super(NamedExtensionManager, self)._load_one_plugin(
2023-02-13 21:43:25.812 7 ERROR oslo_service.service   File "/var/lib/kolla/venv/lib/python3.9/site-packages/stevedore/extension.py", line 263, in _load_one_plugin
2023-02-13 21:43:25.812 7 ERROR oslo_service.service     plugin = ep.load()
2023-02-13 21:43:25.812 7 ERROR oslo_service.service   File "/usr/lib64/python3.9/importlib/metadata.py", line 86, in load
2023-02-13 21:43:25.812 7 ERROR oslo_service.service     module = import_module(match.group('module'))
2023-02-13 21:43:25.812 7 ERROR oslo_service.service   File "/usr/lib64/python3.9/importlib/__init__.py", line 127, in import_module
2023-02-13 21:43:25.812 7 ERROR oslo_service.service     return _bootstrap._gcd_import(name[level:], package, level)
2023-02-13 21:43:25.812 7 ERROR oslo_service.service   File "<frozen importlib._bootstrap>", line 1030, in _gcd_import
2023-02-13 21:43:25.812 7 ERROR oslo_service.service   File "<frozen importlib._bootstrap>", line 1007, in _find_and_load
2023-02-13 21:43:25.812 7 ERROR oslo_service.service   File "<frozen importlib._bootstrap>", line 986, in _find_and_load_unlocked
2023-02-13 21:43:25.812 7 ERROR oslo_service.service   File "<frozen importlib._bootstrap>", line 680, in _load_unlocked
2023-02-13 21:43:25.812 7 ERROR oslo_service.service   File "<frozen importlib._bootstrap_external>", line 850, in exec_module
2023-02-13 21:43:25.812 7 ERROR oslo_service.service   File "<frozen importlib._bootstrap>", line 228, in _call_with_frames_removed
2023-02-13 21:43:25.812 7 ERROR oslo_service.service   File "/var/lib/kolla/venv/lib/python3.9/site-packages/ironic/drivers/ilo.py", line 19, in <module>
2023-02-13 21:43:25.812 7 ERROR oslo_service.service     from ironic.drivers import generic
2023-02-13 21:43:25.812 7 ERROR oslo_service.service   File "/var/lib/kolla/venv/lib/python3.9/site-packages/ironic/drivers/generic.py", line 26, in <module>
2023-02-13 21:43:25.812 7 ERROR oslo_service.service     from ironic.drivers.modules.network import flat as flat_net
2023-02-13 21:43:25.812 7 ERROR oslo_service.service   File "/var/lib/kolla/venv/lib/python3.9/site-packages/ironic/drivers/modules/network/flat.py", line 23, in <module>
2023-02-13 21:43:25.812 7 ERROR oslo_service.service     from ironic.common import neutron
2023-02-13 21:43:25.812 7 ERROR oslo_service.service   File "/var/lib/kolla/venv/lib/python3.9/site-packages/ironic/common/neutron.py", line 22, in <module>
2023-02-13 21:43:25.812 7 ERROR oslo_service.service     from ironic.api.controllers.v1 import utils as api_utils
2023-02-13 21:43:25.812 7 ERROR oslo_service.service   File "/var/lib/kolla/venv/lib/python3.9/site-packages/ironic/api/controllers/v1/__init__.py", line 30, in <module>
2023-02-13 21:43:25.812 7 ERROR oslo_service.service     from ironic.api.controllers.v1 import chassis
2023-02-13 21:43:25.812 7 ERROR oslo_service.service   File "/var/lib/kolla/venv/lib/python3.9/site-packages/ironic/api/controllers/v1/chassis.py", line 25, in <module>
2023-02-13 21:43:25.812 7 ERROR oslo_service.service     from ironic.api.controllers.v1 import node
2023-02-13 21:43:25.812 7 ERROR oslo_service.service   File "/var/lib/kolla/venv/lib/python3.9/site-packages/ironic/api/controllers/v1/node.py", line 2071
2023-02-13 21:43:25.812 7 ERROR oslo_service.service     <<<<<<< HEAD
2023-02-13 21:43:25.812 7 ERROR oslo_service.service     ^
2023-02-13 21:43:25.812 7 ERROR oslo_service.service SyntaxError: invalid syntax
2023-02-13 21:43:25.812 7 ERROR oslo_service.service 
2023-02-13 21:43:25.812 7 ERROR oslo_service.service During handling of the above exception, another exception occurred:
2023-02-13 21:43:25.812 7 ERROR oslo_service.service 
2023-02-13 21:43:25.812 7 ERROR oslo_service.service Traceback (most recent call last):
2023-02-13 21:43:25.812 7 ERROR oslo_service.service   File "/var/lib/kolla/venv/lib/python3.9/site-packages/oslo_service/service.py", line 806, in run_service
2023-02-13 21:43:25.812 7 ERROR oslo_service.service     service.start()
2023-02-13 21:43:25.812 7 ERROR oslo_service.service   File "/var/lib/kolla/venv/lib/python3.9/site-packages/ironic/common/rpc_service.py", line 62, in start
2023-02-13 21:43:25.812 7 ERROR oslo_service.service     self._real_start()
2023-02-13 21:43:25.812 7 ERROR oslo_service.service   File "/var/lib/kolla/venv/lib/python3.9/site-packages/ironic/common/rpc_service.py", line 87, in _real_start
2023-02-13 21:43:25.812 7 ERROR oslo_service.service     self.manager.init_host(admin_context)
2023-02-13 21:43:25.812 7 ERROR oslo_service.service   File "/var/lib/kolla/venv/lib/python3.9/site-packages/ironic/conductor/base_manager.py", line 136, in init_host
2023-02-13 21:43:25.812 7 ERROR oslo_service.service     hardware_types = driver_factory.hardware_types()
2023-02-13 21:43:25.812 7 ERROR oslo_service.service   File "/var/lib/kolla/venv/lib/python3.9/site-packages/ironic/common/driver_factory.py", line 266, in hardware_types
2023-02-13 21:43:25.812 7 ERROR oslo_service.service     return _get_all_drivers(HardwareTypesFactory())
2023-02-13 21:43:25.812 7 ERROR oslo_service.service   File "/var/lib/kolla/venv/lib/python3.9/site-packages/ironic/common/driver_factory.py", line 336, in __init__
2023-02-13 21:43:25.812 7 ERROR oslo_service.service     self.__class__._init_extension_manager()
2023-02-13 21:43:25.812 7 ERROR oslo_service.service   File "/var/lib/kolla/venv/lib/python3.9/site-packages/ironic/common/driver_factory.py", line 407, in _init_extension_manager
2023-02-13 21:43:25.812 7 ERROR oslo_service.service     stevedore.NamedExtensionManager(
2023-02-13 21:43:25.812 7 ERROR oslo_service.service   File "/var/lib/kolla/venv/lib/python3.9/site-packages/stevedore/named.py", line 78, in __init__
2023-02-13 21:43:25.812 7 ERROR oslo_service.service     extensions = self._load_plugins(invoke_on_load,
2023-02-13 21:43:25.812 7 ERROR oslo_service.service   File "/var/lib/kolla/venv/lib/python3.9/site-packages/stevedore/extension.py", line 241, in _load_plugins
2023-02-13 21:43:25.812 7 ERROR oslo_service.service     self._on_load_failure_callback(self, ep, err)
2023-02-13 21:43:25.812 7 ERROR oslo_service.service   File "/var/lib/kolla/venv/lib/python3.9/site-packages/ironic/common/driver_factory.py", line 358, in _catch_driver_not_found
2023-02-13 21:43:25.812 7 ERROR oslo_service.service     raise exception.DriverLoadError(driver=ep.name, reason=exc)
2023-02-13 21:43:25.812 7 ERROR oslo_service.service ironic.common.exception.DriverLoadError: Driver, hardware type or interface ilo could not be loaded. Reason: invalid syntax (node.py, line 2071).
2023-02-13 21:43:25.812 7 ERROR oslo_service.service 
2023-02-13 21:43:30.706 7 DEBUG oslo_db.api [-] Loading backend 'sqlalchemy' from 'ironic.db.sqlalchemy.api' _load_backend /var/lib/kolla/venv/lib/python3.9/site-packages/oslo_db/api.py:259
2023-02-13 21:43:32.204 7 DEBUG oslo_concurrency.lockutils [-] Acquiring lock "singleton_lock" lock /var/lib/kolla/venv/lib/python3.9/site-packages/oslo_concurrency/lockutils.py:312
2023-02-13 21:43:32.205 7 DEBUG oslo_concurrency.lockutils [-] Acquired lock "singleton_lock" lock /var/lib/kolla/venv/lib/python3.9/site-packages/oslo_concurrency/lockutils.py:315
2023-02-13 21:43:32.206 7 DEBUG oslo_concurrency.lockutils [-] Releasing lock "singleton_lock" lock /var/lib/kolla/venv/lib/python3.9/site-packages/oslo_concurrency/lockutils.py:333
2023-02-13 21:43:32.207 7 DEBUG ironic.conductor.base_manager [None req-8d220a7b-db2c-44da-a45f-0fa27032d240 - - - - - -] Initializing database client for host-169-16-1-142. prepare_host /var/lib/kolla/venv/lib/python3.9/site-packages/ironic/conductor/base_manager.py:82
2023-02-13 21:43:32.208 7 DEBUG ironic.conductor.base_manager [None req-8d220a7b-db2c-44da-a45f-0fa27032d240 - - - - - -] Removing stale locks from the database matching this conductor's hostname: host-169-16-1-142 prepare_host /var/lib/kolla/venv/lib/python3.9/site-packages/ironic/conductor/base_manager.py:84
2023-02-13 21:43:32.243 7 DEBUG oslo_db.sqlalchemy.engines [None req-8d220a7b-db2c-44da-a45f-0fa27032d240 - - - - - -] MySQL server mode set to STRICT_TRANS_TABLES,STRICT_ALL_TABLES,NO_ZERO_IN_DATE,NO_ZERO_DATE,ERROR_FOR_DIVISION_BY_ZERO,TRADITIONAL,NO_AUTO_CREATE_USER,NO_ENGINE_SUBSTITUTION _check_effective_sql_mode /var/lib/kolla/venv/lib/python3.9/site-packages/oslo_db/sqlalchemy/engines.py:326
2023-02-13 21:43:32.658 7 ERROR oslo_service.service [None req-8d220a7b-db2c-44da-a45f-0fa27032d240 - - - - - -] Error starting thread.: ironic.common.exception.DriverLoadError: Driver, hardware type or interface ilo could not be loaded. Reason: invalid syntax (node.py, line 2071).
2023-02-13 21:43:32.658 7 ERROR oslo_service.service Traceback (most recent call last):
2023-02-13 21:43:32.658 7 ERROR oslo_service.service   File "/var/lib/kolla/venv/lib/python3.9/site-packages/stevedore/extension.py", line 229, in _load_plugins
2023-02-13 21:43:32.658 7 ERROR oslo_service.service     ext = self._load_one_plugin(ep,
2023-02-13 21:43:32.658 7 ERROR oslo_service.service   File "/var/lib/kolla/venv/lib/python3.9/site-packages/stevedore/named.py", line 156, in _load_one_plugin
2023-02-13 21:43:32.658 7 ERROR oslo_service.service     return super(NamedExtensionManager, self)._load_one_plugin(
2023-02-13 21:43:32.658 7 ERROR oslo_service.service   File "/var/lib/kolla/venv/lib/python3.9/site-packages/stevedore/extension.py", line 263, in _load_one_plugin
2023-02-13 21:43:32.658 7 ERROR oslo_service.service     plugin = ep.load()
2023-02-13 21:43:32.658 7 ERROR oslo_service.service   File "/usr/lib64/python3.9/importlib/metadata.py", line 86, in load
2023-02-13 21:43:32.658 7 ERROR oslo_service.service     module = import_module(match.group('module'))
2023-02-13 21:43:32.658 7 ERROR oslo_service.service   File "/usr/lib64/python3.9/importlib/__init__.py", line 127, in import_module
2023-02-13 21:43:32.658 7 ERROR oslo_service.service     return _bootstrap._gcd_import(name[level:], package, level)
2023-02-13 21:43:32.658 7 ERROR oslo_service.service   File "<frozen importlib._bootstrap>", line 1030, in _gcd_import
2023-02-13 21:43:32.658 7 ERROR oslo_service.service   File "<frozen importlib._bootstrap>", line 1007, in _find_and_load
2023-02-13 21:43:32.658 7 ERROR oslo_service.service   File "<frozen importlib._bootstrap>", line 986, in _find_and_load_unlocked
2023-02-13 21:43:32.658 7 ERROR oslo_service.service   File "<frozen importlib._bootstrap>", line 680, in _load_unlocked
2023-02-13 21:43:32.658 7 ERROR oslo_service.service   File "<frozen importlib._bootstrap_external>", line 850, in exec_module
2023-02-13 21:43:32.658 7 ERROR oslo_service.service   File "<frozen importlib._bootstrap>", line 228, in _call_with_frames_removed
2023-02-13 21:43:32.658 7 ERROR oslo_service.service   File "/var/lib/kolla/venv/lib/python3.9/site-packages/ironic/drivers/ilo.py", line 19, in <module>
2023-02-13 21:43:32.658 7 ERROR oslo_service.service     from ironic.drivers import generic
2023-02-13 21:43:32.658 7 ERROR oslo_service.service   File "/var/lib/kolla/venv/lib/python3.9/site-packages/ironic/drivers/generic.py", line 26, in <module>
2023-02-13 21:43:32.658 7 ERROR oslo_service.service     from ironic.drivers.modules.network import flat as flat_net
2023-02-13 21:43:32.658 7 ERROR oslo_service.service   File "/var/lib/kolla/venv/lib/python3.9/site-packages/ironic/drivers/modules/network/flat.py", line 23, in <module>
2023-02-13 21:43:32.658 7 ERROR oslo_service.service     from ironic.common import neutron
2023-02-13 21:43:32.658 7 ERROR oslo_service.service   File "/var/lib/kolla/venv/lib/python3.9/site-packages/ironic/common/neutron.py", line 22, in <module>
2023-02-13 21:43:32.658 7 ERROR oslo_service.service     from ironic.api.controllers.v1 import utils as api_utils
2023-02-13 21:43:32.658 7 ERROR oslo_service.service   File "/var/lib/kolla/venv/lib/python3.9/site-packages/ironic/api/controllers/v1/__init__.py", line 30, in <module>
2023-02-13 21:43:32.658 7 ERROR oslo_service.service     from ironic.api.controllers.v1 import chassis
2023-02-13 21:43:32.658 7 ERROR oslo_service.service   File "/var/lib/kolla/venv/lib/python3.9/site-packages/ironic/api/controllers/v1/chassis.py", line 25, in <module>
2023-02-13 21:43:32.658 7 ERROR oslo_service.service     from ironic.api.controllers.v1 import node
2023-02-13 21:43:32.658 7 ERROR oslo_service.service   File "/var/lib/kolla/venv/lib/python3.9/site-packages/ironic/api/controllers/v1/node.py", line 2071
2023-02-13 21:43:32.658 7 ERROR oslo_service.service     <<<<<<< HEAD
2023-02-13 21:43:32.658 7 ERROR oslo_service.service     ^
2023-02-13 21:43:32.658 7 ERROR oslo_service.service SyntaxError: invalid syntax
2023-02-13 21:43:32.658 7 ERROR oslo_service.service 
2023-02-13 21:43:32.658 7 ERROR oslo_service.service During handling of the above exception, another exception occurred:
2023-02-13 21:43:32.658 7 ERROR oslo_service.service 
2023-02-13 21:43:32.658 7 ERROR oslo_service.service Traceback (most recent call last):
2023-02-13 21:43:32.658 7 ERROR oslo_service.service   File "/var/lib/kolla/venv/lib/python3.9/site-packages/oslo_service/service.py", line 806, in run_service
2023-02-13 21:43:32.658 7 ERROR oslo_service.service     service.start()
2023-02-13 21:43:32.658 7 ERROR oslo_service.service   File "/var/lib/kolla/venv/lib/python3.9/site-packages/ironic/common/rpc_service.py", line 62, in start
2023-02-13 21:43:32.658 7 ERROR oslo_service.service     self._real_start()
2023-02-13 21:43:32.658 7 ERROR oslo_service.service   File "/var/lib/kolla/venv/lib/python3.9/site-packages/ironic/common/rpc_service.py", line 87, in _real_start
2023-02-13 21:43:32.658 7 ERROR oslo_service.service     self.manager.init_host(admin_context)
2023-02-13 21:43:32.658 7 ERROR oslo_service.service   File "/var/lib/kolla/venv/lib/python3.9/site-packages/ironic/conductor/base_manager.py", line 136, in init_host
2023-02-13 21:43:32.658 7 ERROR oslo_service.service     hardware_types = driver_factory.hardware_types()
2023-02-13 21:43:32.658 7 ERROR oslo_service.service   File "/var/lib/kolla/venv/lib/python3.9/site-packages/ironic/common/driver_factory.py", line 266, in hardware_types
2023-02-13 21:43:32.658 7 ERROR oslo_service.service     return _get_all_drivers(HardwareTypesFactory())
2023-02-13 21:43:32.658 7 ERROR oslo_service.service   File "/var/lib/kolla/venv/lib/python3.9/site-packages/ironic/common/driver_factory.py", line 336, in __init__
2023-02-13 21:43:32.658 7 ERROR oslo_service.service     self.__class__._init_extension_manager()
2023-02-13 21:43:32.658 7 ERROR oslo_service.service   File "/var/lib/kolla/venv/lib/python3.9/site-packages/ironic/common/driver_factory.py", line 407, in _init_extension_manager
2023-02-13 21:43:32.658 7 ERROR oslo_service.service     stevedore.NamedExtensionManager(
2023-02-13 21:43:32.658 7 ERROR oslo_service.service   File "/var/lib/kolla/venv/lib/python3.9/site-packages/stevedore/named.py", line 78, in __init__
2023-02-13 21:43:32.658 7 ERROR oslo_service.service     extensions = self._load_plugins(invoke_on_load,
2023-02-13 21:43:32.658 7 ERROR oslo_service.service   File "/var/lib/kolla/venv/lib/python3.9/site-packages/stevedore/extension.py", line 241, in _load_plugins
2023-02-13 21:43:32.658 7 ERROR oslo_service.service     self._on_load_failure_callback(self, ep, err)
2023-02-13 21:43:32.658 7 ERROR oslo_service.service   File "/var/lib/kolla/venv/lib/python3.9/site-packages/ironic/common/driver_factory.py", line 358, in _catch_driver_not_found
2023-02-13 21:43:32.658 7 ERROR oslo_service.service     raise exception.DriverLoadError(driver=ep.name, reason=exc)
2023-02-13 21:43:32.658 7 ERROR oslo_service.service ironic.common.exception.DriverLoadError: Driver, hardware type or interface ilo could not be loaded. Reason: invalid syntax (node.py, line 2071).
2023-02-13 21:43:32.658 7 ERROR oslo_service.service 
2023-02-13 21:43:37.226 6 DEBUG oslo_db.api [-] Loading backend 'sqlalchemy' from 'ironic.db.sqlalchemy.api' _load_backend /var/lib/kolla/venv/lib/python3.9/site-packages/oslo_db/api.py:259
2023-02-13 21:43:38.751 6 DEBUG oslo_concurrency.lockutils [-] Acquiring lock "singleton_lock" lock /var/lib/kolla/venv/lib/python3.9/site-packages/oslo_concurrency/lockutils.py:312
2023-02-13 21:43:38.752 6 DEBUG oslo_concurrency.lockutils [-] Acquired lock "singleton_lock" lock /var/lib/kolla/venv/lib/python3.9/site-packages/oslo_concurrency/lockutils.py:315
2023-02-13 21:43:38.753 6 DEBUG oslo_concurrency.lockutils [-] Releasing lock "singleton_lock" lock /var/lib/kolla/venv/lib/python3.9/site-packages/oslo_concurrency/lockutils.py:333
2023-02-13 21:43:38.754 6 DEBUG ironic.conductor.base_manager [None req-5c65cb6e-70ec-4405-8cf3-580ae5817b1d - - - - - -] Initializing database client for host-169-16-1-142. prepare_host /var/lib/kolla/venv/lib/python3.9/site-packages/ironic/conductor/base_manager.py:82
2023-02-13 21:43:38.755 6 DEBUG ironic.conductor.base_manager [None req-5c65cb6e-70ec-4405-8cf3-580ae5817b1d - - - - - -] Removing stale locks from the database matching this conductor's hostname: host-169-16-1-142 prepare_host /var/lib/kolla/venv/lib/python3.9/site-packages/ironic/conductor/base_manager.py:84
2023-02-13 21:43:38.799 6 DEBUG oslo_db.sqlalchemy.engines [None req-5c65cb6e-70ec-4405-8cf3-580ae5817b1d - - - - - -] MySQL server mode set to STRICT_TRANS_TABLES,STRICT_ALL_TABLES,NO_ZERO_IN_DATE,NO_ZERO_DATE,ERROR_FOR_DIVISION_BY_ZERO,TRADITIONAL,NO_AUTO_CREATE_USER,NO_ENGINE_SUBSTITUTION _check_effective_sql_mode /var/lib/kolla/venv/lib/python3.9/site-packages/oslo_db/sqlalchemy/engines.py:326
2023-02-13 21:43:39.222 6 ERROR oslo_service.service [None req-5c65cb6e-70ec-4405-8cf3-580ae5817b1d - - - - - -] Error starting thread.: ironic.common.exception.DriverLoadError: Driver, hardware type or interface ilo could not be loaded. Reason: invalid syntax (node.py, line 2071).
2023-02-13 21:43:39.222 6 ERROR oslo_service.service Traceback (most recent call last):
2023-02-13 21:43:39.222 6 ERROR oslo_service.service   File "/var/lib/kolla/venv/lib/python3.9/site-packages/stevedore/extension.py", line 229, in _load_plugins
2023-02-13 21:43:39.222 6 ERROR oslo_service.service     ext = self._load_one_plugin(ep,
2023-02-13 21:43:39.222 6 ERROR oslo_service.service   File "/var/lib/kolla/venv/lib/python3.9/site-packages/stevedore/named.py", line 156, in _load_one_plugin
2023-02-13 21:43:39.222 6 ERROR oslo_service.service     return super(NamedExtensionManager, self)._load_one_plugin(
2023-02-13 21:43:39.222 6 ERROR oslo_service.service   File "/var/lib/kolla/venv/lib/python3.9/site-packages/stevedore/extension.py", line 263, in _load_one_plugin
2023-02-13 21:43:39.222 6 ERROR oslo_service.service     plugin = ep.load()
2023-02-13 21:43:39.222 6 ERROR oslo_service.service   File "/usr/lib64/python3.9/importlib/metadata.py", line 86, in load
2023-02-13 21:43:39.222 6 ERROR oslo_service.service     module = import_module(match.group('module'))
2023-02-13 21:43:39.222 6 ERROR oslo_service.service   File "/usr/lib64/python3.9/importlib/__init__.py", line 127, in import_module
2023-02-13 21:43:39.222 6 ERROR oslo_service.service     return _bootstrap._gcd_import(name[level:], package, level)
2023-02-13 21:43:39.222 6 ERROR oslo_service.service   File "<frozen importlib._bootstrap>", line 1030, in _gcd_import
2023-02-13 21:43:39.222 6 ERROR oslo_service.service   File "<frozen importlib._bootstrap>", line 1007, in _find_and_load
2023-02-13 21:43:39.222 6 ERROR oslo_service.service   File "<frozen importlib._bootstrap>", line 986, in _find_and_load_unlocked
2023-02-13 21:43:39.222 6 ERROR oslo_service.service   File "<frozen importlib._bootstrap>", line 680, in _load_unlocked
2023-02-13 21:43:39.222 6 ERROR oslo_service.service   File "<frozen importlib._bootstrap_external>", line 850, in exec_module
2023-02-13 21:43:39.222 6 ERROR oslo_service.service   File "<frozen importlib._bootstrap>", line 228, in _call_with_frames_removed
2023-02-13 21:43:39.222 6 ERROR oslo_service.service   File "/var/lib/kolla/venv/lib/python3.9/site-packages/ironic/drivers/ilo.py", line 19, in <module>
2023-02-13 21:43:39.222 6 ERROR oslo_service.service     from ironic.drivers import generic
2023-02-13 21:43:39.222 6 ERROR oslo_service.service   File "/var/lib/kolla/venv/lib/python3.9/site-packages/ironic/drivers/generic.py", line 26, in <module>
2023-02-13 21:43:39.222 6 ERROR oslo_service.service     from ironic.drivers.modules.network import flat as flat_net
2023-02-13 21:43:39.222 6 ERROR oslo_service.service   File "/var/lib/kolla/venv/lib/python3.9/site-packages/ironic/drivers/modules/network/flat.py", line 23, in <module>
2023-02-13 21:43:39.222 6 ERROR oslo_service.service     from ironic.common import neutron
2023-02-13 21:43:39.222 6 ERROR oslo_service.service   File "/var/lib/kolla/venv/lib/python3.9/site-packages/ironic/common/neutron.py", line 22, in <module>
2023-02-13 21:43:39.222 6 ERROR oslo_service.service     from ironic.api.controllers.v1 import utils as api_utils
2023-02-13 21:43:39.222 6 ERROR oslo_service.service   File "/var/lib/kolla/venv/lib/python3.9/site-packages/ironic/api/controllers/v1/__init__.py", line 30, in <module>
2023-02-13 21:43:39.222 6 ERROR oslo_service.service     from ironic.api.controllers.v1 import chassis
2023-02-13 21:43:39.222 6 ERROR oslo_service.service   File "/var/lib/kolla/venv/lib/python3.9/site-packages/ironic/api/controllers/v1/chassis.py", line 25, in <module>
2023-02-13 21:43:39.222 6 ERROR oslo_service.service     from ironic.api.controllers.v1 import node
2023-02-13 21:43:39.222 6 ERROR oslo_service.service   File "/var/lib/kolla/venv/lib/python3.9/site-packages/ironic/api/controllers/v1/node.py", line 2071
2023-02-13 21:43:39.222 6 ERROR oslo_service.service     <<<<<<< HEAD
2023-02-13 21:43:39.222 6 ERROR oslo_service.service     ^
2023-02-13 21:43:39.222 6 ERROR oslo_service.service SyntaxError: invalid syntax
2023-02-13 21:43:39.222 6 ERROR oslo_service.service 
2023-02-13 21:43:39.222 6 ERROR oslo_service.service During handling of the above exception, another exception occurred:
2023-02-13 21:43:39.222 6 ERROR oslo_service.service 
2023-02-13 21:43:39.222 6 ERROR oslo_service.service Traceback (most recent call last):
2023-02-13 21:43:39.222 6 ERROR oslo_service.service   File "/var/lib/kolla/venv/lib/python3.9/site-packages/oslo_service/service.py", line 806, in run_service
2023-02-13 21:43:39.222 6 ERROR oslo_service.service     service.start()
2023-02-13 21:43:39.222 6 ERROR oslo_service.service   File "/var/lib/kolla/venv/lib/python3.9/site-packages/ironic/common/rpc_service.py", line 62, in start
2023-02-13 21:43:39.222 6 ERROR oslo_service.service     self._real_start()
2023-02-13 21:43:39.222 6 ERROR oslo_service.service   File "/var/lib/kolla/venv/lib/python3.9/site-packages/ironic/common/rpc_service.py", line 87, in _real_start
2023-02-13 21:43:39.222 6 ERROR oslo_service.service     self.manager.init_host(admin_context)
2023-02-13 21:43:39.222 6 ERROR oslo_service.service   File "/var/lib/kolla/venv/lib/python3.9/site-packages/ironic/conductor/base_manager.py", line 136, in init_host
2023-02-13 21:43:39.222 6 ERROR oslo_service.service     hardware_types = driver_factory.hardware_types()
2023-02-13 21:43:39.222 6 ERROR oslo_service.service   File "/var/lib/kolla/venv/lib/python3.9/site-packages/ironic/common/driver_factory.py", line 266, in hardware_types
2023-02-13 21:43:39.222 6 ERROR oslo_service.service     return _get_all_drivers(HardwareTypesFactory())
2023-02-13 21:43:39.222 6 ERROR oslo_service.service   File "/var/lib/kolla/venv/lib/python3.9/site-packages/ironic/common/driver_factory.py", line 336, in __init__
2023-02-13 21:43:39.222 6 ERROR oslo_service.service     self.__class__._init_extension_manager()
2023-02-13 21:43:39.222 6 ERROR oslo_service.service   File "/var/lib/kolla/venv/lib/python3.9/site-packages/ironic/common/driver_factory.py", line 407, in _init_extension_manager
2023-02-13 21:43:39.222 6 ERROR oslo_service.service     stevedore.NamedExtensionManager(
2023-02-13 21:43:39.222 6 ERROR oslo_service.service   File "/var/lib/kolla/venv/lib/python3.9/site-packages/stevedore/named.py", line 78, in __init__
2023-02-13 21:43:39.222 6 ERROR oslo_service.service     extensions = self._load_plugins(invoke_on_load,
2023-02-13 21:43:39.222 6 ERROR oslo_service.service   File "/var/lib/kolla/venv/lib/python3.9/site-packages/stevedore/extension.py", line 241, in _load_plugins
2023-02-13 21:43:39.222 6 ERROR oslo_service.service     self._on_load_failure_callback(self, ep, err)
2023-02-13 21:43:39.222 6 ERROR oslo_service.service   File "/var/lib/kolla/venv/lib/python3.9/site-packages/ironic/common/driver_factory.py", line 358, in _catch_driver_not_found
2023-02-13 21:43:39.222 6 ERROR oslo_service.service     raise exception.DriverLoadError(driver=ep.name, reason=exc)
2023-02-13 21:43:39.222 6 ERROR oslo_service.service ironic.common.exception.DriverLoadError: Driver, hardware type or interface ilo could not be loaded. Reason: invalid syntax (node.py, line 2071).
2023-02-13 21:43:39.222 6 ERROR oslo_service.service 
2023-02-13 21:43:45.269 6 DEBUG oslo_db.api [-] Loading backend 'sqlalchemy' from 'ironic.db.sqlalchemy.api' _load_backend /var/lib/kolla/venv/lib/python3.9/site-packages/oslo_db/api.py:259
2023-02-13 21:43:46.790 6 DEBUG oslo_concurrency.lockutils [-] Acquiring lock "singleton_lock" lock /var/lib/kolla/venv/lib/python3.9/site-packages/oslo_concurrency/lockutils.py:312
2023-02-13 21:43:46.791 6 DEBUG oslo_concurrency.lockutils [-] Acquired lock "singleton_lock" lock /var/lib/kolla/venv/lib/python3.9/site-packages/oslo_concurrency/lockutils.py:315
2023-02-13 21:43:46.792 6 DEBUG oslo_concurrency.lockutils [-] Releasing lock "singleton_lock" lock /var/lib/kolla/venv/lib/python3.9/site-packages/oslo_concurrency/lockutils.py:333
2023-02-13 21:43:46.793 6 DEBUG ironic.conductor.base_manager [None req-d7fd282c-16b4-4e14-a0aa-a018b7900044 - - - - - -] Initializing database client for host-169-16-1-142. prepare_host /var/lib/kolla/venv/lib/python3.9/site-packages/ironic/conductor/base_manager.py:82
2023-02-13 21:43:46.794 6 DEBUG ironic.conductor.base_manager [None req-d7fd282c-16b4-4e14-a0aa-a018b7900044 - - - - - -] Removing stale locks from the database matching this conductor's hostname: host-169-16-1-142 prepare_host /var/lib/kolla/venv/lib/python3.9/site-packages/ironic/conductor/base_manager.py:84
2023-02-13 21:43:46.829 6 DEBUG oslo_db.sqlalchemy.engines [None req-d7fd282c-16b4-4e14-a0aa-a018b7900044 - - - - - -] MySQL server mode set to STRICT_TRANS_TABLES,STRICT_ALL_TABLES,NO_ZERO_IN_DATE,NO_ZERO_DATE,ERROR_FOR_DIVISION_BY_ZERO,TRADITIONAL,NO_AUTO_CREATE_USER,NO_ENGINE_SUBSTITUTION _check_effective_sql_mode /var/lib/kolla/venv/lib/python3.9/site-packages/oslo_db/sqlalchemy/engines.py:326
2023-02-13 21:43:47.278 6 ERROR oslo_service.service [None req-d7fd282c-16b4-4e14-a0aa-a018b7900044 - - - - - -] Error starting thread.: ironic.common.exception.DriverLoadError: Driver, hardware type or interface ilo could not be loaded. Reason: invalid syntax (node.py, line 2071).
2023-02-13 21:43:47.278 6 ERROR oslo_service.service Traceback (most recent call last):
2023-02-13 21:43:47.278 6 ERROR oslo_service.service   File "/var/lib/kolla/venv/lib/python3.9/site-packages/stevedore/extension.py", line 229, in _load_plugins
2023-02-13 21:43:47.278 6 ERROR oslo_service.service     ext = self._load_one_plugin(ep,
2023-02-13 21:43:47.278 6 ERROR oslo_service.service   File "/var/lib/kolla/venv/lib/python3.9/site-packages/stevedore/named.py", line 156, in _load_one_plugin
2023-02-13 21:43:47.278 6 ERROR oslo_service.service     return super(NamedExtensionManager, self)._load_one_plugin(
2023-02-13 21:43:47.278 6 ERROR oslo_service.service   File "/var/lib/kolla/venv/lib/python3.9/site-packages/stevedore/extension.py", line 263, in _load_one_plugin
2023-02-13 21:43:47.278 6 ERROR oslo_service.service     plugin = ep.load()
2023-02-13 21:43:47.278 6 ERROR oslo_service.service   File "/usr/lib64/python3.9/importlib/metadata.py", line 86, in load
2023-02-13 21:43:47.278 6 ERROR oslo_service.service     module = import_module(match.group('module'))
2023-02-13 21:43:47.278 6 ERROR oslo_service.service   File "/usr/lib64/python3.9/importlib/__init__.py", line 127, in import_module
2023-02-13 21:43:47.278 6 ERROR oslo_service.service     return _bootstrap._gcd_import(name[level:], package, level)
2023-02-13 21:43:47.278 6 ERROR oslo_service.service   File "<frozen importlib._bootstrap>", line 1030, in _gcd_import
2023-02-13 21:43:47.278 6 ERROR oslo_service.service   File "<frozen importlib._bootstrap>", line 1007, in _find_and_load
2023-02-13 21:43:47.278 6 ERROR oslo_service.service   File "<frozen importlib._bootstrap>", line 986, in _find_and_load_unlocked
2023-02-13 21:43:47.278 6 ERROR oslo_service.service   File "<frozen importlib._bootstrap>", line 680, in _load_unlocked
2023-02-13 21:43:47.278 6 ERROR oslo_service.service   File "<frozen importlib._bootstrap_external>", line 850, in exec_module
2023-02-13 21:43:47.278 6 ERROR oslo_service.service   File "<frozen importlib._bootstrap>", line 228, in _call_with_frames_removed
2023-02-13 21:43:47.278 6 ERROR oslo_service.service   File "/var/lib/kolla/venv/lib/python3.9/site-packages/ironic/drivers/ilo.py", line 19, in <module>
2023-02-13 21:43:47.278 6 ERROR oslo_service.service     from ironic.drivers import generic
2023-02-13 21:43:47.278 6 ERROR oslo_service.service   File "/var/lib/kolla/venv/lib/python3.9/site-packages/ironic/drivers/generic.py", line 26, in <module>
2023-02-13 21:43:47.278 6 ERROR oslo_service.service     from ironic.drivers.modules.network import flat as flat_net
2023-02-13 21:43:47.278 6 ERROR oslo_service.service   File "/var/lib/kolla/venv/lib/python3.9/site-packages/ironic/drivers/modules/network/flat.py", line 23, in <module>
2023-02-13 21:43:47.278 6 ERROR oslo_service.service     from ironic.common import neutron
2023-02-13 21:43:47.278 6 ERROR oslo_service.service   File "/var/lib/kolla/venv/lib/python3.9/site-packages/ironic/common/neutron.py", line 22, in <module>
2023-02-13 21:43:47.278 6 ERROR oslo_service.service     from ironic.api.controllers.v1 import utils as api_utils
2023-02-13 21:43:47.278 6 ERROR oslo_service.service   File "/var/lib/kolla/venv/lib/python3.9/site-packages/ironic/api/controllers/v1/__init__.py", line 30, in <module>
2023-02-13 21:43:47.278 6 ERROR oslo_service.service     from ironic.api.controllers.v1 import chassis
2023-02-13 21:43:47.278 6 ERROR oslo_service.service   File "/var/lib/kolla/venv/lib/python3.9/site-packages/ironic/api/controllers/v1/chassis.py", line 25, in <module>
2023-02-13 21:43:47.278 6 ERROR oslo_service.service     from ironic.api.controllers.v1 import node
2023-02-13 21:43:47.278 6 ERROR oslo_service.service   File "/var/lib/kolla/venv/lib/python3.9/site-packages/ironic/api/controllers/v1/node.py", line 2071
2023-02-13 21:43:47.278 6 ERROR oslo_service.service     <<<<<<< HEAD
2023-02-13 21:43:47.278 6 ERROR oslo_service.service     ^
2023-02-13 21:43:47.278 6 ERROR oslo_service.service SyntaxError: invalid syntax
2023-02-13 21:43:47.278 6 ERROR oslo_service.service 
2023-02-13 21:43:47.278 6 ERROR oslo_service.service During handling of the above exception, another exception occurred:
2023-02-13 21:43:47.278 6 ERROR oslo_service.service 
2023-02-13 21:43:47.278 6 ERROR oslo_service.service Traceback (most recent call last):
2023-02-13 21:43:47.278 6 ERROR oslo_service.service   File "/var/lib/kolla/venv/lib/python3.9/site-packages/oslo_service/service.py", line 806, in run_service
2023-02-13 21:43:47.278 6 ERROR oslo_service.service     service.start()
2023-02-13 21:43:47.278 6 ERROR oslo_service.service   File "/var/lib/kolla/venv/lib/python3.9/site-packages/ironic/common/rpc_service.py", line 62, in start
2023-02-13 21:43:47.278 6 ERROR oslo_service.service     self._real_start()
2023-02-13 21:43:47.278 6 ERROR oslo_service.service   File "/var/lib/kolla/venv/lib/python3.9/site-packages/ironic/common/rpc_service.py", line 87, in _real_start
2023-02-13 21:43:47.278 6 ERROR oslo_service.service     self.manager.init_host(admin_context)
2023-02-13 21:43:47.278 6 ERROR oslo_service.service   File "/var/lib/kolla/venv/lib/python3.9/site-packages/ironic/conductor/base_manager.py", line 136, in init_host
2023-02-13 21:43:47.278 6 ERROR oslo_service.service     hardware_types = driver_factory.hardware_types()
2023-02-13 21:43:47.278 6 ERROR oslo_service.service   File "/var/lib/kolla/venv/lib/python3.9/site-packages/ironic/common/driver_factory.py", line 266, in hardware_types
2023-02-13 21:43:47.278 6 ERROR oslo_service.service     return _get_all_drivers(HardwareTypesFactory())
2023-02-13 21:43:47.278 6 ERROR oslo_service.service   File "/var/lib/kolla/venv/lib/python3.9/site-packages/ironic/common/driver_factory.py", line 336, in __init__
2023-02-13 21:43:47.278 6 ERROR oslo_service.service     self.__class__._init_extension_manager()
2023-02-13 21:43:47.278 6 ERROR oslo_service.service   File "/var/lib/kolla/venv/lib/python3.9/site-packages/ironic/common/driver_factory.py", line 407, in _init_extension_manager
2023-02-13 21:43:47.278 6 ERROR oslo_service.service     stevedore.NamedExtensionManager(
2023-02-13 21:43:47.278 6 ERROR oslo_service.service   File "/var/lib/kolla/venv/lib/python3.9/site-packages/stevedore/named.py", line 78, in __init__
2023-02-13 21:43:47.278 6 ERROR oslo_service.service     extensions = self._load_plugins(invoke_on_load,
2023-02-13 21:43:47.278 6 ERROR oslo_service.service   File "/var/lib/kolla/venv/lib/python3.9/site-packages/stevedore/extension.py", line 241, in _load_plugins
2023-02-13 21:43:47.278 6 ERROR oslo_service.service     self._on_load_failure_callback(self, ep, err)
2023-02-13 21:43:47.278 6 ERROR oslo_service.service   File "/var/lib/kolla/venv/lib/python3.9/site-packages/ironic/common/driver_factory.py", line 358, in _catch_driver_not_found
2023-02-13 21:43:47.278 6 ERROR oslo_service.service     raise exception.DriverLoadError(driver=ep.name, reason=exc)
2023-02-13 21:43:47.278 6 ERROR oslo_service.service ironic.common.exception.DriverLoadError: Driver, hardware type or interface ilo could not be loaded. Reason: invalid syntax (node.py, line 2071).
2023-02-13 21:43:47.278 6 ERROR oslo_service.service 
2023-02-13 21:43:54.361 7 DEBUG oslo_db.api [-] Loading backend 'sqlalchemy' from 'ironic.db.sqlalchemy.api' _load_backend /var/lib/kolla/venv/lib/python3.9/site-packages/oslo_db/api.py:259
2023-02-13 21:43:56.016 7 DEBUG oslo_concurrency.lockutils [-] Acquiring lock "singleton_lock" lock /var/lib/kolla/venv/lib/python3.9/site-packages/oslo_concurrency/lockutils.py:312
2023-02-13 21:43:56.018 7 DEBUG oslo_concurrency.lockutils [-] Acquired lock "singleton_lock" lock /var/lib/kolla/venv/lib/python3.9/site-packages/oslo_concurrency/lockutils.py:315
2023-02-13 21:43:56.019 7 DEBUG oslo_concurrency.lockutils [-] Releasing lock "singleton_lock" lock /var/lib/kolla/venv/lib/python3.9/site-packages/oslo_concurrency/lockutils.py:333
2023-02-13 21:43:56.020 7 DEBUG ironic.conductor.base_manager [None req-2e6269ae-1640-495d-a806-178b417ca7ac - - - - - -] Initializing database client for host-169-16-1-142. prepare_host /var/lib/kolla/venv/lib/python3.9/site-packages/ironic/conductor/base_manager.py:82
2023-02-13 21:43:56.020 7 DEBUG ironic.conductor.base_manager [None req-2e6269ae-1640-495d-a806-178b417ca7ac - - - - - -] Removing stale locks from the database matching this conductor's hostname: host-169-16-1-142 prepare_host /var/lib/kolla/venv/lib/python3.9/site-packages/ironic/conductor/base_manager.py:84
2023-02-13 21:43:56.074 7 DEBUG oslo_db.sqlalchemy.engines [None req-2e6269ae-1640-495d-a806-178b417ca7ac - - - - - -] MySQL server mode set to STRICT_TRANS_TABLES,STRICT_ALL_TABLES,NO_ZERO_IN_DATE,NO_ZERO_DATE,ERROR_FOR_DIVISION_BY_ZERO,TRADITIONAL,NO_AUTO_CREATE_USER,NO_ENGINE_SUBSTITUTION _check_effective_sql_mode /var/lib/kolla/venv/lib/python3.9/site-packages/oslo_db/sqlalchemy/engines.py:326
2023-02-13 21:43:56.512 7 ERROR oslo_service.service [None req-2e6269ae-1640-495d-a806-178b417ca7ac - - - - - -] Error starting thread.: ironic.common.exception.DriverLoadError: Driver, hardware type or interface ilo could not be loaded. Reason: invalid syntax (node.py, line 2071).
2023-02-13 21:43:56.512 7 ERROR oslo_service.service Traceback (most recent call last):
2023-02-13 21:43:56.512 7 ERROR oslo_service.service   File "/var/lib/kolla/venv/lib/python3.9/site-packages/stevedore/extension.py", line 229, in _load_plugins
2023-02-13 21:43:56.512 7 ERROR oslo_service.service     ext = self._load_one_plugin(ep,
2023-02-13 21:43:56.512 7 ERROR oslo_service.service   File "/var/lib/kolla/venv/lib/python3.9/site-packages/stevedore/named.py", line 156, in _load_one_plugin
2023-02-13 21:43:56.512 7 ERROR oslo_service.service     return super(NamedExtensionManager, self)._load_one_plugin(
2023-02-13 21:43:56.512 7 ERROR oslo_service.service   File "/var/lib/kolla/venv/lib/python3.9/site-packages/stevedore/extension.py", line 263, in _load_one_plugin
2023-02-13 21:43:56.512 7 ERROR oslo_service.service     plugin = ep.load()
2023-02-13 21:43:56.512 7 ERROR oslo_service.service   File "/usr/lib64/python3.9/importlib/metadata.py", line 86, in load
2023-02-13 21:43:56.512 7 ERROR oslo_service.service     module = import_module(match.group('module'))
2023-02-13 21:43:56.512 7 ERROR oslo_service.service   File "/usr/lib64/python3.9/importlib/__init__.py", line 127, in import_module
2023-02-13 21:43:56.512 7 ERROR oslo_service.service     return _bootstrap._gcd_import(name[level:], package, level)
2023-02-13 21:43:56.512 7 ERROR oslo_service.service   File "<frozen importlib._bootstrap>", line 1030, in _gcd_import
2023-02-13 21:43:56.512 7 ERROR oslo_service.service   File "<frozen importlib._bootstrap>", line 1007, in _find_and_load
2023-02-13 21:43:56.512 7 ERROR oslo_service.service   File "<frozen importlib._bootstrap>", line 986, in _find_and_load_unlocked
2023-02-13 21:43:56.512 7 ERROR oslo_service.service   File "<frozen importlib._bootstrap>", line 680, in _load_unlocked
2023-02-13 21:43:56.512 7 ERROR oslo_service.service   File "<frozen importlib._bootstrap_external>", line 850, in exec_module
2023-02-13 21:43:56.512 7 ERROR oslo_service.service   File "<frozen importlib._bootstrap>", line 228, in _call_with_frames_removed
2023-02-13 21:43:56.512 7 ERROR oslo_service.service   File "/var/lib/kolla/venv/lib/python3.9/site-packages/ironic/drivers/ilo.py", line 19, in <module>
2023-02-13 21:43:56.512 7 ERROR oslo_service.service     from ironic.drivers import generic
2023-02-13 21:43:56.512 7 ERROR oslo_service.service   File "/var/lib/kolla/venv/lib/python3.9/site-packages/ironic/drivers/generic.py", line 26, in <module>
2023-02-13 21:43:56.512 7 ERROR oslo_service.service     from ironic.drivers.modules.network import flat as flat_net
2023-02-13 21:43:56.512 7 ERROR oslo_service.service   File "/var/lib/kolla/venv/lib/python3.9/site-packages/ironic/drivers/modules/network/flat.py", line 23, in <module>
2023-02-13 21:43:56.512 7 ERROR oslo_service.service     from ironic.common import neutron
2023-02-13 21:43:56.512 7 ERROR oslo_service.service   File "/var/lib/kolla/venv/lib/python3.9/site-packages/ironic/common/neutron.py", line 22, in <module>
2023-02-13 21:43:56.512 7 ERROR oslo_service.service     from ironic.api.controllers.v1 import utils as api_utils
2023-02-13 21:43:56.512 7 ERROR oslo_service.service   File "/var/lib/kolla/venv/lib/python3.9/site-packages/ironic/api/controllers/v1/__init__.py", line 30, in <module>
2023-02-13 21:43:56.512 7 ERROR oslo_service.service     from ironic.api.controllers.v1 import chassis
2023-02-13 21:43:56.512 7 ERROR oslo_service.service   File "/var/lib/kolla/venv/lib/python3.9/site-packages/ironic/api/controllers/v1/chassis.py", line 25, in <module>
2023-02-13 21:43:56.512 7 ERROR oslo_service.service     from ironic.api.controllers.v1 import node
2023-02-13 21:43:56.512 7 ERROR oslo_service.service   File "/var/lib/kolla/venv/lib/python3.9/site-packages/ironic/api/controllers/v1/node.py", line 2071
2023-02-13 21:43:56.512 7 ERROR oslo_service.service     <<<<<<< HEAD
2023-02-13 21:43:56.512 7 ERROR oslo_service.service     ^
2023-02-13 21:43:56.512 7 ERROR oslo_service.service SyntaxError: invalid syntax
2023-02-13 21:43:56.512 7 ERROR oslo_service.service 
2023-02-13 21:43:56.512 7 ERROR oslo_service.service During handling of the above exception, another exception occurred:
2023-02-13 21:43:56.512 7 ERROR oslo_service.service 
2023-02-13 21:43:56.512 7 ERROR oslo_service.service Traceback (most recent call last):
2023-02-13 21:43:56.512 7 ERROR oslo_service.service   File "/var/lib/kolla/venv/lib/python3.9/site-packages/oslo_service/service.py", line 806, in run_service
2023-02-13 21:43:56.512 7 ERROR oslo_service.service     service.start()
2023-02-13 21:43:56.512 7 ERROR oslo_service.service   File "/var/lib/kolla/venv/lib/python3.9/site-packages/ironic/common/rpc_service.py", line 62, in start
2023-02-13 21:43:56.512 7 ERROR oslo_service.service     self._real_start()
2023-02-13 21:43:56.512 7 ERROR oslo_service.service   File "/var/lib/kolla/venv/lib/python3.9/site-packages/ironic/common/rpc_service.py", line 87, in _real_start
2023-02-13 21:43:56.512 7 ERROR oslo_service.service     self.manager.init_host(admin_context)
2023-02-13 21:43:56.512 7 ERROR oslo_service.service   File "/var/lib/kolla/venv/lib/python3.9/site-packages/ironic/conductor/base_manager.py", line 136, in init_host
2023-02-13 21:43:56.512 7 ERROR oslo_service.service     hardware_types = driver_factory.hardware_types()
2023-02-13 21:43:56.512 7 ERROR oslo_service.service   File "/var/lib/kolla/venv/lib/python3.9/site-packages/ironic/common/driver_factory.py", line 266, in hardware_types
2023-02-13 21:43:56.512 7 ERROR oslo_service.service     return _get_all_drivers(HardwareTypesFactory())
2023-02-13 21:43:56.512 7 ERROR oslo_service.service   File "/var/lib/kolla/venv/lib/python3.9/site-packages/ironic/common/driver_factory.py", line 336, in __init__
2023-02-13 21:43:56.512 7 ERROR oslo_service.service     self.__class__._init_extension_manager()
2023-02-13 21:43:56.512 7 ERROR oslo_service.service   File "/var/lib/kolla/venv/lib/python3.9/site-packages/ironic/common/driver_factory.py", line 407, in _init_extension_manager
2023-02-13 21:43:56.512 7 ERROR oslo_service.service     stevedore.NamedExtensionManager(
2023-02-13 21:43:56.512 7 ERROR oslo_service.service   File "/var/lib/kolla/venv/lib/python3.9/site-packages/stevedore/named.py", line 78, in __init__
2023-02-13 21:43:56.512 7 ERROR oslo_service.service     extensions = self._load_plugins(invoke_on_load,
2023-02-13 21:43:56.512 7 ERROR oslo_service.service   File "/var/lib/kolla/venv/lib/python3.9/site-packages/stevedore/extension.py", line 241, in _load_plugins
2023-02-13 21:43:56.512 7 ERROR oslo_service.service     self._on_load_failure_callback(self, ep, err)
2023-02-13 21:43:56.512 7 ERROR oslo_service.service   File "/var/lib/kolla/venv/lib/python3.9/site-packages/ironic/common/driver_factory.py", line 358, in _catch_driver_not_found
2023-02-13 21:43:56.512 7 ERROR oslo_service.service     raise exception.DriverLoadError(driver=ep.name, reason=exc)
2023-02-13 21:43:56.512 7 ERROR oslo_service.service ironic.common.exception.DriverLoadError: Driver, hardware type or interface ilo could not be loaded. Reason: invalid syntax (node.py, line 2071).
2023-02-13 21:43:56.512 7 ERROR oslo_service.service 
2023-02-13 21:44:06.717 6 DEBUG oslo_db.api [-] Loading backend 'sqlalchemy' from 'ironic.db.sqlalchemy.api' _load_backend /var/lib/kolla/venv/lib/python3.9/site-packages/oslo_db/api.py:259
2023-02-13 21:44:08.241 6 DEBUG oslo_concurrency.lockutils [-] Acquiring lock "singleton_lock" lock /var/lib/kolla/venv/lib/python3.9/site-packages/oslo_concurrency/lockutils.py:312
2023-02-13 21:44:08.242 6 DEBUG oslo_concurrency.lockutils [-] Acquired lock "singleton_lock" lock /var/lib/kolla/venv/lib/python3.9/site-packages/oslo_concurrency/lockutils.py:315
2023-02-13 21:44:08.243 6 DEBUG oslo_concurrency.lockutils [-] Releasing lock "singleton_lock" lock /var/lib/kolla/venv/lib/python3.9/site-packages/oslo_concurrency/lockutils.py:333
2023-02-13 21:44:08.244 6 DEBUG ironic.conductor.base_manager [None req-b6ecdc6d-fd1d-476c-81cc-f8c40fc7ef0b - - - - - -] Initializing database client for host-169-16-1-142. prepare_host /var/lib/kolla/venv/lib/python3.9/site-packages/ironic/conductor/base_manager.py:82
2023-02-13 21:44:08.245 6 DEBUG ironic.conductor.base_manager [None req-b6ecdc6d-fd1d-476c-81cc-f8c40fc7ef0b - - - - - -] Removing stale locks from the database matching this conductor's hostname: host-169-16-1-142 prepare_host /var/lib/kolla/venv/lib/python3.9/site-packages/ironic/conductor/base_manager.py:84
2023-02-13 21:44:08.278 6 DEBUG oslo_db.sqlalchemy.engines [None req-b6ecdc6d-fd1d-476c-81cc-f8c40fc7ef0b - - - - - -] MySQL server mode set to STRICT_TRANS_TABLES,STRICT_ALL_TABLES,NO_ZERO_IN_DATE,NO_ZERO_DATE,ERROR_FOR_DIVISION_BY_ZERO,TRADITIONAL,NO_AUTO_CREATE_USER,NO_ENGINE_SUBSTITUTION _check_effective_sql_mode /var/lib/kolla/venv/lib/python3.9/site-packages/oslo_db/sqlalchemy/engines.py:326
2023-02-13 21:44:08.667 6 ERROR oslo_service.service [None req-b6ecdc6d-fd1d-476c-81cc-f8c40fc7ef0b - - - - - -] Error starting thread.: ironic.common.exception.DriverLoadError: Driver, hardware type or interface ilo could not be loaded. Reason: invalid syntax (node.py, line 2071).
2023-02-13 21:44:08.667 6 ERROR oslo_service.service Traceback (most recent call last):
2023-02-13 21:44:08.667 6 ERROR oslo_service.service   File "/var/lib/kolla/venv/lib/python3.9/site-packages/stevedore/extension.py", line 229, in _load_plugins
2023-02-13 21:44:08.667 6 ERROR oslo_service.service     ext = self._load_one_plugin(ep,
2023-02-13 21:44:08.667 6 ERROR oslo_service.service   File "/var/lib/kolla/venv/lib/python3.9/site-packages/stevedore/named.py", line 156, in _load_one_plugin
2023-02-13 21:44:08.667 6 ERROR oslo_service.service     return super(NamedExtensionManager, self)._load_one_plugin(
2023-02-13 21:44:08.667 6 ERROR oslo_service.service   File "/var/lib/kolla/venv/lib/python3.9/site-packages/stevedore/extension.py", line 263, in _load_one_plugin
2023-02-13 21:44:08.667 6 ERROR oslo_service.service     plugin = ep.load()
2023-02-13 21:44:08.667 6 ERROR oslo_service.service   File "/usr/lib64/python3.9/importlib/metadata.py", line 86, in load
2023-02-13 21:44:08.667 6 ERROR oslo_service.service     module = import_module(match.group('module'))
2023-02-13 21:44:08.667 6 ERROR oslo_service.service   File "/usr/lib64/python3.9/importlib/__init__.py", line 127, in import_module
2023-02-13 21:44:08.667 6 ERROR oslo_service.service     return _bootstrap._gcd_import(name[level:], package, level)
2023-02-13 21:44:08.667 6 ERROR oslo_service.service   File "<frozen importlib._bootstrap>", line 1030, in _gcd_import
2023-02-13 21:44:08.667 6 ERROR oslo_service.service   File "<frozen importlib._bootstrap>", line 1007, in _find_and_load
2023-02-13 21:44:08.667 6 ERROR oslo_service.service   File "<frozen importlib._bootstrap>", line 986, in _find_and_load_unlocked
2023-02-13 21:44:08.667 6 ERROR oslo_service.service   File "<frozen importlib._bootstrap>", line 680, in _load_unlocked
2023-02-13 21:44:08.667 6 ERROR oslo_service.service   File "<frozen importlib._bootstrap_external>", line 850, in exec_module
2023-02-13 21:44:08.667 6 ERROR oslo_service.service   File "<frozen importlib._bootstrap>", line 228, in _call_with_frames_removed
2023-02-13 21:44:08.667 6 ERROR oslo_service.service   File "/var/lib/kolla/venv/lib/python3.9/site-packages/ironic/drivers/ilo.py", line 19, in <module>
2023-02-13 21:44:08.667 6 ERROR oslo_service.service     from ironic.drivers import generic
2023-02-13 21:44:08.667 6 ERROR oslo_service.service   File "/var/lib/kolla/venv/lib/python3.9/site-packages/ironic/drivers/generic.py", line 26, in <module>
2023-02-13 21:44:08.667 6 ERROR oslo_service.service     from ironic.drivers.modules.network import flat as flat_net
2023-02-13 21:44:08.667 6 ERROR oslo_service.service   File "/var/lib/kolla/venv/lib/python3.9/site-packages/ironic/drivers/modules/network/flat.py", line 23, in <module>
2023-02-13 21:44:08.667 6 ERROR oslo_service.service     from ironic.common import neutron
2023-02-13 21:44:08.667 6 ERROR oslo_service.service   File "/var/lib/kolla/venv/lib/python3.9/site-packages/ironic/common/neutron.py", line 22, in <module>
2023-02-13 21:44:08.667 6 ERROR oslo_service.service     from ironic.api.controllers.v1 import utils as api_utils
2023-02-13 21:44:08.667 6 ERROR oslo_service.service   File "/var/lib/kolla/venv/lib/python3.9/site-packages/ironic/api/controllers/v1/__init__.py", line 30, in <module>
2023-02-13 21:44:08.667 6 ERROR oslo_service.service     from ironic.api.controllers.v1 import chassis
2023-02-13 21:44:08.667 6 ERROR oslo_service.service   File "/var/lib/kolla/venv/lib/python3.9/site-packages/ironic/api/controllers/v1/chassis.py", line 25, in <module>
2023-02-13 21:44:08.667 6 ERROR oslo_service.service     from ironic.api.controllers.v1 import node
2023-02-13 21:44:08.667 6 ERROR oslo_service.service   File "/var/lib/kolla/venv/lib/python3.9/site-packages/ironic/api/controllers/v1/node.py", line 2071
2023-02-13 21:44:08.667 6 ERROR oslo_service.service     <<<<<<< HEAD
2023-02-13 21:44:08.667 6 ERROR oslo_service.service     ^
2023-02-13 21:44:08.667 6 ERROR oslo_service.service SyntaxError: invalid syntax
2023-02-13 21:44:08.667 6 ERROR oslo_service.service 
2023-02-13 21:44:08.667 6 ERROR oslo_service.service During handling of the above exception, another exception occurred:
2023-02-13 21:44:08.667 6 ERROR oslo_service.service 
2023-02-13 21:44:08.667 6 ERROR oslo_service.service Traceback (most recent call last):
2023-02-13 21:44:08.667 6 ERROR oslo_service.service   File "/var/lib/kolla/venv/lib/python3.9/site-packages/oslo_service/service.py", line 806, in run_service
2023-02-13 21:44:08.667 6 ERROR oslo_service.service     service.start()
2023-02-13 21:44:08.667 6 ERROR oslo_service.service   File "/var/lib/kolla/venv/lib/python3.9/site-packages/ironic/common/rpc_service.py", line 62, in start
2023-02-13 21:44:08.667 6 ERROR oslo_service.service     self._real_start()
2023-02-13 21:44:08.667 6 ERROR oslo_service.service   File "/var/lib/kolla/venv/lib/python3.9/site-packages/ironic/common/rpc_service.py", line 87, in _real_start
2023-02-13 21:44:08.667 6 ERROR oslo_service.service     self.manager.init_host(admin_context)
2023-02-13 21:44:08.667 6 ERROR oslo_service.service   File "/var/lib/kolla/venv/lib/python3.9/site-packages/ironic/conductor/base_manager.py", line 136, in init_host
2023-02-13 21:44:08.667 6 ERROR oslo_service.service     hardware_types = driver_factory.hardware_types()
2023-02-13 21:44:08.667 6 ERROR oslo_service.service   File "/var/lib/kolla/venv/lib/python3.9/site-packages/ironic/common/driver_factory.py", line 266, in hardware_types
2023-02-13 21:44:08.667 6 ERROR oslo_service.service     return _get_all_drivers(HardwareTypesFactory())
2023-02-13 21:44:08.667 6 ERROR oslo_service.service   File "/var/lib/kolla/venv/lib/python3.9/site-packages/ironic/common/driver_factory.py", line 336, in __init__
2023-02-13 21:44:08.667 6 ERROR oslo_service.service     self.__class__._init_extension_manager()
2023-02-13 21:44:08.667 6 ERROR oslo_service.service   File "/var/lib/kolla/venv/lib/python3.9/site-packages/ironic/common/driver_factory.py", line 407, in _init_extension_manager
2023-02-13 21:44:08.667 6 ERROR oslo_service.service     stevedore.NamedExtensionManager(
2023-02-13 21:44:08.667 6 ERROR oslo_service.service   File "/var/lib/kolla/venv/lib/python3.9/site-packages/stevedore/named.py", line 78, in __init__
2023-02-13 21:44:08.667 6 ERROR oslo_service.service     extensions = self._load_plugins(invoke_on_load,
2023-02-13 21:44:08.667 6 ERROR oslo_service.service   File "/var/lib/kolla/venv/lib/python3.9/site-packages/stevedore/extension.py", line 241, in _load_plugins
2023-02-13 21:44:08.667 6 ERROR oslo_service.service     self._on_load_failure_callback(self, ep, err)
2023-02-13 21:44:08.667 6 ERROR oslo_service.service   File "/var/lib/kolla/venv/lib/python3.9/site-packages/ironic/common/driver_factory.py", line 358, in _catch_driver_not_found
2023-02-13 21:44:08.667 6 ERROR oslo_service.service     raise exception.DriverLoadError(driver=ep.name, reason=exc)
2023-02-13 21:44:08.667 6 ERROR oslo_service.service ironic.common.exception.DriverLoadError: Driver, hardware type or interface ilo could not be loaded. Reason: invalid syntax (node.py, line 2071).
2023-02-13 21:44:08.667 6 ERROR oslo_service.service 
2023-02-13 21:44:26.968 6 DEBUG oslo_db.api [-] Loading backend 'sqlalchemy' from 'ironic.db.sqlalchemy.api' _load_backend /var/lib/kolla/venv/lib/python3.9/site-packages/oslo_db/api.py:259
2023-02-13 21:44:28.861 6 DEBUG oslo_concurrency.lockutils [-] Acquiring lock "singleton_lock" lock /var/lib/kolla/venv/lib/python3.9/site-packages/oslo_concurrency/lockutils.py:312
2023-02-13 21:44:28.864 6 DEBUG oslo_concurrency.lockutils [-] Acquired lock "singleton_lock" lock /var/lib/kolla/venv/lib/python3.9/site-packages/oslo_concurrency/lockutils.py:315
2023-02-13 21:44:28.865 6 DEBUG oslo_concurrency.lockutils [-] Releasing lock "singleton_lock" lock /var/lib/kolla/venv/lib/python3.9/site-packages/oslo_concurrency/lockutils.py:333
2023-02-13 21:44:28.866 6 DEBUG ironic.conductor.base_manager [None req-6470ff1f-7478-4a48-8691-c37a537a80d0 - - - - - -] Initializing database client for host-169-16-1-142. prepare_host /var/lib/kolla/venv/lib/python3.9/site-packages/ironic/conductor/base_manager.py:82
2023-02-13 21:44:28.867 6 DEBUG ironic.conductor.base_manager [None req-6470ff1f-7478-4a48-8691-c37a537a80d0 - - - - - -] Removing stale locks from the database matching this conductor's hostname: host-169-16-1-142 prepare_host /var/lib/kolla/venv/lib/python3.9/site-packages/ironic/conductor/base_manager.py:84
2023-02-13 21:44:28.916 6 DEBUG oslo_db.sqlalchemy.engines [None req-6470ff1f-7478-4a48-8691-c37a537a80d0 - - - - - -] MySQL server mode set to STRICT_TRANS_TABLES,STRICT_ALL_TABLES,NO_ZERO_IN_DATE,NO_ZERO_DATE,ERROR_FOR_DIVISION_BY_ZERO,TRADITIONAL,NO_AUTO_CREATE_USER,NO_ENGINE_SUBSTITUTION _check_effective_sql_mode /var/lib/kolla/venv/lib/python3.9/site-packages/oslo_db/sqlalchemy/engines.py:326
2023-02-13 21:44:29.316 6 ERROR oslo_service.service [None req-6470ff1f-7478-4a48-8691-c37a537a80d0 - - - - - -] Error starting thread.: ironic.common.exception.DriverLoadError: Driver, hardware type or interface ilo could not be loaded. Reason: invalid syntax (node.py, line 2071).
2023-02-13 21:44:29.316 6 ERROR oslo_service.service Traceback (most recent call last):
2023-02-13 21:44:29.316 6 ERROR oslo_service.service   File "/var/lib/kolla/venv/lib/python3.9/site-packages/stevedore/extension.py", line 229, in _load_plugins
2023-02-13 21:44:29.316 6 ERROR oslo_service.service     ext = self._load_one_plugin(ep,
2023-02-13 21:44:29.316 6 ERROR oslo_service.service   File "/var/lib/kolla/venv/lib/python3.9/site-packages/stevedore/named.py", line 156, in _load_one_plugin
2023-02-13 21:44:29.316 6 ERROR oslo_service.service     return super(NamedExtensionManager, self)._load_one_plugin(
2023-02-13 21:44:29.316 6 ERROR oslo_service.service   File "/var/lib/kolla/venv/lib/python3.9/site-packages/stevedore/extension.py", line 263, in _load_one_plugin
2023-02-13 21:44:29.316 6 ERROR oslo_service.service     plugin = ep.load()
2023-02-13 21:44:29.316 6 ERROR oslo_service.service   File "/usr/lib64/python3.9/importlib/metadata.py", line 86, in load
2023-02-13 21:44:29.316 6 ERROR oslo_service.service     module = import_module(match.group('module'))
2023-02-13 21:44:29.316 6 ERROR oslo_service.service   File "/usr/lib64/python3.9/importlib/__init__.py", line 127, in import_module
2023-02-13 21:44:29.316 6 ERROR oslo_service.service     return _bootstrap._gcd_import(name[level:], package, level)
2023-02-13 21:44:29.316 6 ERROR oslo_service.service   File "<frozen importlib._bootstrap>", line 1030, in _gcd_import
2023-02-13 21:44:29.316 6 ERROR oslo_service.service   File "<frozen importlib._bootstrap>", line 1007, in _find_and_load
2023-02-13 21:44:29.316 6 ERROR oslo_service.service   File "<frozen importlib._bootstrap>", line 986, in _find_and_load_unlocked
2023-02-13 21:44:29.316 6 ERROR oslo_service.service   File "<frozen importlib._bootstrap>", line 680, in _load_unlocked
2023-02-13 21:44:29.316 6 ERROR oslo_service.service   File "<frozen importlib._bootstrap_external>", line 850, in exec_module
2023-02-13 21:44:29.316 6 ERROR oslo_service.service   File "<frozen importlib._bootstrap>", line 228, in _call_with_frames_removed
2023-02-13 21:44:29.316 6 ERROR oslo_service.service   File "/var/lib/kolla/venv/lib/python3.9/site-packages/ironic/drivers/ilo.py", line 19, in <module>
2023-02-13 21:44:29.316 6 ERROR oslo_service.service     from ironic.drivers import generic
2023-02-13 21:44:29.316 6 ERROR oslo_service.service   File "/var/lib/kolla/venv/lib/python3.9/site-packages/ironic/drivers/generic.py", line 26, in <module>
2023-02-13 21:44:29.316 6 ERROR oslo_service.service     from ironic.drivers.modules.network import flat as flat_net
2023-02-13 21:44:29.316 6 ERROR oslo_service.service   File "/var/lib/kolla/venv/lib/python3.9/site-packages/ironic/drivers/modules/network/flat.py", line 23, in <module>
2023-02-13 21:44:29.316 6 ERROR oslo_service.service     from ironic.common import neutron
2023-02-13 21:44:29.316 6 ERROR oslo_service.service   File "/var/lib/kolla/venv/lib/python3.9/site-packages/ironic/common/neutron.py", line 22, in <module>
2023-02-13 21:44:29.316 6 ERROR oslo_service.service     from ironic.api.controllers.v1 import utils as api_utils
2023-02-13 21:44:29.316 6 ERROR oslo_service.service   File "/var/lib/kolla/venv/lib/python3.9/site-packages/ironic/api/controllers/v1/__init__.py", line 30, in <module>
2023-02-13 21:44:29.316 6 ERROR oslo_service.service     from ironic.api.controllers.v1 import chassis
2023-02-13 21:44:29.316 6 ERROR oslo_service.service   File "/var/lib/kolla/venv/lib/python3.9/site-packages/ironic/api/controllers/v1/chassis.py", line 25, in <module>
2023-02-13 21:44:29.316 6 ERROR oslo_service.service     from ironic.api.controllers.v1 import node
2023-02-13 21:44:29.316 6 ERROR oslo_service.service   File "/var/lib/kolla/venv/lib/python3.9/site-packages/ironic/api/controllers/v1/node.py", line 2071
2023-02-13 21:44:29.316 6 ERROR oslo_service.service     <<<<<<< HEAD
2023-02-13 21:44:29.316 6 ERROR oslo_service.service     ^
2023-02-13 21:44:29.316 6 ERROR oslo_service.service SyntaxError: invalid syntax
2023-02-13 21:44:29.316 6 ERROR oslo_service.service 
2023-02-13 21:44:29.316 6 ERROR oslo_service.service During handling of the above exception, another exception occurred:
2023-02-13 21:44:29.316 6 ERROR oslo_service.service 
2023-02-13 21:44:29.316 6 ERROR oslo_service.service Traceback (most recent call last):
2023-02-13 21:44:29.316 6 ERROR oslo_service.service   File "/var/lib/kolla/venv/lib/python3.9/site-packages/oslo_service/service.py", line 806, in run_service
2023-02-13 21:44:29.316 6 ERROR oslo_service.service     service.start()
2023-02-13 21:44:29.316 6 ERROR oslo_service.service   File "/var/lib/kolla/venv/lib/python3.9/site-packages/ironic/common/rpc_service.py", line 62, in start
2023-02-13 21:44:29.316 6 ERROR oslo_service.service     self._real_start()
2023-02-13 21:44:29.316 6 ERROR oslo_service.service   File "/var/lib/kolla/venv/lib/python3.9/site-packages/ironic/common/rpc_service.py", line 87, in _real_start
2023-02-13 21:44:29.316 6 ERROR oslo_service.service     self.manager.init_host(admin_context)
2023-02-13 21:44:29.316 6 ERROR oslo_service.service   File "/var/lib/kolla/venv/lib/python3.9/site-packages/ironic/conductor/base_manager.py", line 136, in init_host
2023-02-13 21:44:29.316 6 ERROR oslo_service.service     hardware_types = driver_factory.hardware_types()
2023-02-13 21:44:29.316 6 ERROR oslo_service.service   File "/var/lib/kolla/venv/lib/python3.9/site-packages/ironic/common/driver_factory.py", line 266, in hardware_types
2023-02-13 21:44:29.316 6 ERROR oslo_service.service     return _get_all_drivers(HardwareTypesFactory())
2023-02-13 21:44:29.316 6 ERROR oslo_service.service   File "/var/lib/kolla/venv/lib/python3.9/site-packages/ironic/common/driver_factory.py", line 336, in __init__
2023-02-13 21:44:29.316 6 ERROR oslo_service.service     self.__class__._init_extension_manager()
2023-02-13 21:44:29.316 6 ERROR oslo_service.service   File "/var/lib/kolla/venv/lib/python3.9/site-packages/ironic/common/driver_factory.py", line 407, in _init_extension_manager
2023-02-13 21:44:29.316 6 ERROR oslo_service.service     stevedore.NamedExtensionManager(
2023-02-13 21:44:29.316 6 ERROR oslo_service.service   File "/var/lib/kolla/venv/lib/python3.9/site-packages/stevedore/named.py", line 78, in __init__
2023-02-13 21:44:29.316 6 ERROR oslo_service.service     extensions = self._load_plugins(invoke_on_load,
2023-02-13 21:44:29.316 6 ERROR oslo_service.service   File "/var/lib/kolla/venv/lib/python3.9/site-packages/stevedore/extension.py", line 241, in _load_plugins
2023-02-13 21:44:29.316 6 ERROR oslo_service.service     self._on_load_failure_callback(self, ep, err)
2023-02-13 21:44:29.316 6 ERROR oslo_service.service   File "/var/lib/kolla/venv/lib/python3.9/site-packages/ironic/common/driver_factory.py", line 358, in _catch_driver_not_found
2023-02-13 21:44:29.316 6 ERROR oslo_service.service     raise exception.DriverLoadError(driver=ep.name, reason=exc)
2023-02-13 21:44:29.316 6 ERROR oslo_service.service ironic.common.exception.DriverLoadError: Driver, hardware type or interface ilo could not be loaded. Reason: invalid syntax (node.py, line 2071).
2023-02-13 21:44:29.316 6 ERROR oslo_service.service 
2023-02-13 21:45:00.424 7 DEBUG oslo_db.api [-] Loading backend 'sqlalchemy' from 'ironic.db.sqlalchemy.api' _load_backend /var/lib/kolla/venv/lib/python3.9/site-packages/oslo_db/api.py:259
2023-02-13 21:45:01.937 7 DEBUG oslo_concurrency.lockutils [-] Acquiring lock "singleton_lock" lock /var/lib/kolla/venv/lib/python3.9/site-packages/oslo_concurrency/lockutils.py:312
2023-02-13 21:45:01.939 7 DEBUG oslo_concurrency.lockutils [-] Acquired lock "singleton_lock" lock /var/lib/kolla/venv/lib/python3.9/site-packages/oslo_concurrency/lockutils.py:315
2023-02-13 21:45:01.940 7 DEBUG oslo_concurrency.lockutils [-] Releasing lock "singleton_lock" lock /var/lib/kolla/venv/lib/python3.9/site-packages/oslo_concurrency/lockutils.py:333
2023-02-13 21:45:01.941 7 DEBUG ironic.conductor.base_manager [None req-c59c0020-5184-4a9f-8f4a-de430353ba46 - - - - - -] Initializing database client for host-169-16-1-142. prepare_host /var/lib/kolla/venv/lib/python3.9/site-packages/ironic/conductor/base_manager.py:82
2023-02-13 21:45:01.941 7 DEBUG ironic.conductor.base_manager [None req-c59c0020-5184-4a9f-8f4a-de430353ba46 - - - - - -] Removing stale locks from the database matching this conductor's hostname: host-169-16-1-142 prepare_host /var/lib/kolla/venv/lib/python3.9/site-packages/ironic/conductor/base_manager.py:84
2023-02-13 21:45:01.977 7 DEBUG oslo_db.sqlalchemy.engines [None req-c59c0020-5184-4a9f-8f4a-de430353ba46 - - - - - -] MySQL server mode set to STRICT_TRANS_TABLES,STRICT_ALL_TABLES,NO_ZERO_IN_DATE,NO_ZERO_DATE,ERROR_FOR_DIVISION_BY_ZERO,TRADITIONAL,NO_AUTO_CREATE_USER,NO_ENGINE_SUBSTITUTION _check_effective_sql_mode /var/lib/kolla/venv/lib/python3.9/site-packages/oslo_db/sqlalchemy/engines.py:326
2023-02-13 21:45:02.364 7 ERROR oslo_service.service [None req-c59c0020-5184-4a9f-8f4a-de430353ba46 - - - - - -] Error starting thread.: ironic.common.exception.DriverLoadError: Driver, hardware type or interface ilo could not be loaded. Reason: invalid syntax (node.py, line 2071).
2023-02-13 21:45:02.364 7 ERROR oslo_service.service Traceback (most recent call last):
2023-02-13 21:45:02.364 7 ERROR oslo_service.service   File "/var/lib/kolla/venv/lib/python3.9/site-packages/stevedore/extension.py", line 229, in _load_plugins
2023-02-13 21:45:02.364 7 ERROR oslo_service.service     ext = self._load_one_plugin(ep,
2023-02-13 21:45:02.364 7 ERROR oslo_service.service   File "/var/lib/kolla/venv/lib/python3.9/site-packages/stevedore/named.py", line 156, in _load_one_plugin
2023-02-13 21:45:02.364 7 ERROR oslo_service.service     return super(NamedExtensionManager, self)._load_one_plugin(
2023-02-13 21:45:02.364 7 ERROR oslo_service.service   File "/var/lib/kolla/venv/lib/python3.9/site-packages/stevedore/extension.py", line 263, in _load_one_plugin
2023-02-13 21:45:02.364 7 ERROR oslo_service.service     plugin = ep.load()
2023-02-13 21:45:02.364 7 ERROR oslo_service.service   File "/usr/lib64/python3.9/importlib/metadata.py", line 86, in load
2023-02-13 21:45:02.364 7 ERROR oslo_service.service     module = import_module(match.group('module'))
2023-02-13 21:45:02.364 7 ERROR oslo_service.service   File "/usr/lib64/python3.9/importlib/__init__.py", line 127, in import_module
2023-02-13 21:45:02.364 7 ERROR oslo_service.service     return _bootstrap._gcd_import(name[level:], package, level)
2023-02-13 21:45:02.364 7 ERROR oslo_service.service   File "<frozen importlib._bootstrap>", line 1030, in _gcd_import
2023-02-13 21:45:02.364 7 ERROR oslo_service.service   File "<frozen importlib._bootstrap>", line 1007, in _find_and_load
2023-02-13 21:45:02.364 7 ERROR oslo_service.service   File "<frozen importlib._bootstrap>", line 986, in _find_and_load_unlocked
2023-02-13 21:45:02.364 7 ERROR oslo_service.service   File "<frozen importlib._bootstrap>", line 680, in _load_unlocked
2023-02-13 21:45:02.364 7 ERROR oslo_service.service   File "<frozen importlib._bootstrap_external>", line 850, in exec_module
2023-02-13 21:45:02.364 7 ERROR oslo_service.service   File "<frozen importlib._bootstrap>", line 228, in _call_with_frames_removed
2023-02-13 21:45:02.364 7 ERROR oslo_service.service   File "/var/lib/kolla/venv/lib/python3.9/site-packages/ironic/drivers/ilo.py", line 19, in <module>
2023-02-13 21:45:02.364 7 ERROR oslo_service.service     from ironic.drivers import generic
2023-02-13 21:45:02.364 7 ERROR oslo_service.service   File "/var/lib/kolla/venv/lib/python3.9/site-packages/ironic/drivers/generic.py", line 26, in <module>
2023-02-13 21:45:02.364 7 ERROR oslo_service.service     from ironic.drivers.modules.network import flat as flat_net
2023-02-13 21:45:02.364 7 ERROR oslo_service.service   File "/var/lib/kolla/venv/lib/python3.9/site-packages/ironic/drivers/modules/network/flat.py", line 23, in <module>
2023-02-13 21:45:02.364 7 ERROR oslo_service.service     from ironic.common import neutron
2023-02-13 21:45:02.364 7 ERROR oslo_service.service   File "/var/lib/kolla/venv/lib/python3.9/site-packages/ironic/common/neutron.py", line 22, in <module>
2023-02-13 21:45:02.364 7 ERROR oslo_service.service     from ironic.api.controllers.v1 import utils as api_utils
2023-02-13 21:45:02.364 7 ERROR oslo_service.service   File "/var/lib/kolla/venv/lib/python3.9/site-packages/ironic/api/controllers/v1/__init__.py", line 30, in <module>
2023-02-13 21:45:02.364 7 ERROR oslo_service.service     from ironic.api.controllers.v1 import chassis
2023-02-13 21:45:02.364 7 ERROR oslo_service.service   File "/var/lib/kolla/venv/lib/python3.9/site-packages/ironic/api/controllers/v1/chassis.py", line 25, in <module>
2023-02-13 21:45:02.364 7 ERROR oslo_service.service     from ironic.api.controllers.v1 import node
2023-02-13 21:45:02.364 7 ERROR oslo_service.service   File "/var/lib/kolla/venv/lib/python3.9/site-packages/ironic/api/controllers/v1/node.py", line 2071
2023-02-13 21:45:02.364 7 ERROR oslo_service.service     <<<<<<< HEAD
2023-02-13 21:45:02.364 7 ERROR oslo_service.service     ^
2023-02-13 21:45:02.364 7 ERROR oslo_service.service SyntaxError: invalid syntax
2023-02-13 21:45:02.364 7 ERROR oslo_service.service 
2023-02-13 21:45:02.364 7 ERROR oslo_service.service During handling of the above exception, another exception occurred:
2023-02-13 21:45:02.364 7 ERROR oslo_service.service 
2023-02-13 21:45:02.364 7 ERROR oslo_service.service Traceback (most recent call last):
2023-02-13 21:45:02.364 7 ERROR oslo_service.service   File "/var/lib/kolla/venv/lib/python3.9/site-packages/oslo_service/service.py", line 806, in run_service
2023-02-13 21:45:02.364 7 ERROR oslo_service.service     service.start()
2023-02-13 21:45:02.364 7 ERROR oslo_service.service   File "/var/lib/kolla/venv/lib/python3.9/site-packages/ironic/common/rpc_service.py", line 62, in start
2023-02-13 21:45:02.364 7 ERROR oslo_service.service     self._real_start()
2023-02-13 21:45:02.364 7 ERROR oslo_service.service   File "/var/lib/kolla/venv/lib/python3.9/site-packages/ironic/common/rpc_service.py", line 87, in _real_start
2023-02-13 21:45:02.364 7 ERROR oslo_service.service     self.manager.init_host(admin_context)
2023-02-13 21:45:02.364 7 ERROR oslo_service.service   File "/var/lib/kolla/venv/lib/python3.9/site-packages/ironic/conductor/base_manager.py", line 136, in init_host
2023-02-13 21:45:02.364 7 ERROR oslo_service.service     hardware_types = driver_factory.hardware_types()
2023-02-13 21:45:02.364 7 ERROR oslo_service.service   File "/var/lib/kolla/venv/lib/python3.9/site-packages/ironic/common/driver_factory.py", line 266, in hardware_types
2023-02-13 21:45:02.364 7 ERROR oslo_service.service     return _get_all_drivers(HardwareTypesFactory())
2023-02-13 21:45:02.364 7 ERROR oslo_service.service   File "/var/lib/kolla/venv/lib/python3.9/site-packages/ironic/common/driver_factory.py", line 336, in __init__
2023-02-13 21:45:02.364 7 ERROR oslo_service.service     self.__class__._init_extension_manager()
2023-02-13 21:45:02.364 7 ERROR oslo_service.service   File "/var/lib/kolla/venv/lib/python3.9/site-packages/ironic/common/driver_factory.py", line 407, in _init_extension_manager
2023-02-13 21:45:02.364 7 ERROR oslo_service.service     stevedore.NamedExtensionManager(
2023-02-13 21:45:02.364 7 ERROR oslo_service.service   File "/var/lib/kolla/venv/lib/python3.9/site-packages/stevedore/named.py", line 78, in __init__
2023-02-13 21:45:02.364 7 ERROR oslo_service.service     extensions = self._load_plugins(invoke_on_load,
2023-02-13 21:45:02.364 7 ERROR oslo_service.service   File "/var/lib/kolla/venv/lib/python3.9/site-packages/stevedore/extension.py", line 241, in _load_plugins
2023-02-13 21:45:02.364 7 ERROR oslo_service.service     self._on_load_failure_callback(self, ep, err)
2023-02-13 21:45:02.364 7 ERROR oslo_service.service   File "/var/lib/kolla/venv/lib/python3.9/site-packages/ironic/common/driver_factory.py", line 358, in _catch_driver_not_found
2023-02-13 21:45:02.364 7 ERROR oslo_service.service     raise exception.DriverLoadError(driver=ep.name, reason=exc)
2023-02-13 21:45:02.364 7 ERROR oslo_service.service ironic.common.exception.DriverLoadError: Driver, hardware type or interface ilo could not be loaded. Reason: invalid syntax (node.py, line 2071).
2023-02-13 21:45:02.364 7 ERROR oslo_service.service 
