2023-03-06 15:45:58.749 8 WARNING keystonemiddleware.auth_token [-] AuthToken middleware is set with keystone_authtoken.service_token_roles_required set to False. This is backwards compatible but deprecated behaviour. Please set this to True.
2023-03-06 15:45:58.765 8 INFO oslo.service.wsgi [-] ironic_inspector listening on 169.16.1.155:5050
2023-03-06 15:45:58.815 8 INFO eventlet.wsgi.server [-] (8) wsgi starting up on http://169.16.1.155:5050
2023-03-06 15:45:58.865 8 WARNING ironic_inspector.conductor.manager [-] Introspection data will not be stored. Change "[processing] store_data" option if this is not the desired behavior
2023-03-06 15:45:58.953 8 INFO ironic_inspector.conductor.manager [-] Coordination backend cannot be started, assuming no other instances are running. Error: [Errno 111] ECONNREFUSED (with errno ECONNREFUSED [111])
2023-03-06 15:45:58.959 8 INFO ironic_inspector.conductor.manager [-] Enabled processing hooks: ['ramdisk_error', 'root_disk_selection', 'scheduler', 'validate_interfaces', 'capabilities', 'pci_devices']
2023-03-06 15:46:23.856 8 INFO ironic_inspector.pxe_filter.dnsmasq [-] The dnsmasq PXE filter was initialized
2023-03-06 15:46:23.859 8 INFO ironic_inspector.common.rpc_service [-] Created RPC server for service ironic_inspector.conductor on host host-169-16-1-155.
2023-03-07 01:23:09.011 8 ERROR ironic_inspector.pxe_filter.dnsmasq [-] Could not list ironic ports, can not sync dnsmasq PXE filter: keystoneauth1.exceptions.connection.ConnectFailure: Unable to establish connection to http://169.16.1.155:6385/v1/ports: ('Connection aborted.', RemoteDisconnected('Remote end closed connection without response'))
2023-03-07 01:23:09.011 8 ERROR ironic_inspector.pxe_filter.dnsmasq Traceback (most recent call last):
2023-03-07 01:23:09.011 8 ERROR ironic_inspector.pxe_filter.dnsmasq   File "/var/lib/kolla/venv/lib/python3.9/site-packages/urllib3/connectionpool.py", line 703, in urlopen
2023-03-07 01:23:09.011 8 ERROR ironic_inspector.pxe_filter.dnsmasq     httplib_response = self._make_request(
2023-03-07 01:23:09.011 8 ERROR ironic_inspector.pxe_filter.dnsmasq   File "/var/lib/kolla/venv/lib/python3.9/site-packages/urllib3/connectionpool.py", line 449, in _make_request
2023-03-07 01:23:09.011 8 ERROR ironic_inspector.pxe_filter.dnsmasq     six.raise_from(e, None)
2023-03-07 01:23:09.011 8 ERROR ironic_inspector.pxe_filter.dnsmasq   File "<string>", line 3, in raise_from
2023-03-07 01:23:09.011 8 ERROR ironic_inspector.pxe_filter.dnsmasq   File "/var/lib/kolla/venv/lib/python3.9/site-packages/urllib3/connectionpool.py", line 444, in _make_request
2023-03-07 01:23:09.011 8 ERROR ironic_inspector.pxe_filter.dnsmasq     httplib_response = conn.getresponse()
2023-03-07 01:23:09.011 8 ERROR ironic_inspector.pxe_filter.dnsmasq   File "/usr/lib64/python3.9/http/client.py", line 1377, in getresponse
2023-03-07 01:23:09.011 8 ERROR ironic_inspector.pxe_filter.dnsmasq     response.begin()
2023-03-07 01:23:09.011 8 ERROR ironic_inspector.pxe_filter.dnsmasq   File "/usr/lib64/python3.9/http/client.py", line 320, in begin
2023-03-07 01:23:09.011 8 ERROR ironic_inspector.pxe_filter.dnsmasq     version, status, reason = self._read_status()
2023-03-07 01:23:09.011 8 ERROR ironic_inspector.pxe_filter.dnsmasq   File "/usr/lib64/python3.9/http/client.py", line 289, in _read_status
2023-03-07 01:23:09.011 8 ERROR ironic_inspector.pxe_filter.dnsmasq     raise RemoteDisconnected("Remote end closed connection without"
2023-03-07 01:23:09.011 8 ERROR ironic_inspector.pxe_filter.dnsmasq http.client.RemoteDisconnected: Remote end closed connection without response
2023-03-07 01:23:09.011 8 ERROR ironic_inspector.pxe_filter.dnsmasq 
2023-03-07 01:23:09.011 8 ERROR ironic_inspector.pxe_filter.dnsmasq During handling of the above exception, another exception occurred:
2023-03-07 01:23:09.011 8 ERROR ironic_inspector.pxe_filter.dnsmasq 
2023-03-07 01:23:09.011 8 ERROR ironic_inspector.pxe_filter.dnsmasq Traceback (most recent call last):
2023-03-07 01:23:09.011 8 ERROR ironic_inspector.pxe_filter.dnsmasq   File "/var/lib/kolla/venv/lib/python3.9/site-packages/requests/adapters.py", line 489, in send
2023-03-07 01:23:09.011 8 ERROR ironic_inspector.pxe_filter.dnsmasq     resp = conn.urlopen(
2023-03-07 01:23:09.011 8 ERROR ironic_inspector.pxe_filter.dnsmasq   File "/var/lib/kolla/venv/lib/python3.9/site-packages/urllib3/connectionpool.py", line 787, in urlopen
2023-03-07 01:23:09.011 8 ERROR ironic_inspector.pxe_filter.dnsmasq     retries = retries.increment(
2023-03-07 01:23:09.011 8 ERROR ironic_inspector.pxe_filter.dnsmasq   File "/var/lib/kolla/venv/lib/python3.9/site-packages/urllib3/util/retry.py", line 550, in increment
2023-03-07 01:23:09.011 8 ERROR ironic_inspector.pxe_filter.dnsmasq     raise six.reraise(type(error), error, _stacktrace)
2023-03-07 01:23:09.011 8 ERROR ironic_inspector.pxe_filter.dnsmasq   File "/var/lib/kolla/venv/lib/python3.9/site-packages/urllib3/packages/six.py", line 769, in reraise
2023-03-07 01:23:09.011 8 ERROR ironic_inspector.pxe_filter.dnsmasq     raise value.with_traceback(tb)
2023-03-07 01:23:09.011 8 ERROR ironic_inspector.pxe_filter.dnsmasq   File "/var/lib/kolla/venv/lib/python3.9/site-packages/urllib3/connectionpool.py", line 703, in urlopen
2023-03-07 01:23:09.011 8 ERROR ironic_inspector.pxe_filter.dnsmasq     httplib_response = self._make_request(
2023-03-07 01:23:09.011 8 ERROR ironic_inspector.pxe_filter.dnsmasq   File "/var/lib/kolla/venv/lib/python3.9/site-packages/urllib3/connectionpool.py", line 449, in _make_request
2023-03-07 01:23:09.011 8 ERROR ironic_inspector.pxe_filter.dnsmasq     six.raise_from(e, None)
2023-03-07 01:23:09.011 8 ERROR ironic_inspector.pxe_filter.dnsmasq   File "<string>", line 3, in raise_from
2023-03-07 01:23:09.011 8 ERROR ironic_inspector.pxe_filter.dnsmasq   File "/var/lib/kolla/venv/lib/python3.9/site-packages/urllib3/connectionpool.py", line 444, in _make_request
2023-03-07 01:23:09.011 8 ERROR ironic_inspector.pxe_filter.dnsmasq     httplib_response = conn.getresponse()
2023-03-07 01:23:09.011 8 ERROR ironic_inspector.pxe_filter.dnsmasq   File "/usr/lib64/python3.9/http/client.py", line 1377, in getresponse
2023-03-07 01:23:09.011 8 ERROR ironic_inspector.pxe_filter.dnsmasq     response.begin()
2023-03-07 01:23:09.011 8 ERROR ironic_inspector.pxe_filter.dnsmasq   File "/usr/lib64/python3.9/http/client.py", line 320, in begin
2023-03-07 01:23:09.011 8 ERROR ironic_inspector.pxe_filter.dnsmasq     version, status, reason = self._read_status()
2023-03-07 01:23:09.011 8 ERROR ironic_inspector.pxe_filter.dnsmasq   File "/usr/lib64/python3.9/http/client.py", line 289, in _read_status
2023-03-07 01:23:09.011 8 ERROR ironic_inspector.pxe_filter.dnsmasq     raise RemoteDisconnected("Remote end closed connection without"
2023-03-07 01:23:09.011 8 ERROR ironic_inspector.pxe_filter.dnsmasq urllib3.exceptions.ProtocolError: ('Connection aborted.', RemoteDisconnected('Remote end closed connection without response'))
2023-03-07 01:23:09.011 8 ERROR ironic_inspector.pxe_filter.dnsmasq 
2023-03-07 01:23:09.011 8 ERROR ironic_inspector.pxe_filter.dnsmasq During handling of the above exception, another exception occurred:
2023-03-07 01:23:09.011 8 ERROR ironic_inspector.pxe_filter.dnsmasq 
2023-03-07 01:23:09.011 8 ERROR ironic_inspector.pxe_filter.dnsmasq Traceback (most recent call last):
2023-03-07 01:23:09.011 8 ERROR ironic_inspector.pxe_filter.dnsmasq   File "/var/lib/kolla/venv/lib/python3.9/site-packages/keystoneauth1/session.py", line 1022, in _send_request
2023-03-07 01:23:09.011 8 ERROR ironic_inspector.pxe_filter.dnsmasq     resp = self.session.request(method, url, **kwargs)
2023-03-07 01:23:09.011 8 ERROR ironic_inspector.pxe_filter.dnsmasq   File "/var/lib/kolla/venv/lib/python3.9/site-packages/requests/sessions.py", line 587, in request
2023-03-07 01:23:09.011 8 ERROR ironic_inspector.pxe_filter.dnsmasq     resp = self.send(prep, **send_kwargs)
2023-03-07 01:23:09.011 8 ERROR ironic_inspector.pxe_filter.dnsmasq   File "/var/lib/kolla/venv/lib/python3.9/site-packages/requests/sessions.py", line 701, in send
2023-03-07 01:23:09.011 8 ERROR ironic_inspector.pxe_filter.dnsmasq     r = adapter.send(request, **kwargs)
2023-03-07 01:23:09.011 8 ERROR ironic_inspector.pxe_filter.dnsmasq   File "/var/lib/kolla/venv/lib/python3.9/site-packages/requests/adapters.py", line 547, in send
2023-03-07 01:23:09.011 8 ERROR ironic_inspector.pxe_filter.dnsmasq     raise ConnectionError(err, request=request)
2023-03-07 01:23:09.011 8 ERROR ironic_inspector.pxe_filter.dnsmasq requests.exceptions.ConnectionError: ('Connection aborted.', RemoteDisconnected('Remote end closed connection without response'))
2023-03-07 01:23:09.011 8 ERROR ironic_inspector.pxe_filter.dnsmasq 
2023-03-07 01:23:09.011 8 ERROR ironic_inspector.pxe_filter.dnsmasq During handling of the above exception, another exception occurred:
2023-03-07 01:23:09.011 8 ERROR ironic_inspector.pxe_filter.dnsmasq 
2023-03-07 01:23:09.011 8 ERROR ironic_inspector.pxe_filter.dnsmasq Traceback (most recent call last):
2023-03-07 01:23:09.011 8 ERROR ironic_inspector.pxe_filter.dnsmasq   File "/var/lib/kolla/venv/lib/python3.9/site-packages/ironic_inspector/pxe_filter/dnsmasq.py", line 93, in _sync
2023-03-07 01:23:09.011 8 ERROR ironic_inspector.pxe_filter.dnsmasq     ironic_macs = pxe_filter.get_ironic_macs(ironic)
2023-03-07 01:23:09.011 8 ERROR ironic_inspector.pxe_filter.dnsmasq   File "/var/lib/kolla/venv/lib/python3.9/site-packages/ironic_inspector/pxe_filter/base.py", line 292, in get_ironic_macs
2023-03-07 01:23:09.011 8 ERROR ironic_inspector.pxe_filter.dnsmasq     ports = [port for port in
2023-03-07 01:23:09.011 8 ERROR ironic_inspector.pxe_filter.dnsmasq   File "/var/lib/kolla/venv/lib/python3.9/site-packages/ironic_inspector/pxe_filter/base.py", line 292, in <listcomp>
2023-03-07 01:23:09.011 8 ERROR ironic_inspector.pxe_filter.dnsmasq     ports = [port for port in
2023-03-07 01:23:09.011 8 ERROR ironic_inspector.pxe_filter.dnsmasq   File "/var/lib/kolla/venv/lib/python3.9/site-packages/openstack/resource.py", line 2025, in list
2023-03-07 01:23:09.011 8 ERROR ironic_inspector.pxe_filter.dnsmasq     response = session.get(
2023-03-07 01:23:09.011 8 ERROR ironic_inspector.pxe_filter.dnsmasq   File "/var/lib/kolla/venv/lib/python3.9/site-packages/keystoneauth1/adapter.py", line 395, in get
2023-03-07 01:23:09.011 8 ERROR ironic_inspector.pxe_filter.dnsmasq     return self.request(url, 'GET', **kwargs)
2023-03-07 01:23:09.011 8 ERROR ironic_inspector.pxe_filter.dnsmasq   File "/var/lib/kolla/venv/lib/python3.9/site-packages/openstack/proxy.py", line 186, in request
2023-03-07 01:23:09.011 8 ERROR ironic_inspector.pxe_filter.dnsmasq     response = super(Proxy, self).request(
2023-03-07 01:23:09.011 8 ERROR ironic_inspector.pxe_filter.dnsmasq   File "/var/lib/kolla/venv/lib/python3.9/site-packages/keystoneauth1/adapter.py", line 257, in request
2023-03-07 01:23:09.011 8 ERROR ironic_inspector.pxe_filter.dnsmasq     return self.session.request(url, method, **kwargs)
2023-03-07 01:23:09.011 8 ERROR ironic_inspector.pxe_filter.dnsmasq   File "/var/lib/kolla/venv/lib/python3.9/site-packages/keystoneauth1/session.py", line 931, in request
2023-03-07 01:23:09.011 8 ERROR ironic_inspector.pxe_filter.dnsmasq     resp = send(**kwargs)
2023-03-07 01:23:09.011 8 ERROR ironic_inspector.pxe_filter.dnsmasq   File "/var/lib/kolla/venv/lib/python3.9/site-packages/keystoneauth1/session.py", line 1053, in _send_request
2023-03-07 01:23:09.011 8 ERROR ironic_inspector.pxe_filter.dnsmasq     return self._send_request(
2023-03-07 01:23:09.011 8 ERROR ironic_inspector.pxe_filter.dnsmasq   File "/var/lib/kolla/venv/lib/python3.9/site-packages/keystoneauth1/session.py", line 1038, in _send_request
2023-03-07 01:23:09.011 8 ERROR ironic_inspector.pxe_filter.dnsmasq     raise exceptions.ConnectFailure(msg)
2023-03-07 01:23:09.011 8 ERROR ironic_inspector.pxe_filter.dnsmasq keystoneauth1.exceptions.connection.ConnectFailure: Unable to establish connection to http://169.16.1.155:6385/v1/ports: ('Connection aborted.', RemoteDisconnected('Remote end closed connection without response'))
2023-03-07 01:23:09.011 8 ERROR ironic_inspector.pxe_filter.dnsmasq 
2023-03-07 01:23:09.648 8 ERROR ironic_inspector.pxe_filter.dnsmasq [-] Could not list ironic ports, can not sync dnsmasq PXE filter: keystoneauth1.exceptions.connection.ConnectFailure: Unable to establish connection to http://169.16.1.155:6385/v1/ports: HTTPConnectionPool(host='169.16.1.155', port=6385): Max retries exceeded with url: /v1/ports?fields=address%2Cextra (Caused by NewConnectionError('<urllib3.connection.HTTPConnection object at 0x7f2a6a1cfa90>: Failed to establish a new connection: [Errno 111] ECONNREFUSED'))
2023-03-07 01:23:09.648 8 ERROR ironic_inspector.pxe_filter.dnsmasq Traceback (most recent call last):
2023-03-07 01:23:09.648 8 ERROR ironic_inspector.pxe_filter.dnsmasq   File "/var/lib/kolla/venv/lib/python3.9/site-packages/urllib3/connection.py", line 174, in _new_conn
2023-03-07 01:23:09.648 8 ERROR ironic_inspector.pxe_filter.dnsmasq     conn = connection.create_connection(
2023-03-07 01:23:09.648 8 ERROR ironic_inspector.pxe_filter.dnsmasq   File "/var/lib/kolla/venv/lib/python3.9/site-packages/urllib3/util/connection.py", line 95, in create_connection
2023-03-07 01:23:09.648 8 ERROR ironic_inspector.pxe_filter.dnsmasq     raise err
2023-03-07 01:23:09.648 8 ERROR ironic_inspector.pxe_filter.dnsmasq   File "/var/lib/kolla/venv/lib/python3.9/site-packages/urllib3/util/connection.py", line 85, in create_connection
2023-03-07 01:23:09.648 8 ERROR ironic_inspector.pxe_filter.dnsmasq     sock.connect(sa)
2023-03-07 01:23:09.648 8 ERROR ironic_inspector.pxe_filter.dnsmasq   File "/var/lib/kolla/venv/lib/python3.9/site-packages/eventlet/greenio/base.py", line 256, in connect
2023-03-07 01:23:09.648 8 ERROR ironic_inspector.pxe_filter.dnsmasq     socket_checkerr(fd)
2023-03-07 01:23:09.648 8 ERROR ironic_inspector.pxe_filter.dnsmasq   File "/var/lib/kolla/venv/lib/python3.9/site-packages/eventlet/greenio/base.py", line 54, in socket_checkerr
2023-03-07 01:23:09.648 8 ERROR ironic_inspector.pxe_filter.dnsmasq     raise socket.error(err, errno.errorcode[err])
2023-03-07 01:23:09.648 8 ERROR ironic_inspector.pxe_filter.dnsmasq ConnectionRefusedError: [Errno 111] ECONNREFUSED
2023-03-07 01:23:09.648 8 ERROR ironic_inspector.pxe_filter.dnsmasq 
2023-03-07 01:23:09.648 8 ERROR ironic_inspector.pxe_filter.dnsmasq During handling of the above exception, another exception occurred:
2023-03-07 01:23:09.648 8 ERROR ironic_inspector.pxe_filter.dnsmasq 
2023-03-07 01:23:09.648 8 ERROR ironic_inspector.pxe_filter.dnsmasq Traceback (most recent call last):
2023-03-07 01:23:09.648 8 ERROR ironic_inspector.pxe_filter.dnsmasq   File "/var/lib/kolla/venv/lib/python3.9/site-packages/urllib3/connectionpool.py", line 703, in urlopen
2023-03-07 01:23:09.648 8 ERROR ironic_inspector.pxe_filter.dnsmasq     httplib_response = self._make_request(
2023-03-07 01:23:09.648 8 ERROR ironic_inspector.pxe_filter.dnsmasq   File "/var/lib/kolla/venv/lib/python3.9/site-packages/urllib3/connectionpool.py", line 398, in _make_request
2023-03-07 01:23:09.648 8 ERROR ironic_inspector.pxe_filter.dnsmasq     conn.request(method, url, **httplib_request_kw)
2023-03-07 01:23:09.648 8 ERROR ironic_inspector.pxe_filter.dnsmasq   File "/var/lib/kolla/venv/lib/python3.9/site-packages/urllib3/connection.py", line 239, in request
2023-03-07 01:23:09.648 8 ERROR ironic_inspector.pxe_filter.dnsmasq     super(HTTPConnection, self).request(method, url, body=body, headers=headers)
2023-03-07 01:23:09.648 8 ERROR ironic_inspector.pxe_filter.dnsmasq   File "/usr/lib64/python3.9/http/client.py", line 1285, in request
2023-03-07 01:23:09.648 8 ERROR ironic_inspector.pxe_filter.dnsmasq     self._send_request(method, url, body, headers, encode_chunked)
2023-03-07 01:23:09.648 8 ERROR ironic_inspector.pxe_filter.dnsmasq   File "/usr/lib64/python3.9/http/client.py", line 1331, in _send_request
2023-03-07 01:23:09.648 8 ERROR ironic_inspector.pxe_filter.dnsmasq     self.endheaders(body, encode_chunked=encode_chunked)
2023-03-07 01:23:09.648 8 ERROR ironic_inspector.pxe_filter.dnsmasq   File "/usr/lib64/python3.9/http/client.py", line 1280, in endheaders
2023-03-07 01:23:09.648 8 ERROR ironic_inspector.pxe_filter.dnsmasq     self._send_output(message_body, encode_chunked=encode_chunked)
2023-03-07 01:23:09.648 8 ERROR ironic_inspector.pxe_filter.dnsmasq   File "/usr/lib64/python3.9/http/client.py", line 1040, in _send_output
2023-03-07 01:23:09.648 8 ERROR ironic_inspector.pxe_filter.dnsmasq     self.send(msg)
2023-03-07 01:23:09.648 8 ERROR ironic_inspector.pxe_filter.dnsmasq   File "/usr/lib64/python3.9/http/client.py", line 980, in send
2023-03-07 01:23:09.648 8 ERROR ironic_inspector.pxe_filter.dnsmasq     self.connect()
2023-03-07 01:23:09.648 8 ERROR ironic_inspector.pxe_filter.dnsmasq   File "/var/lib/kolla/venv/lib/python3.9/site-packages/urllib3/connection.py", line 205, in connect
2023-03-07 01:23:09.648 8 ERROR ironic_inspector.pxe_filter.dnsmasq     conn = self._new_conn()
2023-03-07 01:23:09.648 8 ERROR ironic_inspector.pxe_filter.dnsmasq   File "/var/lib/kolla/venv/lib/python3.9/site-packages/urllib3/connection.py", line 186, in _new_conn
2023-03-07 01:23:09.648 8 ERROR ironic_inspector.pxe_filter.dnsmasq     raise NewConnectionError(
2023-03-07 01:23:09.648 8 ERROR ironic_inspector.pxe_filter.dnsmasq urllib3.exceptions.NewConnectionError: <urllib3.connection.HTTPConnection object at 0x7f2a6a25baf0>: Failed to establish a new connection: [Errno 111] ECONNREFUSED
2023-03-07 01:23:09.648 8 ERROR ironic_inspector.pxe_filter.dnsmasq 
2023-03-07 01:23:09.648 8 ERROR ironic_inspector.pxe_filter.dnsmasq During handling of the above exception, another exception occurred:
2023-03-07 01:23:09.648 8 ERROR ironic_inspector.pxe_filter.dnsmasq 
2023-03-07 01:23:09.648 8 ERROR ironic_inspector.pxe_filter.dnsmasq Traceback (most recent call last):
2023-03-07 01:23:09.648 8 ERROR ironic_inspector.pxe_filter.dnsmasq   File "/var/lib/kolla/venv/lib/python3.9/site-packages/requests/adapters.py", line 489, in send
2023-03-07 01:23:09.648 8 ERROR ironic_inspector.pxe_filter.dnsmasq     resp = conn.urlopen(
2023-03-07 01:23:09.648 8 ERROR ironic_inspector.pxe_filter.dnsmasq   File "/var/lib/kolla/venv/lib/python3.9/site-packages/urllib3/connectionpool.py", line 787, in urlopen
2023-03-07 01:23:09.648 8 ERROR ironic_inspector.pxe_filter.dnsmasq     retries = retries.increment(
2023-03-07 01:23:09.648 8 ERROR ironic_inspector.pxe_filter.dnsmasq   File "/var/lib/kolla/venv/lib/python3.9/site-packages/urllib3/util/retry.py", line 592, in increment
2023-03-07 01:23:09.648 8 ERROR ironic_inspector.pxe_filter.dnsmasq     raise MaxRetryError(_pool, url, error or ResponseError(cause))
2023-03-07 01:23:09.648 8 ERROR ironic_inspector.pxe_filter.dnsmasq urllib3.exceptions.MaxRetryError: HTTPConnectionPool(host='169.16.1.155', port=6385): Max retries exceeded with url: /v1/ports?fields=address%2Cextra (Caused by NewConnectionError('<urllib3.connection.HTTPConnection object at 0x7f2a6a25baf0>: Failed to establish a new connection: [Errno 111] ECONNREFUSED'))
2023-03-07 01:23:09.648 8 ERROR ironic_inspector.pxe_filter.dnsmasq 
2023-03-07 01:23:09.648 8 ERROR ironic_inspector.pxe_filter.dnsmasq During handling of the above exception, another exception occurred:
2023-03-07 01:23:09.648 8 ERROR ironic_inspector.pxe_filter.dnsmasq 
2023-03-07 01:23:09.648 8 ERROR ironic_inspector.pxe_filter.dnsmasq Traceback (most recent call last):
2023-03-07 01:23:09.648 8 ERROR ironic_inspector.pxe_filter.dnsmasq   File "/var/lib/kolla/venv/lib/python3.9/site-packages/keystoneauth1/session.py", line 1022, in _send_request
2023-03-07 01:23:09.648 8 ERROR ironic_inspector.pxe_filter.dnsmasq     resp = self.session.request(method, url, **kwargs)
2023-03-07 01:23:09.648 8 ERROR ironic_inspector.pxe_filter.dnsmasq   File "/var/lib/kolla/venv/lib/python3.9/site-packages/requests/sessions.py", line 587, in request
2023-03-07 01:23:09.648 8 ERROR ironic_inspector.pxe_filter.dnsmasq     resp = self.send(prep, **send_kwargs)
2023-03-07 01:23:09.648 8 ERROR ironic_inspector.pxe_filter.dnsmasq   File "/var/lib/kolla/venv/lib/python3.9/site-packages/requests/sessions.py", line 701, in send
2023-03-07 01:23:09.648 8 ERROR ironic_inspector.pxe_filter.dnsmasq     r = adapter.send(request, **kwargs)
2023-03-07 01:23:09.648 8 ERROR ironic_inspector.pxe_filter.dnsmasq   File "/var/lib/kolla/venv/lib/python3.9/site-packages/requests/adapters.py", line 565, in send
2023-03-07 01:23:09.648 8 ERROR ironic_inspector.pxe_filter.dnsmasq     raise ConnectionError(e, request=request)
2023-03-07 01:23:09.648 8 ERROR ironic_inspector.pxe_filter.dnsmasq requests.exceptions.ConnectionError: HTTPConnectionPool(host='169.16.1.155', port=6385): Max retries exceeded with url: /v1/ports?fields=address%2Cextra (Caused by NewConnectionError('<urllib3.connection.HTTPConnection object at 0x7f2a6a25baf0>: Failed to establish a new connection: [Errno 111] ECONNREFUSED'))
2023-03-07 01:23:09.648 8 ERROR ironic_inspector.pxe_filter.dnsmasq 
2023-03-07 01:23:09.648 8 ERROR ironic_inspector.pxe_filter.dnsmasq During handling of the above exception, another exception occurred:
2023-03-07 01:23:09.648 8 ERROR ironic_inspector.pxe_filter.dnsmasq 
2023-03-07 01:23:09.648 8 ERROR ironic_inspector.pxe_filter.dnsmasq Traceback (most recent call last):
2023-03-07 01:23:09.648 8 ERROR ironic_inspector.pxe_filter.dnsmasq   File "/var/lib/kolla/venv/lib/python3.9/site-packages/keystoneauth1/session.py", line 1038, in _send_request
2023-03-07 01:23:09.648 8 ERROR ironic_inspector.pxe_filter.dnsmasq     raise exceptions.ConnectFailure(msg)
2023-03-07 01:23:09.648 8 ERROR ironic_inspector.pxe_filter.dnsmasq keystoneauth1.exceptions.connection.ConnectFailure: Unable to establish connection to http://169.16.1.155:6385/v1/ports: HTTPConnectionPool(host='169.16.1.155', port=6385): Max retries exceeded with url: /v1/ports?fields=address%2Cextra (Caused by NewConnectionError('<urllib3.connection.HTTPConnection object at 0x7f2a6a25baf0>: Failed to establish a new connection: [Errno 111] ECONNREFUSED'))
2023-03-07 01:23:09.648 8 ERROR ironic_inspector.pxe_filter.dnsmasq 
2023-03-07 01:23:09.648 8 ERROR ironic_inspector.pxe_filter.dnsmasq During handling of the above exception, another exception occurred:
2023-03-07 01:23:09.648 8 ERROR ironic_inspector.pxe_filter.dnsmasq 
2023-03-07 01:23:09.648 8 ERROR ironic_inspector.pxe_filter.dnsmasq Traceback (most recent call last):
2023-03-07 01:23:09.648 8 ERROR ironic_inspector.pxe_filter.dnsmasq   File "/var/lib/kolla/venv/lib/python3.9/site-packages/urllib3/connection.py", line 174, in _new_conn
2023-03-07 01:23:09.648 8 ERROR ironic_inspector.pxe_filter.dnsmasq     conn = connection.create_connection(
2023-03-07 01:23:09.648 8 ERROR ironic_inspector.pxe_filter.dnsmasq   File "/var/lib/kolla/venv/lib/python3.9/site-packages/urllib3/util/connection.py", line 95, in create_connection
2023-03-07 01:23:09.648 8 ERROR ironic_inspector.pxe_filter.dnsmasq     raise err
2023-03-07 01:23:09.648 8 ERROR ironic_inspector.pxe_filter.dnsmasq   File "/var/lib/kolla/venv/lib/python3.9/site-packages/urllib3/util/connection.py", line 85, in create_connection
2023-03-07 01:23:09.648 8 ERROR ironic_inspector.pxe_filter.dnsmasq     sock.connect(sa)
2023-03-07 01:23:09.648 8 ERROR ironic_inspector.pxe_filter.dnsmasq   File "/var/lib/kolla/venv/lib/python3.9/site-packages/eventlet/greenio/base.py", line 256, in connect
2023-03-07 01:23:09.648 8 ERROR ironic_inspector.pxe_filter.dnsmasq     socket_checkerr(fd)
2023-03-07 01:23:09.648 8 ERROR ironic_inspector.pxe_filter.dnsmasq   File "/var/lib/kolla/venv/lib/python3.9/site-packages/eventlet/greenio/base.py", line 54, in socket_checkerr
2023-03-07 01:23:09.648 8 ERROR ironic_inspector.pxe_filter.dnsmasq     raise socket.error(err, errno.errorcode[err])
2023-03-07 01:23:09.648 8 ERROR ironic_inspector.pxe_filter.dnsmasq ConnectionRefusedError: [Errno 111] ECONNREFUSED
2023-03-07 01:23:09.648 8 ERROR ironic_inspector.pxe_filter.dnsmasq 
2023-03-07 01:23:09.648 8 ERROR ironic_inspector.pxe_filter.dnsmasq During handling of the above exception, another exception occurred:
2023-03-07 01:23:09.648 8 ERROR ironic_inspector.pxe_filter.dnsmasq 
2023-03-07 01:23:09.648 8 ERROR ironic_inspector.pxe_filter.dnsmasq Traceback (most recent call last):
2023-03-07 01:23:09.648 8 ERROR ironic_inspector.pxe_filter.dnsmasq   File "/var/lib/kolla/venv/lib/python3.9/site-packages/urllib3/connectionpool.py", line 703, in urlopen
2023-03-07 01:23:09.648 8 ERROR ironic_inspector.pxe_filter.dnsmasq     httplib_response = self._make_request(
2023-03-07 01:23:09.648 8 ERROR ironic_inspector.pxe_filter.dnsmasq   File "/var/lib/kolla/venv/lib/python3.9/site-packages/urllib3/connectionpool.py", line 398, in _make_request
2023-03-07 01:23:09.648 8 ERROR ironic_inspector.pxe_filter.dnsmasq     conn.request(method, url, **httplib_request_kw)
2023-03-07 01:23:09.648 8 ERROR ironic_inspector.pxe_filter.dnsmasq   File "/var/lib/kolla/venv/lib/python3.9/site-packages/urllib3/connection.py", line 239, in request
2023-03-07 01:23:09.648 8 ERROR ironic_inspector.pxe_filter.dnsmasq     super(HTTPConnection, self).request(method, url, body=body, headers=headers)
2023-03-07 01:23:09.648 8 ERROR ironic_inspector.pxe_filter.dnsmasq   File "/usr/lib64/python3.9/http/client.py", line 1285, in request
2023-03-07 01:23:09.648 8 ERROR ironic_inspector.pxe_filter.dnsmasq     self._send_request(method, url, body, headers, encode_chunked)
2023-03-07 01:23:09.648 8 ERROR ironic_inspector.pxe_filter.dnsmasq   File "/usr/lib64/python3.9/http/client.py", line 1331, in _send_request
2023-03-07 01:23:09.648 8 ERROR ironic_inspector.pxe_filter.dnsmasq     self.endheaders(body, encode_chunked=encode_chunked)
2023-03-07 01:23:09.648 8 ERROR ironic_inspector.pxe_filter.dnsmasq   File "/usr/lib64/python3.9/http/client.py", line 1280, in endheaders
2023-03-07 01:23:09.648 8 ERROR ironic_inspector.pxe_filter.dnsmasq     self._send_output(message_body, encode_chunked=encode_chunked)
2023-03-07 01:23:09.648 8 ERROR ironic_inspector.pxe_filter.dnsmasq   File "/usr/lib64/python3.9/http/client.py", line 1040, in _send_output
2023-03-07 01:23:09.648 8 ERROR ironic_inspector.pxe_filter.dnsmasq     self.send(msg)
2023-03-07 01:23:09.648 8 ERROR ironic_inspector.pxe_filter.dnsmasq   File "/usr/lib64/python3.9/http/client.py", line 980, in send
2023-03-07 01:23:09.648 8 ERROR ironic_inspector.pxe_filter.dnsmasq     self.connect()
2023-03-07 01:23:09.648 8 ERROR ironic_inspector.pxe_filter.dnsmasq   File "/var/lib/kolla/venv/lib/python3.9/site-packages/urllib3/connection.py", line 205, in connect
2023-03-07 01:23:09.648 8 ERROR ironic_inspector.pxe_filter.dnsmasq     conn = self._new_conn()
2023-03-07 01:23:09.648 8 ERROR ironic_inspector.pxe_filter.dnsmasq   File "/var/lib/kolla/venv/lib/python3.9/site-packages/urllib3/connection.py", line 186, in _new_conn
2023-03-07 01:23:09.648 8 ERROR ironic_inspector.pxe_filter.dnsmasq     raise NewConnectionError(
2023-03-07 01:23:09.648 8 ERROR ironic_inspector.pxe_filter.dnsmasq urllib3.exceptions.NewConnectionError: <urllib3.connection.HTTPConnection object at 0x7f2a6a1cfa90>: Failed to establish a new connection: [Errno 111] ECONNREFUSED
2023-03-07 01:23:09.648 8 ERROR ironic_inspector.pxe_filter.dnsmasq 
2023-03-07 01:23:09.648 8 ERROR ironic_inspector.pxe_filter.dnsmasq During handling of the above exception, another exception occurred:
2023-03-07 01:23:09.648 8 ERROR ironic_inspector.pxe_filter.dnsmasq 
2023-03-07 01:23:09.648 8 ERROR ironic_inspector.pxe_filter.dnsmasq Traceback (most recent call last):
2023-03-07 01:23:09.648 8 ERROR ironic_inspector.pxe_filter.dnsmasq   File "/var/lib/kolla/venv/lib/python3.9/site-packages/requests/adapters.py", line 489, in send
2023-03-07 01:23:09.648 8 ERROR ironic_inspector.pxe_filter.dnsmasq     resp = conn.urlopen(
2023-03-07 01:23:09.648 8 ERROR ironic_inspector.pxe_filter.dnsmasq   File "/var/lib/kolla/venv/lib/python3.9/site-packages/urllib3/connectionpool.py", line 787, in urlopen
2023-03-07 01:23:09.648 8 ERROR ironic_inspector.pxe_filter.dnsmasq     retries = retries.increment(
2023-03-07 01:23:09.648 8 ERROR ironic_inspector.pxe_filter.dnsmasq   File "/var/lib/kolla/venv/lib/python3.9/site-packages/urllib3/util/retry.py", line 592, in increment
2023-03-07 01:23:09.648 8 ERROR ironic_inspector.pxe_filter.dnsmasq     raise MaxRetryError(_pool, url, error or ResponseError(cause))
2023-03-07 01:23:09.648 8 ERROR ironic_inspector.pxe_filter.dnsmasq urllib3.exceptions.MaxRetryError: HTTPConnectionPool(host='169.16.1.155', port=6385): Max retries exceeded with url: /v1/ports?fields=address%2Cextra (Caused by NewConnectionError('<urllib3.connection.HTTPConnection object at 0x7f2a6a1cfa90>: Failed to establish a new connection: [Errno 111] ECONNREFUSED'))
2023-03-07 01:23:09.648 8 ERROR ironic_inspector.pxe_filter.dnsmasq 
2023-03-07 01:23:09.648 8 ERROR ironic_inspector.pxe_filter.dnsmasq During handling of the above exception, another exception occurred:
2023-03-07 01:23:09.648 8 ERROR ironic_inspector.pxe_filter.dnsmasq 
2023-03-07 01:23:09.648 8 ERROR ironic_inspector.pxe_filter.dnsmasq Traceback (most recent call last):
2023-03-07 01:23:09.648 8 ERROR ironic_inspector.pxe_filter.dnsmasq   File "/var/lib/kolla/venv/lib/python3.9/site-packages/keystoneauth1/session.py", line 1022, in _send_request
2023-03-07 01:23:09.648 8 ERROR ironic_inspector.pxe_filter.dnsmasq     resp = self.session.request(method, url, **kwargs)
2023-03-07 01:23:09.648 8 ERROR ironic_inspector.pxe_filter.dnsmasq   File "/var/lib/kolla/venv/lib/python3.9/site-packages/requests/sessions.py", line 587, in request
2023-03-07 01:23:09.648 8 ERROR ironic_inspector.pxe_filter.dnsmasq     resp = self.send(prep, **send_kwargs)
2023-03-07 01:23:09.648 8 ERROR ironic_inspector.pxe_filter.dnsmasq   File "/var/lib/kolla/venv/lib/python3.9/site-packages/requests/sessions.py", line 701, in send
2023-03-07 01:23:09.648 8 ERROR ironic_inspector.pxe_filter.dnsmasq     r = adapter.send(request, **kwargs)
2023-03-07 01:23:09.648 8 ERROR ironic_inspector.pxe_filter.dnsmasq   File "/var/lib/kolla/venv/lib/python3.9/site-packages/requests/adapters.py", line 565, in send
2023-03-07 01:23:09.648 8 ERROR ironic_inspector.pxe_filter.dnsmasq     raise ConnectionError(e, request=request)
2023-03-07 01:23:09.648 8 ERROR ironic_inspector.pxe_filter.dnsmasq requests.exceptions.ConnectionError: HTTPConnectionPool(host='169.16.1.155', port=6385): Max retries exceeded with url: /v1/ports?fields=address%2Cextra (Caused by NewConnectionError('<urllib3.connection.HTTPConnection object at 0x7f2a6a1cfa90>: Failed to establish a new connection: [Errno 111] ECONNREFUSED'))
2023-03-07 01:23:09.648 8 ERROR ironic_inspector.pxe_filter.dnsmasq 
2023-03-07 01:23:09.648 8 ERROR ironic_inspector.pxe_filter.dnsmasq During handling of the above exception, another exception occurred:
2023-03-07 01:23:09.648 8 ERROR ironic_inspector.pxe_filter.dnsmasq 
2023-03-07 01:23:09.648 8 ERROR ironic_inspector.pxe_filter.dnsmasq Traceback (most recent call last):
2023-03-07 01:23:09.648 8 ERROR ironic_inspector.pxe_filter.dnsmasq   File "/var/lib/kolla/venv/lib/python3.9/site-packages/ironic_inspector/pxe_filter/dnsmasq.py", line 90, in _sync
2023-03-07 01:23:09.648 8 ERROR ironic_inspector.pxe_filter.dnsmasq     active_macs = pxe_filter.get_active_macs(ironic)
2023-03-07 01:23:09.648 8 ERROR ironic_inspector.pxe_filter.dnsmasq   File "/var/lib/kolla/venv/lib/python3.9/site-packages/ironic_inspector/pxe_filter/base.py", line 309, in get_active_macs
2023-03-07 01:23:09.648 8 ERROR ironic_inspector.pxe_filter.dnsmasq     ports = [port for port in
2023-03-07 01:23:09.648 8 ERROR ironic_inspector.pxe_filter.dnsmasq   File "/var/lib/kolla/venv/lib/python3.9/site-packages/ironic_inspector/pxe_filter/base.py", line 309, in <listcomp>
2023-03-07 01:23:09.648 8 ERROR ironic_inspector.pxe_filter.dnsmasq     ports = [port for port in
2023-03-07 01:23:09.648 8 ERROR ironic_inspector.pxe_filter.dnsmasq   File "/var/lib/kolla/venv/lib/python3.9/site-packages/openstack/resource.py", line 2025, in list
2023-03-07 01:23:09.648 8 ERROR ironic_inspector.pxe_filter.dnsmasq     response = session.get(
2023-03-07 01:23:09.648 8 ERROR ironic_inspector.pxe_filter.dnsmasq   File "/var/lib/kolla/venv/lib/python3.9/site-packages/keystoneauth1/adapter.py", line 395, in get
2023-03-07 01:23:09.648 8 ERROR ironic_inspector.pxe_filter.dnsmasq     return self.request(url, 'GET', **kwargs)
2023-03-07 01:23:09.648 8 ERROR ironic_inspector.pxe_filter.dnsmasq   File "/var/lib/kolla/venv/lib/python3.9/site-packages/openstack/proxy.py", line 186, in request
2023-03-07 01:23:09.648 8 ERROR ironic_inspector.pxe_filter.dnsmasq     response = super(Proxy, self).request(
2023-03-07 01:23:09.648 8 ERROR ironic_inspector.pxe_filter.dnsmasq   File "/var/lib/kolla/venv/lib/python3.9/site-packages/keystoneauth1/adapter.py", line 257, in request
2023-03-07 01:23:09.648 8 ERROR ironic_inspector.pxe_filter.dnsmasq     return self.session.request(url, method, **kwargs)
2023-03-07 01:23:09.648 8 ERROR ironic_inspector.pxe_filter.dnsmasq   File "/var/lib/kolla/venv/lib/python3.9/site-packages/keystoneauth1/session.py", line 931, in request
2023-03-07 01:23:09.648 8 ERROR ironic_inspector.pxe_filter.dnsmasq     resp = send(**kwargs)
2023-03-07 01:23:09.648 8 ERROR ironic_inspector.pxe_filter.dnsmasq   File "/var/lib/kolla/venv/lib/python3.9/site-packages/keystoneauth1/session.py", line 1053, in _send_request
2023-03-07 01:23:09.648 8 ERROR ironic_inspector.pxe_filter.dnsmasq     return self._send_request(
2023-03-07 01:23:09.648 8 ERROR ironic_inspector.pxe_filter.dnsmasq   File "/var/lib/kolla/venv/lib/python3.9/site-packages/keystoneauth1/session.py", line 1038, in _send_request
2023-03-07 01:23:09.648 8 ERROR ironic_inspector.pxe_filter.dnsmasq     raise exceptions.ConnectFailure(msg)
2023-03-07 01:23:09.648 8 ERROR ironic_inspector.pxe_filter.dnsmasq keystoneauth1.exceptions.connection.ConnectFailure: Unable to establish connection to http://169.16.1.155:6385/v1/ports: HTTPConnectionPool(host='169.16.1.155', port=6385): Max retries exceeded with url: /v1/ports?fields=address%2Cextra (Caused by NewConnectionError('<urllib3.connection.HTTPConnection object at 0x7f2a6a1cfa90>: Failed to establish a new connection: [Errno 111] ECONNREFUSED'))
2023-03-07 01:23:09.648 8 ERROR ironic_inspector.pxe_filter.dnsmasq 
